290236
19475
6382
5155
5091
5025
5088
5065
5035
5070
5000
5014
5066
5011
5022
4985
5021
5020
4994
5000
5003
5011
4979
4989
4950
5007
4969
4942
4989
4939
4949
4994
4960
4979
4942
4943
4981
4902
4936
4954
4950
4918
4896
4942
4911
4900
4913
4927
4923
4897
4927
4844
4944
4831
4897
4817
4866
4851
4872
4810
4856
4825
4828
4835
4807
4819
4838
4790
4847
4834
4788
4827
4794
4757
4830
4759
4775
4718
4772
4724
4770
4769
4781
4738
4744
4740
4721
4737
4735
4738
4782
4714
4752
4706
4711
4730
4713
4675
4721
4697
4677
4698
4695
4660
4655
4623
4650
4622
4621
4660
4613
4615
4621
4624
4612
4629
4622
4579
4603
4593
4599
4564
4576
4601
4561
4565
4556
4567
4554
4573
4601
4579
4549
4581
4533
4564
4524
4526
4527
4531
4484
4479
4529
4531
4471
4483
4432
4473
4449
4444
4480
4443
4434
4417
4428
4470
4409
4438
4425
4392
4376
4395
4404
4404
4366
4389
4388
4390
4337
4359
4404
4362
4408
4351
4351
4330
4326
4328
4330
4335
4306
4319
4315
4271
4307
4315
4327
4291
4251
4301
4326
4283
4280
4266
4282
4237
4255
4255
4236
4215
4226
4261
4233
4222
4228
4172
4178
4221
4215
4227
4174
4182
4183
4144
4194
4127
4179
4212
4201
4167
4152
4169
4129
4155
4161
4158
4099
4143
4164
4129
4125
4100
4128
4069
4120
4078
4114
4087
4116
4078
4072
4044
4071
4073
4057
4028
4031
3996
3993
4010
4045
4007
3999
3974
4021
3985
4042
3996
4015
3973
3974
3978
3953
3939
3923
3950
3948
3904
3929
3936
3949
3940
3900
3903
3917
3883
3902
3872
3855
3911
3869
3871
3877
3862
3898
3843
3843
3835
3852
3824
3817
3826
3824
3812
3793
3798
3783
3805
3786
3786
3764
3800
3804
3775
3724
3767
3734
3772
3762
3759
3733
3715
3749
3745
3741
3734
3723
3715
3715
3742
3697
3714
3693
3718
3668
3708
3714
3665
3651
3650
3659
3653
3646
3618
3616
3629
3636
3639
3624
3649
3601
3561
3593
3578
3604
3564
3567
3582
3571
3566
3572
3536
3554
3520
3538
3579
3539
3569
3534
3519
3483
3520
3479
3529
3519
3515
3490
3472
3486
3491
3496
3451
3466
3452
3494
3492
3439
3440
3436
3458
3435
3444
3444
3426
3392
3395
3404
3402
3382
3370
3397
3389
3361
3372
3355
3344
3381
3336
3337
3329
3324
3331
3327
3323
3344
3294
3319
3329
3306
3315
3304
3280
3313
3275
3286
3312
3283
3272
3226
3231
3276
3248
3240
3242
3211
3236
3209
3197
3225
3196
3175
3185
3213
3157
3194
3194
3192
3188
3186
3181
3155
3122
3154
3163
3156
3114
3130
3129
3125
3109
3126
3093
3079
3124
3116
3098
3083
3121
3120
3069
3067
3103
3076
3051
3072
3064
3057
3052
3061
3040
3027
3020
3008
3008
3012
3016
2984
2995
2973
2985
2986
2995
2992
2989
2983
2983
2984
2974
2974
2942
2972
2947
2946
2969
2896
2923
2922
2925
2925
2934
2896
2897
2931
2903
2924
2977
2907
2843
2862
2924
2875
2865
2858
2867
2832
2845
2844
2854
2783
2816
2829
2803
2829
2805
2784
2814
2776
2761
2803
2763
2744
2773
2752
2772
2726
2761
2759
2763
2736
2734
2736
2719
2712
2710
2740
2746
2702
2712
2686
2684
2693
2719
2676
2688
2655
2696
2662
2647
2655
2642
2633
2658
2658
2632
2623
2620
2626
2591
2611
2596
2587
2614
2593
2587
2555
2572
2611
2578
2596
2578
2557
2519
2579
2514
2551
2527
2530
2512
2486
2496
2514
2495
2508
2524
2465
2499
2463
2447
2498
2477
2481
2437
2447
2473
2494
2427
2439
2436
2431
2421
2426
2402
2400
2405
2393
2391
2377
2391
2387
2394
2369
2343
2369
2347
2371
2362
2323
2357
2358
2308
2324
2350
2292
2328
2340
2333
2320
2293
2328
2295
2285
2280
2288
2315
2277
2306
2284
2264
2233
2298
2267
2256
2262
2231
2212
2213
2213
2221
2209
2162
2187
2183
2153
2188
2189
2179
2162
2157
2166
2161
2182
2179
2151
2144
2130
2140
2147
2128
2088
2093
2121
2112
2104
2111
2105
2122
2098
2106
2072
2054
2084
2100
2070
2089
2068
2040
2038
2050
2065
2041
2028
2030
2014
2010
1971
2011
2003
2025
1994
1981
1967
1981
1970
1945
1936
1960
1994
1961
1957
1932
1949
1936
1936
1921
1901
1915
1931
1922
1925
1924
1874
1928
1902
1859
1906
1877
1912
1883
1890
1871
1864
1864
1864
1861
1853
1867
1841
1830
1845
1845
1826
1797
1794
1804
1818
1780
1796
1770
1776
1753
1757
1766
1746
1740
1796
1762
1758
1715
1765
1762
1737
1733
1732
1719
1719
1709
1730
1704
1700
1706
1706
1686
1686
1665
1648
1685
1652
1649
1650
1644
1637
1633
1633
1646
1622
1604
1608
1587
1589
1629
1572
1601
1603
1561
1577
1577
1571
1545
1529
1583
1548
1549
1556
1520
1525
1524
1544
1510
1506
1486
1493
1515
1496
1512
1490
1484
1497
1475
1478
1480
1450
1461
1427
1440
1467
1430
1432
1426
1441
1449
1400
1423
1411
1420
1381
1374
1378
1391
1384
1362
1376
1343
1338
1371
1334
1328
1332
1324
1309
1325
1313
1316
1329
1309
1290
1301
1307
1308
1292
1283
1290
1291
1293
1276
1277
1254
1265
1254
1231
1249
1244
1212
1224
1233
1214
1198
1205
1210
1185
1198
1213
1193
1201
1198
1185
1176
1165
1152
1162
1162
1156
1152
1135
1144
1140
1127
1127
1128
1132
1107
1117
1122
1080
1058
1057
1067
1058
1073
1075
1039
1067
1036
1046
1055
1059
1031
1034
1013
1015
987
1012
990
988
984
996
968
958
956
971
962
956
946
949
916
915
911
935
934
913
909
911
915
917
897
901
884
896
893
888
875
876
863
862
856
853
837
847
862
853
827
828
834
833
806
818
817
788
799
794
798
787
794
779
774
771
763
746
739
756
735
736
751
737
729
727
735
706
726
726
701
705
709
693
685
677
690
665
675
678
678
668
669
667
677
630
644
642
625
644
623
619
604
593
599
589
589
588
573
557
556
561
564
547
543
544
544
538
523
517
516
513
504
501
498
497
491
495
493
486
482
457
477
473
477
462
449
454
451
449
452
447
455
440
434
456
423
405
404
403
406
379
390
376
375
367
364
367
355
358
367
356
341
344
334
323
322
321
319
300
318
307
309
304
303
295
279
286
288
279
270
273
271
277
263
266
260
259
258
238
245
229
223
219
212
208
201
206
196
192
198
195
187
178
181
183
164
158
155
149
143
139
136
135
127
127
125
127
114
108
103
105
104
99
95
93
93
92
95
92
87
79
85
78
67
52
51
49
40
36
34
26
19
20
16
8
2
0
0
0
0
0
0
0
0
0
0
0
0
0
0
0
0
0
0
0
0
0
0
0
0
0
0
0
0
0
0
0
0
0
0
0
0
0
0
0
0
0
0
0
0
0
0
0
0
0
0
0
0
0
0
0
0
0
0
0
0
0
0
0
0
0
0
0
0
0
0
0
0
0
0
0
0
0
0
0
0
0
0
0
0
0
0
0
0
0
0
0
0
0
0
0
0
0
0
0
0
0
0
0
0
0
0
0
0
0
0
0
0
0
0
0
0
0
0
0
0
0
0
0
0
0
0
0
0
0
0
0
0
0
0
0
0
0
0
0
0
0
0
0
0
0
0
0
0
0
0
0
0
0
0
0
0
0
0
0
0
0
0
0
0
0
0
0
0
0
0
0
0
0
0
0
0
0
0
0
0
0
0
0
0
0
0
0
0
0
0
0
0
0
0
0
0
0
0
0
0
0
0
0
0
0
0
0
0
0
0
0
0
0
0
0
0
0
0
0
0
0
0
0
0
0
0
0
0
0
0
0
0
0
0
0
0
0
0
0
0
0
0
0
0
0
0
0
0
0
0
0
0
0
0
0
0
0
0
0
0
0
0
0
0
0
0
0
0
0
0
0
0
0
0
0
0
0
0
0
0
0
0
0
0
0
0
0
0
0
0
0
0
0
0
0
0
0
0
0
0
0
0
0
0
0
0
0
0
0
0
0
0
0
0
0
0
0
0
0
0
0
0
0
0
0
0
0
0
0
0
0
0
0
0
0
0
0
0
0
0
0
0
0
0
0
0
0
0
0
0
0
0
0
0
0
0
0
0
0
0
0
0
0
0
0
0
0
0
0
0
0
0
0
0
0
0
0
0
0
0
0
0
0
0
0
0
0
0
0
0
0
0
0
0
0
0
0
0
0
0
0
0
0
0
0
0
0
0
0
0
0
0
0
0
0
0
0
0
0
0
0
0
0
0
0
0
0
0
0
0
0
0
0
0
0
0
0
0
0
0
0
0
0
0
0
0
0
0
0
0
0
0
0
0
0
0
0
0
0
0
0
0
0
0
0
0
0
0
0
0
0
0
0
0
0
0
0
0
0
0
0
0
0
0
0
0
0
0
0
0
0
0
0
0
0
0
0
0
0
0
0
0
0
0
0
0
0
0
0
0
0
0
0
0
0
0
0
0
0
0
0
0
0
0
0
0
0
0
0
0
0
0
0
0
0
0
0
0
0
0
0
0
0
0
0
0
0
0
0
0
0
0
0
0
0
0
0
0
0
0
0
0
0
0
0
0
0
0
0
0
0
0
0
0
0
0
0
0
0
0
0
0
0
0
0
0
0
0
0
0
0
0
0
0
0
0
0
0
0
0
0
0
0
0
0
0
0
0
0
0
0
0
0
0
0
0
0
0
0
0
0
0
0
0
0
0
0
0
0
0
0
0
0
0
0
0
0
0
0
0
0
0
0
0
0
0
0
0
0
0
0
0
0
0
0
0
0
0
0
0
0
0
0
0
0
0
0
0
0
0
0
0
0
0
0
0
0
0
0
0
0
0
0
0
0
0
0
0
0
0
0
0
0
0
0
0
0
0
0
0
0
0
0
0
0
0
0
0
0
0
0
0
0
0
0
0
0
0
0
0
0
0
0
0
0
0
0
0
0
0
0
0
0
0
0
0
0
0
0
0
0
0
0
0
0
0
0
0
0
0
0
0
0
0
0
0
0
0
0
0
0
0
0
0
0
0
0
0
0
0
0
0
0
0
0
0
0
0
0
0
0
0
0
0
0
0
0
0
0
0
0
0
0
0
0
0
0
0
0
0
0
0
0
0
0
0
0
0
0
0
0
0
0
0
0
0
0
0
0
0
0
0
0
0
0
0
0
0
0
0
0
0
0
0
0
0
0
0
0
0
0
0
0
0
0
0
0
0
0
0
0
0
0
0
0
0
0
0
0
0
0
0
0
0
0
0
0
0
0
0
0
0
0
0
0
0
0
0
0
0
0
0
0
0
0
0
0
0
0
0
0
0
0
0
0
0
0
0
0
0
0
0
0
0
0
0
0
0
0
0
0
0
0
0
0
0
0
0
0
0
0
0
0
0
0
0
0
0
0
0
0
0
0
0
0
0
0
0
0
0
0
0
0
0
0
0
0
0
0
0
0
0
0
0
0
0
0
0
0
0
0
0
0
0
0
0
0
0
0
0
0
0
0
0
0
0
0
0
0
0
0
0
0
0
0
0
0
0
0
0
0
0
0
0
0
0
0
0
0
0
0
0
0
0
0
0
0
0
0
0
0
0
0
0
0
0
0
0
0
0
0
0
0
0
0
0
0
0
0
0
0
0
0
0
0
0
0
0
0
0
0
0
0
0
0
0
0
0
0
0
0
0
0
0
0
0
0
0
0
0
0
0
0
0
0
0
0
0
0
0
0
0
0
0
0
0
0
0
0
0
0
0
0
0
0
0
0
0
0
0
0
0
0
0
0
0
0
0
0
0
0
0
0
0
0
0
0
0
0
0
0
0
0
0
0
0
0
0
0
0
0
0
0
0
0
0
0
0
0
0
0
0
0
0
0
0
0
0
0
0
0
0
0
0
0
0
0
0
0
0
0
0
0
0
0
0
0
0
0
0
0
0
0
0
0
0
0
0
0
0
0
0
0
0
0
0
0
0
0
0
0
0
0
0
0
0
0
0
0
0
0
0
0
0
0
0
0
0
0
0
0
0
0
0
0
0
0
0
0
0
0
0
0
0
0
0
0
0
0
0
0
0
0
0
0
0
0
0
0
0
0
0
0
0
0
0
0
0
0
0
0
0
0
0
0
0
0
0
0
0
0
0
0
0
0
0
0
0
0
0
0
0
0
0
0
0
0
0
0
0
0
0
0
0
0
0
0
0
0
0
0
0
0
0
0
0
0
0
0
0
0
0
0
0
0
0
0
0
0
0
0
0
0
0
0
0
0
0
0
0
0
0
0
0
0
0
0
0
0
0
0
0
0
0
0
0
0
0
0
0
0
0
0
0
