325273
23972
5121
4893
4878
4906
4859
4845
4824
4825
4864
4851
4778
4819
4880
4789
4761
4792
4800
4781
4788
4807
4765
4786
4759
4734
4760
4802
4793
4777
4805
4782
4717
4757
4723
4708
4761
4761
4694
4740
4761
4720
4713
4690
4713
4694
4675
4645
4685
4696
4672
4667
4655
4655
4699
4665
4716
4655
4671
4644
4675
4620
4636
4614
4585
4581
4648
4624
4626
4594
4611
4574
4572
4569
4572
4586
4515
4546
4555
4525
4573
4573
4540
4600
4561
4556
4538
4510
4508
4536
4512
4511
4534
4502
4529
4485
4535
4507
4491
4506
4505
4469
4452
4456
4421
4437
4458
4425
4409
4442
4433
4443
4435
4382
4387
4423
4408
4411
4386
4382
4400
4403
4433
4358
4366
4374
4361
4349
4330
4324
4368
4327
4323
4333
4344
4289
4353
4336
4287
4326
4337
4275
4269
4321
4364
4302
4295
4287
4251
4273
4258
4255
4275
4273
4235
4246
4259
4203
4210
4226
4202
4187
4265
4200
4189
4167
4230
4179
4149
4186
4204
4199
4176
4167
4158
4163
4175
4131
4149
4194
4113
4134
4163
4129
4134
4128
4090
4081
4090
4039
4057
4085
4105
4047
4062
4061
4038
4067
4039
4017
4020
4027
4051
3993
4004
4012
3995
4021
4016
4017
4012
4006
4017
4002
4008
3944
3957
4005
3961
3951
3964
3984
3970
3947
3905
3970
3937
3956
3908
3909
3925
3914
3885
3876
3900
3895
3904
3909
3911
3913
3919
3910
3883
3840
3831
3824
3833
3850
3848
3828
3812
3828
3817
3809
3800
3799
3820
3811
3784
3762
3740
3778
3770
3802
3776
3750
3764
3826
3750
3766
3708
3717
3714
3738
3689
3725
3702
3704
3666
3680
3718
3685
3687
3679
3673
3621
3672
3655
3607
3675
3667
3677
3639
3640
3632
3653
3611
3623
3589
3638
3557
3598
3588
3611
3631
3639
3587
3591
3561
3567
3525
3575
3563
3542
3557
3572
3584
3543
3551
3531
3548
3578
3536
3539
3514
3530
3511
3549
3546
3481
3514
3522
3514
3477
3478
3519
3463
3472
3477
3438
3446
3451
3432
3451
3458
3416
3414
3428
3398
3409
3450
3403
3421
3399
3415
3367
3393
3407
3374
3389
3426
3369
3387
3392
3364
3330
3324
3368
3322
3322
3331
3355
3359
3334
3323
3317
3346
3309
3307
3308
3295
3286
3320
3283
3275
3323
3288
3269
3275
3266
3253
3281
3231
3240
3212
3219
3219
3264
3219
3232
3205
3217
3224
3181
3180
3168
3189
3204
3199
3182
3165
3198
3190
3153
3156
3181
3172
3102
3132
3137
3145
3116
3102
3105
3136
3098
3126
3096
3126
3057
3055
3051
3073
3058
3057
3052
3046
3074
3054
3068
3069
3072
3018
3010
3012
3028
3036
3041
3007
2977
2991
2988
3006
2978
2971
2965
2984
2993
2967
2947
2976
2952
2954
2963
2977
2918
2939
2935
2934
2929
2941
2934
2915
2952
2924
2905
2905
2887
2884
2865
2915
2885
2864
2855
2842
2847
2860
2848
2848
2843
2820
2788
2833
2868
2840
2784
2827
2818
2814
2781
2785
2768
2806
2790
2758
2790
2789
2747
2751
2761
2750
2765
2724
2739
2716
2711
2713
2702
2680
2676
2669
2651
2696
2678
2693
2670
2657
2642
2670
2660
2649
2636
2652
2652
2647
2667
2633
2645
2618
2631
2639
2645
2626
2627
2636
2615
2599
2608
2587
2591
2606
2596
2573
2571
2586
2576
2573
2585
2579
2561
2536
2575
2564
2522
2524
2521
2524
2521
2511
2520
2506
2487
2470
2488
2470
2458
2442
2449
2456
2458
2483
2476
2455
2460
2441
2442
2389
2417
2397
2423
2423
2433
2418
2445
2412
2390
2394
2386
2398
2371
2341
2355
2354
2341
2333
2330
2332
2327
2306
2305
2343
2310
2316
2291
2305
2261
2285
2271
2291
2273
2269
2293
2242
2286
2250
2262
2273
2246
2259
2241
2196
2244
2230
2237
2205
2224
2247
2211
2206
2240
2200
2156
2181
2172
2157
2198
2190
2182
2188
2166
2176
2166
2168
2186
2174
2170
2135
2126
2130
2117
2081
2114
2099
2104
2098
2106
2111
2067
2041
2056
2064
2085
2069
2038
2065
2050
2052
2049
2030
2037
2045
2050
2014
2009
2006
1991
1970
2004
2013
1972
1986
1976
1995
1997
1976
1944
1924
1926
1954
1921
1926
1940
1930
1924
1916
1939
1929
1891
1901
1906
1885
1900
1895
1911
1903
1903
1892
1881
1856
1869
1872
1870
1873
1842
1859
1825
1828
1843
1825
1826
1793
1802
1822
1816
1817
1817
1793
1781
1801
1784
1773
1766
1779
1759
1761
1742
1765
1749
1758
1765
1762
1733
1725
1707
1711
1698
1679
1691
1704
1704
1702
1705
1695
1689
1680
1666
1666
1642
1672
1664
1654
1655
1655
1658
1630
1629
1627
1620
1598
1613
1597
1609
1621
1581
1565
1578
1560
1561
1548
1557
1557
1594
1559
1547
1542
1533
1537
1553
1523
1533
1533
1531
1522
1511
1524
1507
1509
1485
1498
1485
1487
1475
1467
1485
1468
1450
1485
1443
1462
1438
1453
1430
1446
1445
1453
1421
1433
1430
1427
1415
1429
1419
1407
1397
1382
1397
1404
1382
1372
1357
1364
1357
1349
1341
1337
1366
1326
1339
1343
1325
1338
1324
1335
1328
1311
1321
1293
1298
1313
1317
1297
1281
1321
1279
1286
1277
1252
1267
1248
1268
1256
1295
1247
1245
1240
1228
1225
1229
1222
1205
1213
1211
1209
1193
1199
1180
1198
1179
1181
1184
1171
1175
1168
1141
1149
1166
1149
1150
1135
1135
1124
1100
1122
1103
1117
1102
1089
1102
1096
1066
1069
1075
1084
1047
1066
1079
1049
1042
1060
1040
1047
1035
1038
1014
1024
1016
980
1012
994
994
977
994
999
988
953
953
977
958
955
965
949
957
934
939
929
923
922
927
906
911
917
909
878
900
901
891
887
880
876
880
874
868
868
850
864
839
868
859
850
846
826
827
812
819
805
801
798
796
787
772
785
785
767
754
754
759
752
743
743
735
735
745
719
708
720
712
707
682
725
683
696
690
676
670
678
671
665
660
650
653
650
637
635
641
618
626
614
616
599
596
597
590
584
598
564
574
564
568
570
554
558
561
534
544
526
538
537
531
530
524
524
520
514
509
491
496
495
485
479
471
490
474
454
469
469
458
459
456
455
444
460
433
433
429
436
414
402
416
396
394
379
393
388
371
374
367
363
371
371
352
352
351
345
331
330
332
336
322
322
317
328
313
310
296
297
303
294
292
291
293
276
267
259
261
251
245
237
233
227
227
212
215
218
216
204
205
208
197
190
183
183
175
170
172
162
165
167
166
145
144
148
135
130
134
133
126
126
122
111
107
109
95
93
95
95
90
85
90
81
75
73
69
62
62
55
53
48
47
38
33
30
21
17
13
12
7
4
0
0
0
0
0
0
0
0
0
0
0
0
0
0
0
0
0
0
0
0
0
0
0
0
0
0
0
0
0
0
0
0
0
0
0
0
0
0
0
0
0
0
0
0
0
0
0
0
0
0
0
0
0
0
0
0
0
0
0
0
0
0
0
0
0
0
0
0
0
0
0
0
0
0
0
0
0
0
0
0
0
0
0
0
0
0
0
0
0
0
0
0
0
0
0
0
0
0
0
0
0
0
0
0
0
0
0
0
0
0
0
0
0
0
0
0
0
0
0
0
0
0
0
0
0
0
0
0
0
0
0
0
0
0
0
0
0
0
0
0
0
0
0
0
0
0
0
0
0
0
0
0
0
0
0
0
0
0
0
0
0
0
0
0
0
0
0
0
0
0
0
0
0
0
0
0
0
0
0
0
0
0
0
0
0
0
0
0
0
0
0
0
0
0
0
0
0
0
0
0
0
0
0
0
0
0
0
0
0
0
0
0
0
0
0
0
0
0
0
0
0
0
0
0
0
0
0
0
0
0
0
0
0
0
0
0
0
0
0
0
0
0
0
0
0
0
0
0
0
0
0
0
0
0
0
0
0
0
0
0
0
0
0
0
0
0
0
0
0
0
0
0
0
0
0
0
0
0
0
0
0
0
0
0
0
0
0
0
0
0
0
0
0
0
0
0
0
0
0
0
0
0
0
0
0
0
0
0
0
0
0
0
0
0
0
0
0
0
0
0
0
0
0
0
0
0
0
0
0
0
0
0
0
0
0
0
0
0
0
0
0
0
0
0
0
0
0
0
0
0
0
0
0
0
0
0
0
0
0
0
0
0
0
0
0
0
0
0
0
0
0
0
0
0
0
0
0
0
0
0
0
0
0
0
0
0
0
0
0
0
0
0
0
0
0
0
0
0
0
0
0
0
0
0
0
0
0
0
0
0
0
0
0
0
0
0
0
0
0
0
0
0
0
0
0
0
0
0
0
0
0
0
0
0
0
0
0
0
0
0
0
0
0
0
0
0
0
0
0
0
0
0
0
0
0
0
0
0
0
0
0
0
0
0
0
0
0
0
0
0
0
0
0
0
0
0
0
0
0
0
0
0
0
0
0
0
0
0
0
0
0
0
0
0
0
0
0
0
0
0
0
0
0
0
0
0
0
0
0
0
0
0
0
0
0
0
0
0
0
0
0
0
0
0
0
0
0
0
0
0
0
0
0
0
0
0
0
0
0
0
0
0
0
0
0
0
0
0
0
0
0
0
0
0
0
0
0
0
0
0
0
0
0
0
0
0
0
0
0
0
0
0
0
0
0
0
0
0
0
0
0
0
0
0
0
0
0
0
0
0
0
0
0
0
0
0
0
0
0
0
0
0
0
0
0
0
0
0
0
0
0
0
0
0
0
0
0
0
0
0
0
0
0
0
0
0
0
0
0
0
0
0
0
0
0
0
0
0
0
0
0
0
0
0
0
0
0
0
0
0
0
0
0
0
0
0
0
0
0
0
0
0
0
0
0
0
0
0
0
0
0
0
0
0
0
0
0
0
0
0
0
0
0
0
0
0
0
0
0
0
0
0
0
0
0
0
0
0
0
0
0
0
0
0
0
0
0
0
0
0
0
0
0
0
0
0
0
0
0
0
0
0
0
0
0
0
0
0
0
0
0
0
0
0
0
0
0
0
0
0
0
0
0
0
0
0
0
0
0
0
0
0
0
0
0
0
0
0
0
0
0
0
0
0
0
0
0
0
0
0
0
0
0
0
0
0
0
0
0
0
0
0
0
0
0
0
0
0
0
0
0
0
0
0
0
0
0
0
0
0
0
0
0
0
0
0
0
0
0
0
0
0
0
0
0
0
0
0
0
0
0
0
0
0
0
0
0
0
0
0
0
0
0
0
0
0
0
0
0
0
0
0
0
0
0
0
0
0
0
0
0
0
0
0
0
0
0
0
0
0
0
0
0
0
0
0
0
0
0
0
0
0
0
0
0
0
0
0
0
0
0
0
0
0
0
0
0
0
0
0
0
0
0
0
0
0
0
0
0
0
0
0
0
0
0
0
0
0
0
0
0
0
0
0
0
0
0
0
0
0
0
0
0
0
0
0
0
0
0
0
0
0
0
0
0
0
0
0
0
0
0
0
0
0
0
0
0
0
0
0
0
0
0
0
0
0
0
0
0
0
0
0
0
0
0
0
0
0
0
0
0
0
0
0
0
0
0
0
0
0
0
0
0
0
0
0
0
0
0
0
0
0
0
0
0
0
0
0
0
0
0
0
0
0
0
0
0
0
0
0
0
0
0
0
0
0
0
0
0
0
0
0
0
0
0
0
0
0
0
0
0
0
0
0
0
0
0
0
0
0
0
0
0
0
0
0
0
0
0
0
0
0
0
0
0
0
0
0
0
0
0
0
0
0
0
0
0
0
0
0
0
0
0
0
0
0
0
0
0
0
0
0
0
0
0
0
0
0
0
0
0
0
0
0
0
0
0
0
0
0
0
0
0
0
0
0
0
0
0
0
0
0
0
0
0
0
0
0
0
0
0
0
0
0
0
0
0
0
0
0
0
0
0
0
0
0
0
0
0
0
0
0
0
0
0
0
0
0
0
0
0
0
0
0
0
0
0
0
0
0
0
0
0
0
0
0
0
0
0
0
0
0
0
0
0
0
0
0
0
0
0
0
0
0
0
0
0
0
0
0
0
0
0
0
0
0
0
0
0
0
0
0
0
0
0
0
0
0
0
0
0
0
0
0
0
0
0
0
0
0
0
0
0
0
0
0
0
0
0
0
0
0
0
0
0
0
0
0
0
0
0
0
0
0
0
0
0
0
0
0
0
0
0
0
0
0
0
0
0
0
0
0
0
0
0
0
0
0
0
0
0
0
0
0
0
0
0
0
0
0
0
0
0
0
0
0
0
0
0
0
0
0
0
0
0
0
0
0
0
0
0
0
0
0
0
0
0
0
0
0
0
0
0
0
0
0
0
0
0
0
0
0
0
0
0
0
0
0
0
0
0
0
0
