2 0 0
41 0 8
2 0 1
88 0 1
39 0 66
50 0 54
37 0 12
42 0 60
8 2 85
31 0 30
19 0 1
69 0 0
68 2 45
0 1 12
36 1 12
1 0 1
2 0 15
42 1 71
11 0 15
11 1 50
21 0 0
72 1 41
30 3 75
72 0 26
90 1 5
29 1 84
18 0 0
25 0 10
32 0 22
27 1 72
49 0 0
8 0 60
4 0 1
36 0 50
23 1 5
45 0 63
43 2 16
7 0 81
56 0 32
0 2 83
44 0 0
95 0 1
2 0 57
46 1 58
3 0 14
7 2 95
27 0 30
78 0 8
76 0 10
54 1 4
74 1 1
68 0 39
6 0 0
4 1 77
10 1 9
23 0 37
3 0 5
55 0 15
7 0 6
45 0 1
36 0 16
2 0 5
9 0 38
27 1 75
61 2 2
10 0 62
6 0 13
72 0 16
43 0 61
53 1 8
36 0 1
1 1 1
22 0 34
15 0 18
55 0 11
43 0 72
8 0 5
2 1 51
23 0 0
9 0 36
9 0 0
7 1 23
32 1 4
4 0 7
27 0 29
4 0 11
39 0 4
20 0 74
17 0 17
5 0 7
13 1 63
41 0 65
6 1 102
11 1 40
43 1 53
4 0 6
32 0 33
6 0 7
26 0 27
43 1 22
29 0 18
5 0 10
12 0 62
68 0 20
11 0 15
45 1 25
6 0 1
3 0 15
33 0 75
76 2 24
55 0 0
18 0 15
41 0 9
56 0 0
25 2 10
0 2 50
17 1 17
45 0 49
18 2 92
61 0 6
19 0 12
23 0 20
10 0 51
40 0 50
26 0 29
7 1 83
1 0 2
22 0 67
4 1 21
2 0 2
32 2 70
3 0 0
46 0 60
9 0 10
15 2 29
25 0 22
56 0 6
45 0 63
1 0 2
61 0 7
56 0 3
6 0 6
7 0 8
25 0 29
36 2 9
31 2 50
74 2 38
50 0 53
10 0 45
12 0 17
82 1 1
1 1 27
36 1 33
27 1 41
18 0 16
54 1 20
44 0 11
37 0 49
26 0 17
13 0 21
21 1 74
14 0 4
26 0 70
12 1 15
5 0 34
3 0 2
6 0 2
2 0 1
79 1 8
22 0 47
1 0 2
3 0 1
64 0 0
9 1 28
5 0 1
4 0 21
102 2 1
9 1 27
6 0 14
2 0 0
1 0 2
39 0 40
12 0 61
104 0 0
110 1 3
19 1 61
30 3 74
4 0 1
24 0 31
11 0 17
63 2 20
62 0 0
10 0 70
49 1 62
96 2 8
1 0 2
15 1 75
105 1 8
13 3 91
56 0 18
42 1 43
20 1 63
7 0 0
4 0 20
5 0 4
8 1 16
56 1 10
55 0 24
6 0 17
18 0 1
5 0 1
6 1 93
15 2 8
17 0 12
9 0 16
43 0 60
39 0 0
15 2 61
1 0 37
89 1 15
13 1 83
63 1 36
22 0 64
61 0 13
31 1 84
49 1 2
63 0 8
47 1 3
67 1 43
38 1 4
20 0 78
1 0 11
1 0 37
17 0 61
24 0 32
7 0 12
76 0 26
17 2 42
2 0 1
11 0 5
0 2 102
2 0 34
43 0 3
35 1 42
5 0 0
8 1 8
64 0 0
70 0 4
32 1 19
4 0 13
6 1 57
82 1 32
0 1 9
14 0 73
18 0 0
2 0 0
