Testing C3.in C3.out
0 . . . 3 2 . 0 2 . . 0
|             |       |
0-0-0 . 0-0 1 0-0 . . 0
|                     |
0 . . . . . 3 . . . . 0
|                     |
0-0-0 . 0-0 1 0-0-0-0-0
| | |   | |   | | | | |
0-0-0-0-0-0-0-0-0-0-0-0
after operation 1:
0 . . . 2 . . 0 2 . . 0
|             |       |
0-0-0 . 0-0 1 0-0 . . 0
|                     |
0 . . . . . 3 . . . . 0
|                     |
0-0-0 3 0-0 1 0-0-0-0-0
| | |   | |   | | | | |
0-0-0-0-0-0-0-0-0-0-0-0
after operation 2:
0 . . . . . . 0 2 . . 0
|             |       |
0-0-0 . 0-0 1 0-0 . . 0
|                     |
0 . . 2 . . 3 . . . . 0
|                     |
0-0-0 3 0-0 1 0-0-0-0-0
| | |   | |   | | | | |
0-0-0-0-0-0-0-0-0-0-0-0
after operation 3:
0 . . . . . . 0 2 . . 0
|             |       |
0-0-0 . 0-0 1 0-0 . . 0
|                     |
0 . . . 2 . 3 . . . . 0
|                     |
0-0-0 3 0-0 1 0-0-0-0-0
| | |   | |   | | | | |
0-0-0-0-0-0-0-0-0-0-0-0
after operation 4:
0 . . . . . . 0 2 . . 0
|             |       |
0-0-0 . 0-0 1 0-0 . . 0
|                     |
0 . . . . 2 3 . . . . 0
|                     |
0-0-0 3 0-0 1 0-0-0-0-0
| | |   | |   | | | | |
0-0-0-0-0-0-0-0-0-0-0-0
after operation 5:
0 . . . . . . 0 2 . . 0
|             |       |
0-0-0 . 0-0 1 0-0 . . 0
|                     |
0 . . . . . 2 3 . . . 0
|                     |
0-0-0 3 0-0 1 0-0-0-0-0
| | |   | |   | | | | |
0-0-0-0-0-0-0-0-0-0-0-0
after operation 6:
0 . . . . . . 0 2 . . 0
|             |       |
0-0-0 . 0-0 1 0-0 . . 0
|                     |
0 . . . . . 2 . 3 . . 0
|                     |
0-0-0 3 0-0 1 0-0-0-0-0
| | |   | |   | | | | |
0-0-0-0-0-0-0-0-0-0-0-0
after operation 7:
0 . . . . . . 0 2 . . 0
|             |       |
0-0-0 . 0-0 1 0-0 . . 0
|                     |
0 . . . . . 2 . . 3 . 0
|                     |
0-0-0 3 0-0 1 0-0-0-0-0
| | |   | |   | | | | |
0-0-0-0-0-0-0-0-0-0-0-0
after operation 8:
0 . . . . . . 0 2 . . 0
|             |       |
0-0-0 . 0-0 1 0-0 . . 0
|                     |
0 . . . . . 2 . . . 3 0
|                     |
0-0-0 3 0-0 1 0-0-0-0-0
| | |   | |   | | | | |
0-0-0-0-0-0-0-0-0-0-0-0
after operation 9:
0 . . . . . . 0 . . . 0
|             |       |
0-0-0 . 0-0 1 0-0 . . 0
|                     |
0 . . . . . 2 . . 2 3 0
|                     |
0-0-0 3 0-0 1 0-0-0-0-0
| | |   | |   | | | | |
0-0-0-0-0-0-0-0-0-0-0-0
after operation 10:
0 . . . . . . 0 . . . 0
|             |       |
0-0-0 . 0-0 1 0-0 . . 0
|                     |
0 . . . . . 2 . 2 3 . 0
|                     |
0-0-0 3 0-0 1 0-0-0-0-0
| | |   | |   | | | | |
0-0-0-0-0-0-0-0-0-0-0-0
after operation 11:
0 . . . . . . 0 . . . 0
|             |       |
0-0-0 . 0-0 1 0-0 . . 0
|                     |
0 . . . . . 2-2 3 . . 0
|                     |
0-0-0 3 0-0 1 0-0-0-0-0
| | |   | |   | | | | |
0-0-0-0-0-0-0-0-0-0-0-0
after operation 12:
0 . . . . . . 0 . . . 0
|             |       |
0-0-0 . 0-0 1 0-0 . . 0
|                     |
0 . . . . 2-2 3 . . . 0
|                     |
0-0-0 3 0-0 1 0-0-0-0-0
| | |   | |   | | | | |
0-0-0-0-0-0-0-0-0-0-0-0
after operation 13:
0 . . . . . . 0 . . . 0
|             |       |
0-0-0 . 0-0 1 0-0 . . 0
|                     |
0 . . . 2-2 3 . . . . 0
|                     |
0-0-0 3 0-0 1 0-0-0-0-0
| | |   | |   | | | | |
0-0-0-0-0-0-0-0-0-0-0-0
after operation 14:
0 . . . . . . 0 . . . 0
|             |       |
0-0-0 . 0-0 . 0-0 . . 0
|                     |
0 . . 2-2 3 1 . . . . 0
|           |         |
0-0-0 3 0-0 1 0-0-0-0-0
| | |   | |   | | | | |
0-0-0-0-0-0-0-0-0-0-0-0
after operation 15:
0 . . . . . . 0 . . . 0
|             |       |
0-0-0 . 0-0 . 0-0 . . 0
|                     |
0 . 2-2 3 . 1 . . . . 0
|           |         |
0-0-0 3 0-0 1 0-0-0-0-0
| | |   | |   | | | | |
0-0-0-0-0-0-0-0-0-0-0-0
after operation 16:
0 . . . . . . 0 . . . 0
|             |       |
0-0-0 . 0-0 . 0-0 . . 0
|                     |
0 2-2 3 . . 1 . . . . 0
|     |     |         |
0-0-0 3 0-0 1 0-0-0-0-0
| | |   | |   | | | | |
0-0-0-0-0-0-0-0-0-0-0-0



