13380.5567
3427.2927
1334092.0000
4651.4078
897340.0000
7198.4380
13412.2385
215821.0000
8578.6411
8566.5700
6320.5993
26736.0000
9095.2413
892604.0000
649218.0000
4156.9216
9629.8375
8201.0354
10627.1648
4982.6121
4720.6346
2644294.0000
172776.0000
84853.0000
9448.9962
6612.2235
649218.0000
8238.2039
146422.0000
7326.5584
2636353.0000
11195.3636
13695.6650
8681.2239
7681.3403
615222.0000
564122.0000
6325.2280
699145.0000
2729.2133
39527.0000
45793.0000
3932.9909
307197.0000
169741.0000
7217.5880
10833.5155
3111.7919
9364.8494
8459.2678
12919.4333
8683.2017
365927.0000
14672.2025
2490.7842
5700.6498
236086.0000
4132.6591
13485.8531
564122.0000
3492.8477
11949.8343
317360.0000
9324.1284
615222.0000
402128.0000
10647.4922
6731.2366
263623.0000
10279.9717
17970.0816
16141.0490
9557.5851
25505.0000
13264.7103
7832.4346
21333.0000
6651.4275
336508.0000
7790.7216
11148.5093
7653.2687
99237.0000
10692.0502
1306370.0000
2125.2529
1859.2705
198892.0000
1330784.0000
7177.8379
9371.9952
61406.0000
13786.2625
12035.8223
9635.5187
1473.7917
527557.0000
2646841.0000
6071.1828
2575.2657
167837.0000
2520.1971
9064.4038
7492.9655
10184.5042
6656.6710
6005.4809
6275.2327
2698.5860
7053.3115
2675.2584
10892.4121
5575.2697
13009.0000
5945.0581
11105.2716
84486.0000
10547.5861
161778.0000
12744.7163
8047.4927
3461.5418
59188.0000
9515.2441
10729.0624
282382.0000
4066.0637
9349.6184
9062.9428
2636441.0000
10345.6191
3513.6071
245876.0000
3968.3714
4144.5613
8902.1973
10304.0352
2648916.0000
127956.0000
9297.4182
4895.9018
7842.1565
273280.0000
3666.5968
629331.0000
4156.9584
1314521.0000
9646.2050
10297.9068
174444.0000
175253.0000
30858.0000
4955.1093
8001.1312
11173.0472
159104.0000
11865.8252
9791.2218
9160.7394
4782.9382
519770.0000
10924.5214
1118.6499
4745.1873
7899.1280
1311728.0000
125791.0000
519770.0000
296469.0000
1404.3748
888095.0000
516613.0000
3622.3468
5928.5054
13112.3071
8947.1751
700.4922
8081.1190
49547.0000
869065.0000
7675.1278
938.9653
187489.0000
2552.2956
54633.0000
2735.9998
517716.0000
9499.9841
6863.4779
573802.0000
98605.0000
3424.3908
9407.0129
6432.6559
8953.6608
11252.6235
228088.0000
2605.6421
645721.0000
10441.9380
25006.0000
7899.2435
9148.6839
667372.0000
10953.1337
12590.5006
3252.5710
377225.0000
8791.3634
1656.2146
9318.4551
6198.1131
1151.9219
174276.0000
6597.9450
110379.0000
15004.9538
3711.5029
207852.0000
9609.3000
13056.0635
2009.7878
854545.0000
163640.0000
5899.9149
17303.5585
235035.0000
7722.6754
7874.6117
7882.4416
1305650.0000
49669.0000
1765.3267
4733.8978
167047.0000
4817.8016
2654.7903
82923.0000
8048.6867
2640910.0000
9024.3789
643059.0000
15984.4007
3100.6680
2565.4267
15846.7620
173205.0000
699751.0000
9205.6809
12139.9692
13041.2403
6879.7787
506678.0000
3974.2628
7099.9455
13132.8126
3629.9593
12036.6220
2071.6532
293652.0000
64775.0000
11087.6738
5824.1881
10888.0000
12162.1686
55943.0000
283027.0000
13328.5131
9030.9126
2646363.0000
223216.0000
9099.1225
4308.6118
18292.1884
3903.0324
6685.6887
55497.0000
864064.0000
173833.0000
23237.8325
6203.2638
8039.5570
190.8822
5896.6509
15125.1203
4611.1887
2643291.0000
5735.0452
6410.5642
17408.0351
10924.3463
12525.4008
5165.7543
7594.5308
4759.9520
7547.7222
12485.4359
7301.3842
68791.0000
7783.1686
1238.4442
10478.0652
734.6889
9027.0374
688247.0000
5673.8810
6358.2565
6673.4195
5684.6451
327511.0000
9944.4951
5249.2656
8055.6556
527719.0000
12163.3390
2631381.0000
7468.9039
4329.5179
8208.4424
11324.8764
13778.4527
13220.0000
7673.7107
869274.0000
36862.0000
890148.0000
4839.1047
308237.0000
873009.0000
2634855.0000
121478.0000
9790.7212
522362.0000
63475.0000
293763.0000
359613.0000
9180.4290
6604.9625
3224.8062
4987.6297
10276.2642
6217.4669
125046.0000
12192.0523
9022.5821
14468.1416
1733.1152
10284.0347
12873.1871
507765.0000
14697.6580
9335.0938
2632431.0000
6469.8836
7922.4644
7901.4911
13913.7741
10878.8672
641204.0000
10731.4001
13575.1761
688128.0000
30709.0000
913.6075
36755.0000
