VCVVCVC
CVCVCCC
VVVCCVV
VCVVVCV
VCVCCVV
VCCCCVC
CVCCCCV
VVVCVVV
VVVCCCV
VVVCVVC
CVVCVVV
VVCVVVV
CVVCCCC
CCVVCVV
CCVCCVC
CVVCVVC
CVCVVCV
CVCCVVV
VCVVVVV
CVVCCCV
CVCCCVC
CCCCCVV
VVVVCCC
VVCCCCV
CCCVCCV
VCCCCVC
VCVVCVC
CVVCVCV
CCCVVCV
CVVVVVC
CCVVCCV
CVCVVCV
VVCVCCV
CVCCCVV
CVVCCVC
VVVVVVC
CVCVCVC
CCCVCVC
CVCVCVC
CCVVVCC
VVVVVCC
CVVCVCC
VCCVCCV
CCVCVCV
VCVCCCV
VVVCCCC
CCVCCCV
VVVCCCV
CVVCCCV
VVCVVCV
VCVVVVV
CVVVVVC
CCVVCCV
VCCCCVC
CCVVCVC
CVCCVCC
CCCVCVV
CVVVVVC
CVCVVVC
VVVVVCV
CVCCVVC
CVCVVCC
VCCVCCV
CVCCVCV
VCVVVVV
CVCCVCC
VVVCCCV
CVCVCVV
CVCVVCV
VCVVVCC
CCCCVCC
CCCVVVV
CCVVCCV
VCVVVVC
CVVCCVC
CVCVVVC
VVCCCCV
CCCCCVC
CCCCVVV
CVVCCCV
VCVVCVC
VVVVCVV
VCCCCVV
VVCVCCV
CCVVCVC
VCCCVVC
VVCVCCC
VVVCCCV
CCVVVVV
CCCCCCV
VVVVVCC
CCVCVVV
CVVCCVC
VVCCVVC
CCCCVCC
VVCVCCC
VVCCVVC
VCVVVVV
CVVCCCC
CVVCCCV
