0
0
0
0
4801
1416
2574
4801
4801
4584
6673
8501
8307
6262
8307
9030
9030
6262
6642
5164
3572
5068
3813
2849
2974
5913
5913
9907
9779
11684
11684
14331
14331
8127
10214
8286
9716
10183
10015
9898
12915
19698
19478
19698
20241
18866
23301
24763
24763
24763
22660
26080
24817
24817
33159
36831
36831
34761
35978
37297
35978
33521
34009
32570
24388
24158
24158
21723
25533
23683
24552
23658
26297
27977
27977
26731
28008
30221
30221
22726
21945
22726
24983
25998
24411
25218
19074
15277
15277
22663
20740
19827
23231
23231
24964
23231
