20628 1
53776 1
53943 1
53407 1
17297 1
40997 1
55360 1
19604 1
51728 1
38042 1
49303 3
6720 1
37619 1
22794 1
38600 1
58129 1
45335 1
35858 1
2997 1
5664 1
12548 2
25600 1
42001 1
13316 1
61872 1
49462 1
48288 1
56448 1
13952 1
6560 1
12466 1
41509 1
49903 1
21760 1
62480 1
27008 1
42384 1
24064 1
59536 1
6032 1
15 7
5440 1
7236 1
43264 1
52804 1
40524 1
2444 1
63504 1
27782 1
64672 1
3690 1
54353 1
6990 1
50248 1
47488 1
14848 1
46336 1
20802 1
28739 2
10130 1
16561 3
11944 1
37702 1
59401 1
22084 1
24132 1
17668 2
27148 1
19144 1
57985 2
12801 2
6288 3
26816 2
7296 6
6324 1
29063 1
5405 1
10312 2
51522 1
37969 2
15376 2
30802 1
54013 1
14536 1
19020 1
12880 1
24196 1
53993 2
23570 1
28170 1
48560 1
38054 1
6690 2
60449 1
29491 1
12538 1
61028 1
42406 1
61457 3
23840 1
13126 1
37921 4
50948 1
50071 1
21380 1
2648 1
34069 1
6404 6
63488 3
1850 1
28877 1
64896 1
40118 1
16844 2
4169 13
14210 1
40640 1
30992 1
59840 1
64704 1
19508 2
45846 1
4692 7
35900 1
61840 2
14792 2
29728 2
43232 1
54920 1
55494 1
61846 1
64712 1
57800 1
41144 1
44234 1
47560 2
63096 1
2332 2
22976 1
3102 1
10375 4
50624 1
29322 1
6251 1
19333 1
3322 1
25699 1
19399 1
48794 1
22096 4
46536 1
30400 1
40106 2
35624 1
23098 1
26056 1
45273 1
45353 2
21666 1
61188 1
24932 2
46360 2
8404 4
16064 1
60168 1
27844 2
31426 1
5242 1
53088 1
27368 1
17594 2
60072 1
20899 1
54369 2
9405 1
44730 1
55088 1
24977 2
42788 1
25258 1
734 2
51017 2
24676 5
32256 1
28274 1
55920 1
38098 2
63009 1
13345 5
59185 1
36620 2
38032 10
28048 1
40056 1
21706 1
37734 1
17046 4
11880 1
2192 23
42645 2
46864 1
9733 11
46489 1
10935 1
52040 1
6537 2
20743 3
6798 1
36678 1
26336 1
42681 1
37907 6
10994 1
30080 2
51322 1
21352 1
15474 1
6986 2
47336 1
11592 1
52584 1
51050 1
58242 1
56648 1
6866 1
11671 1
13198 1
23348 1
39280 1
6669 3
36411 1
19228 1
41862 2
60515 1
28967 1
63345 1
2591 3
59608 1
9081 1
53099 1
32424 1
15592 1
9706 1
36738 1
26388 1
15074 1
41005 5
59090 1
23236 2
33337 7
62498 1
26050 1
44131 2
13134 1
63571 1
613 12
60520 1
47541 1
3414 1
28209 1
41633 4
12649 2
25185 5
40010 2
43020 9
33502 1
61090 1
55668 1
10669 1
18233 2
43594 1
8364 11
65064 1
3692 2
60938 1
44488 1
1887 1
1732 3
14222 1
36650 3
4969 2
4158 2
17915 1
62074 1
8830 1
214 8
47110 4
21189 3
56393 1
9902 1
3591 8
14612 3
41233 10
7048 1
18608 5
22620 1
65170 1
9126 2
39732 1
35371 4
56176 1
50124 1
37437 3
7183 1
58440 4
39361 1
33867 5
35722 1
34329 6
64784 1
52394 1
27671 1
6326 2
26916 2
871 3
2297 2
24967 2
58256 1
20556 9
23340 1
1564 7
44136 3
64122 1
48325 1
10970 1
8522 8
35724 1
58960 4
53669 1
2496 16
52370 2
4401 11
55896 2
35692 2
47428 1
38467 1
55873 1
5559 1
10195 1
42882 1
37505 9
19534 1
22883 2
61592 2
30808 2
6991 1
21292 2
24138 1
9472 36
7009 1
54728 1
59224 1
32520 1
18089 1
30544 2
8890 3
62387 1
56554 1
50999 2
1225 8
48184 1
28368 1
42456 4
1194 15
14952 2
48929 1
51514 1
40688 1
42196 1
38198 1
30561 2
13281 1
47652 1
63312 2
15641 1
2301 2
53868 3
47194 2
28744 9
32875 7
39672 1
63108 1
25336 1
26766 1
51960 1
41055 3
24932 3
59272 1
14437 2
44266 2
38530 7
52277 1
10674 2
33761 2
34276 2
9824 10
24353 1
31944 2
4352 90
63312 3
32884 11
36266 1
30660 1
57120 1
42651 2
29832 5
57010 2
28778 3
32823 11
25345 11
33792 113
45386 1
27212 1
37969 9
17858 5
51122 1
9026 10
34457 4
7106 2
37604 3
25269 1
6329 1
45795 1
40037 1
41160 16
64944 1
55108 1
63314 1
23776 3
47362 4
29155 1
42856 1
64949 1
6290 11
26472 1
30249 2
60931 3
14514 3
26866 1
17118 1
15688 1
6792 11
30144 3
55234 1
31242 2
37513 7
58232 1
61193 2
320 105
48001 1
8048 1
37696 16
40480 9
28096 1
17585 7
55641 1
6021 3
14064 1
50350 1
40152 1
2251 5
49978 2
35970 24
28302 1
50038 1
57667 2
17041 12
29214 1
24722 11
63424 1
37793 4
61193 3
56131 1
58324 1
59620 1
26392 4
4998 5
24709 15
20233 6
46674 3
34836 23
35347 8
4232 60
64616 1
65320 1
50027 2
12978 3
25217 13
322 66
29960 7
49249 19
53959 1
1590 9
41970 1
5736 5
45908 1
31923 1
29162 1
31554 1
48098 1
58745 1
62160 3
46337 11
48842 2
50896 5
58410 3
37952 40
58898 7
56887 1
44202 5
62785 3
40872 1
54121 1
41076 3
45268 1
31248 4
20855 1
46314 2
63908 2
15628 2
48730 1
45207 4
21616 7
15233 3
42681 2
56568 1
25760 12
15506 6
9925 2
41906 3
19277 2
17016 10
6829 1
18913 1
30003 1
46393 2
16360 1
13390 1
7025 1
63712 2
11075 2
39762 2
51490 8
20370 1
63799 1
847 7
2795 1
54154 2
2534 2
57816 1
38454 2
2764 8
19304 3
21138 7
41278 1
64000 5
37236 2
31720 1
4980 2
50466 11
26050 4
40321 5
18162 2
9457 4
63065 1
65066 2
38121 3
62408 2
6344 21
33124 18
17473 35
56890 1
37094 3
16360 2
21612 3
7363 2
19541 4
61486 3
64264 2
38864 2
36806 1
2375 11
35918 5
3379 5
24392 1
46905 1
5454 1
22182 1
51120 3
13540 3
9717 1
21432 1
61346 1
5240 7
57758 1
53896 11
24634 8
24386 2
26308 3
62000 7
39204 13
61093 1
40337 3
54295 4
64634 1
46123 1
23592 11
18531 9
28138 1
14105 3
2243 16
4122 30
40770 3
21579 3
44938 1
56784 1
37960 26
35934 3
27754 4
43857 1
55670 1
31160 1
16579 16
12512 22
45195 2
24426 1
62004 2
27392 13
46048 3
5383 8
7949 1
49934 3
3689 3
30857 3
18951 11
48668 2
15956 2
16682 22
49806 3
38721 5
3086 20
57681 5
51145 1
22452 1
35504 8
7436 7
19028 6
58072 2
48547 3
26922 5
43544 8
25076 1
64056 2
15073 3
4549 6
31943 1
55930 2
39452 3
33982 2
26763 1
35879 9
46112 24
44555 4
8874 9
24945 6
31109 2
64614 1
2437 16
961 20
27176 12
37701 3
36654 2
10146 5
18152 2
9426 8
56208 1
23594 7
9932 1
27960 2
51940 1
53 48
31802 2
48696 1
26026 3
25694 1
10791 7
18640 14
36610 15
35783 2
59352 1
30885 2
28443 1
20869 11
62650 1
3494 3
12581 13
35620 9
14256 1
55491 1
18055 5
4666 10
47971 1
62028 3
58328 2
17461 15
48936 2
55689 1
15829 1
21972 1
31074 1
14993 4
53248 94
47290 1
35824 1
9893 8
26480 2
44163 9
35131 2
24713 17
24854 12
12395 2
26931 2
32440 1
42541 2
59495 2
53160 1
13898 4
39274 3
41029 21
49703 11
33860 38
40666 1
42730 2
61034 2
11322 7
23718 2
53705 2
24990 3
25527 1
60080 2
33194 4
1815 9
45560 1
38244 2
29240 7
9302 7
3612 9
36840 1
15981 1
32928 89
59675 2
26921 4
54115 2
53471 1
32378 1
17846 2
27262 1
5219 5
52106 1
56499 2
35797 1
45485 1
53224 1
4316 11
25658 9
15548 1
59710 1
53019 2
40720 1
27130 1
50584 2
24743 5
2707 9
28932 17
57969 4
54316 5
18921 2
61938 1
39035 1
43496 2
4855 1
30184 1
14367 2
45834 2
5446 5
38499 1
35233 13
39793 2
57920 27
2963 2
64945 2
14201 2
379 6
49288 51
19555 8
34956 23
49650 3
48768 7
49331 8
22498 2
25926 3
30552 1
27536 2
13430 2
31096 1
31704 1
24432 1
25916 1
47923 1
21920 11
5464 7
27625 1
47916 1
64096 3
7562 1
23712 17
62794 1
584 107
28608 1
45069 12
2260 20
61959 2
7689 10
3221 16
63273 2
14629 9
41692 1
51636 3
43316 7
43653 7
61532 3
12484 26
57378 26
41263 3
64002 5
54551 1
24817 3
59412 7
28306 3
4257 50
57018 1
40565 1
35443 5
1351 4
11234 2
36780 2
51824 8
13977 2
23026 1
17286 9
8658 14
31976 2
43314 8
5820 3
46322 1
21149 4
23953 3
11366 8
62240 7
18544 28
19194 1
38541 2
31394 2
8053 1
18053 12
38992 32
36641 7
13937 5
62564 3
59284 1
23012 1
53938 7
9429 5
16860 2
40627 1
44731 1
49999 1
24102 6
49503 1
60042 2
6001 6
62776 1
29234 7
3586 60
36174 2
18862 2
51997 2
50214 18
54451 4
42282 5
33477 17
35004 7
38409 14
12106 1
27640 1
2146 61
45406 1
14201 3
45179 1
1429 12
31762 7
24835 24
46502 3
34499 5
43820 2
60516 6
4640 121
26675 6
48096 2
12719 1
21785 5
62011 1
27841 4
4871 12
27512 2
59282 2
64426 1
362 25
22278 4
30569 1
14992 11
38002 5
40587 2
42421 3
48674 4
28248 2
23878 1
7013 3
23402 2
2805 4
43850 2
6645 2
26008 6
31889 4
34201 3
38252 2
61224 2
49968 18
22654 3
33804 50
19962 1
24229 1
60600 1
23124 3
30090 1
40946 1
42345 3
55487 1
59921 5
48928 4
3961 3
15387 2
54988 1
33134 5
25534 1
4905 17
19532 12
18950 25
21548 13
27 59
38264 3
35096 26
46810 1
1652 12
48428 1
20334 1
29988 3
39384 1
54787 5
47801 1
35086 15
10988 3
10640 25
40988 28
64200 2
30025 2
23201 4
35182 4
28410 1
52764 2
29266 10
30584 1
38510 2
9984 58
52519 2
48106 1
29725 1
11961 4
14378 16
26570 1
8521 25
39719 4
57728 31
48291 4
26486 2
43730 1
33352 62
6719 2
13376 59
