55288 1
53994 1
62174 1
56284 1
61663 1
65535 1
58879 1
63359 1
65471 1
64511 1
65503 1
65438 1
64990 1
64959 1
65486 1
64958 1
64990 1
65519 1
65471 1
65023 1
65503 1
65502 1
65487 1
65463 1
65525 1
65525 1
65399 1
65533 1
65405 1
65519 1
64959 1
65527 1
65022 1
65495 1
65438 1
65531 1
65511 1
65535 1
65311 1
65535 2
65499 1
65527 1
64959 1
65461 1
65535 1
65535 9
65527 1
65535 1
65406 1
65503 1
65374 1
65406 1
65515 1
65527 1
65534 1
65535 4
65525 1
65535 3
65407 1
65375 1
65534 1
65532 1
65499 1
65406 1
65535 1
65534 1
65531 1
65407 1
65502 1
65535 4
65407 1
65535 7
65503 1
65529 1
65525 1
65533 1
65471 1
65535 3
65535 13
65535 2
65529 1
65535 1
65397 1
65407 1
65518 1
65535 3
65535 1
65534 1
65406 1
65535 1
65535 2
65499 1
65521 1
65535 2
65525 1
65535 1
65535 4
65535 1
65407 2
65535 2
65535 1
65487 1
65407 1
65533 1
65533 1
65535 1
65503 1
65535 2
65407 1
65406 1
65501 1
65532 1
65535 4
65535 8
65535 7
65535 2
65534 1
65529 2
65471 1
65535 6
65535 1
65487 1
65501 1
65535 1
65535 2
65529 1
65533 2
65525 1
65535 10
65525 1
65534 2
65535 1
65535 2
65535 1
65535 1
65533 1
65531 1
65535 3
65529 1
65535 5
65534 2
65535 1
65535 5
65502 2
65534 2
65534 1
65525 1
65535 1
65527 1
65407 1
65501 1
65503 1
65535 9
65527 1
65534 1
65523 2
65533 1
65531 2
65535 1
65435 1
65534 2
65535 2
65535 1
65535 1
65535 2
65535 3
65531 1
65535 1
65502 2
65535 20
65534 1
65531 2
65406 1
65534 1
65535 8
65531 4
65532 1
65535 5
65535 4
65535 4
65535 1
65535 2
65535 3
65525 1
65535 3
65535 3
65535 1
65535 9
65535 6
65535 1
65535 1
65535 2
65407 1
65534 1
65534 3
65521 1
65535 1
65534 1
65502 1
65535 3
65533 1
65535 3
65531 1
65535 1
65535 1
65531 2
65503 1
65535 1
65527 1
65534 1
65535 3
65535 3
65495 1
65535 4
65502 1
65535 2
65503 1
65534 1
65521 1
65534 1
65526 1
65533 1
65535 2
65535 1
65503 1
65535 10
65493 1
65535 1
65535 4
65535 3
65535 1
65535 3
65534 3
65535 4
65535 1
65401 1
65534 1
65529 1
65535 1
65531 2
65535 1
65535 4
65531 2
65535 2
65535 1
65525 1
65407 1
65529 1
65535 1
65535 11
65535 1
65529 1
65535 27
65531 1
65535 15
65535 8
65535 2
65531 2
65535 1
65532 1
65535 19
65535 2
65535 2
65535 2
65535 4
65535 5
65535 1
65527 3
65535 3
65535 2
65535 1
65535 4
65535 1
65535 11
65535 3
65535 2
65527 1
65503 3
65535 1
65534 1
65535 8
65535 3
65535 2
65535 21
65535 2
65535 4
65535 1
65535 2
65535 5
65535 1
65535 1
65535 1
65535 8
65535 1
65533 1
65531 1
65535 5
65531 2
65534 2
65535 6
65525 1
65535 1
65534 4
65535 1
65407 1
65535 5
65497 1
65503 1
65535 5
65535 13
65531 1
65521 1
65535 1
65533 2
65527 1
65535 1
65531 2
65401 1
65535 5
65535 8
65535 8
65535 3
65535 1
65535 44
65535 4
65535 2
65531 1
65511 1
65535 6
65531 3
65531 1
65535 1
65533 1
65535 1
65535 2
65535 1
65535 1
65529 1
65533 1
65535 1
65535 1
65535 4
65535 2
65531 1
65521 1
65535 2
65495 2
65534 1
65535 3
65535 6
65535 3
65535 26
65534 1
65535 2
65535 3
65535 1
65535 11
65535 8
65535 7
65531 3
65535 1
65535 7
65523 1
65535 5
65535 44
65535 42
65535 5
65533 1
65535 2
65535 2
65534 1
65535 2
65535 1
65531 2
65535 13
65535 2
65535 3
65535 1
65535 2
65535 4
65531 2
65535 1
65535 1
65535 2
65535 2
65534 2
65535 14
65535 11
65535 4
65535 1
65502 1
65535 1
65535 1
65535 1
65535 1
65535 9
65527 1
65535 5
65535 1
65534 1
65534 3
65534 1
65535 1
65535 1
65534 1
65533 1
65529 1
65535 2
65535 8
65535 1
65534 1
65535 2
65535 4
65533 1
65535 3
65535 5
65535 1
65535 2
65535 17
65535 2
65533 1
65531 3
65533 1
65529 1
65535 1
65535 10
65535 3
65535 1
65535 3
65535 6
65534 5
65535 3
65535 3
65535 1
65535 1
65535 3
65535 5
65533 2
65535 3
65534 1
65535 99
65531 2
65535 1
65535 3
65533 2
65535 7
65535 1
65533 1
65535 3
65535 1
65535 1
65535 8
65535 4
65535 2
65503 3
65530 1
65495 1
65535 3
65535 3
65531 2
65535 4
65535 4
65521 1
65535 4
65535 6
65535 1
65535 1
65535 7
65535 2
65535 3
65535 1
65514 1
65521 1
65535 4
65535 1
65535 3
65535 6
65535 3
65535 4
65535 1
65515 1
65531 6
65527 1
65531 1
65535 62
65535 13
65503 1
65535 7
65535 7
65519 1
65535 15
65535 3
65534 3
65535 1
65529 1
65535 4
65535 2
65535 3
65531 1
65535 2
65535 10
65533 1
65535 4
65531 2
65535 9
65535 5
65535 1
65535 6
65535 1
65495 1
65534 1
65535 3
65535 10
65535 9
65535 1
65535 14
65535 20
65535 5
65521 1
65535 1
65531 1
65531 2
65535 5
65535 14
65535 9
65535 4
65533 1
65535 1
65503 4
65534 1
65535 1
65535 30
65397 1
65535 1
65503 2
65495 1
65531 1
65406 2
65535 2
65535 10
65535 4
65529 1
65535 1
65535 1
65535 6
65534 1
65533 1
65535 5
65535 2
65535 1
65535 5
65503 1
65527 1
65535 4
65502 1
65535 7
65535 2
65535 5
65535 3
65535 6
65535 1
65535 2
65515 1
65535 8
65503 2
65535 1
65535 4
65535 1
65535 1
65533 1
65535 4
65533 1
65406 1
65535 17
65535 7
65535 4
65535 74
65522 1
65535 9
65535 16
65529 1
65535 12
65535 2
65531 2
65535 2
65535 7
65535 1
65535 5
65535 2
65535 2
65535 1
65535 4
65535 2
65531 1
65535 1
65535 3
65535 5
65531 1
65535 3
65535 7
65535 13
65535 8
65479 1
65535 36
65535 10
65533 1
65535 1
65535 3
65535 2
65535 2
65535 1
65535 2
65535 9
65535 1
65535 9
65535 11
65535 1
65531 2
65535 12
65535 5
65535 1
65535 2
65535 1
65503 1
65535 21
65535 4
65535 1
65535 5
65535 1
65535 4
65535 4
65531 2
65535 6
65535 2
65535 3
65535 1
65535 3
65535 1
65531 2
65535 5
65535 7
65534 2
65519 1
65535 12
65535 1
65535 53
65527 1
65535 20
65535 2
65535 17
65535 2
65535 6
65534 1
65535 21
65535 3
65535 9
65535 4
65535 3
65535 2
65535 9
65535 90
65535 2
65535 1
65535 20
65535 1
65535 1
65535 1
65532 1
65535 8
65535 42
65535 6
65535 1
65535 3
65535 3
65535 19
65535 10
65535 17
65535 16
65535 92
65535 6
65535 5
65535 14
65535 5
65535 21
65535 1
65535 1
65535 2
65534 1
65531 1
65534 1
65535 9
65535 5
65535 46
65531 1
65534 1
65535 4
65535 10
65535 7
65535 1
65535 5
65535 43
65535 12
65535 3
65535 4
65535 4
65535 13
65535 12
65531 2
65535 15
65535 2
65533 1
65535 1
65535 25
65529 1
65535 2
65535 14
65535 3
65535 3
65535 2
65535 6
65531 1
65535 2
65535 6
65535 12
65531 1
65535 2
65535 2
65535 7
65531 1
65535 3
65535 2
65535 22
65533 1
65535 1
65535 1
65535 10
65535 95
65535 8
65535 8
65535 100
65535 2
65535 3
65535 1
65535 3
65534 1
65535 43
65535 2
65535 2
65535 1
65535 26
65535 4
65531 2
65535 2
65531 1
65534 1
65535 1
65535 5
65535 19
65535 55
65535 3
65535 12
65535 6
65535 5
65535 4
65535 9
65535 16
65535 7
65535 2
65535 4
65534 1
65535 1
65535 55
65535 18
65535 4
65535 5
65535 2
65535 23
65535 2
65535 14
65534 1
65535 83
65535 6
65535 11
65535 17
65535 26
65535 1
65535 1
65535 3
65535 103
65535 3
65535 2
65535 4
65535 1
65535 4
65535 12
65535 1
65535 7
65535 4
65535 3
65535 1
65535 27
65535 1
65535 4
65535 6
65535 15
65535 9
65535 2
65535 34
65535 12
65535 2
65535 3
65535 9
65535 3
65533 1
65535 31
65535 4
65535 97
65531 1
65535 2
65529 1
65535 1
65535 9
65535 3
65535 24
65535 4
65535 3
65535 1
65535 3
65535 15
65535 5
65535 2
65527 2
65535 23
65535 11
65535 22
65535 2
65535 7
65535 1
65535 1
65535 11
65535 8
65535 14
65531 1
65535 33
65535 2
65535 3
65535 5
65535 19
65535 1
65534 1
65535 1
65535 8
65535 4
65535 5
65535 2
65535 2
65535 1
65535 1
65535 30
65535 55
65532 1
65535 4
65531 2
65535 3
65535 2
65535 49
65535 28
65535 2
65535 2
65535 9
65535 10
65531 3
65535 4
65531 2
65535 3
65534 2
65534 1
65531 3
65535 5
65535 15
65535 5
65535 28
65535 5
65535 8
65535 5
65535 1
65533 1
65535 7
65535 7
65535 1
65535 7
65535 13
65535 1
65529 1
65535 14
65521 1
65535 3
65535 27
65535 21
65535 1
65535 2
65535 1
65535 1
65535 26
65535 33
65535 5
65534 2
65535 12
65535 15
65535 59
65535 14
65535 5
65535 1
65535 30
65535 1
65535 11
65535 13
65531 1
65535 6
65535 13
65535 10
65535 28
65535 17
65535 11
65535 15
65535 3
65535 13
65535 12
65535 4
65531 1
65535 2
65535 1
65531 3
65535 1
65535 2
65535 4
65535 7
65535 1
65535 17
65535 4
65529 2
65535 6
65535 10
65535 10
65531 1
65535 8
65535 10
65535 9
65535 6
65535 14
65533 1
65535 3
65535 4
65535 11
65535 1
65535 2
65535 8
65535 11
65535 39
65535 11
65535 8
65535 9
65535 3
65535 5
65535 25
65535 3
65531 1
65535 6
65535 2
65535 5
65535 6
65534 1
65531 2
65535 28
65535 12
65535 8
65533 1
65535 7
65535 5
65535 18
65535 9
65535 4
65535 9
65535 2
65535 23
65535 11
65535 19
65535 1
65535 21
65534 1
65535 16
65535 4
65535 1
65535 2
65531 8
65535 9
65535 3
65535 9
65535 4
