VCCVCCCVCVCVCVCCVVVVCVCCVC
CCCVCVVVCCCCCCCCVVVVCVVCCC
CCVVCCCVVCVVVCCCCVCCCCVVVV
VVCVCVCCVCVCCVCCVVCCCVVVCV
CVVVCCCVCVCCCVVVCCVVVCCCVV
VCCVCVCCCVVVCCCVVVVVCVCVVV
CCCCCCCCCCVCCVCCVVVCVVVVVV
VCCVVVVVVCVCVVCVCVCCVVVCVV
CCCVVVCCVVVVCVCCCVVVCCCVVV
CVVVCVCCCCCCCCVVCCCCVCCCCC
VVCCVVCCVVCCVCCVCVVVVVVCCC
VCVVVCCCCCVCCCCCCVCCVVCVVC
CCCVVCCCCCVVVVVVVCVCVVCCVC
CCVVCVVVCCVVVCCCVVCVCCVVVV
CVCCCVVCCVCCCVCCCCCVVVVVVC
CVCVCCCCVVCCCCCVVCCVVCVCCV
VVVVCVCVCVCCCVVVCCCCVVCVVC
CCVCVCCVVVCVVCCVVVCVVVCVVV
CCVVVVVCVVCCCVCCCVVVVCVCVC
CVVVCCCVVCVCCCCCCCCVVCVVVV
CCVVCCCCCCCVVCVVCVVCCVVCCV
CCCCCCVVVVVCCCVVCVVVVCCCCV
CVCVVCVCCCVCVVCVVVCCCVCVCV
CCVCVCVVVCCCVCVVCVVCVVCVCV
CVCVCCVCVVCVVVCCVVCCCVVVVV
CCVCVCCVVVVVCCVVCVCVVCCVVC
VVCVVCVCCCVCVCVVCCVVCVCCVC
CCCVCCCCCCCCVCCVVCCCCCVVCC
CCVCCVVCVVCCCCCVVCVVCVVCVC
VVVCCCVCVCVVCCCCVVVCCVVCCC
CVVCVCCCCCCCVCCCVCVVCCCVCV
VCCCCVVCCVCVVVVVVVCCCVVCVC
CCCCCVCCVCCVCVCVVVVCCCVVVC
VVCCCCVCVCVVCVCCCVCVCCCVCV
VVCVVVCCCVVCVVVVCVCVVVVVVV
CCVCCVCCVVCCCCCVVCCVVCCCVV
VVVVCCCCCVCVCVVVVCCCVCCVCV
VVVCVVCCCVCVVVCVVVVCVVCCCC
CVCVVCCCCCVCVCCVVVVCCVCVCC
VCCVCCVVCVVVCVCVCCVCVVVVVV
CCVCCVCVVVCCCCCVVVCCVCVVVV
VCCCCCCCCCCCCCVCVCVCVVVCCV
CCVVCVCVVCCCCCVVCCVVVVVCVC
CCVVCCCCVVCCVCCCVCCVVVVVCC
VVCVVCVCVCCVVCVCVVCVCCVCCV
VCCVCCVVCCVCVCVCCVVVVVCCVV
CVCCCCVVCCVVCVCVVVVVCVCVCV
CCCCVVVVCVCCCCCCCVVVVCVCVV
VCCCVCCVVCCVCVCVVCVCCCCVVC
VCCCVCCCCCVCVCCVVVCCVCCCVC
VVCCCVVVCVVCCVCCVVCVVCCVCC
CCVVCVCCVVVCVVCVVCVVVCCVVV
VVCCVVVCCCCVVCCCVVVCCVVCCV
CCVVCVCVVVVCCCVVVVVVVVCVVC
VVVCVVCVCCCVCCVVVCVCCVCVVV
VCVCCCVVVVVVCVCCVVVVVCCCVV
CCVVVCCCCCVCCCCCVVVCVVVVCC
VCCCVCVCCCCVVCCVVCCVVCVCCC
VVCCCVCCCCCVCVCCCCVVCVCCCV
VCVVCVCCVVCVVCCVVVVVVVCVVC
CVVCCVVCVCVVCCCCCCVVCCCVVV
CCCCCVCCVCCCVCVCVCCCVVCVVC
CVCCCCVCVCCVCCVCVCVVVVVVCC
VVVCCCCVVVVVVCCVCVVVVVVCCV
CVCCVVCVVVCCCCVVCCVVCCVVVV
VVVVVVCVVCCCCCCCCCCVVCCVCV
VCCCVVCVVCCVCCCCVCVVCCCCVV
VCVCVCCVVVVVCVVVVVCVVVCCVV
VVVVCCCCCVCCCVCVVCCVVCVVCV
CCCCVCCCCCCCVCVVCCVVCVCVVV
VVCCVCVCCCCCVCVCVCVCVCCVVC
VCVVVCCVVVCCCCVVVCVVCVVVCV
VVCVCVVCCVCVVCCCVCVVCVCVVC
CCCCVCCCCCVVCVVVVVCVVVVCVC
CCCCCCCVCVVCCVVCCCVCVCVCVC
VCCVVVCCCVCVVVCVVCVCVVVVVV
VCCVCVCCCVVVCCCCCCVVVVCCCC
CVCCCVCVVCVCCCVCCVCCVCCVCV
CVVCCCVCCCVVCCCCCCCVCCCCVV
CCVCCCVVVCVCCCVVVVVCCVCCVV
CVCVVVCCCCVCCVVCCVCCCCVVVV
CCCCVCVVCVCVVCCCCCCCVVCVVV
CVVVVCVVVVVVCVCVVVVVCVVVVV
VVCVCCCCCCVVVCCVVVVVVVVCVC
CVCCCVVVCCCCCCCCVCVCVVVCVC
CVCVCCCCCCCVVVCCCVCVVCVVCV
CVCCVVCVCVCVVCVVCVCVCVCVVC
CVCVCCCVCVCVCCCVCVVVVCVVCV
CCVCCCCCVCVCCCVCVVVCVVVCCV
VCCVVCVVCVVCCVCVCVCCVVCCVC
VCVVCVVVCCCCCVCCVCVVVVCVCV
CVCCCVVCCCVCVVVCVVCCCVVVCC
CCVVVVVCVCVCVCCCCCVCVVVVCV
CVCVCCCCCCCVCCCCVCVCVVVCCV
CCVVCVVCCCCVCVVVVCVVCVVCCC
VCVCVVVVCCCCVCVCCVVCCCVVCC
CCCCCCCCCCCVVVVCCVCCCVVVCV
CVCCCVVCCCVVCCVCCCVVVCVVCV
CCVCVCVVVCCCCVCVVCVVCVCVVV
CCCVVVCCVCVCCCVCVVVCCVCVCV
