1384 0 132
474 0 398
663 0 627
78 0 488
463 0 934
746 0 9
550 1 89
8 0 24
174 1 801
222 1 1452
830 0 555
449 0 748
199 0 29
290 0 244
90 0 1751
73 0 61
25 0 36
179 1 53
125 0 517
783 0 0
99 0 414
551 0 445
93 0 59
1059 1 404
274 1 494
539 0 478
0 0 3
20 0 114
797 0 311
208 3 736
436 0 718
43 0 27
317 0 259
624 0 521
57 0 18
1354 0 114
201 0 398
335 1 236
292 0 243
460 1 55
1228 0 575
399 0 39
1309 0 388
13 2 1579
959 0 550
439 0 920
849 0 308
220 1 1068
355 0 215
409 2 22
620 1 302
517 0 460
626 0 254
177 0 562
24 0 4
379 1 558
396 0 232
30 0 68
4 0 5
256 0 129
474 1 72
155 1 836
192 0 279
1387 0 256
240 0 191
741 0 48
651 0 602
302 0 138
374 0 521
767 0 292
600 0 684
42 0 4
119 0 26
642 0 851
37 2 979
74 0 172
83 1 473
393 0 195
776 0 98
529 1 159
198 0 914
77 0 133
641 0 438
7 0 732
1405 0 223
129 0 33
382 0 10
3 0 22
132 0 96
76 0 328
80 0 0
244 0 806
446 0 275
521 0 1023
295 1 255
4 0 1092
929 2 108
754 0 417
394 1 513
791 1 979
1386 0 256
16 0 77
903 2 709
125 0 329
0 0 27
158 0 471
127 0 145
180 1 767
193 1 657
169 0 146
482 0 56
13 0 4
165 0 1025
1062 0 577
155 0 89
0 0 3
709 1 315
1377 0 239
388 1 1108
358 0 800
2 0 1
723 0 362
5 0 2
508 0 1111
387 0 506
67 0 80
237 1 1018
705 0 183
845 1 47
602 0 986
447 0 116
972 0 465
151 0 416
281 0 438
677 1 578
14 0 19
633 1 319
1277 1 14
137 0 242
577 1 599
692 0 108
256 0 1117
500 0 219
130 0 106
1111 1 687
144 0 15
659 0 73
408 1 695
182 0 149
568 0 82
1038 0 136
97 0 773
425 0 363
760 0 391
36 0 1009
236 0 285
138 0 1087
78 0 98
305 0 95
467 0 1208
955 0 154
1646 1 194
107 0 250
538 0 883
92 0 268
154 0 393
80 0 741
635 0 106
60 0 2
1437 0 261
839 1 11
272 0 222
297 1 947
55 1 800
3 0 0
783 0 11
79 0 189
467 0 80
110 0 1
359 1 1114
1207 1 447
646 2 1040
48 0 218
505 1 536
82 1 1129
308 1 613
616 0 135
364 1 261
923 0 892
364 0 1474
584 1 222
199 1 479
726 0 88
164 1 109
108 0 505
926 0 341
141 0 35
230 1 1225
111 1 433
12 0 67
3 0 1
67 1 94
43 0 104
3 0 9
199 3 1240
18 0 45
337 0 895
88 0 1392
298 0 18
506 0 1248
3 0 0
939 0 219
1114 0 369
92 0 8
749 0 428
535 1 1285
724 0 76
381 0 492
385 0 294
86 0 30
126 0 918
4 0 273
58 1 53
540 0 86
21 0 23
307 1 900
221 0 1314
569 2 499
169 0 36
185 1 422
847 0 159
116 0 29
175 0 71
2 0 1
1088 0 297
819 1 113
344 0 19
128 2 843
871 1 846
772 1 636
199 0 274
3 0 0
1102 1 678
459 0 30
967 2 359
170 0 56
536 1 802
1013 1 384
913 1 495
185 0 66
1154 2 445
10 0 371
382 0 240
41 0 50
1317 0 220
3 0 0
173 0 43
327 0 654
1273 0 485
556 1 407
302 0 556
225 0 172
45 0 229
969 2 736
187 0 1450
442 0 58
759 0 388
129 0 6
323 1 781
796 0 184
63 0 1052
274 0 380
790 3 943
581 0 211
3 0 0
1328 1 48
719 1 988
122 0 580
3 0 0
1413 1 190
295 0 106
658 0 652
588 1 842
869 0 305
148 0 804
322 0 239
1282 1 452
953 0 648
1761 0 7
627 2 767
120 0 344
363 0 805
424 0 114
343 0 186
615 1 65
1278 3 193
0 1 1500
1431 0 123
1037 0 622
187 0 1467
587 0 262
694 1 1070
466 0 876
309 0 342
235 0 198
707 0 220
75 1 354
241 0 531
459 0 482
255 1 163
593 1 798
276 0 653
642 0 38
380 2 813
238 0 254
528 0 385
923 0 578
1648 1 185
182 0 964
79 0 17
1027 2 679
401 1 990
14 0 17
830 1 171
1162 0 189
248 0 464
76 0 176
807 1 540
276 0 903
145 1 1031
13 1 256
27 0 194
4 0 15
538 0 118
665 1 253
1058 1 153
523 1 1273
238 1 472
703 0 22
998 0 27
228 1 112
463 0 391
10 0 351
270 0 1420
1107 1 679
3 0 0
428 0 224
867 1 573
1123 1 119
500 1 638
1123 2 324
110 1 328
152 1 73
88 0 895
516 0 184
42 0 586
323 0 1480
1117 1 353
1085 1 72
114 0 1253
1492 0 219
50 0 406
263 1 155
60 1 859
25 0 8
210 0 637
447 0 87
100 0 1213
875 0 175
114 0 317
14 1 307
114 1 476
78 0 40
25 1 497
686 1 1073
104 0 308
862 1 594
1089 0 173
365 0 543
563 0 293
977 1 305
1055 2 537
573 0 105
220 0 881
72 0 284
173 0 119
312 1 231
581 1 1019
133 1 71
885 2 738
699 2 1035
595 0 271
937 0 429
45 0 213
798 0 932
407 0 853
232 0 190
142 1 1220
647 1 982
4 0 250
970 1 464
770 1 800
256 0 393
28 0 133
1646 3 90
220 3 1380
969 0 134
139 0 308
969 0 350
486 1 342
89 0 155
111 2 1247
143 0 307
45 1 362
14 1 111
1187 0 454
18 1 423
116 0 204
22 0 660
97 0 50
651 0 235
941 1 611
320 0 204
165 2 162
671 0 1101
313 0 208
656 0 792
176 0 800
224 0 1346
491 0 265
729 0 600
2 0 102
5 0 67
42 0 138
254 0 421
533 0 564
3 0 0
1284 1 445
696 2 134
102 1 1113
368 0 187
817 0 125
539 0 448
783 0 108
818 1 703
160 0 236
614 2 1073
305 0 49
0 0 3
519 0 184
100 0 245
459 1 1342
352 0 1101
240 0 192
188 0 29
580 0 139
298 0 243
723 1 601
1339 0 282
865 0 317
692 0 420
100 0 90
851 0 83
232 1 1273
789 0 161
571 0 728
395 0 1054
1651 2 64
494 1 1225
674 0 636
999 1 11
462 0 46
0 0 32
248 1 700
289 0 275
1096 0 578
1291 0 246
145 1 1595
268 0 119
155 1 874
576 0 320
576 0 1178
884 1 230
912 0 756
81 1 168
233 1 968
1014 0 708
421 0 373
38 0 388
24 0 500
12 0 64
100 0 140
804 0 95
107 0 39
13 0 1474
117 0 1236
1 0 3
1067 2 23
1088 1 464
659 0 543
43 0 126
33 0 502
1460 1 160
1471 0 198
1375 0 312
1079 0 14
773 0 98
549 1 225
453 1 473
738 0 813
174 0 298
1121 1 400
137 0 563
271 0 13
901 0 237
1 0 2
37 0 6
235 0 525
1503 0 282
15 0 309
35 2 826
1122 0 587
470 0 207
444 1 253
966 0 665
844 1 393
92 0 3
1147 1 453
207 0 143
315 1 301
369 0 499
390 0 711
852 0 394
170 1 834
211 0 273
123 0 315
367 0 461
206 0 308
596 0 183
181 0 616
1547 0 291
220 0 54
1147 1 105
1778 3 41
207 0 1064
744 1 405
1178 2 614
854 0 901
167 0 760
258 1 1312
220 0 59
688 0 595
87 0 155
63 0 319
89 0 231
165 0 523
525 1 1319
145 0 648
11 0 57
219 0 1275
213 0 637
87 0 166
58 1 1101
652 0 92
248 0 776
1067 0 419
110 0 957
251 1 300
431 0 254
36 0 40
666 0 718
364 0 1144
599 0 583
866 0 715
269 1 462
231 1 1135
0 0 3
337 0 606
505 0 12
220 0 1202
356 0 1058
164 0 513
123 0 163
97 0 408
414 0 425
950 1 548
1375 0 5
61 2 217
1298 2 255
250 1 741
598 1 248
41 0 195
90 1 1358
462 0 76
303 1 543
795 3 613
116 1 453
1042 1 757
1437 0 335
871 0 23
116 1 405
10 0 0
31 0 118
452 0 340
1050 1 220
178 0 32
15 0 136
546 0 467
1681 1 24
213 0 376
212 1 136
301 0 164
29 0 39
27 0 179
135 1 39
959 0 616
995 0 22
25 0 41
1347 1 161
229 0 195
987 0 264
158 0 207
115 1 970
369 2 156
51 0 944
1120 0 76
575 0 643
16 0 19
114 0 29
1514 3 301
309 0 221
463 1 720
562 0 901
43 0 56
74 0 118
155 0 447
174 0 67
629 0 135
11 0 72
30 1 422
182 0 57
193 0 576
270 1 820
73 0 22
371 0 4
865 1 27
32 0 307
783 1 59
538 0 172
102 0 68
15 0 85
55 0 4
247 2 1567
21 0 1099
230 0 1091
21 0 0
291 0 45
20 0 770
1305 1 106
212 0 1112
113 0 68
3 0 22
383 0 898
149 1 463
270 0 480
1276 0 84
88 0 136
945 1 861
700 0 166
970 0 390
74 0 42
327 1 94
1446 0 262
388 0 794
284 0 1317
799 0 834
100 0 169
89 0 47
682 1 199
705 1 877
912 0 5
218 2 487
676 1 78
1225 0 289
57 0 227
270 1 437
1018 0 168
129 0 61
1121 2 22
749 1 1060
763 1 714
357 0 182
98 0 16
664 2 906
38 0 68
1315 0 392
7 0 2
464 0 240
44 0 1648
155 0 176
166 0 141
625 0 436
263 0 65
64 0 354
1045 0 93
1143 0 174
55 0 89
432 2 657
676 0 544
216 1 1307
2 0 103
711 0 597
730 0 1032
1299 1 344
10 0 692
158 0 568
140 0 39
666 0 362
944 0 504
3 0 254
532 2 1214
301 0 49
384 0 191
458 0 144
875 1 665
794 1 26
336 1 29
518 1 571
547 0 417
291 1 801
1135 0 178
231 0 372
544 0 319
944 0 199
0 0 454
3 0 19
297 1 942
502 1 1246
114 1 1290
306 0 610
689 1 1028
620 1 550
416 0 10
166 0 684
850 0 409
42 0 208
898 0 188
21 0 881
248 0 97
2 0 1
177 0 312
290 0 188
660 1 427
946 0 586
1245 1 207
17 0 83
734 0 29
1130 1 85
427 0 79
189 1 1522
456 0 517
1479 0 12
191 0 117
263 0 62
309 1 1401
347 0 93
1069 1 477
107 0 152
539 0 317
775 1 1009
423 1 589
230 0 239
46 0 232
205 0 47
500 1 220
146 1 231
27 0 88
182 0 360
526 1 784
437 0 556
10 1 1639
744 1 366
68 0 8
295 2 1229
73 0 22
107 0 1519
1 0 2
323 0 9
332 1 980
522 0 568
288 0 277
196 0 108
604 2 86
58 0 158
89 0 63
346 0 231
128 0 0
56 0 406
70 0 62
0 0 3
942 0 78
516 0 261
106 1 832
26 1 570
102 0 366
423 0 767
1392 2 33
67 0 419
837 0 976
113 0 591
257 1 1380
379 0 563
887 0 491
1492 0 340
715 0 11
337 0 1191
354 0 105
566 1 34
372 0 290
917 0 167
479 1 984
1536 2 290
217 0 31
873 1 51
280 0 1223
490 0 241
1437 0 180
1704 0 79
718 1 730
594 0 752
174 0 353
839 0 76
234 0 38
36 0 103
874 0 9
515 0 1014
1103 0 221
737 0 126
351 0 774
60 0 630
1025 0 553
390 0 762
399 0 416
63 0 15
617 1 1036
307 2 38
726 0 114
76 0 19
68 0 387
577 0 80
344 0 308
115 1 297
81 0 86
581 0 498
251 1 705
159 2 941
1296 0 396
334 2 408
234 1 34
151 0 224
1033 0 144
617 1 9
380 1 943
1178 0 415
186 1 1228
40 0 1303
665 0 94
539 1 782
976 2 215
335 0 324
1512 0 325
49 0 15
121 0 1122
3 0 0
267 2 587
334 0 53
503 2 1076
229 0 293
1481 0 86
1097 0 514
4 0 358
559 1 358
783 0 70
426 0 56
385 0 93
1 0 240
250 0 475
94 0 576
3 0 1244
531 0 100
620 0 632
919 1 462
422 1 307
98 0 68
506 1 510
839 0 510
652 1 527
553 0 904
468 0 555
690 1 75
149 0 220
95 0 108
1129 1 497
40 0 344
153 1 246
11 1 1440
857 1 541
153 0 342
149 0 758
590 1 296
395 0 358
148 0 1414
285 1 254
624 0 335
134 2 1429
465 2 1332
303 0 357
253 0 82
473 1 610
140 0 9
222 0 120
358 1 495
275 0 931
594 1 143
531 2 932
0 0 3
128 0 206
216 0 32
963 0 1
1 0 141
218 0 163
230 0 510
323 0 152
232 0 1071
927 1 394
586 0 323
59 0 1698
745 1 826
1505 0 101
863 0 145
95 0 210
536 0 74
999 0 752
1096 1 610
824 0 128
381 1 626
561 0 391
505 0 368
3 0 3
516 0 807
346 1 533
174 0 440
707 0 156
51 0 11
537 1 803
691 1 10
138 1 1154
1205 1 271
406 0 212
1025 0 104
49 0 180
587 2 995
423 0 63
116 1 1239
90 0 65
558 0 55
523 1 935
238 1 1043
225 0 304
42 0 27
1023 1 686
871 0 322
289 0 369
532 0 413
173 1 1667
346 1 247
1161 1 649
271 0 515
743 0 522
2 0 1
862 0 703
322 0 1220
452 1 473
566 0 283
1244 2 105
261 0 583
338 0 701
187 0 421
839 0 381
867 0 405
361 0 938
137 0 498
368 0 475
492 2 335
146 0 282
722 0 120
271 1 1314
1199 1 216
66 0 371
45 1 254
1110 1 79
2 0 132
1 0 2
904 0 13
828 2 333
94 0 66
107 1 1276
955 0 216
800 1 994
178 0 312
98 2 1616
208 1 361
563 0 538
134 1 1213
522 0 1025
965 2 833
661 0 765
41 0 32
11 0 17
931 1 439
75 0 376
890 0 146
118 0 8
59 0 84
1036 0 24
40 0 7
1333 1 352
68 0 180
369 0 295
467 0 1003
582 0 156
548 0 546
447 0 124
1088 0 598
244 0 555
203 0 745
1571 0 234
394 0 650
891 2 701
506 1 41
881 2 559
146 0 71
3 0 1
1038 1 359
763 0 301
377 0 818
916 0 357
70 1 428
346 2 708
293 0 164
93 1 6
353 1 383
511 0 859
992 0 179
48 0 36
560 0 219
685 2 728
432 0 540
332 1 1074
208 0 79
773 1 336
690 0 329
1461 3 162
35 0 282
8 0 740
33 0 1059
69 1 592
136 0 439
1275 1 368
195 1 63
680 0 656
1095 0 610
202 0 670
270 0 56
147 0 791
200 1 377
32 1 111
318 0 261
773 1 507
44 2 1787
28 0 271
235 0 109
348 0 243
145 0 622
51 1 149
369 0 296
328 0 225
149 1 1321
16 1 434
369 2 1450
688 0 130
225 1 727
204 0 91
191 0 1406
215 1 225
2 0 2
196 1 16
111 0 521
342 1 73
1033 1 391
987 0 165
1405 1 200
596 1 511
1271 1 473
16 0 76
8 0 2
1120 1 74
258 1 132
178 0 410
2 0 117
421 1 935
734 0 315
362 1 124
768 2 483
1058 0 16
636 0 768
107 0 181
821 0 668
767 3 576
165 0 216
385 1 1134
596 1 357
643 0 1063
8 0 726
748 0 185
839 1 491
285 0 426
68 0 116
621 0 316
42 0 45
1048 1 70
748 0 607
924 0 474
217 1 447
3 0 0
202 1 152
650 1 112
3 0 2
85 0 314
829 0 379
163 0 649
45 0 248
821 1 369
492 0 78
237 0 1360
11 1 482
1316 1 405
58 0 11
430 1 371
272 1 1417
14 0 29
681 0 901
535 0 383
1254 1 388
66 1 93
699 0 488
62 0 592
756 1 949
575 1 79
3 0 0
1 0 2
321 1 1342
1078 1 278
339 0 684
777 1 507
621 2 274
251 1 529
647 0 129
245 0 416
216 2 1247
447 2 675
19 0 6
267 1 622
477 0 659
27 0 29
770 1 6
47 0 2
170 0 562
148 0 542
133 0 11
233 0 313
77 0 47
2 0 1
47 0 552
3 0 0
749 0 268
539 0 595
246 0 121
272 0 99
73 0 1263
454 3 1012
50 1 474
329 0 202
25 0 10
718 1 981
53 0 502
44 0 1
235 1 1043
338 0 1027
1119 1 169
937 2 394
11 0 22
13 1 233
243 0 350
512 0 654
47 3 95
705 1 201
19 0 50
212 1 137
1332 0 190
872 0 416
725 0 158
164 0 495
882 3 825
291 1 8
54 1 783
180 0 817
160 0 427
411 0 871
328 0 546
0 0 102
777 0 378
210 0 58
1 0 96
781 0 524
0 0 1299
273 1 536
3 0 0
489 0 50
13 0 1445
174 0 312
869 1 509
208 2 465
32 3 628
50 0 781
78 0 288
219 0 1179
298 0 818
489 1 928
342 1 145
508 0 870
649 0 269
1346 1 67
194 0 234
29 3 1165
1352 0 121
74 0 19
173 1 1174
573 0 82
1578 1 75
119 0 76
8 0 244
166 2 826
945 1 365
10 1 1307
138 0 974
726 0 862
47 0 102
60 0 358
174 0 396
753 0 718
1494 2 62
16 0 266
240 0 495
672 1 218
124 1 877
99 0 123
15 0 8
313 0 134
599 2 877
15 0 3
673 0 762
0 0 3
43 0 523
476 0 1299
30 1 871
2 0 1
65 0 171
1 0 2
1241 0 267
509 1 32
961 1 214
157 0 10
870 0 627
692 0 154
183 2 1380
774 2 181
658 0 154
461 0 121
1046 1 106
1245 1 569
1455 0 22
320 0 374
790 0 285
558 0 45
293 1 1110
88 1 871
158 0 79
391 1 487
679 1 103
3 0 1
728 0 212
137 0 396
62 0 32
252 0 262
302 0 1438
949 0 342
343 0 1221
1435 0 80
1545 3 34
791 0 22
157 0 606
492 0 251
1240 2 348
71 0 226
1465 1 304
57 0 288
389 1 653
319 0 485
115 0 221
438 2 1042
105 0 146
34 0 38
36 0 58
35 0 209
339 0 1130
58 1 1293
657 0 435
1018 0 491
58 0 907
339 0 140
307 0 975
4 0 108
687 0 55
336 0 334
1337 2 86
454 0 969
3 0 0
178 0 502
432 1 631
217 0 1227
339 0 852
950 1 322
292 0 1419
1286 2 398
418 0 151
120 0 18
424 0 1005
56 1 1316
643 0 37
652 1 416
194 0 283
859 1 191
740 1 202
337 2 1332
850 0 156
1292 1 21
152 2 1589
797 0 593
382 1 456
646 0 123
83 0 26
48 0 343
620 0 25
237 0 62
97 0 14
118 0 909
265 0 91
371 0 592
180 0 36
1 0 2
91 0 25
274 0 546
151 0 7
123 1 1379
128 0 755
41 0 63
1178 0 422
253 0 16
530 0 102
842 2 995
150 2 567
1189 0 603
691 1 579
1565 0 20
174 1 1340
129 0 39
1417 0 83
46 1 293
177 0 338
742 1 732
208 1 143
904 1 839
141 0 795
156 1 1378
1046 1 127
473 1 238
589 1 622
811 1 664
1475 1 268
4 0 7
175 0 980
828 0 553
477 1 74
3 0 0
41 0 187
916 1 440
214 0 86
176 1 1097
65 1 20
714 0 662
3 0 2
55 0 25
77 0 121
192 0 85
326 0 617
38 1 68
223 2 824
237 0 341
118 0 1269
0 0 2
650 0 203
56 0 8
2 0 1
1415 0 263
470 0 363
601 0 13
318 0 199
174 0 595
103 0 326
893 0 97
26 0 37
20 0 21
112 0 71
1247 2 158
753 0 778
492 0 1051
364 0 313
323 0 1320
10 0 15
544 0 778
366 1 16
1259 3 346
43 0 689
33 0 158
256 0 1438
479 1 512
998 2 59
82 0 19
351 1 137
1477 0 367
722 0 475
1555 1 114
94 2 923
575 0 512
572 1 599
1026 1 118
412 1 37
1040 1 364
399 1 433
140 0 69
42 2 1684
129 0 763
33 0 54
209 1 1378
560 1 771
1014 0 12
2 0 1
143 0 170
258 2 1251
353 0 511
321 0 1134
684 0 483
128 0 29
244 1 1280
198 0 367
460 0 328
119 1 692
337 2 1336
756 2 933
1097 0 218
137 0 680
233 0 46
398 0 198
108 0 6
193 0 129
12 0 8
133 0 762
229 0 17
280 3 852
0 0 3
45 2 547
643 2 231
596 0 197
140 0 801
354 0 728
12 0 30
265 0 1524
28 0 65
370 0 11
12 0 78
481 0 90
422 0 673
120 0 657
743 1 338
543 0 340
253 0 213
23 0 80
777 2 520
467 1 268
242 0 552
160 1 59
0 0 26
1133 0 172
858 0 712
294 0 249
717 1 621
795 1 219
160 0 70
207 0 220
626 0 1089
82 0 141
36 0 22
11 0 48
173 1 412
128 0 32
74 0 481
715 0 845
104 0 174
895 2 270
1192 1 296
625 0 669
317 0 1027
803 1 213
33 0 617
280 0 383
624 0 614
37 0 42
1458 2 86
850 0 541
430 0 1008
111 0 295
22 0 109
1153 0 155
172 0 41
993 2 95
1094 1 163
785 0 545
693 0 38
67 2 1597
126 1 1483
53 0 46
1068 1 571
1107 0 18
1020 0 393
1068 0 34
164 0 647
310 0 297
10 1 1340
532 1 118
619 1 512
303 1 408
1553 1 141
470 1 779
339 0 49
478 0 110
1398 0 4
92 0 102
848 0 115
512 0 1239
1309 1 399
315 1 319
877 1 691
68 2 578
1007 0 82
390 1 826
1069 2 35
764 1 1000
86 0 950
154 0 348
531 1 262
274 0 1319
88 0 3
182 0 6
1153 0 345
200 1 519
318 0 1499
471 0 346
205 0 169
393 0 38
944 2 172
344 0 26
817 0 291
1 0 2
76 0 31
315 1 923
69 0 445
340 1 224
646 0 195
309 0 676
427 0 1225
3 0 0
518 2 23
904 1 352
463 1 620
2 0 312
64 0 1078
184 1 1635
41 0 1366
134 0 196
0 0 3
1030 1 185
672 0 166
869 0 9
1112 0 440
163 0 420
355 1 761
388 0 624
629 2 1021
432 1 153
9 2 1149
279 0 1536
298 0 76
45 0 92
379 1 94
998 0 342
574 0 469
540 2 924
846 1 553
3 0 1
155 0 76
967 1 719
92 0 69
565 0 637
122 0 356
472 0 424
377 0 67
297 0 15
605 1 930
39 0 23
754 0 8
348 0 504
250 0 245
82 0 81
625 1 883
40 0 33
487 0 151
652 0 1084
793 0 998
156 0 1202
401 0 38
670 1 274
586 1 951
18 0 43
130 0 198
19 1 1040
537 0 575
581 0 181
442 0 1099
1129 0 88
924 0 425
335 1 706
3 0 0
525 0 1116
694 0 924
657 0 68
1570 1 53
1340 1 113
36 0 141
778 0 89
140 0 225
292 1 794
1 0 359
823 1 32
385 0 530
185 0 201
90 1 24
811 0 541
941 1 318
239 0 62
3 0 0
286 0 305
10 0 709
301 0 158
466 1 413
524 0 1051
632 3 130
219 0 225
40 0 14
71 3 135
427 0 28
413 0 970
1625 0 24
581 1 510
792 1 444
787 2 561
504 0 220
392 0 426
161 2 356
670 1 694
341 2 1323
1204 0 239
1416 3 250
64 0 142
274 0 10
252 0 945
241 2 986
204 0 1623
996 0 461
70 1 687
308 1 272
148 1 283
973 2 415
3 0 4
260 1 770
1321 0 381
378 1 466
119 0 330
1456 4 209
477 0 69
92 0 1632
75 0 2
330 0 273
723 0 256
464 0 354
445 0 1055
276 0 131
346 1 798
517 1 458
1016 0 94
79 0 29
160 0 13
77 1 1186
302 0 1441
405 2 710
75 1 708
650 1 269
1578 2 6
570 0 130
401 1 904
1195 1 454
858 0 301
30 1 855
138 0 1270
326 1 154
299 0 114
286 0 169
917 0 657
262 0 132
271 1 124
125 0 11
124 0 71
748 1 491
163 0 131
305 0 857
58 0 59
111 1 731
122 0 136
381 1 576
479 1 83
973 1 249
540 3 554
438 2 638
178 1 1589
547 0 1146
304 1 206
593 0 723
131 1 1167
347 0 344
184 1 121
284 1 25
1317 0 268
554 0 882
163 0 29
791 0 749
190 0 169
666 0 583
399 2 567
829 0 803
1021 0 682
574 0 806
81 0 1100
120 0 12
24 0 745
1414 0 126
231 0 53
474 0 805
700 0 924
820 0 487
620 0 93
3 0 0
354 0 766
81 0 292
853 0 18
460 1 234
36 0 558
97 0 1169
468 2 442
182 0 133
85 0 221
1063 1 456
18 0 278
547 2 997
1343 0 481
562 0 284
1549 1 219
397 0 127
750 1 290
51 0 69
365 0 478
0 1 1678
265 2 1036
9 0 1114
1002 0 113
592 0 570
780 0 428
184 0 83
135 0 16
209 0 368
316 0 448
294 0 214
162 0 29
327 0 504
885 1 77
65 0 81
42 0 127
1053 1 272
950 1 95
89 0 1659
215 0 352
291 0 1
63 0 269
1571 0 243
222 0 1613
576 0 636
835 0 363
1041 3 334
1065 1 51
287 0 513
222 0 107
331 0 617
116 1 1294
106 0 98
146 0 336
197 1 796
186 0 204
23 1 167
595 1 227
344 0 1008
517 0 554
1145 1 136
238 1 777
95 0 490
99 1 0
1292 0 108
232 1 88
74 0 18
523 0 255
280 0 503
916 0 475
26 1 840
292 0 63
988 3 106
336 1 1054
245 0 1002
0 0 217
1020 0 157
1330 1 22
565 0 231
319 1 1267
329 0 9
1523 2 71
6 0 16
1347 0 162
357 0 49
1144 1 697
32 0 21
449 0 99
1515 1 247
1350 1 487
159 1 1241
287 2 695
1192 0 195
476 1 1128
1 0 179
9 0 1
911 1 522
440 1 662
235 0 559
2 1 570
199 2 71
1069 1 694
418 0 230
75 0 351
240 0 553
978 0 197
97 1 597
419 0 301
82 0 582
354 0 696
1029 0 147
331 0 1074
78 0 40
269 0 547
955 0 139
949 0 58
383 1 1326
970 0 175
7 0 10
945 1 310
397 0 607
13 0 23
450 0 451
403 0 565
275 0 46
60 0 701
1705 0 43
1156 0 425
348 0 1355
76 2 1400
414 1 369
15 0 561
85 0 86
31 0 19
91 0 38
194 0 89
61 2 1296
664 2 1130
49 1 267
236 1 319
380 0 651
342 0 130
289 0 227
655 2 131
289 0 251
1022 0 504
427 0 1369
708 0 300
41 0 175
63 0 1190
93 1 1296
95 0 155
851 1 97
30 0 24
464 0 393
80 0 30
994 0 85
18 0 6
91 0 5
175 0 552
352 0 38
35 0 783
1 0 316
456 0 44
336 1 1093
291 0 246
32 0 74
236 0 1342
295 1 1013
400 0 287
1393 1 399
140 0 269
85 0 193
983 0 5
3 0 1
276 0 1309
575 0 230
115 0 76
863 0 98
11 1 85
1028 0 171
308 0 585
12 2 1437
1335 2 65
404 0 495
617 0 300
433 1 809
260 0 249
168 1 1506
915 1 915
64 0 742
1003 1 553
1141 0 56
1460 0 165
113 0 40
322 2 737
2 0 1
933 1 614
337 0 333
1 0 2
547 2 1133
276 1 246
1133 0 168
102 0 72
620 1 660
79 0 6
2 0 1
224 0 202
497 1 976
431 0 627
1516 2 62
759 1 131
1436 2 112
813 0 788
102 0 34
82 0 959
569 0 106
404 0 4
1244 0 31
1126 0 448
128 0 623
217 0 221
19 0 1736
233 0 92
861 0 700
43 0 438
109 0 229
850 2 872
840 0 229
220 0 189
266 2 1510
351 0 313
560 2 499
351 0 1227
259 0 433
989 1 391
553 1 589
294 0 270
2 0 40
623 1 291
861 1 53
416 0 635
70 0 688
49 2 388
375 0 596
185 0 376
613 0 102
340 2 1415
984 0 814
664 1 240
167 0 36
763 0 793
109 1 298
276 2 1009
51 0 89
16 0 0
134 0 219
90 0 478
671 0 405
74 0 241
19 0 58
738 1 480
3 0 0
874 0 805
104 0 17
522 1 791
64 1 1494
984 1 540
67 0 285
1 0 2
802 0 489
290 0 459
885 0 424
579 1 902
237 0 783
420 0 142
893 1 432
583 0 557
82 1 879
356 0 38
156 0 248
195 0 486
623 3 551
484 2 1285
154 0 239
344 0 733
62 0 61
467 0 667
583 1 687
335 0 283
1390 0 38
756 1 271
2 0 1
525 0 264
10 0 1315
765 0 72
406 0 533
1114 2 720
610 0 276
121 0 81
609 2 1077
772 2 30
356 1 1484
458 2 548
281 1 66
239 1 236
628 1 971
7 0 71
1 0 2
92 0 36
1280 1 135
750 0 232
62 2 1676
9 0 42
118 0 15
494 1 1224
1073 1 153
711 1 936
253 0 147
223 0 178
166 0 186
926 2 653
934 0 135
26 1 507
744 0 365
451 1 600
415 2 415
465 0 889
569 0 826
425 1 837
243 0 256
289 0 1250
390 0 74
275 3 290
329 0 276
139 1 314
346 0 163
1325 1 82
756 0 184
17 0 169
0 0 700
1266 2 87
874 1 720
408 0 26
1378 0 355
253 1 1559
123 0 56
663 0 11
836 0 103
293 2 506
257 1 320
53 0 21
1 1 1544
407 0 89
644 0 554
861 1 742
259 1 419
512 1 238
47 0 83
537 1 533
441 0 156
305 0 313
500 0 49
366 0 1323
330 0 328
1 0 787
233 0 606
14 0 384
10 1 1728
513 0 181
1279 0 64
70 0 27
324 0 493
927 0 171
755 1 78
970 0 154
79 0 10
537 1 735
779 0 664
1092 1 705
493 0 158
184 0 53
518 0 122
559 0 306
1 0 127
188 0 533
774 0 659
66 0 407
272 0 346
131 1 449
823 2 975
58 0 370
1243 0 162
587 0 196
655 0 650
183 0 1035
755 0 515
119 0 36
1059 1 713
512 1 27
267 1 1424
28 0 29
14 0 341
301 0 479
100 0 14
237 1 295
1268 2 134
33 0 128
181 0 69
1311 0 157
1 0 2
558 0 962
778 0 303
549 0 744
963 0 13
121 0 90
530 0 1043
375 1 343
39 0 1570
578 0 839
133 0 17
413 0 8
298 1 64
178 1 1539
271 1 429
6 0 12
1048 0 139
1685 0 140
383 0 277
229 0 121
154 0 641
304 1 639
1359 0 263
20 0 19
500 1 141
117 1 307
421 0 808
70 0 134
259 0 499
518 1 784
774 0 112
1493 1 306
844 0 142
315 0 51
428 0 1106
573 0 823
704 0 171
173 0 152
789 0 547
886 0 544
584 1 213
183 1 525
1042 1 186
988 0 10
399 2 367
309 0 66
597 1 836
1061 0 226
731 3 640
383 0 958
10 0 1513
671 0 450
208 0 593
209 0 73
1049 1 32
1507 0 142
253 0 85
594 0 97
520 1 1041
828 2 260
369 0 1101
458 1 77
392 2 636
712 0 230
252 1 150
238 0 7
34 0 1146
154 0 53
80 0 408
436 0 91
621 0 329
33 0 3
532 0 332
132 0 1101
1228 3 180
811 0 724
363 0 880
467 0 706
208 1 903
135 0 86
63 0 44
228 0 628
344 0 759
1077 0 631
139 0 10
925 2 187
186 0 633
1261 1 75
695 0 559
190 0 133
355 0 61
65 0 372
5 0 1175
129 0 267
1149 1 211
755 1 158
163 1 1177
368 0 143
47 1 1302
493 2 1335
1304 0 291
680 1 959
802 3 583
615 0 338
379 1 708
51 0 49
1509 0 270
28 0 71
729 0 104
515 1 895
209 0 1369
380 0 112
224 0 371
1058 0 119
34 0 1164
1139 1 46
2 0 166
850 2 518
7 1 1071
442 0 248
438 0 881
141 1 819
1282 0 187
978 0 229
402 0 447
83 0 23
1043 1 90
241 0 203
444 2 1201
424 0 225
1311 2 471
1329 1 239
22 0 40
428 3 946
167 0 296
225 0 611
224 0 64
185 0 573
1078 0 720
775 0 420
1 0 212
257 0 27
259 0 107
1769 1 58
565 0 210
14 0 33
362 0 802
551 0 314
614 1 425
1046 1 172
690 0 96
736 1 553
649 0 440
849 0 643
671 1 691
1309 1 493
366 1 1300
146 0 52
317 0 187
252 0 369
256 0 288
1093 0 648
364 1 1336
142 0 1539
277 0 1344
246 1 114
47 0 131
51 0 231
28 0 416
457 0 290
282 0 157
294 0 166
47 0 1
3 0 0
156 0 252
113 0 32
181 0 88
153 0 659
1139 0 478
541 0 298
929 1 152
41 0 369
61 0 113
157 0 784
362 1 681
276 0 673
164 1 305
978 0 237
1341 1 230
967 1 583
418 1 1204
122 0 3
152 0 26
419 0 9
909 0 155
745 1 627
937 0 56
1052 2 576
776 0 361
170 0 173
80 0 1386
337 0 378
97 0 275
515 1 1070
760 0 228
1174 2 611
321 1 948
696 1 1072
374 0 1386
173 0 269
262 0 966
239 0 511
1788 0 22
123 0 13
226 0 1159
337 1 689
97 0 20
1409 0 125
899 0 147
78 0 1037
311 0 597
314 0 243
378 1 724
0 0 240
457 0 234
500 0 493
1303 1 450
85 1 236
235 0 1389
819 0 116
1202 0 370
896 0 74
503 0 1324
835 1 736
371 0 352
143 0 72
989 0 68
371 0 737
605 0 917
892 1 509
135 2 1288
1 0 174
726 0 886
363 0 373
55 0 297
4 0 540
628 2 499
600 0 119
150 0 72
116 0 221
49 1 356
53 0 3
928 0 168
71 0 2
1 0 2
663 0 704
228 0 1243
230 1 1030
1241 1 243
1427 1 250
781 1 103
2 0 1
88 0 187
903 0 869
48 1 957
1314 0 337
2 0 1
118 0 35
1269 1 18
1433 2 319
264 0 423
168 0 117
982 0 22
5 0 74
354 1 812
465 0 688
34 0 1184
66 0 113
919 0 348
257 1 796
26 0 41
55 0 108
178 0 1494
25 1 56
1 0 145
568 1 731
1553 0 0
2 0 1
928 1 45
252 1 1528
135 0 625
419 0 1297
131 0 325
91 1 357
440 0 81
210 0 98
1194 3 445
29 0 4
152 0 1078
35 3 1615
45 0 134
208 2 1413
1314 1 243
621 3 216
7 1 183
25 1 1129
678 1 257
166 0 631
675 1 903
159 1 457
583 0 862
184 0 298
320 0 315
435 0 536
392 2 546
107 0 199
215 0 1334
175 0 1036
40 0 3
828 0 845
412 1 616
209 0 180
244 0 170
270 0 78
351 1 832
848 1 570
1140 0 36
42 0 538
260 0 216
525 0 560
466 1 1344
21 0 205
536 1 48
195 0 73
197 1 831
1 0 7
671 2 792
56 0 95
311 0 1182
1285 1 246
137 1 250
174 0 817
157 0 1225
4 0 214
1543 0 53
328 0 97
220 0 71
56 0 15
931 0 41
1211 0 234
328 0 198
94 0 21
919 0 280
110 0 160
147 0 185
4 0 17
1 0 1631
232 0 80
13 1 197
27 0 51
7 0 26
192 0 535
880 1 452
208 1 392
193 0 155
129 0 189
151 0 29
414 0 956
1628 0 97
220 2 1431
215 1 516
556 1 1036
823 2 592
1323 1 492
1243 2 51
52 1 40
547 2 918
404 1 67
327 0 230
38 2 1309
1376 1 20
1090 0 602
276 2 897
43 0 71
921 2 838
48 0 7
168 0 865
286 0 285
6 0 2
535 0 1030
529 0 673
308 0 64
214 0 71
455 1 937
477 0 463
93 0 197
47 1 1340
561 1 359
262 0 299
0 0 3
948 0 489
57 0 245
62 0 30
581 0 1201
1427 1 197
419 1 248
783 0 39
519 0 145
49 0 47
1155 0 468
37 0 465
126 0 518
298 0 27
0 0 3
381 0 78
3 0 0
10 0 510
206 0 1012
220 1 155
78 0 81
452 1 140
878 1 811
270 0 410
64 1 1577
651 0 381
1224 1 475
9 0 399
226 0 590
83 1 490
900 0 407
72 0 42
74 0 184
190 0 946
1 0 5
59 0 1074
1110 0 266
73 0 1265
864 1 918
559 1 423
260 0 133
95 0 513
1297 2 490
11 0 3
311 0 197
509 0 1010
37 0 1023
285 1 31
243 0 9
123 0 220
93 0 557
343 0 188
182 0 616
309 0 396
580 0 923
1085 1 276
157 0 94
7 0 793
111 0 205
53 0 516
1042 2 589
747 1 130
469 0 465
274 0 12
138 0 1022
147 1 774
931 1 367
32 0 31
120 0 335
29 0 47
422 0 730
4 0 111
390 0 977
139 0 39
131 0 1508
111 0 182
511 0 858
182 0 1062
820 2 265
275 0 12
2 0 0
293 0 81
5 0 10
309 0 1218
2 0 965
42 1 309
356 0 4
121 0 150
48 0 143
1200 0 212
659 1 913
257 0 249
231 0 422
422 1 60
506 1 662
446 1 60
292 0 1060
216 0 694
1126 2 24
84 0 199
439 0 587
72 0 341
305 0 227
914 0 179
137 0 101
593 0 615
224 1 957
609 0 784
121 0 323
543 0 245
1511 2 30
43 0 237
316 1 12
11 0 2
155 2 817
510 0 52
51 1 644
801 2 400
66 0 9
1 0 2
10 1 266
54 1 443
1258 1 480
348 0 747
1476 1 91
668 2 642
419 1 670
519 3 1176
338 0 244
354 0 643
713 1 158
112 1 182
28 0 48
364 0 523
162 0 1
132 0 3
34 0 17
80 0 39
733 1 1030
44 0 25
471 0 727
1061 1 474
349 0 443
7 0 19
782 0 611
424 1 343
1472 2 94
9 0 13
807 0 939
176 0 25
280 0 98
540 1 95
293 0 445
511 0 201
223 0 1153
1166 0 180
231 0 154
57 0 37
673 0 305
63 0 202
1134 2 163
154 0 123
9 0 5
17 0 26
60 0 141
266 0 610
263 0 257
138 0 38
97 0 34
556 0 586
1230 0 229
6 0 53
116 0 74
153 1 1177
61 0 279
905 0 668
434 0 632
412 0 186
100 0 33
571 0 474
563 0 281
880 0 264
561 0 396
123 0 216
59 0 309
0 0 945
801 1 216
136 0 87
44 0 27
104 0 80
217 0 1296
171 0 12
100 0 560
115 0 171
1198 0 167
10 1 1070
4 0 0
194 0 25
329 0 697
108 2 476
417 1 315
3 0 0
158 0 338
1203 1 494
181 0 161
259 0 498
985 1 326
508 1 778
147 0 502
528 2 742
68 1 1264
171 0 74
466 0 724
91 0 31
207 0 11
866 0 596
343 0 296
131 0 54
1201 1 144
225 0 519
859 0 880
315 1 1444
112 0 188
1330 0 90
234 0 15
240 0 134
78 0 109
508 0 239
2 0 1
950 0 496
46 0 169
256 0 191
106 0 306
329 0 801
50 1 173
553 1 794
133 0 114
550 0 524
663 0 264
133 0 93
191 0 400
126 0 909
329 0 839
316 0 1459
655 0 179
719 0 853
0 0 3
2 0 0
969 0 332
584 0 131
1069 1 11
39 0 411
673 0 147
1 0 124
235 0 483
1 0 2
1368 0 228
85 0 48
948 1 237
453 1 1373
265 2 527
918 1 790
297 1 578
124 2 1694
478 0 687
217 0 88
912 1 619
1010 1 621
731 0 114
252 0 1146
99 0 261
888 1 726
747 1 127
183 0 515
310 0 713
557 1 621
5 1 762
881 2 316
139 0 1045
1644 0 185
1 0 2
1290 1 360
709 0 401
72 0 1058
776 2 548
289 0 182
432 1 674
55 0 15
3 0 0
187 1 1517
602 1 335
1130 0 140
156 0 95
380 0 861
393 1 996
938 1 813
79 0 1202
1396 1 310
206 0 1178
227 0 331
432 0 906
98 1 261
91 0 1
206 0 491
152 0 195
557 0 525
95 0 120
386 0 882
271 0 25
440 0 931
1013 2 567
129 1 185
95 1 1469
408 0 87
163 0 235
28 0 4
1112 1 130
509 0 112
1023 0 801
1392 0 78
48 0 77
636 0 375
1031 0 758
541 0 237
231 1 714
146 0 114
120 0 78
115 0 207
898 1 323
39 0 22
404 0 315
839 1 155
25 0 126
229 0 90
74 0 24
154 0 69
572 1 1115
95 0 271
27 0 140
306 0 429
859 0 585
117 1 1635
1423 1 88
964 0 853
13 0 5
415 1 1339
1077 1 511
604 1 774
105 0 88
539 1 541
108 0 76
185 0 558
202 1 385
587 0 833
742 0 1072
1403 0 257
56 1 1287
1039 0 545
639 1 360
251 1 1295
212 0 342
57 0 285
488 0 1346
590 0 860
218 0 305
1023 1 423
1484 1 221
196 2 1524
146 0 121
949 2 142
45 0 782
339 1 588
458 0 244
365 0 937
1 0 2
418 0 268
199 2 733
0 0 4
99 1 1506
293 0 529
5 0 11
76 0 9
271 1 886
634 1 276
809 2 587
146 0 142
95 0 94
470 0 141
261 2 419
82 0 1537
123 0 355
1252 1 511
418 0 592
172 1 731
1508 0 215
569 0 988
815 0 145
223 2 1508
6 0 7
2 0 3
130 1 1614
654 0 250
2 0 1
460 0 464
175 0 489
103 2 1502
241 0 225
665 0 111
12 0 16
283 1 1394
113 0 15
236 0 538
157 1 541
371 0 253
606 0 84
676 0 124
97 1 1437
332 0 297
779 0 67
439 1 417
814 0 908
183 0 254
600 0 628
283 1 1100
386 0 296
806 0 588
0 0 18
447 1 729
121 0 389
136 0 53
162 0 1502
148 2 1622
2 0 54
315 1 1495
486 1 1009
97 0 1722
141 0 21
186 1 121
297 0 378
60 1 54
167 0 360
596 0 675
1341 0 498
1042 1 705
34 0 79
656 1 6
305 0 555
474 1 150
647 0 362
1 0 2
271 0 366
20 0 108
721 0 994
645 2 1126
336 0 532
0 0 3
62 0 916
725 2 197
282 1 103
0 0 547
65 0 1206
185 0 431
934 0 171
85 2 891
142 0 1570
285 0 113
246 0 50
606 0 573
55 1 385
1425 0 139
11 0 103
819 0 70
198 0 63
126 0 24
462 0 932
935 2 393
968 2 804
387 1 755
853 0 698
321 1 644
24 0 9
755 0 104
138 0 343
608 0 374
19 2 1253
1 0 46
472 1 965
1567 0 27
85 1 935
631 0 1074
35 2 219
152 1 585
1210 1 113
68 0 194
291 1 712
278 0 47
18 0 96
229 0 738
272 0 339
305 1 562
394 0 111
160 1 1332
159 0 184
337 1 1448
196 0 102
105 0 1062
299 1 181
481 2 853
306 0 217
673 1 1061
1105 1 309
208 3 535
53 1 565
93 0 442
97 0 266
3 0 1
1007 0 24
558 0 81
292 0 655
504 0 708
140 0 1165
27 0 213
976 2 345
402 2 158
426 0 1229
169 0 12
1362 0 448
545 2 750
535 1 590
8 0 125
161 1 1052
1144 1 336
137 0 7
0 0 170
624 0 884
765 0 303
654 0 957
426 0 28
187 0 0
165 0 5
1079 0 89
3 0 0
479 1 230
180 0 46
550 2 100
1033 1 74
285 0 1073
709 2 823
1003 1 476
11 0 117
47 0 65
478 0 900
257 1 1395
718 0 138
1159 0 14
481 0 178
987 1 757
925 2 887
386 0 254
112 1 0
521 1 718
275 0 1504
225 0 1241
16 0 374
79 0 867
74 0 109
443 0 194
5 0 6
648 0 125
451 1 992
103 0 61
10 0 13
94 0 129
178 0 667
421 0 1252
473 1 27
26 1 336
748 0 379
315 1 1430
258 0 135
316 1 738
1122 0 392
227 0 124
17 0 11
188 0 187
596 1 1202
61 0 1514
221 0 33
79 0 808
252 1 420
57 0 67
397 1 1336
165 0 400
875 0 71
40 0 25
359 0 1136
761 0 275
230 0 448
247 2 316
366 0 397
811 0 778
92 0 48
100 0 128
1104 2 659
754 0 366
6 0 17
216 1 1078
853 1 714
168 1 1613
108 0 68
101 0 566
158 1 1444
444 0 440
587 0 1204
271 0 577
119 1 1023
334 0 282
34 1 453
1229 0 1
407 0 229
12 1 184
265 1 976
220 0 784
33 1 752
484 0 940
31 0 279
587 1 1162
503 0 1006
30 2 892
671 0 896
1169 0 447
174 0 447
3 0 0
686 2 797
896 1 564
27 0 21
278 1 862
125 0 207
850 1 19
112 0 16
192 0 18
518 0 60
713 0 83
78 0 459
393 0 115
464 0 709
537 1 119
603 0 1116
83 1 199
202 0 402
618 1 210
673 1 550
25 0 231
198 0 1478
57 0 880
484 2 845
457 0 317
1833 2 4
3 0 0
504 0 79
265 0 395
28 0 541
645 1 458
1060 0 695
84 1 761
238 0 18
257 1 1395
1595 1 192
292 0 187
138 2 589
223 0 14
171 1 839
550 0 13
639 0 351
6 0 11
45 0 216
72 0 73
218 0 200
169 0 456
860 2 796
126 0 139
24 0 1
1019 1 268
324 0 23
948 0 77
212 0 1614
61 1 104
351 0 521
195 0 10
1217 1 573
877 1 408
1041 1 794
242 0 160
1398 0 286
341 0 206
819 2 781
0 0 37
173 0 787
302 1 1093
455 1 1337
178 0 54
922 0 254
784 2 21
273 0 132
120 0 44
790 1 884
142 0 225
2 0 1
576 0 457
272 1 942
28 0 182
696 0 128
101 0 72
252 1 1355
1013 1 177
605 1 408
359 0 243
23 0 95
226 1 1234
182 0 104
106 2 643
3 0 228
697 0 344
123 0 384
347 0 194
855 0 698
572 1 1209
3 0 0
137 0 221
75 0 431
369 1 107
49 0 7
101 1 79
332 0 282
11 0 3
392 0 706
412 0 783
930 1 241
356 0 256
1635 1 174
101 0 51
517 0 242
483 0 317
885 0 615
159 0 33
1405 0 50
1079 1 546
538 0 429
53 0 518
480 0 148
107 0 140
57 0 1038
473 1 352
612 1 978
92 1 831
100 1 797
307 1 799
28 3 1060
344 1 1393
638 0 903
84 0 188
25 0 19
84 0 1286
96 0 130
54 0 144
332 1 763
5 0 6
450 0 65
209 0 157
325 3 1314
1304 1 188
3 0 0
159 0 13
248 0 18
1268 2 487
133 0 576
529 1 1192
140 0 258
214 1 835
104 0 232
15 0 1
451 0 1216
986 0 382
666 0 56
261 4 1298
260 0 296
320 0 54
651 0 246
707 0 984
850 1 254
341 0 292
487 0 757
403 0 539
1008 0 3
123 0 662
672 0 1102
32 0 315
59 0 353
66 0 87
231 1 1503
115 0 34
290 0 179
102 1 126
1223 1 56
159 0 56
1429 2 295
116 1 925
83 0 1024
1109 2 60
1288 1 393
309 1 274
470 1 1175
626 0 403
68 0 38
27 0 134
1085 1 224
149 0 681
176 0 141
412 0 504
536 0 696
257 1 173
85 0 162
145 0 202
32 0 16
710 2 557
146 0 840
1067 1 561
717 3 705
783 0 97
602 0 609
871 1 137
1003 0 182
364 1 1103
812 1 783
434 0 64
951 1 437
1133 0 215
1522 3 88
184 0 108
6 0 697
348 0 55
2 0 1
3 0 0
280 0 370
170 1 1073
268 0 1467
108 0 136
1000 2 828
2 0 7
405 2 126
873 0 311
251 0 27
1098 2 403
611 0 858
248 0 371
104 1 161
685 0 964
694 0 1111
14 0 1732
292 0 12
175 0 254
2 0 12
556 1 160
1070 0 491
114 0 619
173 1 961
22 0 31
800 1 773
127 0 50
605 0 815
1040 0 411
279 0 292
75 1 881
345 0 263
174 0 1655
80 0 44
1085 1 276
1507 1 224
184 0 252
778 1 633
105 1 1152
791 0 1001
170 0 1509
977 1 344
1132 1 164
376 0 276
1361 0 0
648 0 577
283 1 585
42 0 434
358 0 221
55 0 299
814 1 303
964 1 722
316 1 602
968 1 277
401 3 1237
665 2 371
43 1 838
3 0 13
0 0 3
489 1 245
438 2 381
354 0 20
362 0 88
778 0 67
82 0 43
56 0 1291
604 1 1106
336 0 878
695 1 999
1042 2 34
1388 1 286
617 0 779
172 0 261
808 2 474
363 0 669
843 0 224
1582 2 93
921 1 238
100 0 136
686 1 479
454 0 729
975 0 79
989 0 806
268 0 23
149 1 1505
477 0 85
220 0 4
62 1 744
242 0 247
225 2 506
923 0 333
1007 0 491
305 1 549
380 0 208
295 0 113
450 2 1004
503 0 604
3 0 0
244 1 106
247 0 86
919 0 40
352 0 776
800 0 819
1247 1 333
430 1 686
497 2 514
901 1 756
1030 2 396
20 0 45
1126 1 50
119 2 1258
1071 0 34
486 1 990
669 0 978
12 2 939
122 0 13
2 0 1
38 0 55
71 1 114
492 0 10
868 0 728
1253 2 198
0 0 3
201 0 751
259 1 73
185 0 972
549 1 353
1107 1 228
182 0 103
79 0 187
1132 0 0
189 0 258
319 1 237
941 1 267
140 0 339
36 0 959
266 0 605
757 0 382
132 0 352
45 0 77
85 0 100
89 0 95
58 0 303
312 1 935
121 0 1017
57 0 76
270 1 213
532 1 1047
527 1 229
475 0 132
799 0 72
56 0 0
26 0 108
375 0 289
211 0 83
199 1 228
447 1 10
366 1 188
273 1 1010
1128 0 187
515 0 167
336 0 845
0 0 3
204 0 166
842 1 581
140 1 1282
319 0 398
328 0 3
775 3 140
395 1 208
178 0 724
227 1 8
507 0 705
180 0 58
112 0 977
161 0 432
460 1 964
350 1 346
1323 1 353
1636 0 133
26 0 210
860 0 719
474 2 1229
764 0 349
796 0 478
69 0 128
379 1 38
1227 0 139
154 0 850
1084 0 210
414 0 1115
307 1 839
1482 0 129
877 1 582
966 1 219
935 1 898
1 0 167
209 0 186
887 0 329
183 0 861
1446 3 82
1049 0 751
233 3 1130
594 0 131
555 1 732
678 1 124
1245 0 208
299 0 33
0 0 3
72 0 293
312 0 222
604 1 575
419 0 420
97 0 81
1446 1 177
122 1 798
315 2 1295
1774 0 47
77 0 2
1342 1 119
401 0 63
276 0 123
1754 0 88
382 0 324
1023 1 118
763 0 76
187 0 103
620 0 502
185 0 464
154 0 1167
75 0 1198
251 0 289
320 0 264
188 0 20
569 0 1001
937 2 549
51 0 1488
72 1 221
311 0 270
117 1 1441
737 0 462
1078 1 395
311 0 302
107 0 85
1032 1 784
847 1 386
457 1 610
7 1 206
0 0 37
83 0 543
179 1 814
108 0 8
52 1 1531
3 0 116
335 0 429
907 0 134
1051 1 13
554 0 458
1181 1 559
173 0 1571
759 1 502
14 0 0
5 0 1
101 2 1695
572 0 27
708 1 776
460 0 51
1224 0 338
44 1 1450
33 0 60
146 2 1590
332 1 575
29 0 41
845 1 403
1241 1 440
971 0 215
773 0 124
122 1 461
406 1 523
319 1 189
1445 0 258
239 0 793
3 0 0
28 0 8
535 0 107
8 0 808
502 0 803
196 0 160
985 1 568
3 0 63
4 0 476
430 0 510
230 0 28
1386 3 273
305 0 51
314 0 229
477 0 349
1213 0 163
1082 0 113
434 0 368
136 0 373
924 0 86
867 1 446
464 0 255
239 0 8
493 0 50
1001 2 437
601 1 359
50 1 1339
110 0 335
59 0 63
595 0 219
1040 2 648
469 0 141
125 0 437
235 0 769
131 0 180
818 1 45
28 0 693
0 0 150
516 1 285
501 2 907
1149 1 603
456 0 1136
107 0 197
692 0 971
270 0 62
111 0 583
18 0 43
519 2 130
157 1 817
473 1 343
159 0 332
142 0 713
695 0 571
60 0 890
2 0 1
1642 2 167
462 0 708
1098 0 109
107 0 22
234 0 631
0 0 3
717 1 111
187 0 1175
69 0 19
418 1 239
346 0 1022
298 0 822
76 0 472
141 0 89
343 0 168
118 0 383
128 0 3
10 0 49
617 0 250
391 1 732
130 0 266
1413 1 273
39 0 427
984 0 96
246 0 57
598 0 397
581 1 455
561 1 939
738 1 656
612 0 191
1187 2 11
74 0 461
188 1 605
873 1 333
292 2 1171
239 0 1039
0 0 30
747 1 57
35 1 1647
829 0 118
1461 3 66
292 0 56
147 0 1139
12 0 271
46 1 1137
0 0 3
271 2 291
409 0 765
91 1 428
82 2 601
7 0 1023
46 0 199
351 0 713
1189 0 194
5 0 2
593 2 676
1066 0 492
744 1 1054
657 0 972
307 0 208
3 0 0
167 0 688
336 2 933
508 0 209
406 2 1100
1296 0 233
573 0 36
304 0 644
438 0 530
30 0 392
318 0 1489
202 0 99
505 1 957
503 0 70
338 0 683
247 2 258
673 1 1014
25 0 1157
302 0 1011
31 0 77
1 0 2
174 0 419
1021 2 280
547 0 520
775 1 789
359 0 1076
336 0 4
118 0 87
83 0 2
1025 1 534
301 0 73
318 0 410
164 0 933
627 1 381
269 0 492
30 2 1020
10 0 349
142 0 319
5 0 4
1336 1 23
18 0 4
1431 0 216
329 0 70
1033 1 334
791 1 1040
556 2 630
130 1 388
302 0 454
1159 0 192
7 1 1344
92 0 709
106 1 104
68 0 383
2 0 3
243 0 26
273 2 570
593 2 194
830 1 496
962 0 126
3 0 0
83 0 125
724 0 59
801 0 650
545 1 206
289 0 516
1169 1 157
321 0 263
145 0 313
1007 1 399
151 0 960
498 0 70
846 1 188
1125 0 557
146 1 1484
11 0 60
682 1 418
103 2 656
122 0 1062
885 1 463
649 0 520
353 3 1085
348 0 262
1224 0 323
860 0 137
666 0 371
188 0 98
429 0 82
558 0 211
60 0 375
16 0 63
0 0 3
516 0 88
53 0 93
538 0 75
462 1 806
11 0 5
1 0 2
306 0 394
305 0 383
3 0 0
742 0 101
320 0 385
1538 0 241
506 0 788
639 0 1119
63 0 207
19 0 7
109 0 38
336 1 229
95 0 1354
258 1 637
1122 1 244
172 0 137
982 0 810
348 1 1369
358 0 818
100 0 867
185 0 1327
568 0 923
467 0 463
47 0 0
306 0 130
604 2 1167
83 1 1088
328 0 42
321 0 46
381 0 239
366 0 682
157 0 899
298 0 283
110 1 1263
1642 1 26
1025 1 147
94 0 2
801 0 407
409 3 1289
318 0 46
173 0 72
4 0 89
278 0 170
142 0 10
753 0 278
484 1 64
397 0 295
360 0 194
2 0 92
337 1 351
186 0 81
872 2 120
48 0 1197
103 2 974
644 1 60
125 1 369
0 0 4
1290 0 194
19 1 701
1290 1 383
97 1 1498
499 1 553
285 0 274
32 0 20
1769 1 60
87 0 957
257 0 188
445 1 1109
341 0 46
525 2 871
18 0 456
250 0 582
183 0 796
838 3 747
382 0 99
394 0 241
230 0 29
108 0 1230
213 0 98
482 0 569
777 1 322
586 1 1145
346 0 1016
558 0 303
88 0 3
214 0 501
416 1 342
238 2 193
17 0 63
76 1 127
1272 0 8
100 0 771
245 0 1329
215 0 386
674 0 142
72 0 342
130 0 279
366 1 1287
410 0 816
478 0 353
69 0 1300
34 1 830
12 2 1332
1 0 213
679 1 738
454 0 323
1368 0 214
1549 2 108
1220 0 352
154 0 540
1620 0 8
1325 2 207
621 0 920
1033 1 665
1741 2 90
506 0 1182
138 0 533
384 0 477
1092 0 247
557 0 845
130 0 581
19 0 52
285 0 92
375 0 226
1151 1 389
13 0 15
249 1 195
16 0 304
722 3 810
36 3 1693
843 0 210
336 1 450
258 0 708
1222 0 545
24 0 52
1153 0 18
234 0 242
597 0 807
97 0 792
848 0 9
179 0 436
361 0 78
441 1 476
779 1 749
389 0 607
8 0 121
25 0 36
765 0 373
637 2 949
872 1 12
103 1 891
1258 0 188
1 0 179
23 0 557
256 0 534
170 0 900
743 0 163
170 0 132
617 0 814
96 0 236
1 0 2
