4532471
4607850
4418784
4532471
4532471
4532471
4548070
5962916
4955755
3815121
4662752
4955755
4548070
3123706
4532471
4662752
4392129
5071533
4532471
4548070
4713120
4955755
4880114
4418784
5612414
4418784
5612414
4801062
4377245
4377245
5196144
4548070
4801062
4418784
4532471
3815121
4418784
4532471
5496081
4418784
4662752
3858089
4418784
4532471
4377245
4662752
4607850
4607850
4532471
4548070
4548070
4934986
4418784
4163149
4607850
4955755
4532471
4418784
4633213
4532471
4607850
4532471
4418784
4548070
4377245
5144347
4532471
4418784
4548070
4593055
4418784
5962916
4633213
4532471
4532471
4607850
4662752
5144347
4633213
4532471
4057588
4548070
4662752
4532471
4607850
4633213
4377245
4713120
4341697
4607850
5962916
4548070
4982496
4762297
4089701
4662752
4548070
4662752
4532471
4633213
4341697
4662752
4089701
5144347
4820946
4880114
4163149
4377245
4418784
5496081
5962916
4955755
4548070
4880114
4713120
4532471
4532471
5071533
4418784
4544017
4762297
4678000
4662752
5043288
4548070
4548070
4377245
4662752
4532471
4418784
5437162
4982496
4607850
4762297
4532471
4532471
4607850
4418784
4713120
4418784
5144347
4662752
4633213
4662752
4532471
4982496
4762297
4532471
4089701
4349736
5558875
4633213
4532471
4955755
4982496
4762297
2194174
4418784
4532471
5962916
5560858
4377245
4236341
4662752
4548070
4418784
4548070
4515419
5830621
5252653
5252653
4532471
2738850
4418784
4532471
4532471
4762297
4532471
4662752
4662752
4418784
6587184
4418784
4548070
4418784
4678000
4532471
4532471
5825591
5962916
5612414
4633213
4532471
4657848
4532471
4633213
4633213
4307670
5437162
4934986
4548070
4607850
4418784
4548070
3858089
3815121
4532471
5962916
4377245
4532471
4515419
4532471
4662752
4713120
4532471
4377245
4532471
4607850
4934986
4532471
4418784
4532471
4532471
4548070
5144347
4532471
4163149
4532471
4607850
4934986
4532471
4607850
4418784
4548070
4532471
4418784
4165924
4349736
4377245
4662752
4811155
4607850
5962916
4548070
3587267
4662752
4418784
5144347
4633213
4713120
4713120
4713120
5144347
4713120
5290947
4532471
5962916
4101958
4548070
4392129
4955755
4662752
4165924
4633213
4662752
4532471
4662752
2780302
4532471
5071533
4548070
4743801
5612414
5281417
4955755
4880114
4532471
4607850
4109376
4532471
4418784
4377245
4762297
4607850
4532471
4418784
4101958
5071533
4662752
4662752
4548070
4532471
4607850
4377245
4762297
4934986
4548070
4548070
4532471
5196144
4532471
5962916
4548070
5437162
4762297
4934986
4548070
4713120
4163149
4349736
4057359
4801062
4377245
4532471
4678000
5560858
4820946
4548070
4319003
4418784
4418784
5196144
4607850
4607850
4801062
6002216
4548070
4377245
5560858
4418784
4713120
5962916
4101958
4524895
4548070
4418784
4532471
4662752
4713120
4743801
4532471
4488473
4633213
4532471
4607850
4101958
4532471
4548070
4418784
4532471
4955755
4377245
4532471
4880114
4548070
4307670
4532471
4418784
4532471
4548070
4532471
4418784
4548070
4934986
4418784
4532471
4532471
4713120
7580330
4607850
4532471
4418784
4377245
5962916
4982496
5144347
4418784
4418784
4801062
4548070
4532471
4633213
5962916
6139371
5962916
4532471
4532471
4532471
4662752
4532471
4418784
5437162
6587184
4418784
4662752
5558875
4377245
4662752
4532471
4101958
4532471
4955755
4955755
4532471
4548070
4548070
4955755
4982496
4101958
4633213
4548070
4532471
4934986
5252653
4548070
5144347
5830621
4548070
4377245
4548070
4801062
4657848
4418784
4163149
4418784
4934986
4418784
4532471
4607850
4532471
5071533
4678000
4463576
4662752
5196144
5252653
5196144
4548070
4955755
4548070
4515419
5144347
5962916
4532471
4532471
4418784
4377245
4934986
4418784
4377245
4662752
4532471
4377245
4532471
4532471
4880114
5962916
4532471
4678000
4377245
4820946
4633213
4418784
4532471
5944131
5612414
4762297
4418784
4532471
4377245
4801062
3284892
4532471
4237350
4418784
4532471
4548070
4418784
4662752
4532471
4101958
4532471
4548070
5071533
3902982
4418784
4532471
5252653
5144347
4349736
4348155
4982496
4377245
4377245
4548070
4801062
4532471
5196144
4515419
4418784
4089701
4418784
4418784
4532471
4101958
4341697
5496081
4678000
5612414
4418784
4934986
4662752
4955755
5071533
6587184
4377245
4532471
4811155
3858089
4377245
3876632
4418784
4418784
4101958
4532471
4532471
4811155
4548070
4532471
4532471
4089701
5252653
4548070
4544017
4532471
4934986
4548070
4532471
4532471
4418784
4532471
4418784
4662752
4953695
4418784
4713120
4662752
4163149
5560858
6290179
4377245
4101958
4607850
5144347
4532471
4532471
5962916
4023204
5612414
4307670
4418784
4463576
4548070
5962916
4532471
4051328
5560858
4377245
4532471
5612414
4955755
4607850
4418784
5560858
4532471
4532471
5612414
5560858
5144347
4548070
4662752
4762297
5144347
5612414
4236341
5144347
5962916
4607850
4955755
4713120
4532471
4955755
5144347
4955755
4532471
4524895
4593055
4532471
4633213
4377245
4532471
4532471
3793373
4633213
4811155
4607850
4418784
4377245
4633213
4548070
4377245
5560858
3692646
4532471
4418784
5962916
5962916
4662752
5962916
4532471
4801062
5071533
4418784
4333668
4532471
5962916
4548070
4633213
4532471
5962916
4463576
4101958
4532471
5144347
3692646
4532471
4101958
5496081
4377245
4811155
4607850
4532471
4532471
4548070
4532471
4955755
4349736
4955755
4532471
4548070
4532471
5962916
4532471
4418784
4662752
4657848
4662752
4275733
4532471
4980452
4532471
4418784
4633213
4934986
4713120
4532471
4532471
5962916
4982496
4418784
4662752
4607850
4713120
4089701
5612414
4532471
6002216
4662752
5290947
4532471
4713120
4418784
4023204
4762297
4762297
4532471
4307670
4548070
4713120
5962916
4934986
4762297
4532471
4532471
4532471
4662752
4532471
4165924
4982496
3692646
4548070
5612414
4532471
5144347
4811155
4163149
4880114
5612414
4548070
4349736
3782945
6002216
4418784
4101958
4418784
4982496
4418784
4548070
4532471
4982496
5962916
4532471
4662752
4662752
4488473
4762297
4418784
4955755
4532471
5612414
4418784
4662752
4101958
4463576
3692646
5144347
4418784
4418784
4418784
4532471
3865914
4418784
3354294
5043288
4532471
4662752
4633213
4982496
4377245
4418784
4532471
5144347
4532471
4743801
4377245
5944131
4662752
4607850
5560858
4532471
4532471
4955755
4662752
4377245
5144347
4607850
4662752
4532471
4377245
6139371
4713120
4349736
4801062
4532471
4145674
4934986
4101958
5612414
4418784
4089701
4377245
3858089
4607850
4762297
4101958
5144347
4532471
5962916
4607850
3702987
4548070
4633213
4532471
5944131
4532471
4532471
4418784
4662752
4934986
4418784
4532471
5962916
4108039
4377245
4333668
4633213
5144347
3979306
4418784
4532471
4307670
5196144
4662752
4418784
4418784
5144347
4089701
4548070
4101958
4418784
4548070
4463576
4532471
4607850
4955755
4532471
4607850
5962916
4662752
4743801
5437162
4548070
3215283
4515419
4801062
4377245
4341697
4532471
4532471
4418784
4418784
4662752
4955755
4418784
4532471
5962916
4955755
4329143
5944131
4548070
5290947
5962916
4101958
4532471
4548070
4548070
5558875
4418784
4349736
4108039
5144347
4532471
4548070
4418784
5196144
4662752
5196144
5144347
4607850
4934986
4377245
4377245
4548070
3876632
4377245
4418784
4377245
4607850
4101958
4713120
4548070
4418784
4418784
6002216
4418784
4418784
4418784
4532471
4633213
4532471
4532471
4418784
5496081
4418784
3876632
4662752
4532471
4377245
4548070
4532471
4532471
4101958
4880114
4662752
4532471
4532471
4662752
4349736
5144347
4532471
4633213
4532471
4418784
4418784
5071533
4548070
4377245
5962916
4463576
3828978
4418784
4982496
4418784
4418784
4392129
4418784
0
4982496
4532471
4743801
4532471
5144347
4418784
4463576
4662752
5560858
4532471
6139371
4532471
4066050
4532471
4713120
4418784
4955755
4955755
4955755
4532471
4349736
5560858
4662752
5612414
4023204
4163149
4163149
4633213
4934986
5071533
4532471
4532471
4532471
4633213
5144347
5962916
4377245
4515419
5560858
4548070
4762297
4548070
4743801
5962916
0
3616685
4532471
4449780
4532471
4488473
4532471
4532471
4532471
4089701
5962916
4713120
5290947
4548070
4532471
4236341
5962916
5612414
4532471
5612414
4607850
4762297
4349874
4607850
4418784
4532471
4532471
5612414
4633213
