-1248
233
1599
557
600
368
2412
2017
1957
1493
1929
3340
-1311
1388
1475
5
1737
2443
2005
1587
2706
881
1586
165
2066
4051
1754
-239
2968
3267
1718
3832
1978
2210
-362
895
1397
-1250
1653
2828
3873
4141
-656
-718
581
1638
1439
-70
-1581
-4154
295
-769
310
-3135
-309
1432
-806
-475
-4462
-4984
-890
-2708
-384
-1325
-5358
-7635
-117
-4044
-5528
-1960
-5427
-4812
-4815
-3679
-6007
-3881
-3012
-8013
-10109
-3958
-10495
-9064
-6110
536
-563
-2806
-7720
-2553
-3775
-2121
-11151
-6372
-10614
-6344
-5233
-7186
-1806
-8788
-7382
-6558
-3434
-3504
-2853
1015
-10021
-6413
-2510
-2639
-7539
-9186
-5873
-10994
-6703
-3468
-5494
-5430
-6798
-5140
-5604
-5991
-7576
-7380
-2175
-9135
-6128
-3917
-3901
-5385
-12245
-6289
-4319
-8672
-11727
-8765
-3328
-6981
-10345
-6565
-6739
-4622
-9365
-7531
-4835
-9902
-7148
-12724
-9829
-8404
-4919
-6506
-5047
-9851
-8104
-3593
-4426
-7865
-5772
-8221
-4662
-2215
-11818
-10363
-6639
-10166
-1207
-2685
-10632
-12133
-6301
-7553
-3832
-4432
-9856
-5182
-15040
-12814
-7506
-10066
-7030
-11230
-8214
-5614
-9298
-12137
-778
-12358
-11140
-6961
-11148
-8881
-1850
-14859
-7650
-19656
-9870
-12004
-19017
-6744
485
-6101
-17339
-10513
-6404
-9719
-5587
-14590
-4593
-15350
-17853
-13426
-233
-9294
-10532
-4791
-5237
-16341
-18964
-17920
-11809
-8907
-16071
-14503
-4641
-12182
-9084
-6656
-9043
-16368
-9226
-21566
-13256
-13443
-18280
-12348
-15112
-18736
-10268
-7816
-3258
-7976
-15610
-19229
-9339
-15477
-9223
-9046
-10556
-4707
-18793
-17025
-10323
-25270
-12167
-22346
-3128
-19708
-13437
-13862
-7147
-8812
-25960
-22810
-22126
-10746
-23375
-11573
-17475
-10671
-19816
-14212
-11438
-19924
-15813
-20189
-4703
-16392
-14594
-8618
-9022
-18823
-7643
-4746
-12206
-17899
-5800
-8303
-16504
-21851
-7561
-20185
-17420
-21603
-14786
-16335
-14513
-16144
-8288
-19604
-7828
-9522
-7333
-21995
-19997
-10896
-6347
-15046
-10282
-14172
-9205
-884
-12111
-7245
957
-8517
-8313
-10456
-10794
-17664
-13572
955
-9798
-17426
-17387
-17180
-6571
-703
-6950
-9153
-10704
-6803
-20396
-7994
-13524
-13449
-20827
-4510
-15190
-8430
-2609
1026
-8420
-6256
-11713
-15599
-9330
-22036
-11911
-19978
-8042
-11980
-20144
-16881
5357
-12060
-7545
-7491
-18731
-8588
-11806
-11435
-2651
-11631
-4389
-4382
-14815
-14366
1381
-5831
-13771
-13721
-12639
-20836
-17456
-7950
-25590
-1613
-3451
-16356
-18885
2147
-6622
-14955
-4989
-24900
-21692
-21038
-28146
-19659
-19788
-783
-12831
-13812
-24383
-11636
-14164
-10477
-27131
-16340
-1072
-1073
-15437
-10876
-16789
-14605
-19626
-11332
-22450
-6089
1652
-13607
-3694
2113
-1472
-6868
-4517
-9530
-1802
-12754
-15441
-10896
-10036
-5663
-16194
-16712
-19740
-21671
-9655
-4775
-16535
-11397
-20615
-18606
-19069
-15801
-17466
-5670
-6111
-14732
-14569
-6960
-2893
-8235
-7266
-1745
-9667
-10509
-8780
-2058
-1292
-18528
-3907
-21032
-7020
-2600
-6064
-12809
-14724
-5347
-19104
-7750
-13258
-11948
-11850
-11920
-6070
-10609
-11046
-5535
-5220
-5201
-7019
-8733
-9876
-10509
-17747
-13498
-6774
-17270
-4389
-14038
-10559
-14226
-2373
-8562
-6882
-4677
-14118
-5179
-7363
-8817
-15695
698
-3809
-7002
-7219
-8202
-10328
-3584
-9188
-6776
-13349
-8332
-9641
-8744
-14105
-9697
-7266
-2819
-4917
-4543
-12798
-14086
-13423
-6831
-5840
-5082
-7505
-11587
-8014
-10722
-2859
-9678
-7459
-16609
-10652
-6794
-9159
-20668
-4048
-4492
-13646
-3058
-10730
-9818
-5754
-11776
-14845
-17452
-17399
-6937
-5891
-20630
-5827
-11131
-4064
-10614
-10913
-1242
-14282
-25033
-8821
1784
-19837
-6937
-13421
-14282
-2536
-12412
-744
-10335
-16674
-27321
-10173
-20482
-21172
-20011
-10396
-28217
-9262
-21896
-13323
-19636
-3608
-3772
-27041
-10950
-11542
-21854
-11010
-20293
-2393
-10783
-11765
-18896
-5542
-21097
-14855
-20435
-5978
-18037
-8800
1594
-17200
-3675
-5516
-21375
-259
449
-32618
-2754
-13657
-24935
-834
-25307
-3090
-21138
-18036
-15286
2809
-20884
2553
-14525
-10056
-3558
-15852
-20068
525
-22238
-17189
-3378
-7458
-17220
-579
-18227
-8911
-10629
3031
-24383
-17313
-9281
-2501
-10200
945
-16901
-5125
-665
3041
-15225
-16542
2230
-1882
-10132
-15535
-21516
-846
-24940
-15667
-15402
-27369
-15691
2869
6408
-14865
-30226
4616
-12244
-16926
5120
-1082
4441
-2753
-2877
-2209
-11547
-3115
4977
-28073
5003
-14177
-17009
-8776
-4875
6545
-14816
-16996
-12197
-13099
4329
-29376
5896
-36549
-21787
-168
3052
6582
-23198
2506
2080
-14852
392
-7040
-3505
1912
-29559
-17096
-19960
869
-12788
-9642
-12926
-14035
-24521
-2010
-15844
-9879
3207
-16765
1970
-23486
241
559
-9180
-23233
4067
-1187
1455
-16341
-15715
-4462
-3481
-16494
-20496
1029
-17140
-27744
-18490
-32384
-1716
-24496
1322
-281
-9662
-23122
-19723
-18587
-17182
640
905
-18072
-8134
2234
116
-10836
-875
-17680
-23169
-1550
-8055
3359
-9144
-21966
-14439
-36665
-18419
-29760
-15434
-18609
-18060
-9132
-7740
-31102
-17341
-7559
-14407
-14276
-17746
-24541
-2804
-30575
-6767
-18905
-14160
-6148
-2419
-1074
-20783
-19270
-17413
-18735
-30260
-18615
-15987
-11779
-11857
-17472
-35925
-13822
-8039
-15614
-15560
-20967
-16283
7330
-402
-6181
-12755
74
-9797
-2345
-278
4277
3843
1302
5085
-11375
-26297
-34462
-31076
-18472
-26323
7526
8778
-28425
-14336
-26201
-15432
-6193
-1965
-7162
-36586
1979
-18539
-21780
5546
-33455
6266
-21572
-17476
-15281
-7428
-24527
-12419
-12301
-21172
-15220
-1688
-2062
3850
-874
-39636
-31213
-5064
-17620
-22720
-12271
-12293
-34198
-24367
-19436
-14593
-28767
3728
-8710
-21157
-21757
-34210
-16598
-10853
-14654
6621
-22442
-7561
-23122
2299
-18655
-29047
4288
-3072
-22278
-16373
-14423
-19211
-4949
-28833
-21011
-11573
6323
-25497
-18609
-19129
-15329
2736
25
1498
-10361
-27075
-21926
2961
-22774
-21104
-21528
-6069
-23249
-4038
1203
-24684
-12102
1517
-6588
-17291
-9738
-1107
917
-18957
-9785
-5745
-12137
-14
-25268
-18262
-4812
-9931
-16118
-17631
-175
7363
-35126
-11021
-11954
-20877
1436
6298
-31241
-24420
-25292
-16505
-30008
-4013
-37849
-19575
-26573
-6831
-28897
-18924
-18635
-7644
-21596
-16290
-22922
-23805
-8282
-32120
2631
-20813
-18043
-16432
-1252
-31021
-27664
-3573
-24921
-7567
-28182
-27227
-27989
-31782
-3755
512
-28299
-1307
-14395
-8709
-13955
-3656
-27196
-3843
-31027
-28876
-17798
-2693
-23670
-35613
-26789
-12090
-63
-7633
-27494
-39580
-30196
-17512
-29641
-23245
-28557
-29400
-23848
-35489
-6164
-13162
-29747
-274
-27413
-31354
-42265
-32833
-13400
-25137
-31137
-30012
-34618
-28249
-9903
-31228
-33084
-12540
-5868
-2204
-16179
-8984
-17659
-10410
-35961
-18158
-10584
-14262
-17883
-34579
-6608
-34713
-33982
-28904
-28592
-16632
-28519
-25667
-11377
-16475
-29630
-5213
-38605
-46237
-29415
-33313
-12793
-19061
-37150
-1353
-52418
-28224
-32918
-12579
-4439
-49083
-27754
-30853
-5475
-33296
-2667
-28103
-33883
-28716
-27869
-36440
-20282
-16437
-5557
-21554
-29951
-29875
-46384
-24029
-32486
-36528
-32134
-38110
-14248
-42469
-27834
-48739
-10259
-37361
-19273
-31440
-29163
-15296
-15286
-10542
-4847
-10741
-11755
-30949
-31495
-29261
-35764
-16185
-4328
-51914
-42697
-33437
-39298
-30136
-46041
-18008
-32157
-34089
-23793
3139
-21515
-26455
-4068
-28597
-30694
-6593
-32929
-29188
-42355
-1129
-22359
-4774
-5178
-2249
-32257
-15390
-4176
-22627
-5114
-42629
-24467
-16106
-11376
-49036
-44294
-2701
-37183
-25964
-24614
-30113
-29302
-10087
-43844
-32993
-10818
-35168
-26169
-22219
-6248
-3601
718
-26980
-26773
-21883
-27785
-22925
-500
-28914
-24285
-1905
-18234
-16153
-148
-37780
-33843
-1167
-37529
-14560
-9794
-1873
-4148
-8244
-34568
-19116
-10164
-22519
-28404
-6468
-6057
-46004
-29874
-18388
-21137
-28307
-27209
-35828
-33814
-9
-25994
-25979
-32794
-32680
621
-5367
-24231
-25088
-28001
-25534
-24424
-13413
-22913
-28046
-33169
-28053
-28286
-20602
-19856
-16050
-9397
-33910
-3449
530
-27159
-25794
-15503
-22635
1433
-12809
-701
-42949
-14701
-19884
-20412
-36435
-18735
-6041
-37247
-15954
-34946
-20208
-27615
-17280
-6802
-10231
-3352
-20245
-16339
-30440
-20206
-14252
-27276
-9452
-18395
-31465
-29208
-19848
-18579
-21947
-20244
-16993
-30167
-19293
-20460
-4913
-27559
-7040
-27906
-13110
-32224
-21941
-26498
-21102
-29247
-18211
925
-27959
-4482
-7058
-15387
-30771
-24518
-24481
-16339
-22576
-39606
-21221
-31257
-13701
-12993
-12608
-26522
-18350
-21411
1474
-30722
-20981
-31746
6908
-23585
-31493
-4672
2665
-7553
-23109
-6836
-29844
-37321
-34557
-7198
-35302
-30232
-17975
-22454
-33041
-14143
-26291
-19718
-13781
1800
-32206
-41396
-19803
-20395
-22893
-38536
-30391
-31299
-24603
-28841
-29349
-23919
-11873
7956
-4268
-29060
230
-23173
-19664
-2405
-16194
-28183
-15068
-9428
-14583
-23271
-8734
-8764
-28995
-3375
-33731
-29164
-7460
-18421
1113
-11016
3480
-5306
-18091
-31209
-37248
-18380
-4288
-19699
-24180
-4846
-7589
-22616
-25776
-12053
-20968
-33606
-29217
-26570
7701
-16325
-15605
-2128
-7407
-21999
-8678
-21165
-19582
-18111
-5920
-40686
-21329
-24168
-24398
-38256
-37866
-7477
-20972
-1290
-21168
-33579
-30386
-3860
-27548
-4229
-35113
-29126
-33858
177
-30657
-35161
-34777
-39076
-5888
-10928
-29746
-26111
-39348
-23013
-3922
-13613
-12495
-19837
-39591
-36120
12993
-30130
-2858
-43273
-31532
-23081
-40685
-23313
-29982
-42659
-41625
-24829
-39814
-16012
-32947
-35475
-16157
-23812
-5244
-19114
-28317
-41698
-27488
-12842
-12750
-36534
-45296
-36641
-37151
-18012
-36382
-36799
-42730
-44242
-38712
-40288
-37297
-44001
-35818
-12810
-29956
-36261
-25375
-10054
-32247
-27154
-28810
-38917
6730
-35616
-22478
-36769
-1048
-7240
-34967
-22718
-10715
-26833
-49470
-35988
-20366
2275
-26069
-40345
-28497
-6649
-31351
-30962
-24823
-14687
-28619
-46123
-21436
-39711
-9907
-30682
-43705
-34046
-42291
-33038
-45999
-19258
-44794
-25110
-11068
-33524
-42937
-28262
-42021
-9347
-43871
-29046
-28049
-41555
-35552
-32365
-6811
-39259
-28157
-45409
9560
-48008
-17243
-11663
-9900
-28767
-39567
-31262
-42704
-7117
-32033
-24327
-19073
-38897
-4232
12401
-39834
-39989
-45873
-26318
-6473
12023
-44059
-13277
-42497
-24373
-18790
-37139
-33782
-40232
-18535
-33827
-31599
239
-15160
-10504
-42091
-44468
-4298
-41416
-17920
-13062
-13790
-18096
-8760
-1243
-15081
-7257
-21420
-729
-26186
-4391
-39154
-4884
-37315
-10887
-572
-37108
1911
-32208
-20643
-24359
-35366
-21379
-43361
-6630
-15881
12170
-11946
-18433
-42618
-9609
-11211
-18264
-24713
-36073
-17173
-3395
-21672
-41564
-26902
-29091
2247
-42673
-6669
-39072
-19972
-24256
-45622
-17369
-33003
-24209
436
-3194
-27916
-17590
-36865
-43091
-34983
-3137
-15217
-16976
-13865
-33212
-34357
-8261
-18850
-26065
-18290
-19911
-41277
-17100
-40055
-38272
-23733
-7430
-3203
-43928
-9294
-33674
-39722
-39062
-37241
-28009
-22342
-31955
-23599
828
-21599
-32956
-23052
-24992
-24294
-18903
-24988
-1233
-14776
-23991
-20071
-16093
-20877
-506
-30101
1020
-19595
-10127
-21887
-39118
-15121
-31472
-39353
-16908
-7320
-38905
-37552
-21229
-22626
-24377
-36429
-34173
11362
-163
-8635
-29774
-27604
-17984
-18677
-11462
-11575
-12412
282
-4972
-9944
-35315
-28596
-32750
-6910
-18296
2754
-17591
-30307
-16520
-31127
-17688
-31112
-31683
-22834
-14648
161
-2913
-39878
-27167
12829
-5827
-29926
-38664
-8305
-17681
-2342
-31378
-7262
-32722
-3702
-34126
-32248
-28638
-26729
-3399
-26967
-21836
-42274
-29391
-18979
-15370
-42727
-9075
-11683
-2050
1266
-15757
-13614
-20089
-43552
-18951
-26518
-5154
-41002
-21078
-27912
-16529
-20239
-34229
-17399
-35131
-21593
-42942
-19659
-19520
5236
-22745
-16835
-12494
-42596
-7793
-32133
-5231
-20240
-44124
-20638
-2053
-6668
-27503
-24729
-38871
-17923
-26411
-44835
-26082
-28262
-41150
-29011
-9828
-3501
-20163
-15408
-35471
-5513
9042
-34771
-42955
-34817
-6300
-43914
-24488
-12422
-19937
-48611
-44561
-16517
-48904
-14987
-30606
-325
-21556
-28380
-6251
-6112
-7308
-33546
-34298
4131
-23222
-14154
-13393
-20710
-36855
-35359
-26029
-13402
-43880
4911
-17079
-42469
-21800
-8165
-3736
-15694
-30200
-36096
8693
-3153
-12527
-41971
-22823
-5038
-4313
-37402
-30095
-32673
-42582
-24232
-14981
-43588
-28229
-21829
-37724
-21257
-43862
-47485
-35452
-28227
-27697
-42209
-24778
3337
-30384
8714
-34836
-14611
-21570
-12842
-50325
-19531
-19417
-22785
-20763
-3334
-5332
-15374
-21252
-30564
-22462
-24649
-12371
-30739
-16320
-47739
-44426
-18883
-29453
-21069
-26090
-16814
-30998
-22356
-18276
-22289
-32613
-33548
-27017
-15019
-16300
-28295
-15603
-49420
-27322
-18982
-26024
-10642
-13441
-10349
-23506
-26849
-19237
-18727
-21200
-31140
-21462
-19312
-14987
-31400
-22921
-38683
-44950
-24135
-25245
1403
-33818
-21956
-54703
-39556
-39360
-39525
-24730
-21988
-29048
-32250
-28999
-15968
-20479
-30911
-52348
-50478
-52617
-37265
8017
-47554
-45239
-21270
-31790
-39039
-34973
6281
-20344
-18948
-31291
-21250
-42615
-45707
-13420
-29546
-39143
-37973
-32753
-22423
-28935
-28857
-32437
-46457
-28229
-32064
-34697
5623
-25467
-29992
-28459
-11447
-33668
-33402
-20497
-44182
-20358
-22091
-22401
-32281
-17978
-14502
-23165
-17629
-32082
-43030
-18053
-26392
-18349
-25308
-22922
-17937
-34491
-34980
-39577
-21452
-20677
-44282
-33929
-13872
-26412
-22819
-36945
-24571
-27127
-35678
-37041
-19078
-38343
-37760
-17616
-8281
-15971
-18519
-27179
-20676
-12659
-45547
-35890
6744
-7065
-21454
-34023
-11269
-35961
-18996
-42267
3889
-14766
-36023
-27305
-28311
-43498
-38796
-32597
-28879
-19458
-34031
-33072
-29952
7227
-31115
-20290
-10433
-33857
-29939
-18029
-26192
-19930
-25083
-19000
-28758
-22126
-19233
-18917
-30278
-26653
-13132
-9670
-32983
-18613
-34762
-17126
-9531
-22280
-18382
-22257
-23558
-22398
-26386
-19643
-37865
-26629
-36595
-14831
-40356
-25482
-21078
-25026
-24379
-14026
-22545
-34998
-24112
-27004
352
-30787
-10030
-16201
-29014
-22333
-17169
-21060
-19136
-24132
-11812
-36501
-32745
-21723
-22471
-10487
-17523
-37447
-34310
-25273
-16983
-15050
-19431
-25507
-23645
-22287
-18803
-15269
-24118
-20227
-38314
-32739
-38803
-26564
-27648
-24065
-39101
-38894
-36303
-30126
-27753
-34221
-26261
-31081
-23513
-41876
-40555
-43028
-38749
-22898
-37862
-44347
-36177
8442
-40095
-39871
-25349
-20054
-25757
-28296
-29773
-34431
-29851
-31594
-37026
-31760
-29317
-23327
-33055
-1054
-33287
-15436
-26440
-32079
-23334
-35211
-27955
-39415
-38442
-29977
-28076
-36430
-48614
-23541
-42221
-28563
-28176
-40856
-23649
10754
-25627
-28662
-23123
-40581
-42407
-36763
-3856
-20672
-23598
-44849
-30742
-26083
-29132
-29168
-25163
-48320
-10432
-30631
4011
-32910
-28544
-35983
-45693
-15232
-46804
-25313
-35026
-48269
-43485
-32490
-8299
-31607
8292
-32853
-41838
-22273
-18428
-48186
-28243
-24114
-34909
-36842
-34224
-49893
-44839
-47551
-36700
-57881
-44269
-29314
-37000
-49253
-33735
-18544
-54140
-21537
-21852
-49651
-43941
-31857
-49070
-34565
-59128
-34973
-40702
-40039
-42859
-38234
-49737
2864
-25302
-18780
-48948
-2854
-29047
-59707
-24579
-42783
-35063
-36519
-36988
-31025
-32681
-28683
-41609
-52130
-50365
-57455
-38808
-51352
-19704
-35596
-38055
-30105
-42730
-37076
-28544
-47179
-32646
-32259
-41846
-33813
-32529
-43253
-51639
-39098
-26834
-33413
-32236
-9478
-30848
-54812
-38881
-32777
-28120
-45535
-39191
-29691
-53337
-34869
-34745
-20840
-32251
-50394
-48535
-27684
-34020
-58748
-42819
-36565
-43801
-37476
-38553
-55158
-40825
-43546
-35319
-53715
-32525
-41943
-2757
-35109
-27850
-42639
-42346
-31605
-36729
-26463
-60470
-39768
-31305
-61559
-46178
-40831
-64963
-42983
-27268
-36088
-38319
-15435
-52771
-36129
-35696
-32316
-34872
-63439
-32824
-20672
-63087
-25917
-32206
-28920
-39193
-60866
-44682
-35026
-30972
-31100
-27717
-32964
-27162
-60841
-26153
-62081
-29584
-42659
-34529
-30469
-30226
-54001
-31096
-39123
-55399
-56198
-34721
-51258
-31582
-50926
-16613
-33399
-36095
-62934
-30877
-51307
-48355
-20757
-15702
-34900
-20179
1656
-46891
1360
-53956
-31832
-43362
-41557
-42405
-39659
11866
-52558
-27200
-36812
-24666
-26571
-61597
-32232
-35986
-17175
-54004
-32505
-54128
-35108
-20871
-13999
-25054
-24886
-27029
-50209
-39160
-40931
-53892
-51878
7448
-25619
-34091
-50426
-27500
-54218
-39555
-34740
-42432
-14243
-35564
-61156
-34474
-29665
-55495
-17664
-37557
-22115
-19402
-16343
-49100
-27748
-24482
-39888
-47264
3088
-24280
-32024
-43910
-59062
-16085
-35845
-62692
-39815
-11180
-36657
9194
-36035
-33094
-60975
-28689
-51999
-46099
-62562
-35219
5844
-24943
-30563
-47494
-55593
-41561
-41720
-17086
-51952
-29363
-34627
-49616
-33253
-16445
-24570
-38964
9071
-57493
-32681
-55555
-33497
-52352
-65063
-28189
-61977
-32489
-46822
-33457
-24941
-25773
-52993
-16643
-25592
-32245
-29610
-31278
-31486
-25200
-55129
-24243
-19677
-19208
-44743
-61007
-47745
-50221
-19334
-34734
-27351
-33206
7794
-33264
-53833
-46704
-50903
4745
-61167
-34125
-22140
-20362
-14154
-26526
-28201
-40702
-23642
-44915
-20170
-23143
-55371
-20733
-32594
-36349
-54031
-33802
-15139
-34304
-44842
-35833
-20964
-35065
-36472
-32833
-18744
-51310
-47118
-38195
-33918
-47556
-37013
-50156
-11815
-30969
-51662
-37254
-59863
-41894
-31916
-27851
-20809
-30074
-46554
-55804
-34622
-46307
-45062
-56929
-27911
-51968
-11368
-22728
-36678
-25356
-28119
-31780
-58451
-2005
-55664
-38856
-13892
-48587
-30417
-38817
-12561
-46267
-37551
-34767
-56139
-20106
-55356
-23919
-40283
-60476
-26543
-47700
-60770
-49296
-20278
-36307
-46431
-23002
-34891
-36627
-32632
-15994
-50435
2909
-20410
-43202
-38499
-39808
-36494
-28673
-36301
-28830
-34921
-31265
-28902
-32579
-37573
-38889
-41394
-26882
-51513
-32159
-65329
-38422
-19317
-64878
-38761
-45039
-40451
-35156
-34175
-34321
-1960
-19523
-29181
-44292
-45945
-33455
-64379
-43553
1495
-47378
-43461
-42956
-19341
-59024
-34489
-35700
-54669
-24614
-34978
-47951
-38942
-69116
-29615
-31609
-36246
-56334
-21346
1461
-52736
-46263
-42203
-34287
-48179
-39572
-50823
-36162
-25373
-51240
-63346
-40498
-29616
-42765
-51791
-51975
-46148
-24069
-47423
-48787
-30215
-23866
-35835
-47841
-62154
-45256
-40849
-40103
-48322
-48871
-37271
-26968
-28982
-37951
-32583
-48177
-43508
-46806
-61051
-68030
-69269
-46132
-51839
-38852
-32428
-63486
-21709
-40920
-22687
-48602
-60445
-44702
-40057
-55509
-50706
-63693
-40220
-29193
-45315
-52337
-35821
-53168
-45891
-52597
-53934
-37541
-29536
-53013
-36526
-32154
-62732
-35782
-28649
-70158
-42539
-32950
-53438
-55464
-59160
-41547
-27584
-51083
-69046
-48896
-69054
-49564
-44869
-59213
-34873
-74241
-32786
-59075
-50290
-46765
-65623
-31985
-53849
-38676
-34923
-20411
-60385
-53671
-38940
-33658
-39271
-37751
-54101
-58600
-46468
-46171
-53363
-42120
-72915
-67342
-27846
-34901
-32994
-61075
-46425
-31568
-62434
-33380
-71300
-42996
-31379
-49589
-25192
-28170
-41213
-36424
-30973
-44196
-60192
-36615
-46203
-32284
-51434
-29421
-24625
-29088
-37870
-48798
-37357
-31409
-40131
-43617
-58722
-67640
-26594
-14765
-46160
-31089
-61206
-52166
-58309
-42291
-52870
11617
-66527
-56537
-57634
-63821
-36182
-31978
-40514
-30089
-35486
-45360
-62215
-41584
-37795
-51637
-50443
-56347
-28552
-47509
-37786
-26432
-53432
-58479
-30361
-61941
89
-65942
-45145
-66730
-66743
-5018
-43861
-59909
-37270
-48248
-46705
-50553
-59380
-46016
-40234
-51204
-59466
-43076
-31765
-37969
-64804
-42361
-61371
-34589
-24579
-37304
-28444
-60302
-28017
-37864
-23082
-56654
-50635
-45282
-29281
-36441
-56572
-47118
-50458
-44824
-29557
-43998
-43441
-32343
-28611
-29148
-40269
-58218
-59476
-28084
-50628
-37678
-38821
-30526
-39572
-33345
-40809
-51904
-61567
-45502
-32119
-49391
-50043
-39223
-48801
-14261
-63340
-29896
-64958
-48233
-31999
-31851
-55692
-56007
-34480
-44458
-75342
-49515
-62441
-24013
-42364
-30994
-42212
-30135
-36555
-28051
-43759
-62831
-48492
-60140
-70957
-58007
-50504
-68253
-35059
-46865
-69395
-60133
-2522
-63848
-55071
-67728
-49363
9974
-32654
-37291
-55213
-33278
-39406
-40667
-38166
-39785
-51158
-51851
-37133
-77563
-54864
10820
-61086
-46833
-25929
-62730
-44209
-46873
-13985
-46660
-66651
-77672
-63815
-35664
-77752
-59760
-77353
-50709
-66663
-35986
-66670
-33790
-58228
6912
-14756
-495
-36316
-56340
-42748
-38699
-43289
-62499
-33960
-37614
-31266
-64659
-50177
-60213
-60753
-33229
-35975
-81953
-31435
-66262
-78080
-97292
-48833
-40820
-41638
-58330
-38219
-79808
-78384
-38531
-63910
-39938
-90731
-88601
-35882
-92157
-88198
-86187
-47931
-86880
-61461
-69756
-49577
-26863
-60372
-85914
-68242
-48767
-34046
-34202
-50696
-54660
-74847
-37522
-72265
-13658
-19298
-73670
-66182
-37649
-51742
-61978
-84006
-40905
-64323
-36344
-36087
-46310
-72202
-35054
-62675
-76740
-84042
-104078
-61974
-60531
-88264
-94072
-49845
-37470
-55858
-36251
-59830
-49701
-68335
-54956
-35415
-54541
-66093
-68630
-66462
-92772
-41087
-35515
-63997
-29916
-47309
-40094
-62646
-55028
-48254
-52389
-55156
-48972
-74966
-26826
-59575
-99755
-51238
-62065
-35453
-65737
-89659
-77873
-50523
-59440
-90563
-54365
-64744
-47225
-59363
-21699
-26355
-96783
-93926
-60815
-82413
-89460
-43353
-88719
-56268
-75097
-86935
-39947
-39411
-17826
-71186
-24934
-78873
-57668
-51264
-51898
-24934
-29385
-58509
-86590
-71866
-27332
-59550
-58578
-36803
-8335
-56214
-42885
-33608
-53624
-49998
-64680
-62058
-63267
-76710
-55013
-61321
-53937
-69700
-26059
-62785
-71502
-58319
-36592
-53027
-72968
-26118
-39285
-72196
-29930
-50425
-63822
-44911
-39607
-47918
-47369
-64887
-49595
-78344
-29927
-61153
-53037
-46651
-53415
-62439
-47308
-41206
-72266
-72703
-49455
-54428
-40583
-81973
-32894
-67699
-38240
-63589
-59500
-68735
-52638
-33884
-35157
-86285
-58315
-49039
-65783
-51086
-67664
-62251
-36579
-62440
-35197
-51050
-70245
-76950
-59906
-76596
-34550
-12376
-33592
-68316
-33426
-80947
-50999
-77614
-52707
-30795
-83986
-59529
-7059
-44137
-61518
-57115
-49621
-47550
-44698
-48232
-64433
-74640
-74684
-41159
-76711
-75411
-48840
-32670
-39417
-52889
-31063
-28447
-80812
-52415
-36400
-40325
-74828
-71890
-55364
-41920
-50967
-46249
-49970
-63221
-50485
-80996
-52568
-74344
-43935
-54077
-44459
-41471
-44291
-72180
-30918
-65993
-76564
-63916
-42964
-61840
-48228
-50599
-49440
-40082
-78824
-47969
-51218
-53909
-54507
-42096
-41454
-76879
-39430
-38700
-55239
-43269
-35132
-52670
-59654
-75359
-37269
-21064
-79886
-57240
-69934
-40817
-42972
-47976
-51110
-65554
-47172
-68157
-48420
-51606
-68872
-49076
-31306
-63567
-31311
-68376
-65428
-39310
-53887
-66791
-76648
-75673
-60943
-76391
-69626
-45430
-44590
-10658
-3050
-77140
-72808
-71675
-72249
-66192
-63352
-54499
-76627
-38873
-37376
-56577
-75366
-50966
-48223
-76211
-60189
-68009
-22863
-85676
-85702
-73733
-73956
-73883
-73832
-73270
-56826
-62518
-26045
-60118
-55757
-45180
-70950
-75288
-42640
-60890
-73919
-69561
-42505
-83149
-56174
-42306
-59241
-39960
-64497
-48628
-73493
-44379
-70493
-75961
-44578
-47581
-52778
-58330
-35351
-71027
-46419
-58830
-54622
-72437
-77262
-75459
-40429
-50745
-70369
-43120
-42620
-60731
-72231
-42208
-61181
-71595
-59167
-70206
-49083
-72757
-33365
-50371
-10659
-22718
-54893
-40163
-73353
-43775
-59355
-36985
-41142
-47998
-11368
-50306
-52810
-24993
-70648
-45514
-66484
-63482
-42488
-49439
-63671
-74055
-73507
-23205
-44708
-52104
-56542
-38016
-75483
-51166
-30993
-18129
-67884
-42318
-50075
-76299
-64784
-71527
-51544
-47312
-42480
-51043
-68883
-29215
-50031
-37601
-41330
-64300
-52409
-54439
-65635
-47172
-73724
-55968
-60979
-52164
-60787
-55706
-53445
-47603
-42932
-37596
-61301
-71314
-74543
-42882
-49340
-55354
-52513
-56577
-62593
-29149
-56433
-52480
-59115
-64610
-39800
-51985
-56509
-43401
-55568
-55368
-74287
-50659
-52857
-38911
-6174
-43472
-55679
-67708
-41347
-53068
-51377
-48538
-51733
-47763
-61701
-62639
-52813
-56535
-8991
-76091
-58120
-48012
-47029
-46124
-77929
-70853
-53511
-72334
-70322
-51787
-67619
-63332
-66388
-48676
-55988
-45364
-55827
-74849
-43764
-37035
-50916
-39375
-67871
-66011
-70580
-41864
-62648
-48339
-72250
-65865
-79153
-55901
-37385
-34551
-55276
-62850
-17800
-52683
-61215
-76351
-57259
-61647
-35323
-39971
-57814
-53891
-59569
-74066
-74055
-66410
-77729
-50209
-40862
-80455
-77451
-36485
-61052
-66521
-62264
-51708
-76749
-46227
-76241
-44772
-56340
-72698
-79442
-57590
-50133
-68811
-63804
-41499
-47441
-66927
-65375
-77496
-46610
-44846
-15251
-46215
-67448
-59734
-85928
-82110
-68520
-60835
-72387
-77665
-76769
-55590
-76439
-55424
-56905
-62686
-65474
-49642
-56455
-65431
-49746
-51739
-65690
-58123
-92288
-68083
-49045
-63362
-75267
-83652
-59326
-52463
-66334
-53467
-79057
-83966
-58069
-75707
-79675
-63559
-56108
-60770
-80243
-67558
-39267
-76299
-60726
-53301
-62765
-60491
-58578
-41715
-79806
-83781
-41932
-56561
-77884
-54136
-60978
-70736
-77773
-65876
-52971
-58321
-49838
-63937
4807
-53437
-8072
-60777
-47745
-71404
-50153
-63312
-62832
-74223
-42161
-83820
-67192
-62211
-79983
-63060
-57421
-61282
-52651
-86487
-73396
-61962
-44120
-40266
-74299
-70412
-41111
188
-76721
-87752
-70359
-56353
-77939
-49940
-56220
-42106
-74650
-67748
-75181
-31914
-64567
-80528
-60495
-67770
-85248
-24111
-55855
-58436
-48647
-68946
-77314
-58490
963
-45604
-44810
-61651
-55293
-54717
-62886
-28025
-76262
-68657
-43481
-56551
-61254
-26590
-37881
-59116
-69678
-47189
-54094
-54277
-72917
-3625
-83537
-66703
-60992
-47125
-83784
-52985
-55207
-81495
-53891
-60889
-68510
-28993
-41391
-69663
-53957
-61298
-56353
-55980
-79704
-75434
-58059
-40383
-70015
-51736
-59548
-53017
-45918
-70508
-40585
-66859
-56159
-55112
-60358
-32911
-86558
-59598
-51868
-64808
-54033
-51520
-87769
-63027
-49403
-83262
-53406
-43504
-88288
-76746
-72634
-41441
-76005
-52912
-20959
-59703
-57709
-77609
-59498
-31948
-66136
-46487
-79190
-84492
-75287
-94778
-88079
-90756
-87531
-57222
-48393
-80760
-51459
-41810
-49720
-93576
-87279
-69282
-64186
-91083
-89443
-78925
-80447
-62457
-52988
-51684
-49117
-45686
-73404
-63482
-47878
-46527
-86693
-57442
-55921
-62912
-43559
-51929
-76591
-55370
-4246
-78601
-58208
-38018
-74019
-50665
-50425
-89546
-52227
-66683
-69492
-78836
-55219
-74497
-58058
-45713
-54827
-93709
-50813
-61447
-82147
-12701
-78339
-64603
-66095
-65607
-88828
-90408
-45492
-52320
-74371
-49734
-92378
-32922
-55769
-66087
-54139
-77747
-56469
-93768
-69394
-81361
-73752
-51866
-66353
-45813
-66060
-52794
-60163
-70388
-62936
-53385
-92696
-89306
-61245
-70231
-59896
-84653
-58013
-101831
-59706
-93456
-91888
-42009
-67156
-89810
-51247
-91525
-80825
-32281
-42690
-48818
-66492
-91333
-70871
-56576
-69239
-58848
-59561
-89260
-75863
-58488
-54903
-92200
-72188
-60555
-57168
-50191
-91529
-49817
-68950
-57606
-57727
-64821
-55179
-65740
-55490
-64984
-56659
-53301
-73269
-85344
-93260
-69346
-82735
-56867
-51690
-52693
-76123
-54587
-46645
-72308
-51701
-49404
-52630
-88710
-85733
-22747
-72717
-84201
-73745
-13611
-74742
-62142
-76281
-8394
-44222
-44714
-85497
-96090
-48958
-86271
-63313
-67592
-65584
-68980
-84930
-86392
-77847
-56354
-63006
-73590
-44203
-46253
-88679
-89093
-54183
-62765
-66182
-53059
-62137
-43951
-43030
-37793
-65321
-103397
-39220
-78354
-39716
-62688
-68137
-62656
3811
-57901
-58334
-48735
-65702
-70144
-74536
-44874
-55618
-4669
-43945
-51818
-84273
-41039
-74461
-77539
-40568
-12309
-44497
-51174
-63669
-46210
-64169
-64314
-52083
-83847
-50782
-91381
-79390
-69200
-59333
-61312
-106501
-69822
-61056
-8465
-72472
-51828
-47342
-89723
-40922
-91837
-67031
-60935
-55010
-85581
-76747
-61786
-91849
-67915
-61742
-45744
-56479
-91735
-85346
-39778
-55871
-49647
-57797
-41320
-58832
-66070
-99431
-61171
-63423
-60445
-68407
-41180
-5191
-63800
-68745
-86866
-72693
-63182
-72196
-53171
-35314
-64563
-78889
-54808
-102465
-57357
-54428
-65133
-68689
-57790
-95686
-55851
-73126
-62147
-54922
-52920
-60326
-51405
-85334
-62323
-76586
-10701
-79836
-78957
-75309
-74883
-62366
-61637
-28153
-72972
-62633
-82971
-54620
-49089
-84753
-61160
-66738
-46971
-50771
-51464
-62743
-57645
-82110
-71327
-72528
-62292
-57125
-88629
-62590
-64606
-62348
-35210
-83943
-58911
-71834
-84998
-50726
-28822
-78716
-22527
-23414
-58291
-65724
-68341
-79643
-43496
-68111
940
-72107
-86896
-81767
-48857
-59669
-85381
-47193
-82979
-84240
-63446
-36682
-92732
-90781
-85738
-67573
-91513
-84737
-90233
-70371
-82563
-49230
-54902
-47286
-56757
-73223
-95498
-62075
-77364
-80282
-36451
-82535
-38367
-81381
-32504
-37766
-74392
-52786
-71153
-32067
-93164
-89734
-43662
-85102
-57049
-37631
-52579
-71176
-77563
-67164
-55381
-78116
-45027
-69135
-65180
-73411
-81667
-96171
-69785
-95268
-63725
-42181
-77483
-45382
-75680
-64641
-64381
-74269
-57086
-51018
-55771
-40536
-89349
-54158
-57200
-54922
-74797
-60299
-38932
-63110
-18856
-23089
-43931
-68858
-78811
-58969
-47929
-53231
-88449
-51927
-75232
-68743
-77971
-74472
-60828
-24436
-62975
-67912
-63431
-27909
-38668
-64520
-60565
-79644
-70016
-82807
-80945
-57966
-70494
-76431
-57185
-37432
-74378
-58689
-57712
-52124
-87304
-55780
-56633
-54504
-43494
-69320
-41819
-68341
-31207
-65939
-43911
-55956
-52681
-45628
-62579
-58834
-54517
-60946
-54970
-57642
-68311
-80850
-50097
-62303
-78907
-66315
-55592
-74306
-79779
-36448
-43218
-59009
-67927
-65346
-44109
-56977
-68649
-74068
-72755
-53039
-90899
-66197
-12525
-54109
-88176
-38767
-73109
-64305
-67342
-57268
-83677
-67316
-59748
-73168
-55691
-73078
-58511
-70634
-72769
-77607
-72971
-79697
-59213
-41088
-70334
-16824
-40078
-68997
-64112
-61144
-77314
-59390
-76817
-75622
-61315
-81326
-59351
-59948
-61758
-27966
-53278
-75211
-79152
-39943
-42512
-60168
-63209
-64976
-62131
-61005
-83148
-69607
-23676
-93010
-78219
-86626
-83853
-44120
-60523
-82929
-73798
-57231
-56333
-92115
-44848
-33483
-67392
-75981
-65702
-62175
-60983
-58620
-75038
4044
-41746
-76706
-70618
-61434
-62746
-55889
-51676
-73403
-48731
-55135
-60027
-68157
-62758
-91532
-18979
-65659
-84162
-74483
-66266
-77719
-81968
-68007
-58356
-64313
-57576
-78661
-43605
-32673
-91364
-46235
-44225
-92288
-63299
-65481
-62536
-32197
-70620
-58091
-59063
-79496
-71697
-74671
-58076
-73440
-41679
-74922
-63231
-79640
-43430
-30953
-60175
-83177
-28993
-75385
-18793
-66547
-83580
-55485
-86759
-46921
-56071
-69020
-42208
-59141
-54384
-50783
-31597
-73187
-61227
-51797
-61694
-63027
-38895
-76211
-69660
-65721
-61730
-62434
-38706
-68352
-87872
-86920
-69161
-45479
-55446
-75483
-58457
-61930
-63030
-41453
-72102
-71221
-59131
-45168
-70719
-79050
-81570
-69816
-52931
-51806
-43623
-67960
-60504
-53979
-51235
-68528
-69717
-35274
-59858
-70136
-61718
-67002
-71366
-47704
-67431
-67545
-57016
-48484
-56912
-63101
-60718
-54593
-69701
-68748
-76826
-43927
-63790
-59664
-63621
-71181
-59093
-63907
-68902
-55541
-19827
-64547
-62107
-92076
-52903
-59170
-70698
-25139
-68684
-55807
-62362
-77972
-74655
-79898
-64909
-43065
-69251
-63252
-92225
-82331
-55637
-44817
-57349
-53359
-72475
-68269
-58095
-50244
-76679
-41154
-77284
-69265
-74527
-50167
-71067
-41681
-41807
-55978
-35666
-61348
-59157
-57706
-42603
-85178
-66502
-68451
-84003
-72708
-71584
-76034
-77322
-79820
-56394
-56009
-96205
-40727
-69441
-67318
-78070
-48824
-81777
-59412
-80173
-90391
-88097
-43493
-66957
-69332
-5547
-74940
-72008
-58524
-69044
-57969
-72173
-45158
-64338
-69065
-47018
-62642
-68071
-83293
-45719
-71464
-76377
-89833
-83826
-50336
-75700
-64396
-77106
-57723
-81720
-65972
-77570
-65112
-81289
-46873
-77883
-47916
-77797
-67397
-66684
-86240
-97818
-43991
-84107
-57609
-76703
-65328
-76174
-61400
-94597
-67471
-61330
-90047
-42754
-73721
-17687
-94434
-67783
-63658
-82412
-54851
-72375
-81246
-73892
-76211
-80444
-47673
-80748
-51334
-58785
-70812
-67417
-60714
-48453
-81140
-51367
-90819
-83053
-58515
-74631
-88150
-58219
-93821
-51818
-84607
-75147
-55027
-70262
-70486
-70853
-64483
-67471
-59345
-82596
-73205
-72862
-71880
-80829
-57071
-82820
-70588
-69678
-81441
-72370
-52561
-73049
-92272
-76662
-51370
-69700
-27238
-82253
-74869
-68474
-71653
-25569
-84598
-80494
-73733
-23303
-66262
-72724
-91320
-60515
-53599
-43995
-70882
-80754
-86106
-66052
-83154
-76659
-31037
-77608
-75876
-56038
-72338
-79083
-74766
-90117
-94054
-72336
-80801
-77440
-62975
-100007
-53624
-65635
-7118
-64502
-22319
-75322
-61365
-69864
-74856
-74222
-40268
-57916
-87050
-75996
-85169
-75969
-59050
-77179
-64142
-99676
-81059
-79702
-85322
-83056
-62255
-95127
-56771
-65142
-79887
-56000
-83310
-62856
-89592
-97644
-76338
-80704
-72634
-35285
-92717
-65835
-33859
-87709
-74840
-90005
-97402
-65837
-56999
-71668
-63557
-63545
-79545
-70435
-83343
-70966
-93938
-74595
-44064
-57152
-74046
-56607
-82417
-37190
-82356
-51801
-65917
-75279
-70790
-89895
-54093
-56720
-68627
-102221
-76767
-61636
-56844
-89598
-57557
-63565
-70613
-96137
-42673
-92535
-91970
-39684
-89046
-70149
-37556
-59689
-72681
-71895
-63603
-13185
-66113
-95321
-75209
-86307
-78642
-90432
-64762
-87273
-68490
-67761
-37731
-83328
-14924
-77934
-11195
-91820
-44281
-77211
-58565
-72842
-64634
-776
-91157
-84983
-75508
-91196
-70475
-84052
-74194
-67142
-72399
-74380
-91987
-28933
-76611
-42717
-69884
-50287
-71367
-86976
-91970
-52496
-62319
-85395
-80749
-83764
-85158
-40996
-98910
-75114
-73090
-36613
-33425
-84554
-88580
-93678
-75269
-79350
-86975
-75932
-71663
-94132
-35596
-50327
-75716
-63397
-97025
-98895
-86156
-75438
-75124
-73520
-60755
-83077
-67332
-60912
-69828
-52340
-73437
-87450
-92217
-76972
-58216
-82218
-43149
-57437
-65775
-55082
-79000
-70844
-84298
-71620
-55779
-31383
-49499
-59972
-83283
-22003
-65777
-84541
-57242
-61767
-67152
-83054
-33132
-53690
-42135
-39849
-90629
-51069
-36744
-72326
-92348
-93677
-85371
-61811
-84064
-67552
-94488
-46189
-91343
-79443
-46281
-56765
-55928
-76509
-62921
-52927
-51584
-34293
-48177
-50935
-73106
-62309
-84396
-68665
-45379
-63156
-80475
-73806
-48930
-51429
-68594
-81055
-67643
-62659
-69452
-67826
-87813
-49655
-41834
-80928
-57192
-68987
-86759
-47441
-82481
-62838
-76881
-79937
-70001
-64927
-50472
-20920
-56374
-55768
-73665
-71322
-78084
-64798
-24953
-19413
-60202
-74751
-71714
-90709
-75725
-80785
-64645
-92412
-71353
-77886
-78289
-85974
-73997
-75828
-73510
-79096
-28410
-72984
-63846
-79511
-62339
-61231
-76832
-49524
-79515
-66503
-81407
-79299
-73804
-85094
-87938
-32310
-68361
-85706
-67795
-81367
-81920
-84097
-77680
-61334
-56142
-72847
-54672
-57091
-73091
-40681
-78399
-74348
-75547
-58999
-88279
-60653
-65908
-49395
-83536
-73117
-60261
-42696
-69755
-54522
-69780
-8970
-65570
-76684
-76380
-80134
-68702
-69949
-54028
-10120
-66754
-71941
-90866
-63063
-83528
-79484
-49556
-56970
-79067
-71434
-85821
-51912
-67742
-56513
-60690
-76074
-74611
-54075
-51029
-62762
-51895
-63576
-51080
-86279
-67314
-88209
-79041
-87360
-67379
-69682
-88714
-35691
-90883
-87269
-78460
-71783
-59987
-30763
-99775
-80139
-79454
-22305
-105731
-71684
-88775
-65797
-82785
-10049
-81589
-73554
-66766
-54567
-82340
-86464
-65682
