426
32
1
776
1275
1294
515
718
26
21
271
28
673
30
1097
22
405
16
398
1658
661
499
573
720
1131
1443
768
722
308
560
339
1058
730
627
26
50
241
368
1187
22
372
649
605
208
13
483
327
295
5
1187
285
1399
36
1318
330
1295
844
1361
25
572
1440
340
297
1465
323
1107
1659
582
441
1050
251
54
95
1694
24
464
515
20
828
41
8
605
366
13
479
907
955
297
1205
492
1356
18
29
693
686
441
1499
58
1422
225
12
18
486
1761
1514
216
1534
292
27
191
752
940
744
1029
802
1452
1626
923
1133
1414
323
969
1257
339
876
16
430
900
2
112
26
719
642
1793
27
14
15
1380
1849
114
436
797
29
1056
1365
99
244
1746
43
250
471
355
514
1064
1103
121
875
1049
1498
254
22
285
739
46
600
1026
109
1470
66
326
1007
1258
1582
1960
14
29
21
118
1976
351
501
27
1019
311
2
1572
461
1761
7
17
80
25
1248
1725
705
530
862
348
55
658
93
1118
126
856
245
1351
513
30
1024
1978
29
1849
920
931
10
366
856
19
1653
22
929
432
1391
27
1762
1269
391
630
976
797
613
494
1560
847
1316
804
1905
953
1166
303
1859
262
1714
708
328
644
1189
14
1426
573
14
950
1231
691
1852
1016
487
504
462
1022
783
6
33
980
25
1881
818
1413
339
1886
615
1546
343
1528
85
338
1590
357
34
57
1699
1288
15
1570
678
1800
717
388
1056
18
30
1958
50
433
200
1015
1248
1314
663
1532
1158
1441
25
1198
1449
230
592
503
301
918
818
522
725
29
218
1604
450
649
144
701
1359
1722
17
1926
1351
250
1756
1618
540
913
966
24
1718
214
463
1452
234
95
37
40
903
1502
1287
1535
23
93
868
871
233
964
22
1835
22
440
1316
18
1264
509
1903
280
22
191
899
401
476
301
1042
22
29
21
1160
157
315
23
13
1056
689
222
1553
1352
12
1844
999
1124
29
513
1737
753
1681
124
339
745
915
1138
1822
1631
21
1213
531
1510
18
1173
1545
978
1634
1308
324
1577
9
22
1215
489
1529
152
16
17
975
135
850
830
26
1762
1774
15
231
345
1662
117
1060
1462
580
892
1575
140
44
227
906
1122
30
82
153
684
1747
684
1262
549
215
434
419
1083
663
711
1105
1231
27
1084
1195
20
1734
34
77
1361
21
677
31
1153
375
1354
110
164
337
340
1446
462
1724
105
1096
13
1732
112
283
403
14
374
1958
1132
52
16
1446
1106
951
103
1163
1845
994
319
180
1676
37
140
235
28
1499
434
1245
25
721
30
1435
99
7
1269
499
1785
483
357
802
810
14
1167
471
288
285
25
728
1155
687
1121
15
851
979
707
786
341
1596
72
24
540
715
885
1331
19
1168
159
1095
200
15
1313
1612
725
1442
1086
24
1034
9
551
292
1936
1662
596
177
1342
1298
314
1515
368
629
31
72
1365
418
1233
877
23
431
1269
113
267
17
722
1852
1047
620
746
1337
619
504
29
434
1167
282
588
750
296
1535
225
889
18
959
35
1488
925
15
416
943
1923
35
975
12
1660
513
23
1119
1458
225
1419
574
15
1323
115
345
16
226
211
1293
1843
18
1262
26
397
192
101
1655
1354
582
58
1220
35
1534
904
280
728
1640
1909
588
1592
855
18
1024
777
1821
32
1016
1440
1166
17
400
903
858
1029
733
376
1169
453
473
877
366
1104
1493
1961
17
575
83
449
371
33
1258
1073
120
1103
1953
511
652
39
7
193
240
972
1369
1012
1286
648
1330
737
65
18
582
967
559
640
82
1340
1666
990
28
33
1919
1152
11
258
1775
1518
1722
36
626
299
610
1907
40
421
70
589
133
904
1725
406
1361
1932
405
26
1193
224
24
178
622
402
1254
21
716
17
794
1973
1126
23
87
804
33
882
1300
1272
1181
19
946
1316
773
20
43
1046
1708
1415
1182
1562
592
214
937
738
1453
390
453
1097
1013
1248
1540
15
834
454
643
1415
85
896
1362
1327
881
25
519
935
273
891
19
113
1770
563
588
18
140
1186
463
726
588
1471
1388
183
279
323
1371
658
581
1776
1129
220
182
23
786
402
947
1623
33
557
980
772
123
144
32
660
794
740
1498
28
30
1397
28
258
1330
1425
1562
329
26
1111
1299
1656
1075
871
811
17
550
17
1156
1304
31
1139
962
21
16
778
504
37
895
1354
1091
158
392
1623
1322
164
537
216
1928
529
172
1221
23
171
625
79
664
1992
420
151
312
1532
1405
95
10
410
172
1333
1628
1716
27
28
398
34
1300
700
13
801
755
1883
756
815
1521
755
322
1985
15
337
1076
280
649
17
267
512
1658
644
456
1975
59
1166
436
19
277
459
1745
613
821
30
1478
334
15
482
23
23
1198
65
19
417
1017
16
180
1059
315
620
1338
657
417
21
1187
1138
25
15
758
569
1472
592
439
1434
1761
1398
328
175
948
1847
317
22
24
27
1017
1841
1544
992
424
1631
1936
1379
950
954
705
1170
263
463
23
352
927
544
29
1682
21
283
694
1984
322
1496
1910
42
694
1917
286
21
1936
386
186
1002
1361
1161
1424
172
808
1002
20
20
5
1195
983
235
14
18
27
598
535
16
379
798
346
1077
1141
22
1145
479
554
1276
1070
552
27
1659
95
898
18
117
243
1843
1004
210
769
1054
332
332
1398
300
745
6
516
26
44
1680
23
1265
1969
17
767
821
206
25
519
940
1588
600
299
618
232
192
832
30
1645
1709
20
1767
558
1540
204
1735
14
1065
1426
1161
24
485
1648
29
991
451
647
821
548
19
1307
1334
141
1445
498
1926
1319
1528
627
699
973
981
10
1444
151
20
992
13
1119
912
477
906
144
1595
17
1812
364
341
1203
1236
407
1522
1125
27
1874
1643
1269
689
1094
1019
786
757
23
146
1838
37
843
20
176
60
32
33
214
16
1510
542
1900
1021
446
1179
773
1279
873
453
933
1553
1575
518
163
343
1033
137
1322
836
11
532
417
67
1231
17
1482
26
1470
761
923
263
1383
510
1063
1351
26
99
299
1164
908
25
33
768
998
22
15
193
706
435
1364
206
556
138
104
800
1669
1860
40
401
795
20
28
304
523
605
441
1621
1029
354
317
236
300
22
19
1539
220
1938
84
695
1191
31
1057
144
176
1648
624
1365
319
567
26
31
156
522
1398
313
1049
755
721
874
886
254
34
22
79
594
1934
1914
721
29
755
784
211
396
1154
13
182
1374
247
1027
58
699
414
132
345
1326
358
1699
1064
1225
242
1950
1840
1815
1979
1984
443
524
381
881
387
1501
13
1899
1749
244
655
19
198
40
398
1982
655
7
258
1394
628
578
1852
521
18
395
1
44
1126
20
1549
1064
1020
671
1127
23
1505
214
191
1535
671
637
1370
1825
240
1757
174
869
163
407
1561
355
1297
18
379
29
1291
563
22
987
1084
1350
774
34
735
13
493
970
1658
671
605
1597
253
17
32
23
1534
495
230
1017
244
458
21
250
1378
315
1918
159
2
1005
489
403
1428
1537
1004
1463
1254
1125
63
95
1833
1875
1124
29
939
29
437
1186
1543
169
1048
36
1025
1006
470
37
1710
400
1441
1575
27
21
498
516
22
1954
1137
907
1681
1518
97
164
925
996
877
21
59
22
1418
1098
24
193
6
734
1200
1488
856
1631
29
431
1866
226
396
728
1154
576
888
970
332
1904
534
181
32
1298
1891
760
1337
1611
698
1933
982
1120
16
474
119
289
482
17
760
931
136
109
1732
26
651
807
1865
1007
1408
482
258
1353
754
1387
1170
810
1344
60
1653
652
338
1125
961
464
337
1264
962
333
1183
316
1559
363
1874
119
980
971
277
450
146
523
1284
1265
782
1605
1741
30
626
1505
1009
1737
1806
645
332
648
818
332
338
300
851
1952
1954
115
1274
23
1728
1111
32
279
1858
793
258
283
280
266
19
3
29
765
384
23
1301
891
229
21
1500
27
1146
1447
1431
624
926
390
192
1293
1197
1571
18
18
163
652
686
1547
575
469
1981
1761
14
932
32
20
1884
366
1296
925
1194
1111
21
1922
11
1216
716
711
32
1169
181
1318
368
24
941
1193
806
315
1808
818
472
327
932
1640
947
744
401
887
775
619
1637
188
61
121
884
1875
1093
1941
1254
676
963
1089
1145
437
1852
1238
1197
397
1032
406
1099
107
23
1391
258
225
1670
459
1645
168
383
1699
1830
436
1018
579
1672
658
1214
1218
254
983
1192
895
351
617
29
148
422
11
118
338
1023
733
735
264
331
1590
895
1397
17
1295
320
1088
17
333
31
894
483
261
25
1469
13
443
1112
231
614
926
1831
1429
449
893
1942
166
1604
303
191
1796
326
31
218
330
532
587
1629
1284
32
1548
1701
90
862
1632
472
1249
37
644
1506
501
65
127
920
756
203
635
869
710
925
322
1903
994
1080
251
1881
1860
739
1131
1927
366
1088
1571
1003
1024
30
618
108
35
193
1743
7
1044
185
614
906
1638
37
7
1201
863
816
306
43
585
1988
35
7
744
23
964
172
802
1265
221
1636
146
20
1054
687
1741
720
348
81
106
21
476
1108
1341
1186
389
1461
354
5
162
37
1072
1723
87
710
1129
20
408
171
205
392
157
194
784
385
897
622
1161
350
666
852
1982
382
285
20
403
1949
754
461
156
574
17
1101
238
17
1207
1952
309
1420
819
1255
14
503
909
1676
694
844
1006
1385
386
1055
100
1131
1595
910
1181
194
16
1979
1681
4
918
312
1368
950
180
1005
1634
1244
1092
1206
791
1143
10
721
42
1313
145
1176
416
10
1434
529
13
730
1269
26
1314
809
696
57
11
461
13
567
15
1419
121
225
671
6
1146
820
24
783
603
248
18
1272
220
891
1567
21
1008
1208
398
1952
508
1032
1293
1200
477
20
1138
1103
199
802
448
1576
839
194
1235
897
14
1251
21
9
479
228
1306
1372
1348
132
827
1183
216
157
231
29
204
997
1028
1694
1216
51
16
638
23
1285
1571
645
63
514
108
1823
687
1857
187
426
514
1387
206
21
1646
924
1800
12
61
823
677
443
28
497
231
1001
15
580
444
17
1698
689
155
1776
1893
1657
19
1703
1064
855
1722
1363
668
432
1918
60
22
389
1873
750
21
79
1315
1814
674
923
86
295
1762
25
1965
256
11
27
552
436
1045
1696
18
1921
1138
1800
32
19
1090
128
1618
21
1905
22
1500
11
231
1822
32
1918
1703
473
559
400
122
14
385
1419
9
1734
16
758
1160
1173
3
1455
218
21
345
1250
644
997
1415
766
1325
539
576
422
17
22
423
1365
498
243
1274
18
389
187
1069
59
244
349
211
292
353
9
414
1593
273
1399
4
668
1706
27
1843
1021
1975
526
845
1383
22
1002
33
775
843
1273
933
1225
971
25
1306
1467
212
82
1119
32
178
1773
530
13
129
561
53
591
772
5
1351
1882
598
1605
831
1958
21
295
1273
273
294
161
487
167
616
245
1196
901
82
759
1378
1705
206
1156
1007
645
199
1951
1747
1245
637
145
1848
1701
1501
935
28
1872
1214
24
226
1061
439
919
469
1738
96
135
167
919
1067
281
488
589
592
24
1044
58
257
347
296
167
176
1406
12
1538
1265
1466
56
949
501
1495
571
1247
1655
1675
15
373
1058
1834
121
1362
80
1653
374
777
1150
879
697
1918
1628
1526
344
90
30
24
279
114
1708
1860
372
1612
196
134
1843
80
14
7
1736
594
18
305
330
32
31
1441
1671
17
1071
26
167
1759
17
368
20
637
1066
1254
8
29
933
891
1515
1123
647
5
1188
562
47
1684
1035
1057
1754
1505
777
22
140
17
1587
22
319
1546
1659
1693
499
26
1620
482
9
1046
1501
1653
457
564
852
13
711
160
1257
1330
1648
655
20
424
418
85
12
1376
736
334
210
22
3
219
321
21
1136
1368
337
109
1475
208
1384
1965
1450
398
810
1546
436
438
24
18
950
879
352
294
436
1952
502
27
954
1135
1374
818
700
418
23
400
1234
938
1706
1793
570
33
203
427
1530
540
186
21
137
1934
1646
322
866
286
1575
719
790
57
895
227
1800
550
1826
195
1025
919
670
194
1408
27
1625
1836
293
28
27
566
479
172
571
1609
137
502
73
1363
1185
1700
995
219
583
1106
652
656
325
50
213
1925
1200
992
710
969
1286
1353
378
817
1716
307
1740
9
1099
18
1558
1368
901
1195
1205
1071
605
1273
448
1330
402
1414
88
20
1347
19
479
818
18
32
979
128
498
918
297
1274
112
253
921
557
423
26
617
65
829
14
667
364
932
826
532
821
125
520
1581
721
14
232
154
430
490
1396
524
184
11
884
134
639
460
240
50
19
965
1532
808
26
813
94
311
16
578
1063
524
28
1854
466
522
716
138
24
103
1654
1473
1074
186
1227
1182
8
1723
722
1194
260
17
978
17
1633
1584
569
596
1092
1251
482
1434
12
1567
743
1237
541
930
1082
1527
1002
176
621
788
212
353
19
332
870
1157
451
735
81
142
352
1056
22
1117
774
756
34
1241
431
1014
1020
842
1787
1036
30
1273
694
1011
5
12
934
395
811
1138
1003
1801
10
130
862
1012
1148
1029
28
1066
1230
1539
391
18
833
1217
336
972
1234
1258
689
1402
150
199
1141
1286
12
76
310
988
562
445
160
1245
1620
856
29
22
275
582
16
1461
1243
409
1397
13
811
298
786
344
113
958
105
375
1895
1384
477
459
236
585
1442
22
327
229
1091
351
221
429
512
788
584
1214
1294
1388
13
1812
1535
958
1860
366
1650
1452
236
1206
952
1576
192
366
369
731
1407
1369
1713
725
1447
517
260
1294
1795
348
26
215
30
16
1217
1250
11
800
269
1730
908
1671
1147
1596
380
1406
1708
1340
783
325
1740
1832
1782
11
1439
702
1647
16
1447
1921
195
176
180
30
1944
899
245
85
1477
869
723
1831
1180
355
693
1156
711
455
1482
1228
15
635
717
581
1373
1458
1576
23
1566
405
525
395
1297
124
1869
1202
105
40
1229
828
965
17
372
931
392
553
1187
123
28
1602
1273
1237
1655
1272
841
11
1727
434
1776
239
787
1275
1223
18
808
1696
1959
939
811
1213
1790
293
382
604
1343
40
415
1465
931
1539
497
1709
1103
1141
234
448
21
15
483
32
697
470
425
30
586
693
1842
495
927
1084
1574
697
1778
130
813
328
339
792
515
954
541
1494
1012
592
312
216
1310
1727
329
209
188
90
1700
1145
1628
1573
412
528
1029
1097
633
839
128
219
164
1471
14
1878
1446
291
27
27
1826
907
1253
17
958
491
946
254
711
8
403
830
25
782
272
551
605
95
387
11
456
1974
1487
37
692
1177
858
1091
1929
27
1497
735
24
554
123
1925
1864
684
953
1902
763
1951
1108
300
781
617
255
1606
18
182
52
1253
755
1883
1989
1729
39
391
648
668
168
834
228
340
1803
30
1823
682
1522
999
30
269
10
30
1786
269
1350
712
1412
163
10
345
344
1579
427
1442
544
386
580
567
1127
1997
1189
14
321
1799
614
12
1324
1624
1879
1007
1184
837
777
1560
1501
19
282
398
1652
459
896
13
976
531
569
1196
775
1371
857
22
32
107
122
21
1330
2
270
24
69
81
1638
157
1524
371
187
1492
504
997
16
1887
1370
22
211
1035
672
337
1707
21
795
746
795
841
405
31
718
1596
583
1750
1527
550
21
974
160
1212
340
108
425
218
1561
552
834
1253
1214
695
21
372
1379
460
1928
542
1601
1814
473
1370
121
1374
25
85
1270
1887
171
281
1212
16
881
475
773
1465
93
16
536
23
1518
295
742
488
971
1946
1691
319
1655
488
1061
17
1182
259
883
1004
16
1318
245
410
840
686
177
1803
21
5
765
516
175
700
26
1063
34
620
774
417
1321
1872
307
919
148
121
1485
915
15
655
271
419
1197
993
1753
275
1060
85
16
25
424
9
1795
654
356
316
1187
1055
1301
952
103
83
449
686
364
18
504
913
444
1860
670
1331
14
49
816
396
1019
655
857
366
13
184
1700
1202
748
92
56
857
26
1547
784
1012
429
353
1255
1673
1725
23
856
744
213
1155
1598
667
698
1758
110
78
207
1072
22
962
1450
1826
763
198
1375
5
17
1010
684
599
32
191
425
1245
661
252
1672
676
21
245
1063
5
592
477
504
615
15
562
15
1250
961
1199
1463
1731
13
882
632
568
1647
12
432
1506
660
738
721
23
568
335
1734
566
53
424
683
1496
1835
291
400
1881
152
1768
571
384
1437
171
257
13
1193
513
379
1555
1212
189
101
768
1527
10
86
175
793
1426
1071
24
1196
807
674
344
1424
1610
10
675
28
775
1785
33
30
226
1007
688
986
1936
8
1426
770
1806
175
384
58
38
737
1096
1185
470
195
31
1530
26
892
1670
28
26
70
1085
600
934
244
62
1090
140
75
1807
16
346
1865
1227
1639
388
212
1229
272
28
963
0
1101
780
1015
582
647
320
390
343
1091
144
14
1266
1208
1214
1601
1157
240
34
250
588
1166
308
33
346
23
1635
1716
221
366
1088
7
402
10
632
1886
20
723
776
1344
1372
173
303
25
1389
11
445
680
290
341
29
1371
678
794
21
735
1169
1087
1160
1224
1551
1093
1677
568
19
704
15
1460
180
1369
178
20
17
508
1191
1024
1859
770
1504
207
8
1408
1055
1681
784
19
22
40
259
1427
544
297
13
885
536
1007
1228
446
1268
709
719
19
133
753
1691
1987
934
1207
2
704
1712
1351
1633
752
615
1015
477
35
15
665
1422
281
1837
344
1624
622
1877
777
383
31
1742
29
1596
1136
792
1405
207
959
220
1278
1138
540
106
935
1126
413
285
1622
723
1149
177
1225
212
11
107
1531
1583
315
559
762
1813
1191
1431
1393
702
724
19
15
1134
239
647
742
885
1470
1150
270
364
1331
912
779
1391
568
21
15
1631
1227
927
242
10
898
449
569
387
835
173
325
411
803
80
678
1795
908
1275
682
1337
1979
1057
10
1091
950
676
466
1970
611
96
330
31
682
22
1883
927
142
1368
180
825
778
461
606
1433
717
952
1767
1907
1038
13
1333
397
1044
1500
465
406
1534
1576
1875
16
1372
1734
15
639
328
29
1100
1218
1657
153
1198
718
31
81
418
139
20
1297
176
1512
1145
793
604
1326
17
9
1158
904
24
44
342
508
351
1389
1270
622
1635
1537
54
255
820
1713
1387
1629
115
986
1560
265
1366
23
21
1761
1688
15
1789
1082
19
20
1488
112
22
445
1646
1874
123
831
1860
24
1501
895
626
1770
925
79
241
1321
867
542
214
515
61
193
660
23
27
1559
1133
711
312
22
1469
529
275
21
284
1323
387
342
634
586
22
1176
718
1329
1743
27
122
829
205
1681
1123
72
988
37
669
522
1880
916
25
385
1747
1114
1659
1033
29
31
499
20
776
297
671
918
1286
77
571
435
1630
672
642
1273
848
197
556
16
856
1090
1050
1952
1657
13
1287
1719
49
1547
142
21
102
345
447
480
19
343
747
185
171
578
13
1723
783
31
19
1625
320
5
97
1626
773
736
537
166
866
1603
1816
1158
1357
1052
668
492
1029
62
1050
1783
513
695
83
1460
1637
1352
980
1888
172
246
1370
1753
1078
868
783
1422
1542
545
244
24
716
1081
1339
20
1455
1544
1223
200
1124
99
1134
381
532
22
877
1026
1852
464
814
881
179
1893
17
625
1727
576
1395
1611
112
850
1717
512
1079
11
19
433
1708
1078
17
22
4
1287
33
61
1596
1885
1709
1437
1557
4
1624
1100
23
663
506
1183
754
396
1834
258
791
1872
13
1617
382
474
167
19
1074
580
810
835
1076
2
33
335
853
28
1301
40
970
254
190
791
590
1761
762
1441
293
1318
701
1377
1155
1668
398
95
1118
25
1803
1693
271
59
726
1446
983
839
1461
694
289
1058
425
381
202
303
1158
392
1325
443
707
981
42
25
1915
21
637
1440
1505
685
1811
1890
1440
1501
1927
20
19
16
691
200
287
299
20
407
122
805
740
470
1110
14
229
1915
392
286
207
965
1417
1602
36
552
28
29
640
404
1627
228
1912
16
1725
24
678
398
999
1104
819
17
14
688
646
989
1954
481
374
790
1768
992
31
363
154
750
1841
1860
1045
21
199
30
1203
1076
415
911
22
185
18
521
1587
917
406
562
46
19
74
741
565
821
524
1313
1751
379
927
127
351
53
789
98
316
601
244
4
1089
182
19
37
26
1561
17
16
184
234
1743
390
66
329
31
1152
1841
1697
706
352
28
858
842
143
1122
738
1759
6
19
1142
14
280
836
27
23
566
609
1461
120
28
534
206
1125
1270
1337
1645
600
23
25
21
927
199
324
786
1270
590
800
516
272
422
501
411
422
1628
18
1287
13
718
696
727
25
25
1682
366
950
1384
1697
479
410
103
782
453
1612
861
768
208
26
1467
354
620
1981
2
237
13
307
703
760
305
9
1882
289
1309
762
1725
561
559
36
1303
1271
74
914
1258
19
32
510
1450
305
196
883
138
161
1839
12
12
1328
1127
15
13
1983
101
783
32
1935
32
29
277
1726
788
31
888
441
129
28
37
1763
984
1380
480
775
1630
739
35
1539
30
1071
1162
432
28
487
931
369
1074
239
319
1743
1252
59
554
967
21
418
1208
1695
269
123
269
22
1270
104
1073
1226
364
1862
1385
1126
340
1465
286
1606
1345
563
368
229
456
445
931
871
1203
843
597
616
1993
1975
1215
1605
22
1965
917
737
492
1833
696
935
480
603
1523
401
344
879
630
1902
861
34
29
1118
287
1449
716
646
763
294
1981
1572
746
25
360
429
27
33
239
1794
1437
1186
1097
382
1533
934
1791
1562
596
139
18
954
473
1583
1939
26
1949
924
634
241
175
108
711
240
19
1657
799
912
9
1951
1632
190
1384
322
1569
1495
1152
18
1950
264
914
1545
22
161
1410
230
1578
1035
691
217
702
502
375
22
1792
1257
507
1782
21
1500
634
1457
987
975
1360
236
950
726
562
1206
860
533
780
13
28
855
1918
1871
1025
4
1456
1216
774
1367
14
24
770
21
168
470
1586
605
1606
1369
1806
604
24
229
148
29
1224
673
1848
730
615
26
879
1683
579
795
1919
1643
1395
996
484
16
223
752
118
560
25
561
1364
158
839
12
222
334
721
295
270
44
60
1613
23
778
1995
47
686
1712
826
1271
12
1471
907
1212
40
1027
23
325
7
884
1927
1624
548
1121
721
1726
1265
698
1256
1479
12
13
1667
694
1361
133
969
22
58
1163
265
6
297
28
116
590
1
1361
32
744
1323
941
1042
1780
24
1734
37
1901
1700
33
19
319
1725
953
954
126
1532
361
361
1050
25
199
9
1945
27
268
1104
1034
471
25
30
592
325
25
15
1179
18
857
23
128
735
1545
1188
12
293
634
512
16
27
364
899
1088
1025
983
575
320
1866
1615
1522
46
380
1277
1872
1175
908
323
759
776
294
112
563
11
1521
970
14
399
904
1975
195
83
24
966
14
1444
501
507
1490
1207
1593
1436
753
207
3
102
36
23
1193
165
854
840
28
667
972
1497
1428
1279
502
887
212
487
244
881
858
1549
15
21
25
261
30
39
79
1568
21
18
418
824
677
16
938
1091
740
31
210
443
585
1429
629
898
1348
1231
167
783
628
1289
319
1890
1525
1330
739
312
14
1136
1369
319
254
1398
978
188
688
24
303
497
280
959
682
21
719
29
317
850
720
325
29
13
30
1979
303
348
20
93
813
607
61
796
706
490
1455
1593
373
304
470
124
210
40
827
22
271
1474
954
110
6
697
9
393
1885
38
841
446
1176
1541
10
1091
23
437
500
1488
14
907
29
117
957
660
1257
71
1367
19
821
455
191
1852
29
1985
1809
567
230
1135
301
20
1454
1631
11
1611
1308
17
531
23
216
1457
283
1121
898
890
86
907
220
653
443
382
1048
1100
31
1355
113
204
1516
1908
634
1692
14
1979
644
131
17
1231
18
1467
0
842
8
29
24
1514
94
966
509
1829
24
593
16
14
328
717
1196
13
1206
1016
1771
744
1287
151
1328
691
288
536
27
47
24
1150
1103
435
1588
612
454
311
1094
11
681
1609
593
1595
822
454
1439
382
325
1137
359
443
1363
1897
526
853
41
1844
1419
1781
798
1044
853
55
799
21
20
1543
140
1631
343
685
91
754
13
173
1765
1269
11
19
1269
13
651
350
140
981
1447
255
840
1688
24
27
674
325
995
19
751
10
1323
384
11
1376
506
11
451
861
25
1041
24
338
484
20
14
225
565
390
1812
1446
21
1183
1291
13
920
1209
677
1160
236
791
649
1242
1098
301
9
875
461
1810
940
389
362
797
716
14
258
1253
806
712
1749
141
16
494
221
1214
1635
29
53
99
906
1163
748
1012
1122
693
20
1186
1093
576
838
1546
31
149
671
19
1566
859
444
16
1826
16
1746
324
1044
75
1707
508
305
558
1090
1930
266
92
1216
656
28
609
21
1564
62
873
1244
162
151
395
1376
22
11
5
183
170
755
1691
19
15
1095
50
1546
46
808
33
435
1077
654
702
537
50
193
1683
34
149
236
317
829
360
1226
926
4
717
561
9
964
1326
1876
26
1255
230
1933
587
1123
777
1730
27
139
239
1237
977
13
679
573
1950
1858
731
262
1022
929
18
731
727
692
1521
1656
1804
1311
617
42
1471
718
1147
1102
146
22
552
1666
391
1556
957
184
701
193
608
29
229
270
561
1406
209
571
37
568
713
1348
24
66
930
95
590
1219
232
499
1463
1857
651
24
528
1003
269
1030
19
35
135
498
69
1004
811
141
1902
217
88
378
15
1670
150
1870
428
1761
1331
19
305
839
1152
386
395
1718
18
1283
1007
683
300
20
1923
685
855
436
628
1344
15
370
1435
1558
136
1497
1849
821
1915
519
1805
1505
155
14
571
889
20
28
1197
724
354
216
368
558
1306
127
267
53
30
1720
1458
110
267
22
1093
22
15
1238
1493
1433
897
25
1063
30
1063
277
521
256
25
28
1471
769
568
1084
1223
265
573
337
123
539
1220
106
922
677
938
525
427
594
1192
1623
399
238
455
841
897
454
658
734
25
709
229
904
54
678
20
1198
1179
640
30
221
354
1455
399
959
1139
228
973
252
652
661
26
576
580
1206
1367
154
739
18
74
1632
676
441
1729
820
1540
1595
86
987
20
1855
1420
17
19
35
1169
1009
20
1611
21
1413
782
32
53
1312
1889
41
277
706
1106
1025
939
1582
698
1496
891
628
441
1592
1849
104
152
1209
355
768
1468
12
322
1387
1718
1181
26
375
239
538
806
7
217
865
17
23
1070
607
343
31
1871
708
31
20
1886
8
790
1355
1654
1865
287
272
1152
1640
81
366
10
1016
1885
616
817
648
1150
1038
337
506
1769
1171
1223
125
1450
910
1567
1991
1635
295
934
25
606
671
240
268
1508
12
17
371
1440
645
195
652
16
75
1444
1620
15
1893
1384
1340
617
8
808
25
706
1243
556
1641
11
33
465
4
1350
985
419
434
1276
1208
23
14
1975
478
25
1610
1561
25
857
1063
113
1637
18
29
123
844
559
448
1948
574
1406
1491
423
9
598
18
22
233
623
1966
1710
871
1169
617
177
789
1529
700
1798
1907
468
1599
1273
105
1419
665
1360
430
15
496
1355
1049
175
1800
37
1780
25
1215
288
25
17
23
25
6
1859
1462
1951
26
31
445
28
1761
179
601
1255
1529
439
664
291
1768
27
410
570
331
1340
22
255
814
721
32
605
601
524
1871
205
1960
944
131
577
1826
35
29
665
222
288
1889
20
266
282
1315
1962
401
1826
834
1399
559
218
12
987
290
310
1899
1132
1209
23
1538
1382
998
206
1599
1542
786
284
1978
322
12
594
469
1155
921
421
1287
19
929
866
1661
301
267
35
382
174
19
16
1897
393
1629
1198
187
597
812
837
729
20
633
1852
14
1217
1102
425
24
21
15
21
26
26
1318
739
243
1386
375
79
557
252
16
1072
23
979
1544
20
198
611
73
1253
28
1962
1561
408
985
885
18
18
330
379
156
830
269
821
1319
481
13
1908
14
1803
1978
89
163
72
810
120
26
1875
145
1419
272
274
971
231
582
610
25
703
374
1603
259
325
358
534
826
297
1002
194
897
927
1710
670
991
1006
978
1734
382
1487
20
1134
1226
123
39
1134
1657
13
536
7
447
1064
1718
648
565
24
41
1742
16
1628
454
614
25
733
728
1638
7
404
221
26
105
204
296
339
981
19
844
1879
1642
901
1455
815
1819
235
146
1489
407
19
724
393
1860
27
696
249
24
777
845
14
495
21
1629
1081
129
967
1018
926
583
517
832
30
1245
1536
1062
361
325
1804
981
426
353
88
20
1491
1242
1840
1345
1897
134
474
506
1180
1359
1677
1413
19
682
1429
465
35
45
9
877
457
1325
891
111
23
502
522
41
1444
1954
355
31
1841
560
571
746
4
976
10
667
85
7
106
1310
16
1891
21
21
1394
1904
602
1888
422
1004
647
330
402
1813
1769
290
592
1095
1121
569
641
19
23
36
40
4
376
1590
159
620
437
28
858
1035
1896
377
183
19
12
744
1885
663
1517
186
430
1579
7
224
1787
1448
1118
717
266
772
18
17
1270
237
36
661
200
266
876
1238
1834
1830
696
1801
1212
1401
941
1127
114
18
84
29
218
584
293
55
792
1525
23
601
1885
1371
1742
83
14
1601
553
880
8
854
21
19
13
1528
803
23
932
424
607
1067
21
802
1390
516
265
982
9
791
1484
356
790
1069
28
197
941
670
235
1639
397
790
419
473
35
1488
1959
656
439
283
20
1503
25
1456
426
1449
1196
1006
47
1328
748
256
452
1576
942
83
745
1069
1051
26
515
373
389
583
758
1196
759
269
1164
1158
1581
190
343
14
926
1230
927
897
81
10
1974
389
1551
1418
1566
11
1266
580
1526
467
480
674
17
743
1611
5
1096
437
1222
331
571
719
1813
1687
21
978
759
1074
759
462
1883
609
938
8
327
813
194
543
1647
1344
580
984
1869
18
9
586
24
10
1342
722
1467
965
258
1769
224
1423
59
764
26
1014
34
20
1306
83
1932
157
864
283
936
1349
1892
19
9
802
8
934
884
180
116
1154
1176
596
183
1656
1075
1106
25
1045
1358
116
728
716
225
31
87
578
563
1298
543
1985
573
57
24
337
1104
202
1086
241
1188
1297
28
226
1528
1261
32
869
1093
1368
1288
1041
8
767
1042
632
1598
1630
1947
378
483
696
697
1251
195
216
21
996
1419
212
1982
175
1783
1212
926
855
225
1131
1079
29
1203
157
1419
221
573
1966
6
51
1022
792
305
23
1015
451
132
96
253
1111
1074
1952
1952
1966
1564
19
902
1740
12
1853
439
929
445
30
100
306
1289
34
1255
23
15
30
109
933
15
27
131
1032
398
224
854
18
305
1100
1270
1294
24
1053
1385
140
433
1911
1585
305
1809
31
1098
27
10
615
1828
404
1610
1576
922
26
381
1827
24
390
12
1896
778
1124
575
1301
26
1385
1386
1006
789
149
296
558
9
231
797
1599
1760
1343
36
438
346
1369
15
1036
711
144
1118
633
1193
1650
15
1022
1084
1760
1763
396
892
1762
30
1377
1607
1216
26
551
1233
1375
53
1634
331
1996
554
997
465
76
30
1900
127
15
27
763
1789
450
1077
33
1263
520
869
454
287
1170
30
1652
472
13
426
439
1919
176
223
112
1149
1056
331
1846
134
26
589
895
482
1816
1316
565
1125
537
210
310
572
1619
281
925
1393
349
1926
1505
1658
31
731
1181
79
19
856
19
1275
913
19
375
43
177
1388
306
474
1685
80
243
1757
229
34
512
119
1533
441
1454
31
652
21
498
749
352
909
28
1034
34
1103
1495
53
31
25
15
226
1512
632
1596
333
1392
303
1605
1006
379
1545
1242
1842
923
28
846
1079
839
236
478
1946
9
656
1507
1566
1375
22
210
199
1968
901
328
800
1840
1885
1080
985
730
91
24
1477
1991
101
19
13
115
600
1778
22
192
1795
532
1089
1895
25
659
610
28
883
1304
349
251
560
1876
1110
226
836
584
1283
113
20
996
368
1239
268
1161
18
990
754
585
313
1795
18
349
1384
1141
500
1365
976
1862
566
1777
1581
135
1737
321
1690
683
1504
370
651
813
624
321
1147
1539
1112
14
1784
1176
23
1036
19
660
175
1256
737
306
775
220
1124
65
1383
173
82
329
901
778
442
228
25
19
625
1199
1785
398
21
1482
43
1146
6
1830
587
763
18
1678
393
1417
469
141
27
956
1629
1659
858
25
247
1397
1452
1726
1721
260
1028
19
852
899
191
1374
1718
167
1915
31
123
1040
444
105
353
1243
1504
408
25
1068
210
1773
584
504
643
1902
711
1896
20
632
379
337
1191
551
954
303
542
16
539
29
783
546
1391
1728
1767
29
1436
1675
1687
1177
156
268
44
14
30
19
1140
40
245
384
285
168
1695
1152
991
1622
19
661
650
1343
667
233
1515
193
593
1333
525
1434
557
398
1038
867
683
921
942
307
778
15
906
188
160
458
1487
1837
1009
1376
22
1932
1379
27
513
1231
91
1560
12
33
1760
28
1508
1182
249
6
485
483
170
1174
7
27
1077
69
1242
287
514
1532
758
1557
76
11
29
1095
1692
1131
191
643
140
951
21
318
1804
1391
862
607
840
1532
23
544
339
345
1511
1202
1619
369
869
442
1634
1322
1423
1499
317
1485
13
25
360
1103
1877
5
1092
1709
875
12
1152
1439
393
1708
1625
355
1143
636
1828
1575
1975
1824
29
1452
22
1620
1043
1491
1707
19
80
483
1888
21
919
854
1217
985
715
588
1526
17
1786
1620
1077
555
1128
1370
806
734
648
1092
722
429
872
1564
1595
1363
1464
357
315
30
1374
1077
1023
1179
144
156
31
667
1718
538
1900
27
1528
504
778
1273
400
1290
1495
1884
883
108
1488
1174
356
17
728
1910
922
407
361
1031
916
1095
306
1952
436
156
1053
1009
799
425
19
1542
107
890
399
889
435
1048
625
1582
244
348
136
589
378
848
456
233
7
865
1386
573
1264
23
1525
1783
714
722
1694
424
21
598
913
490
6
1805
210
663
270
9
840
922
1574
1155
575
1155
20
1917
18
1265
256
29
1674
1252
1260
641
996
308
28
346
569
945
1238
33
333
1915
872
1085
1970
29
925
1678
1020
568
536
786
414
824
450
7
1028
1654
114
293
1236
1736
481
890
325
1553
295
1560
12
19
26
32
665
621
78
1145
261
207
1237
1437
27
1508
83
685
474
114
1384
1075
538
571
632
161
1623
68
218
1493
25
443
601
13
686
723
26
414
97
308
1068
913
649
415
1546
1285
164
979
1392
1538
1907
1284
17
202
1640
1050
593
35
161
22
759
1563
65
7
1241
1511
1434
99
22
7
1376
833
912
1099
1508
893
22
18
1936
917
750
54
209
192
786
20
1864
1761
17
1469
1057
356
1105
1628
1988
1451
42
1134
246
9
954
784
849
978
226
1210
174
1441
849
900
1198
20
1587
23
674
1768
107
1979
219
73
1521
1224
1137
400
463
1400
1480
894
158
363
1457
22
688
309
725
1494
27
32
88
19
389
1490
372
1345
1371
890
675
476
303
1969
23
951
36
414
727
1205
3
1274
453
195
915
162
21
632
10
759
307
792
482
1635
149
1802
1914
536
1914
782
1508
27
902
1968
27
17
860
1978
427
1474
779
649
794
25
33
21
1545
273
1996
21
25
378
338
468
1109
594
719
533
55
1686
1292
841
1074
1102
14
155
499
1798
656
11
525
1306
1510
834
540
1799
1059
1477
237
764
504
117
1588
544
1497
23
1892
1632
931
241
1014
13
1972
1715
1832
1673
1317
1980
29
26
23
1351
788
1455
868
1575
1833
1186
839
55
1923
1930
1095
233
24
38
649
467
261
31
1353
1421
1254
1614
18
29
511
261
1479
311
1505
91
1921
1116
476
16
614
30
1152
1954
1550
61
18
962
1574
1688
21
1577
292
1395
409
1112
1397
1106
825
1131
1117
356
17
1529
429
1456
162
104
1128
1857
18
478
16
19
1488
68
721
690
30
27
1399
1794
1582
186
339
1140
344
1392
533
150
1717
1042
48
15
869
819
453
24
1323
265
293
1984
1676
861
528
76
1019
783
268
30
792
1767
758
13
12
256
539
760
524
1244
643
131
350
1254
1825
533
1628
1655
13
1661
286
1648
410
440
490
1253
32
238
1720
1539
1446
1368
1474
283
954
1632
782
563
237
36
1748
1810
14
986
833
1275
1276
716
12
1314
361
35
828
9
883
1485
184
112
1563
8
767
1757
1751
1420
100
1159
675
625
739
284
874
24
25
579
129
92
1266
284
24
886
695
1876
1877
74
1533
1135
1234
1735
181
931
1403
1946
28
882
39
522
1968
829
19
31
375
761
1589
1640
1877
909
17
1450
596
251
1174
1972
31
11
1077
1451
68
33
1142
1278
489
1085
21
121
998
6
1321
27
642
831
41
534
1176
372
1231
1598
994
651
1367
1772
1713
17
248
867
986
20
19
22
28
1302
27
941
946
147
306
838
25
232
967
1231
334
276
347
834
1595
641
31
1300
119
422
58
27
420
285
1928
1428
440
519
21
207
1380
876
1788
665
171
1034
1344
1478
1814
11
1140
13
300
809
1047
182
731
1463
1610
1056
616
715
604
24
33
354
206
25
543
296
1573
909
702
287
392
178
489
917
1829
1971
265
608
1516
1564
118
1722
992
650
999
1893
1083
761
1881
43
839
909
1415
15
47
100
1727
19
774
1431
28
1409
1007
14
671
476
192
1541
212
1115
551
776
1947
59
1017
171
1426
1154
608
145
366
877
13
60
288
1100
29
172
440
31
413
594
22
421
459
13
1076
261
1435
1833
9
339
614
365
1369
1961
790
136
822
471
1010
16
19
1885
1228
565
583
292
236
32
1002
15
6
283
18
427
801
20
18
304
523
1212
148
577
445
15
1789
1235
254
237
1816
150
1976
902
1634
798
617
12
537
1250
965
287
611
718
802
850
27
1282
819
92
1231
1804
392
503
602
1965
453
1489
1370
92
751
1241
1827
195
1689
1534
92
1152
990
99
15
512
895
862
583
9
795
28
1444
772
11
570
1734
82
17
305
1100
1686
745
1152
1485
134
1554
617
25
1552
1687
1728
1754
1254
1186
187
992
153
542
23
10
1327
21
1105
1677
188
1081
365
1034
210
532
449
1678
19
844
889
1165
597
1289
1769
1100
936
1098
1016
592
1322
1358
16
118
373
1022
1444
127
13
798
356
1653
899
1179
1055
454
418
1819
1279
1256
177
1023
116
335
1311
1862
31
842
566
271
1826
288
23
630
26
1800
26
520
22
636
66
584
6
735
1703
104
524
385
550
804
476
421
535
1665
941
419
1320
26
753
1948
21
754
787
259
14
1284
144
233
1353
1153
529
1263
214
1469
1468
1877
1587
1708
245
27
28
396
1558
1691
576
1076
31
652
153
1372
624
838
1844
5
1889
722
1588
1640
757
777
1253
983
267
792
1147
791
337
392
1198
1064
469
1360
1393
772
134
755
33
514
1519
1398
352
880
161
1091
17
1186
917
235
870
1150
80
426
670
1936
333
146
26
200
3
1206
412
292
100
520
520
219
412
1055
883
16
723
162
825
1654
1742
511
1538
590
715
392
345
1406
25
11
1806
457
700
343
33
1480
317
18
1109
120
1135
351
194
1266
190
15
792
1576
1534
429
110
1345
189
755
632
1524
23
3
861
26
14
492
1121
218
952
473
183
415
1884
18
13
436
1055
35
444
643
10
22
1431
661
1809
8
768
1738
1242
1239
29
134
53
624
10
1075
1804
10
14
640
254
1299
1792
1168
778
1159
1037
1420
669
996
580
489
14
497
604
619
914
456
289
9
1566
1972
282
483
1307
1385
881
947
183
218
1363
1913
780
719
478
23
1244
911
936
795
1413
17
1104
1529
1945
472
1290
131
15
23
28
1274
1977
663
7
1656
1656
841
24
1025
25
1190
1671
661
1122
1829
21
1554
1251
1578
10
1260
24
1683
24
1728
22
8
1247
1433
440
676
45
1980
1100
16
1418
224
892
165
83
1087
478
9
127
1336
1097
1395
346
7
12
225
889
394
18
24
379
1994
112
1136
1712
1503
1706
1000
23
864
568
1437
262
9
379
618
426
324
320
634
1419
20
989
26
13
1480
150
1540
937
29
752
151
790
1857
23
1804
1494
94
412
128
504
11
336
25
156
468
29
1054
522
1426
1533
233
260
519
1730
548
1431
12
18
1032
1795
18
554
1302
10
765
716
1874
279
4
1867
205
207
294
1533
294
23
1871
1040
643
398
1643
1685
944
566
141
1065
1106
864
683
560
228
625
1070
820
1215
1173
216
22
296
98
2
14
519
1748
186
11
1751
31
654
870
586
750
1017
333
351
398
1430
649
1919
203
55
563
1935
1735
787
1712
390
1801
529
241
662
29
574
954
1438
1500
1746
624
11
350
1969
515
32
1127
1300
1636
571
1898
9
739
29
368
139
1885
1464
1828
21
11
273
788
128
682
123
1187
23
89
805
177
24
1049
323
573
1314
307
32
30
732
1672
561
411
701
615
889
1154
1506
11
27
294
1476
1185
1360
784
806
373
430
214
137
450
469
480
1030
112
1953
19
321
23
1650
195
24
821
1157
1765
1098
255
18
616
681
1535
387
142
21
723
1612
1028
1058
1371
542
897
355
1155
395
706
1293
922
282
387
1083
874
24
1214
1834
1862
27
1172
25
1675
1847
654
978
1801
17
702
1562
1623
409
25
1230
395
431
645
1908
19
798
1513
863
342
1902
387
212
621
311
730
1818
223
22
282
1200
1566
13
201
908
759
159
841
482
434
1947
195
7
1440
468
494
858
116
1774
702
375
923
14
114
24
215
1142
493
15
848
21
339
17
115
872
1902
441
25
22
1076
1013
12
32
1374
290
1186
119
1873
795
23
221
188
828
31
4
1759
1060
1191
226
1133
25
636
20
1286
1449
1119
817
304
774
62
585
1025
1167
491
1001
967
41
1347
1088
691
1520
70
1623
127
845
1696
770
1149
25
333
850
21
283
691
714
1307
30
24
412
537
1363
584
18
348
1710
1286
513
1968
17
484
24
1650
357
769
115
1795
791
107
447
1213
701
279
607
269
660
126
1181
894
32
1719
1582
1327
286
90
423
1080
293
19
212
1656
74
267
113
951
15
1340
21
460
27
1090
259
142
648
21
262
589
1024
521
1456
618
16
1407
1027
242
365
1386
588
59
1222
26
1476
307
1294
744
113
667
156
148
590
1557
23
576
471
1922
346
838
28
777
26
190
1402
917
258
436
586
1772
128
494
386
301
1820
1171
1470
379
138
304
1121
14
453
1242
1051
601
1614
381
25
32
1373
187
817
1379
71
31
943
1520
307
4
707
1333
28
34
275
1124
1182
22
1081
457
190
1188
956
1198
1888
1569
1775
1965
26
910
1675
597
12
862
33
113
795
1436
1854
1896
54
5
845
30
1367
784
188
261
1222
18
1573
1257
10
800
672
13
887
415
886
453
28
195
398
796
26
825
1237
1426
897
1132
71
29
189
1278
534
18
976
16
1939
896
1459
157
127
1304
795
1061
1306
1152
1361
439
960
1056
1720
973
52
14
578
1109
19
1800
6
176
1476
19
810
36
188
1464
1031
960
1056
1215
1381
371
512
295
1087
737
49
459
1242
383
1165
752
33
345
1260
1621
29
610
23
2
136
408
826
161
815
1118
1202
1399
1448
169
687
1295
1534
504
366
1071
411
252
249
74
686
645
163
867
1767
313
349
848
17
1027
287
118
24
112
1664
75
309
964
1078
671
1016
1879
16
711
1584
18
21
107
654
1253
1656
1068
14
146
983
1173
1139
691
417
23
750
24
162
105
583
281
182
1854
1074
197
687
153
14
1403
97
758
5
1195
18
16
1135
1237
155
770
766
1082
1762
23
1163
757
179
1152
17
1739
451
18
1150
1206
24
1879
696
5
793
14
284
49
474
932
663
7
1829
1223
345
22
811
1243
1264
313
1145
1219
1000
1089
1653
318
1350
1271
120
827
331
1918
84
7
8
986
24
1476
1612
1416
296
19
1359
317
762
565
13
24
552
34
990
614
254
1286
1214
408
279
1683
28
38
291
1174
1242
1831
883
181
23
1179
603
16
1775
478
545
425
116
508
307
1345
1334
1658
1939
18
738
48
124
333
1604
1362
1003
1733
24
1914
18
37
959
1445
1064
19
27
1485
1137
31
879
1606
297
747
21
905
400
281
70
343
715
1906
9
21
198
35
1133
494
961
32
1077
1008
323
17
525
633
585
465
1886
22
1362
30
855
1044
469
1220
772
1628
1557
97
705
517
1059
523
116
846
569
1283
28
719
486
666
1406
1154
901
133
451
1035
394
28
1262
482
5
399
1922
629
841
962
1808
1500
455
411
408
18
809
452
275
140
1227
597
504
1571
16
150
24
1065
1932
758
1423
1717
399
20
345
1098
88
11
18
127
135
1285
409
21
229
386
628
30
1620
157
21
163
231
229
1934
871
398
1248
174
683
1898
991
18
26
1681
1493
75
493
322
1879
1382
35
1022
153
530
586
1266
1758
1965
140
569
1497
626
32
30
819
655
227
38
29
1795
692
1496
1249
1347
20
239
1715
931
177
66
520
1771
703
21
32
779
1981
789
917
1403
162
435
765
473
483
1115
1726
22
10
493
33
1180
1518
442
1136
1494
1456
866
1859
683
1085
233
38
1153
9
1348
958
1172
1635
249
1056
613
403
1820
27
471
1063
823
888
629
1468
1365
534
782
256
1703
158
402
1295
716
663
297
328
661
414
290
1500
17
765
917
26
201
749
470
22
1533
1195
33
16
252
1685
401
373
460
12
1340
741
40
829
531
988
98
379
1745
1182
62
697
360
22
651
510
419
728
82
369
917
24
29
1760
284
32
33
1317
27
1186
831
1971
844
222
26
1397
1523
1559
1235
1324
1667
1641
633
528
587
353
20
278
779
21
112
1721
622
441
17
466
509
26
1347
496
1380
25
293
36
680
1255
547
1662
928
18
700
1145
906
1549
1008
1422
1943
215
200
800
64
853
1245
24
25
27
1470
136
358
1361
25
676
618
503
306
1815
1840
115
1308
501
970
14
351
333
1209
1648
958
524
583
31
191
33
29
181
1124
96
1982
814
29
17
24
1176
947
1073
20
861
95
1900
567
1823
1148
30
1274
555
287
1175
249
34
1366
45
352
331
654
712
635
21
702
1845
361
1776
278
136
1351
208
1146
1904
59
271
1296
822
230
1640
14
1613
13
1106
675
18
413
1978
22
1193
273
34
337
412
1704
1232
490
15
1272
439
163
21
839
901
1949
21
699
9
836
406
1223
1056
438
1277
756
1734
1725
1151
464
188
1323
108
909
11
333
399
868
1548
962
183
337
24
953
16
1551
576
550
1041
1784
331
420
18
970
25
393
1158
494
1529
1419
1580
1859
1173
1096
595
404
829
407
1117
690
1441
55
98
1174
341
656
1887
704
1668
167
16
1229
521
613
29
32
843
18
1476
429
583
301
599
537
1488
256
1165
1674
1262
39
1437
67
27
2
954
1333
15
1567
1654
6
1587
201
7
321
224
1372
269
399
17
1295
758
387
702
74
1868
847
968
60
1680
464
1813
30
200
290
1266
1555
296
28
107
628
902
932
6
17
13
21
150
649
1177
32
28
1115
1659
1165
896
140
461
814
1594
118
25
1208
366
1024
16
167
1544
192
508
1636
1148
1277
21
586
1483
552
23
148
842
463
193
815
1771
329
19
564
699
1014
31
1603
466
1220
146
1404
1346
652
13
1530
123
556
439
221
276
138
322
1573
109
26
186
1937
528
1811
1519
253
167
42
31
1953
945
13
526
35
605
1064
19
1709
1458
1536
19
1407
1343
450
7
1795
83
779
297
994
810
191
99
1809
465
64
873
296
981
1467
15
80
326
1767
741
576
343
1665
25
469
496
72
1710
220
611
526
1450
7
1729
194
1497
561
1235
28
12
355
1731
30
772
1402
332
1743
1236
126
628
489
9
1098
415
295
14
834
130
1008
1328
1681
44
599
31
1157
738
726
1889
111
80
1331
525
28
1165
1442
11
921
1273
863
1283
32
1351
13
712
446
7
3
1773
564
27
673
128
462
278
5
89
574
25
1277
1637
454
260
964
26
1280
2
179
127
1837
21
1524
992
593
51
1861
304
1532
228
890
623
313
425
805
1072
1688
458
1329
327
1939
76
1006
349
1727
835
590
652
1676
951
85
752
1439
507
1371
1864
1142
955
1255
9
1350
24
1400
988
53
118
35
1501
254
1014
1588
110
663
1797
32
849
7
283
20
1079
26
516
1636
442
1038
833
1342
472
1055
1187
149
17
22
398
989
534
999
286
992
13
787
1815
20
951
460
829
27
317
508
816
1765
22
1063
189
892
26
1179
1644
867
550
561
1163
22
1
1440
805
301
169
300
24
724
198
10
272
448
710
328
181
18
30
238
22
878
411
644
1702
1578
84
32
449
243
79
30
1084
591
9
30
110
1111
859
602
1146
792
1088
99
101
1034
1859
760
17
422
972
169
1292
1003
351
455
25
976
303
281
974
157
1899
181
287
705
755
1980
200
1591
773
55
62
1242
20
36
567
1597
22
14
557
286
610
877
1066
267
1238
85
706
179
1108
1566
727
107
626
319
34
488
978
1047
608
1275
957
566
1881
23
352
344
1026
365
432
219
1326
25
202
145
842
28
564
380
664
335
952
208
1471
97
145
11
1899
19
1026
170
1030
1052
19
110
1352
755
21
11
1886
1140
340
1656
1553
1129
936
610
24
736
21
1771
14
184
1209
951
1096
13
288
425
703
814
30
1662
1201
168
829
30
488
1261
37
850
248
483
1329
958
1190
63
168
31
1795
38
21
924
799
94
1894
990
765
880
12
647
822
21
968
1716
17
137
1431
1226
672
659
1021
1231
1392
288
529
1647
154
18
531
187
219
1747
384
1132
713
523
1456
526
846
1753
210
641
1864
611
1835
413
649
56
80
873
35
503
1315
1385
14
121
385
143
12
985
1005
1004
31
1557
19
31
1558
476
311
1103
21
18
208
19
1516
965
187
656
31
1423
16
1772
1400
509
12
497
1485
1606
737
1617
1508
1172
1114
158
1829
28
36
459
527
26
11
1247
1407
1502
42
598
526
23
358
11
20
631
878
750
22
1188
1427
903
368
1538
406
1254
1374
762
29
129
594
879
1937
1
1920
216
763
1812
578
1950
93
781
1240
31
1164
1616
1817
1224
1836
1266
26
316
15
1226
19
628
17
1307
712
661
465
1859
1542
210
625
887
560
421
448
291
1164
1096
1635
32
16
356
21
480
45
492
622
558
1176
1355
1694
325
13
1655
1943
150
1882
117
388
1385
940
1443
845
1154
1629
946
1017
1236
1151
1402
18
1146
1760
1825
13
1788
505
1226
222
625
1601
240
1988
313
1123
14
1131
749
79
1863
118
179
667
266
149
487
16
50
1392
277
419
986
434
835
1789
11
373
1294
1081
1381
1126
1231
10
1098
570
93
916
1544
1058
1465
25
24
832
1370
10
1233
892
12
1486
40
260
1859
1392
963
1735
1801
21
273
910
682
238
7
388
1169
993
503
194
1253
944
15
103
457
667
79
1967
94
17
1365
388
1153
1407
18
739
927
56
361
904
165
451
19
789
212
1554
72
649
94
1477
686
84
448
433
1639
1072
13
1432
468
1782
21
1829
524
44
1588
197
1011
1925
1075
186
1554
1221
806
1888
201
863
1254
95
1050
994
661
31
1871
575
234
1042
6
1062
1649
436
590
29
1981
545
268
440
12
664
503
587
1196
1419
639
515
1181
948
24
20
1986
315
827
34
1671
13
1326
15
31
22
1769
163
823
1191
452
932
915
602
1383
27
107
31
449
25
718
988
1384
1812
1871
545
723
1166
13
1365
26
1563
27
1206
24
277
1245
730
25
668
189
17
837
27
27
668
460
175
3
1880
695
151
501
756
1994
639
1128
1166
1065
1365
21
1175
479
17
227
1430
27
86
1862
952
376
15
27
1807
886
1085
737
1000
140
698
14
1116
1648
28
5
1656
35
1215
743
894
1849
1876
494
661
452
1101
1567
58
7
153
676
615
1047
386
15
247
516
124
546
365
499
1793
1260
1528
1152
172
296
27
24
17
22
650
9
701
668
871
1081
1424
968
588
252
160
846
1983
986
610
1868
745
891
32
1347
289
844
1883
85
1665
1041
962
458
1196
515
1735
1488
1784
17
1924
26
1221
516
1967
1900
1103
320
1415
619
840
10
1412
29
878
18
1282
967
30
331
10
272
105
862
1681
4
32
560
1865
21
772
1568
1102
35
422
1851
1008
24
366
1782
662
1995
93
401
1896
1283
1513
769
1841
1240
1637
236
633
457
1616
1020
1309
1178
228
284
503
1655
729
157
800
304
402
702
1441
477
572
34
1694
1538
1944
262
1182
979
725
361
7
59
1002
1288
811
14
472
1962
249
1696
473
1981
1648
129
1306
216
653
34
16
1637
1799
274
29
928
16
452
390
13
353
94
1066
1439
376
251
192
1705
1617
797
978
509
19
1475
135
1880
1739
1308
242
1987
55
1587
1137
1809
1161
1692
1003
5
1951
327
202
658
394
262
1783
1717
1360
116
987
1098
8
1309
33
702
361
458
13
20
23
644
250
250
11
1204
873
1686
1050
1012
1255
466
1681
1466
452
10
369
20
1432
1496
1407
419
761
430
1340
36
1083
450
1757
1166
354
1702
1648
985
356
1405
1751
1774
748
750
1552
389
428
962
63
744
365
1847
24
1887
452
1107
245
433
890
31
779
1308
1174
4
128
671
769
905
30
308
597
1900
842
37
482
1521
1221
23
1842
404
569
1290
1296
421
21
5
826
1599
19
28
775
1518
1569
59
1957
136
22
1271
575
1952
975
1081
540
66
1948
751
86
985
28
26
1758
1653
1828
570
1785
404
34
1473
22
34
29
1322
150
161
1103
397
734
1466
352
1689
106
894
421
92
200
646
1033
231
1400
269
1786
1159
827
572
1298
961
763
38
870
333
826
13
1102
17
1271
25
12
25
133
1112
1676
1010
1838
381
23
1766
17
731
441
343
699
729
733
1918
11
23
1490
1463
22
1479
816
201
1166
1829
268
23
231
515
14
24
1574
1423
156
990
1895
18
1878
418
1058
1199
1461
711
626
166
1574
177
17
148
33
64
66
2001
34
736
21
1106
139
469
401
1610
1253
10
534
18
18
904
1030
1704
1608
203
362
1300
78
7
65
993
542
1123
460
241
1217
193
1767
306
365
911
1594
254
201
537
1637
470
1765
823
22
335
621
1110
2
3
1650
1369
1251
966
1583
1087
1201
967
521
27
765
266
71
536
71
1412
796
659
1182
288
18
920
1142
13
23
5
1016
255
168
1437
1342
29
31
1129
1249
583
842
399
1894
1012
819
1195
635
326
20
27
813
853
1633
1041
1867
198
1365
1005
25
873
1034
13
26
24
863
834
387
1314
316
44
19
1207
27
425
844
29
19
30
653
32
1159
28
23
91
1739
8
18
29
37
103
188
486
24
1912
282
1250
271
1263
19
1132
346
23
379
849
1160
488
1576
1055
1223
496
1479
18
1046
1058
588
1074
22
1092
19
1641
157
281
27
54
34
799
24
526
764
720
1
220
17
39
20
1919
419
1068
1485
402
1569
28
157
1460
191
795
589
740
398
248
440
15
1024
445
21
1041
985
1182
1197
530
526
26
1877
1441
555
20
816
1269
580
888
16
142
424
230
482
848
327
1629
32
92
1140
948
121
360
948
381
1140
29
733
192
462
527
1325
704
1786
273
270
131
13
21
18
783
696
330
1030
11
394
534
12
594
776
1856
1786
1905
72
25
1201
352
1589
522
560
858
1410
1718
590
78
821
707
129
1544
488
1041
29
12
669
295
1679
1188
663
279
19
293
15
402
194
26
35
113
611
377
273
17
1951
488
1251
1720
21
1627
1618
1317
348
1464
1000
936
1468
1373
1660
1340
1344
947
204
612
261
50
753
995
21
622
217
843
22
22
504
1386
988
1145
1770
1134
34
1050
1935
694
605
750
202
1062
1264
19
1178
1990
1300
761
8
12
188
1771
1215
265
343
24
1865
554
106
310
13
144
25
1341
23
1296
11
125
1868
18
19
1308
410
1622
327
274
1108
16
983
21
794
17
307
853
175
894
377
154
3
161
1326
712
420
127
1487
1513
530
17
451
129
26
344
11
326
1431
1724
1179
1023
923
1163
30
158
1595
1138
1903
225
406
1276
749
31
180
1082
1552
604
10
1403
948
1149
1684
765
1872
1458
1519
1123
1039
1085
1755
917
680
16
21
22
1016
53
805
207
1645
275
24
240
669
1218
1213
40
948
80
1661
835
21
11
340
979
1974
658
537
361
261
865
778
520
1156
1500
32
256
975
1024
166
28
25
1306
1422
22
8
39
139
772
90
1582
99
1512
1070
806
39
1641
286
1315
19
129
1946
866
1182
643
955
43
785
901
764
416
693
1416
1402
506
35
155
150
1332
1626
236
538
36
24
21
622
17
1738
18
1265
1087
1749
701
25
893
393
25
1067
241
676
1202
1924
17
1
1571
108
34
553
118
1669
513
521
1539
434
393
22
32
459
1075
1660
20
1256
393
37
1010
19
1155
1527
384
1149
113
24
22
862
679
151
412
28
1424
151
675
1119
339
395
178
387
148
100
751
827
553
1349
178
296
169
1099
26
16
1224
1136
283
1439
1675
426
687
13
846
326
107
165
22
19
866
18
328
284
526
1279
1879
891
76
206
1984
1425
1758
12
761
19
32
15
26
798
275
1399
16
1100
630
401
321
23
1857
821
626
1136
1691
617
32
467
24
1601
946
1851
1001
1318
1952
833
27
30
8
1067
1874
1668
33
77
850
20
1807
40
51
359
1040
1063
24
443
1800
1011
1050
1123
1407
950
1838
1324
720
30
1113
31
1301
173
10
1343
963
424
580
1417
769
9
656
1664
1382
17
1214
1026
31
574
1123
1098
13
709
605
1775
8
338
16
1342
23
501
170
1748
1871
24
65
680
903
557
838
250
1137
640
731
17
802
1555
38
186
1871
21
395
44
785
22
607
91
308
1396
1291
1974
1832
1540
1014
5
530
1282
1128
215
19
1526
913
18
1662
1229
496
389
1661
801
518
1765
549
1791
1058
20
265
447
172
316
821
295
261
988
490
1868
1119
1371
55
22
32
1584
112
1870
266
762
221
549
180
1414
17
1647
427
1000
10
73
383
317
282
1802
132
18
691
22
968
123
34
379
1149
1257
1171
288
23
234
644
289
1217
922
584
1426
1883
273
1779
31
132
246
1667
291
393
1039
25
25
223
1180
1092
11
701
1366
778
472
125
1390
1675
380
392
361
379
962
24
8
1442
954
166
25
1166
147
17
1488
831
272
247
1521
460
150
12
109
575
239
131
1305
20
578
508
769
869
18
20
437
1579
1884
1138
506
1492
469
298
1503
1653
368
981
25
19
1649
1264
21
875
1855
1802
33
1986
20
32
1004
659
411
1007
28
213
905
23
1059
1063
1595
1586
865
26
1339
401
483
969
1715
442
1025
461
1158
1674
12
30
149
1333
845
63
983
1576
432
1421
11
1892
330
506
383
743
85
370
21
1307
576
154
1429
327
1431
1825
1090
1986
1240
947
1607
19
1068
124
15
35
1123
143
431
89
153
745
1123
96
8
1137
172
597
503
608
979
1019
112
129
338
343
413
824
244
24
1402
1083
709
318
1417
1778
536
1849
640
1312
1603
545
290
380
881
107
183
265
1918
1853
136
232
1074
1112
1452
157
136
27
504
28
22
1747
1302
20
488
1713
138
22
1043
1389
44
1056
42
26
801
1588
1616
31
398
31
36
1922
1316
29
57
815
787
487
143
1564
1431
1005
352
1093
33
1067
732
28
20
114
1606
370
1
1885
527
1811
1650
1305
1543
26
57
18
408
1377
157
1577
123
16
1472
506
1165
10
979
893
335
810
1157
614
16
892
9
1053
463
202
1216
563
465
22
22
2004
1129
686
1954
1029
281
918
11
530
315
29
22
915
1851
4
1849
1427
612
1760
67
1800
183
627
25
202
343
921
1033
1680
1326
1045
1846
25
1777
564
632
1492
591
1742
1843
1418
1302
221
30
476
275
329
109
23
1051
31
31
554
623
29
293
1482
1085
750
1669
990
34
1182
1145
1242
792
322
162
135
841
302
202
16
1210
1480
311
396
8
555
1073
858
804
105
24
19
168
407
443
327
1347
1505
22
797
90
105
805
1919
261
13
1194
35
1443
599
506
187
504
452
1886
22
1899
1214
553
1441
1883
439
1654
1192
383
1717
761
1497
1880
297
748
1658
182
784
99
372
650
758
21
1238
1730
1796
499
1347
21
919
3
960
1174
455
570
82
15
85
1855
11
315
1615
1456
1322
36
743
184
238
1053
613
1597
1487
12
693
80
593
311
11
712
26
246
935
13
1992
28
1251
589
1642
1864
752
1730
396
686
801
49
498
397
1253
1082
347
48
1265
64
1950
123
848
25
1996
116
787
21
1491
710
383
693
399
620
22
1345
829
1542
45
480
648
716
32
31
150
82
6
495
1321
967
727
1862
345
443
1011
105
947
881
1524
149
1230
299
1711
84
815
7
772
1305
569
804
1695
1951
463
30
812
1247
152
29
1042
1870
5
23
985
199
1792
24
1947
1824
280
355
1990
817
52
17
28
26
31
1446
267
173
674
1468
30
27
186
1268
1515
1657
323
71
21
426
1711
1392
33
1495
1097
848
644
1259
26
136
153
1513
516
1578
1308
1182
564
78
531
178
78
22
613
19
241
494
1819
76
122
1512
491
144
788
1458
22
920
987
728
1733
27
755
386
22
574
33
373
920
1648
789
14
1847
1596
919
1742
1131
1335
1458
15
31
165
883
549
537
1730
1778
195
23
367
1262
352
959
1215
1479
368
551
1075
1359
494
368
1751
1691
1766
12
100
827
534
1029
29
22
19
372
1327
513
1316
362
45
1297
713
21
25
1732
267
601
1027
6
169
1329
547
136
274
8
9
13
1726
499
4
1444
1108
883
1487
27
13
541
1179
703
845
549
274
1500
1518
488
23
556
30
441
1356
629
641
263
252
27
426
134
195
90
1966
808
233
1631
578
1521
16
134
1043
21
96
592
553
20
27
963
835
13
1830
525
1153
503
22
1788
1244
20
105
1889
1046
372
1160
1396
1487
405
1282
30
397
943
9
1022
1687
1068
965
1970
22
21
32
492
471
28
1300
14
1255
319
21
821
668
8
845
671
1326
24
555
201
35
522
295
504
1431
1061
151
277
1110
878
225
21
479
103
887
380
30
90
263
13
590
20
22
990
28
730
1797
313
1544
229
1552
928
703
722
1979
35
771
28
1302
593
431
640
17
181
1473
13
364
115
1725
595
663
464
1623
388
1242
797
126
309
509
24
23
1548
1892
30
575
1776
1400
946
180
1116
1862
129
526
35
1219
705
155
1719
1521
624
231
24
773
608
1483
979
1424
412
1982
40
880
172
36
81
1414
542
105
902
1069
367
319
1450
522
802
1635
1662
877
10
1038
1349
839
1307
375
167
940
36
1255
1
996
392
13
128
22
1824
317
1176
729
13
401
1458
20
1255
157
19
196
1326
242
712
1383
33
1181
24
154
1424
1261
346
1367
740
937
213
17
965
1951
307
763
388
186
1430
57
1736
29
415
733
1069
1273
188
1556
569
1290
594
24
1361
172
682
1163
181
489
1380
1710
347
1880
27
128
1068
1386
230
841
659
767
466
25
30
650
9
758
753
641
323
33
1371
1339
48
655
95
754
1722
7
8
31
774
1164
301
1582
802
1197
786
1049
17
852
1005
1151
958
1517
1730
826
1191
433
30
8
1489
1669
242
24
1019
1613
809
444
242
1037
74
477
74
25
1354
1383
1829
528
1270
853
1794
36
1140
957
1011
1093
847
809
155
1813
842
302
1658
705
12
363
1973
591
25
523
1750
1623
390
1156
194
593
826
369
871
425
261
76
125
24
676
9
692
392
26
1544
210
29
1859
80
50
608
344
1991
281
17
1510
16
1331
1859
969
1041
25
914
14
1603
1303
171
300
1728
30
961
20
19
172
332
82
37
697
1963
1162
1363
1266
973
17
32
1651
34
289
914
750
1215
699
22
536
1014
452
180
20
17
1228
134
765
1638
106
9
678
1843
1000
1928
1268
10
745
1226
790
1261
1138
742
632
24
1570
244
574
437
751
80
231
423
236
138
35
6
914
967
1826
1427
1066
1217
1263
1240
440
395
1265
1755
13
727
14
528
712
941
1893
1960
1020
19
1176
713
26
1181
22
1768
518
1504
992
552
35
1386
1059
151
912
201
89
732
124
878
962
1453
1541
276
364
471
971
12
381
420
582
26
1143
302
387
365
164
641
68
788
147
384
1041
848
308
514
28
1096
1411
811
422
842
1532
1919
640
68
1268
61
203
602
11
851
4
747
6
621
1180
1743
1367
791
248
1073
8
343
546
17
1516
19
25
388
316
1811
603
647
466
1298
501
27
776
1062
889
1170
593
22
30
216
27
33
372
814
1504
69
1269
784
1053
18
146
235
1483
28
731
496
1413
504
437
602
21
1933
1002
1081
507
171
841
1507
368
763
1565
1545
1050
1627
651
1374
30
32
1625
1016
436
1696
1804
1168
1611
1262
323
245
1599
449
414
1072
1506
1494
169
1437
120
136
17
18
1408
402
456
1444
22
487
1313
241
14
18
550
31
425
26
12
241
1889
22
19
211
571
106
508
1569
1927
1627
1456
373
773
186
924
1101
8
1947
1561
28
1173
339
1362
287
155
636
135
1038
653
1453
906
4
412
712
476
714
488
489
1283
1683
1143
722
313
689
1160
883
631
1447
1222
233
782
117
724
468
1296
145
362
1922
282
742
23
150
1129
496
27
897
1644
63
89
35
33
30
403
1067
751
95
1521
579
828
25
34
591
1376
29
1129
90
1569
695
103
1817
785
248
1114
99
1375
1887
1546
1282
1195
31
526
1179
13
15
67
18
801
250
727
170
314
1381
1432
717
810
1527
262
428
509
996
411
1909
786
107
15
32
18
356
22
1378
237
1041
17
1441
194
403
30
973
24
727
11
60
406
1172
1789
165
1112
975
1380
219
1681
14
1200
366
16
32
476
593
515
18
716
245
161
233
592
963
873
1062
384
958
404
160
8
957
19
1317
1456
24
523
195
932
864
1304
883
38
12
182
963
824
147
7
41
108
102
1220
1135
91
188
33
309
28
886
1699
669
435
42
315
28
1724
652
16
799
259
696
359
628
639
1780
233
630
1717
328
323
1879
21
1555
606
1148
1320
797
58
880
532
273
564
1424
747
1004
1944
486
1879
1282
654
23
5
620
1252
1657
1012
971
767
779
462
1031
13
1623
6
25
1810
31
818
1102
892
455
641
1231
167
870
9
535
1435
1889
755
14
1309
1802
35
193
1366
1293
28
1514
1
1759
309
219
27
1977
1572
1945
1377
14
1371
1070
101
1100
1882
783
458
905
29
1878
975
401
33
1610
18
39
500
526
1879
3
1591
930
124
398
951
771
1952
1024
1693
1467
6
20
1968
968
7
503
15
754
556
1694
1388
28
1536
543
32
910
71
9
1028
248
412
1470
1346
1731
117
1350
149
1801
460
1198
35
31
169
871
148
21
373
140
22
300
1652
829
37
31
1166
862
1134
1227
217
1970
401
908
56
18
853
328
94
1291
403
975
774
54
706
1519
1076
24
424
705
1027
1799
16
20
405
677
608
1084
3
308
58
383
1584
703
15
830
1423
1540
1869
1118
549
1143
1231
1945
32
1697
380
1799
643
254
1988
222
912
1833
730
594
777
1529
1253
695
1043
680
577
1241
54
18
1043
19
1871
536
