920
35
18
733
683
828
153
643
427
455
206
994
435
819
984
640
1111
16
720
975
1061
308
6
889
468
598
1073
810
234
688
386
462
30
807
3
834
111
432
1128
72
983
683
725
207
1019
445
718
650
1166
223
208
125
23
889
91
144
225
527
397
887
202
849
266
234
1100
1185
269
761
103
14
576
27
1096
621
728
798
157
597
553
51
673
756
1162
112
16
6
642
28
213
448
325
484
1078
54
845
748
690
28
655
1008
803
33
732
1086
849
533
1084
731
147
20
829
746
278
643
1132
882
668
670
916
523
828
33
1049
987
417
893
203
962
293
1084
26
267
479
851
27
24
21
52
179
219
1278
1120
750
959
36
125
27
59
26
1178
920
1176
24
2
1199
272
1219
23
604
605
30
26
572
117
3
871
197
184
253
251
1296
57
287
427
28
4
934
671
40
111
25
375
981
709
829
36
62
555
1079
18
581
15
382
763
649
888
280
267
722
912
9
157
235
696
435
157
26
500
974
6
351
309
210
622
406
404
61
789
6
185
791
431
933
985
890
20
28
28
836
539
141
24
762
16
68
384
19
316
382
805
533
561
1018
465
302
94
887
19
428
897
721
211
1065
63
835
15
581
908
978
547
13
998
19
492
1108
69
858
891
476
16
1008
527
705
1194
92
974
629
455
29
997
249
33
688
729
217
744
353
143
304
306
318
253
755
122
324
498
846
1030
456
546
344
1274
1002
31
665
271
668
175
420
19
667
792
862
1049
35
84
888
92
555
669
1068
808
386
59
1080
626
500
20
626
10
923
24
11
222
628
368
892
224
1143
87
37
545
824
24
72
1187
607
1149
23
10
894
10
1252
487
440
20
201
18
621
515
153
1119
211
867
11
906
127
349
746
652
21
612
14
475
74
227
396
31
76
395
594
725
1028
18
1064
289
1156
24
9
501
509
19
772
239
1030
803
197
1231
677
1221
16
302
808
548
31
305
731
529
524
14
461
606
30
16
19
10
9
254
334
478
1066
1244
297
178
972
62
776
276
43
429
121
10
1151
26
356
240
1151
27
1181
29
1140
465
246
337
321
129
520
643
766
532
21
188
517
52
14
29
374
797
463
1268
421
11
1145
397
833
781
1087
28
650
230
559
846
1186
751
29
342
232
17
993
1144
687
175
198
179
695
20
1255
27
314
296
218
195
534
665
843
42
1137
18
320
26
898
542
1303
1153
14
959
472
21
501
1077
394
115
955
333
22
1020
681
715
782
76
63
173
525
13
833
376
170
883
392
485
151
1124
878
1265
782
171
98
302
100
851
837
32
433
603
919
840
488
155
332
1118
327
107
425
18
1056
480
473
28
949
640
615
743
29
649
405
535
21
413
128
1092
21
225
702
934
1261
241
454
760
217
94
959
0
567
662
530
13
1299
8
26
20
489
1051
510
455
623
297
670
653
15
757
391
67
935
253
13
17
1058
24
873
165
865
1258
279
774
241
337
168
85
513
1156
130
779
666
1031
1267
268
21
24
34
82
743
484
102
511
843
709
567
559
952
647
12
654
34
370
737
297
705
869
38
21
136
509
1070
53
523
19
198
124
362
462
644
809
734
8
898
1105
710
12
17
9
26
538
28
712
525
342
749
788
795
596
556
283
433
591
23
189
1113
15
645
620
701
281
1286
254
359
1012
643
253
6
707
113
98
182
650
14
344
904
16
231
36
1218
765
320
127
212
239
1203
798
119
672
480
489
9
824
22
9
545
1044
675
1143
1143
14
119
230
1182
476
683
1208
81
248
528
249
1078
12
211
811
594
29
13
22
747
601
278
316
137
129
559
13
242
314
25
527
1143
1029
680
448
608
397
1033
135
673
23
467
421
550
7
351
855
483
1049
870
1199
1289
20
560
315
295
13
339
299
345
696
8
394
984
936
251
6
198
745
603
1003
34
143
939
912
51
25
664
258
246
29
1237
24
1223
306
450
536
184
203
67
1235
1126
23
34
27
26
26
565
1289
380
660
28
1086
505
1266
33
933
690
113
864
80
220
1221
231
690
101
416
217
479
552
113
821
351
407
463
706
16
588
197
40
1101
407
142
229
450
900
665
353
37
619
248
843
619
480
1050
38
617
611
76
380
336
168
977
192
662
861
123
515
31
877
22
707
275
928
278
678
1042
509
225
730
936
27
22
1248
35
33
111
438
807
40
32
437
1170
62
934
191
590
121
604
57
958
555
81
617
586
253
631
357
554
29
154
199
746
465
63
239
790
438
599
76
672
1206
1146
489
1091
396
164
213
109
567
919
33
18
1052
730
484
22
24
463
7
752
9
718
457
145
424
263
361
122
152
9
111
330
10
1221
916
635
16
16
220
5
543
724
736
8
878
12
9
900
550
1067
192
1118
33
688
385
614
440
762
128
884
9
645
314
1046
247
92
258
1062
359
27
180
865
1108
922
1194
848
84
25
555
724
614
780
873
1200
13
657
716
1175
216
729
1019
790
404
695
1012
17
18
37
614
646
530
268
55
124
13
791
12
10
1039
190
96
394
309
85
522
194
151
1030
269
39
35
598
823
26
7
506
1284
1101
1019
594
788
945
456
613
975
78
25
517
76
653
906
28
699
47
153
559
47
985
55
55
25
937
703
615
10
255
1024
647
738
9
1008
248
790
11
624
661
349
434
358
219
530
507
133
271
355
582
835
95
1292
1229
22
98
903
1265
313
197
335
366
782
300
369
687
86
630
9
226
258
979
1242
742
527
156
303
83
320
13
919
122
1268
10
868
547
1115
121
140
614
816
1149
740
923
99
1079
709
613
111
493
24
27
20
124
16
156
7
187
1001
556
19
442
744
138
13
414
867
221
883
1215
17
1043
34
1049
105
638
100
592
321
62
197
1194
21
13
487
223
35
652
280
952
13
635
25
298
769
25
618
21
943
183
636
635
768
26
471
451
485
30
574
35
149
17
566
528
450
536
22
668
7
796
3
399
15
638
594
1235
472
401
7
1086
870
426
314
989
20
172
605
490
319
703
148
621
60
52
636
721
1249
1035
1222
191
1110
687
150
52
1131
264
120
360
17
644
24
1135
242
25
12
456
867
522
509
14
110
705
35
242
633
872
504
7
679
3
454
32
326
573
11
704
929
1218
561
20
490
29
1090
378
365
1121
888
549
187
825
98
13
7
939
25
540
94
212
535
670
1033
440
931
647
1204
487
1128
26
1037
42
415
746
40
16
149
833
358
349
20
39
387
963
30
675
337
954
162
663
1124
34
729
289
965
13
1008
234
393
639
695
318
1036
1280
413
883
29
17
1281
890
1120
663
44
18
272
1085
231
190
970
1004
866
63
631
227
530
1135
17
1248
488
908
460
761
648
807
605
27
12
251
268
6
986
417
269
1050
858
1215
440
9
531
672
591
553
450
482
12
461
1165
801
1108
273
235
95
824
462
873
217
450
300
255
327
1295
802
955
384
898
22
224
17
80
555
387
1027
903
996
592
56
472
636
529
1056
19
405
893
6
138
121
278
480
1290
930
297
1105
656
1206
346
1102
722
895
290
765
218
8
14
137
49
45
33
620
155
1154
221
844
800
285
533
464
10
1031
557
1138
29
970
754
557
463
32
88
780
1015
135
723
333
517
168
494
55
139
1099
428
217
533
860
356
410
181
472
21
679
348
908
187
25
15
327
19
767
26
24
161
444
22
547
1032
334
9
163
1148
37
143
1143
924
31
26
306
596
1158
224
557
496
776
1076
1094
29
794
282
14
1043
30
284
1147
12
499
25
23
429
1085
630
814
1231
451
334
1086
326
992
950
930
318
16
135
591
1089
933
349
626
962
1104
369
348
273
268
150
675
27
202
24
788
49
152
251
28
491
413
297
1006
331
750
681
17
477
17
966
112
394
471
395
206
335
117
37
430
761
321
29
21
85
138
507
1138
139
652
839
11
925
851
1191
9
941
383
717
936
386
1297
1189
725
622
15
534
20
350
462
1104
31
765
24
1099
1197
208
1248
536
236
123
1113
595
440
469
964
157
1286
8
274
231
979
488
164
10
1161
348
518
16
29
20
95
22
740
47
446
140
153
637
13
1225
175
272
51
668
10
36
1093
457
746
1206
1119
672
456
170
560
844
146
812
13
476
602
580
31
145
648
258
54
364
1094
809
24
25
175
185
44
860
632
5
636
1216
825
477
397
800
18
945
1260
134
798
74
94
394
557
889
112
280
183
45
514
28
186
81
252
1044
494
11
995
467
684
729
286
502
31
24
390
978
480
666
767
238
11
488
254
271
1017
663
25
330
48
9
974
439
310
497
1202
946
120
987
267
520
112
1248
386
494
33
21
1230
334
374
762
1168
3
1165
963
166
102
726
1186
541
613
1079
224
680
606
249
1065
364
521
404
599
19
852
1052
1190
91
1243
25
67
485
146
676
349
15
511
964
841
345
650
1006
846
550
922
136
87
140
25
26
100
21
14
1032
117
541
30
889
276
1096
270
567
747
875
11
23
409
971
239
675
64
112
863
673
345
146
824
481
533
400
1144
419
504
651
182
960
450
4
300
221
177
988
680
554
645
25
393
901
44
1041
274
40
25
263
497
16
1201
1221
250
26
531
369
305
335
31
373
1154
27
354
842
434
1159
565
7
644
101
406
1060
1250
19
23
25
18
913
592
1103
964
810
13
816
698
353
197
482
1067
674
128
1109
387
553
24
233
107
30
568
357
13
1235
565
1172
337
15
519
334
483
26
991
295
1102
889
941
554
1067
953
347
418
460
973
276
335
743
190
297
28
125
402
131
117
959
768
682
14
1043
749
533
60
153
251
17
556
14
452
39
1083
18
845
26
653
16
28
204
149
483
59
1239
855
23
11
1147
855
477
364
28
199
242
535
325
511
24
509
53
323
43
1004
214
731
293
1134
715
213
250
174
81
864
771
25
452
838
417
530
797
1237
1159
22
108
7
436
985
316
15
22
13
808
557
534
292
171
182
690
2
1046
630
917
322
209
589
326
220
143
898
81
668
309
40
100
91
869
450
135
1126
667
105
728
794
997
936
1108
18
87
348
458
1133
888
107
271
38
117
1160
458
10
30
276
146
659
1048
167
242
37
1023
157
36
580
1038
25
461
445
635
559
80
1071
317
258
14
647
259
109
1233
940
754
7
15
1240
519
80
23
23
720
69
387
258
1034
136
275
11
631
14
712
207
21
826
295
775
1153
23
371
153
335
1052
134
16
1170
464
1164
683
1065
164
422
1083
31
170
646
230
277
1273
796
865
968
940
11
1300
494
98
512
301
933
728
1212
205
801
547
36
1166
531
569
144
1257
66
27
656
388
687
13
96
801
235
453
97
28
783
1279
380
28
551
464
27
12
699
937
889
219
26
856
666
601
264
269
15
959
245
391
1262
1061
14
8
328
4
465
400
836
312
357
511
60
194
180
167
387
983
174
235
1021
474
452
546
132
744
779
877
896
463
1190
18
744
616
169
371
30
176
126
30
727
40
421
26
126
1121
290
871
111
363
125
936
632
686
641
187
239
1277
128
684
872
721
488
439
604
47
46
588
1091
631
314
703
248
798
918
789
380
416
216
534
644
1210
503
1172
278
150
1100
42
1022
580
1165
1046
644
128
658
1014
829
1056
371
52
21
83
842
287
333
380
9
103
115
664
239
20
351
705
376
32
673
817
410
1167
831
194
434
5
318
152
14
734
1108
87
1117
14
785
32
779
1214
281
39
4
315
777
32
98
219
31
1119
260
24
12
838
109
112
1066
97
854
839
724
865
60
1291
822
57
1198
719
11
478
681
15
1006
569
317
11
334
1144
171
390
5
1032
119
334
488
833
31
959
588
837
429
152
981
23
443
1193
741
99
779
131
1075
908
148
354
19
38
1189
442
1228
178
1119
719
20
799
226
467
1297
1248
131
14
478
731
1299
24
198
756
29
27
711
644
373
88
1161
68
26
36
279
1186
19
886
263
546
462
418
488
8
1138
418
916
479
54
1175
19
6
404
401
274
751
970
235
1000
18
31
1191
613
51
446
1154
571
34
190
751
228
153
253
29
833
1180
337
843
817
712
269
277
281
1208
988
973
263
203
692
1240
29
227
1066
451
595
612
30
173
308
24
909
408
20
31
258
1031
449
1158
792
22
204
76
306
384
916
970
611
986
505
17
79
778
460
201
233
1217
344
782
569
28
189
1019
369
217
619
89
423
906
563
865
24
743
983
1234
390
41
252
10
1056
4
431
1238
430
933
218
1271
138
48
422
264
772
765
801
816
40
625
1218
585
438
860
25
735
20
23
376
956
866
22
1034
702
839
995
26
1090
201
832
12
612
261
15
1180
525
973
1217
1180
201
170
303
635
612
1155
999
819
488
181
382
1114
744
1227
532
7
722
120
687
57
129
638
209
266
303
689
52
1213
19
1143
381
23
889
497
1155
401
11
976
637
840
264
14
8
28
1051
144
324
38
5
388
978
837
578
19
1016
168
385
937
9
746
601
15
1225
472
55
255
331
673
298
1136
24
760
277
33
178
36
917
15
30
336
291
35
319
178
1080
505
749
355
1059
459
922
25
732
841
479
34
967
166
1255
9
1008
177
148
1152
192
501
25
71
860
777
14
311
20
779
595
30
31
1077
3
515
1075
875
576
564
146
42
885
23
10
582
910
575
427
1232
1192
1190
12
908
351
78
505
936
29
391
280
494
1179
528
519
1298
421
7
140
7
572
822
728
851
270
1070
185
599
355
1018
1061
19
24
8
370
175
316
654
25
764
738
855
1143
509
488
12
1208
841
828
631
234
728
24
1132
22
1040
9
18
458
105
912
436
918
658
475
520
908
233
783
426
919
9
232
10
616
598
13
872
494
325
1215
417
1248
611
90
60
806
780
1142
20
151
246
277
387
26
1224
6
365
1181
777
897
541
15
100
38
376
828
477
39
16
56
48
1012
30
71
489
625
372
506
3
482
1104
342
62
325
14
18
1261
122
567
503
85
4
73
686
250
24
587
788
13
1016
266
1303
12
694
943
435
411
582
989
624
211
13
346
676
790
743
62
125
353
266
523
575
1071
736
604
427
335
76
465
25
303
708
1261
267
740
487
245
161
1257
845
28
695
527
579
1104
564
8
5
13
8
1306
15
22
350
1087
995
25
20
797
1106
1088
30
227
727
1280
180
604
908
126
103
171
229
296
13
1105
28
289
310
455
799
548
21
110
1190
241
1204
21
621
402
691
14
747
27
1239
1
255
886
1262
24
313
721
22
76
22
1084
638
357
791
325
1265
491
738
255
24
1061
587
549
811
707
804
642
18
530
899
7
16
1112
981
270
1136
412
1056
7
283
291
488
881
327
161
95
524
423
374
394
327
555
544
504
31
948
331
386
1013
459
1031
16
162
21
1211
1101
18
610
26
1222
97
249
550
8
426
22
36
265
229
335
627
1218
37
270
585
25
814
65
210
1006
48
764
621
826
715
379
242
591
608
668
1139
23
983
878
27
1237
893
272
411
1169
905
798
709
178
1200
516
1087
294
29
1255
324
13
33
248
63
688
786
190
298
50
669
136
712
182
509
26
766
252
696
453
997
23
1116
28
291
1124
15
605
1110
1007
506
84
1289
1108
142
33
17
735
708
58
192
936
1122
461
669
405
849
997
20
144
709
880
889
352
52
965
470
345
185
127
501
1221
542
370
213
917
45
1128
504
263
10
84
2
293
697
313
522
876
5
689
535
264
192
129
704
824
903
11
336
29
543
259
968
524
1030
66
203
105
645
699
31
181
15
660
200
163
834
1197
12
625
18
397
804
583
334
30
110
1037
516
226
776
90
21
753
27
591
23
416
71
656
821
548
207
289
158
7
1063
368
815
405
168
819
21
415
732
22
993
270
12
892
20
47
24
168
1251
657
1032
523
6
384
276
570
485
1236
522
452
458
1195
15
29
128
23
993
316
185
900
22
809
214
207
22
529
135
540
917
139
272
219
641
1119
24
25
957
1161
559
77
14
1069
175
314
75
1030
849
902
360
1273
236
27
828
555
31
14
1092
42
1149
496
211
1032
327
853
595
1044
20
49
732
686
1254
1044
109
737
1043
470
1140
887
88
206
1034
536
132
38
543
1225
177
581
30
465
399
284
12
297
199
1
342
444
19
865
408
37
521
18
1045
22
1165
189
134
589
214
1230
1156
611
22
17
18
116
19
1038
1108
16
106
622
656
1120
25
1034
224
860
20
558
448
372
308
22
689
931
527
511
469
945
742
95
30
79
26
492
218
265
316
901
281
732
603
92
729
1061
367
69
371
877
775
833
233
1006
17
1038
830
1172
274
117
1233
1254
19
622
934
1289
851
241
1278
482
577
25
146
226
832
208
113
202
476
12
25
1002
667
39
1130
985
992
37
843
51
1137
7
443
225
44
466
584
18
30
199
980
904
25
16
999
1267
658
27
49
33
739
128
1246
202
627
158
1074
692
13
270
471
25
14
59
488
19
207
307
27
26
195
776
670
16
782
268
376
708
352
648
95
8
311
540
1200
321
14
10
640
457
43
19
613
723
397
8
627
972
266
211
10
912
457
517
154
999
770
288
171
18
1273
847
567
108
472
62
493
1122
498
586
23
542
248
1054
1000
29
181
941
34
400
128
256
338
109
504
716
193
378
479
82
508
671
942
2
7
1129
1234
811
768
20
37
184
187
661
1022
464
1078
17
183
26
82
584
183
684
615
25
280
438
861
299
25
260
184
90
788
149
183
565
236
206
366
337
528
1067
734
480
358
22
1015
595
834
602
54
635
762
818
41
26
458
446
1182
192
430
1227
228
1058
1240
532
1080
139
680
988
659
1195
10
129
52
523
815
1153
866
823
52
205
30
17
469
447
415
188
116
40
856
511
296
558
202
1055
4
294
21
761
287
35
995
681
551
107
466
755
436
874
291
463
27
46
594
7
279
253
281
160
472
93
296
30
543
700
72
8
258
366
633
717
84
38
350
1255
342
299
506
506
218
548
575
339
625
950
786
897
600
1254
493
458
839
358
407
394
621
26
15
1262
673
768
1259
26
799
115
567
919
908
698
25
304
173
15
350
26
9
382
298
225
3
600
842
630
540
810
1191
62
8
35
686
108
941
575
22
924
303
728
361
1237
442
1083
454
148
155
90
386
143
181
169
20
56
414
744
15
262
1178
613
483
282
25
386
443
1114
318
1234
1139
12
805
269
38
115
242
21
17
19
353
859
127
28
690
885
413
110
476
1023
617
528
173
156
192
416
358
46
18
686
22
13
524
799
927
326
964
589
632
431
613
232
1181
481
19
368
778
166
311
511
1194
675
127
905
23
459
228
475
1121
768
45
43
1038
17
972
378
532
488
472
22
1095
31
1136
259
294
670
16
420
777
342
780
288
1012
66
269
106
305
1040
413
282
821
1277
10
833
1251
16
409
27
367
18
846
524
1249
267
405
1222
288
132
1265
105
62
300
26
315
57
11
125
26
98
259
340
935
16
621
612
26
698
408
1173
26
768
968
1183
24
170
310
1111
570
23
14
622
955
349
625
368
33
649
151
11
47
318
29
1023
372
120
488
17
149
1105
39
543
1095
451
391
135
1213
740
662
481
1100
825
12
361
78
443
1073
582
24
890
26
141
320
165
118
893
665
587
135
200
33
249
24
710
165
250
753
513
973
984
1044
1083
129
899
1252
1080
602
217
441
400
1061
912
359
683
25
17
66
12
612
318
35
14
181
18
48
16
396
70
1109
646
12
788
308
140
10
958
278
74
760
1068
527
553
1179
167
351
87
100
689
567
424
1153
1094
959
660
593
381
22
5
567
221
41
22
456
355
21
987
334
402
113
902
24
563
64
31
559
408
973
25
121
21
1093
25
15
147
9
536
691
271
96
685
145
1209
382
868
14
1187
520
4
433
35
33
880
432
22
56
442
781
763
798
563
93
423
892
139
213
1054
629
385
1134
24
41
871
319
1134
13
939
96
1239
255
1150
565
305
499
1094
26
701
477
1116
447
552
435
950
1071
1260
170
163
1094
85
671
87
938
33
391
253
559
340
74
1210
795
386
589
1308
36
1108
475
919
1081
100
28
235
1115
279
179
994
893
11
661
689
606
405
1071
865
6
58
211
793
488
398
656
32
211
291
268
190
238
842
893
851
615
301
984
1028
274
42
486
1207
893
7
534
694
1059
1081
770
12
1034
534
11
15
651
21
205
60
812
512
925
225
111
467
240
810
525
991
27
1107
22
726
768
36
953
845
100
964
646
871
863
110
759
771
51
371
943
1112
208
422
14
26
532
43
127
9
396
768
13
522
612
279
21
15
92
690
402
1115
461
326
163
7
817
1230
364
269
185
951
84
894
34
917
73
21
696
65
641
677
702
375
70
197
52
109
937
60
778
719
32
425
1049
625
545
613
11
101
957
720
1002
608
1241
138
231
335
22
1038
822
545
309
334
772
955
517
764
75
930
529
118
970
583
898
123
600
1192
60
220
1121
457
13
90
387
37
1083
760
293
16
192
784
1245
299
723
317
685
144
33
163
20
416
647
192
549
1065
1192
424
259
381
707
889
1006
542
970
629
1015
43
468
1134
210
649
172
531
20
678
1112
466
258
9
177
32
378
535
165
81
530
16
1159
1268
1231
359
1124
1038
26
574
466
193
1058
394
1073
532
125
328
1097
17
20
654
171
575
646
355
1112
263
415
1188
23
672
641
27
96
30
270
649
203
97
748
779
94
12
658
15
173
38
26
604
15
292
120
327
953
481
495
412
145
1058
402
25
1129
159
1269
23
100
29
1152
657
886
482
397
559
975
8
574
95
995
293
11
19
1020
857
489
29
732
120
1281
6
789
937
643
126
982
33
725
1297
470
14
318
24
234
16
358
453
10
1053
507
339
99
20
171
26
982
435
4
246
728
525
527
147
5
26
1273
344
399
796
971
572
924
40
930
260
155
158
906
924
999
1034
31
913
10
882
657
754
661
394
20
325
712
534
12
196
187
73
1140
36
717
7
28
446
642
22
299
667
502
14
392
801
610
590
1069
663
338
536
1089
638
484
467
490
552
680
469
426
397
715
19
308
782
597
361
268
1050
774
12
496
822
1242
568
650
696
864
1065
5
173
29
252
793
516
285
913
11
120
870
1180
760
553
1000
30
1249
248
161
493
326
142
292
902
25
186
826
276
87
787
421
730
798
943
36
310
524
24
308
528
1115
599
435
19
340
76
140
86
86
255
828
22
18
742
20
989
1142
30
696
151
22
256
1226
770
157
251
213
28
886
193
1202
181
1045
20
181
703
693
6
481
1061
25
957
436
179
146
852
702
503
1007
34
321
619
755
647
987
269
942
71
209
9
394
367
1097
445
29
25
241
28
364
502
802
164
500
761
1301
433
9
1083
282
828
497
892
683
272
772
11
17
349
409
975
23
1028
745
891
12
270
738
1118
425
913
827
159
496
145
513
1224
648
925
827
474
670
1149
821
858
625
12
3
508
532
333
12
25
713
760
79
36
4
517
20
87
1005
264
39
35
21
138
1066
1296
16
673
933
518
356
789
19
1037
1022
470
784
425
658
302
1098
11
1094
1166
743
1259
328
557
31
465
1107
173
1204
557
354
25
1030
68
776
1032
853
763
43
829
419
994
660
365
555
241
26
12
215
182
608
308
28
1135
929
732
879
354
929
732
750
603
24
4
11
26
1168
304
970
226
473
25
208
168
534
296
1191
120
657
480
2
39
721
1074
24
1257
15
290
1122
14
52
606
58
1020
91
44
1108
815
20
506
962
390
385
29
601
1107
26
6
16
958
27
307
830
358
939
1097
306
516
21
1082
36
114
122
416
425
340
340
1237
83
41
26
941
255
1177
6
349
446
431
367
472
724
69
425
162
27
19
84
1067
32
930
970
183
829
587
867
614
852
946
37
118
932
16
18
424
15
754
932
866
1051
1048
48
266
178
354
10
706
1252
102
779
26
239
702
70
166
1176
814
1066
1078
375
94
25
250
117
575
713
408
1146
476
105
948
734
868
269
936
433
142
601
297
621
592
724
23
673
816
156
924
28
11
499
368
144
555
26
517
1238
520
368
1285
7
1086
20
791
367
669
714
642
157
1011
647
577
660
16
1101
8
713
202
18
259
974
440
155
607
17
589
1017
772
76
663
90
1210
897
867
67
76
651
276
664
207
37
591
138
641
981
1163
11
499
1029
381
523
30
440
1277
380
976
740
851
354
26
1234
28
387
1065
134
519
71
13
30
628
226
4
25
623
13
79
346
404
223
10
711
1123
234
1057
21
498
79
244
844
315
678
110
682
780
342
396
201
185
775
883
26
392
486
33
19
536
24
919
28
24
488
21
27
144
1173
470
401
16
317
17
1057
416
1069
1232
700
7
27
583
1013
859
758
520
787
1165
616
565
492
13
982
348
9
942
471
580
567
560
559
152
1268
30
696
23
1248
346
1292
172
25
732
376
1082
819
5
294
779
397
871
5
802
28
13
25
936
567
965
14
1125
217
9
239
21
1160
994
20
720
508
708
644
266
470
105
255
1204
504
537
1007
13
153
477
419
63
944
149
1261
111
1112
131
576
17
696
389
26
165
12
251
9
327
913
121
79
1174
27
871
1279
505
1238
1272
156
514
798
201
8
572
560
508
1059
121
484
1058
165
261
141
682
185
365
18
407
717
31
480
537
510
238
1095
1123
22
881
359
706
1240
928
21
345
139
589
1229
388
1216
213
826
15
989
21
380
943
394
320
28
1213
133
556
129
432
1209
231
67
388
33
369
17
537
584
471
461
647
135
1166
497
314
378
126
69
446
1231
1060
276
436
396
422
13
449
243
289
731
900
454
6
387
603
253
325
456
20
21
131
183
139
108
77
813
1233
10
237
244
27
1049
205
701
629
1092
29
395
1189
204
797
19
381
678
78
319
256
566
756
198
1135
446
32
171
5
345
294
846
274
26
220
789
70
69
810
888
176
936
634
824
482
288
152
818
41
558
226
837
566
702
511
371
23
793
289
514
569
920
1052
762
15
190
50
439
665
551
16
194
197
258
457
69
462
631
311
345
681
1106
119
472
1027
1031
756
914
369
1053
515
238
755
342
829
867
9
158
1117
641
620
186
153
668
862
327
702
21
27
759
1086
36
291
305
1040
1038
927
185
9
1155
25
1226
800
87
1019
736
312
544
993
1228
161
127
406
1229
899
44
16
35
1088
1026
808
834
843
200
1192
1097
264
192
425
907
700
438
324
566
430
469
1068
26
621
437
970
944
400
1056
25
989
13
836
1285
17
19
692
608
620
206
374
138
119
115
679
262
877
91
25
8
939
666
340
105
475
1021
563
313
448
1195
207
243
495
682
66
41
81
198
987
953
19
218
508
176
489
56
69
560
932
12
23
743
674
521
609
296
295
531
28
1183
900
25
139
606
395
391
250
11
488
859
729
10
1016
836
791
23
839
1304
21
521
424
143
320
862
568
663
1276
714
671
19
489
418
19
795
937
524
756
114
227
24
553
229
177
297
42
11
21
469
80
138
3
255
1085
10
868
341
300
330
17
553
33
913
653
492
9
29
167
444
20
360
27
16
30
657
1209
478
27
26
1028
282
241
20
155
999
22
30
765
198
1147
25
26
133
123
977
20
287
342
162
340
246
893
242
589
347
85
26
677
1023
1213
25
822
248
101
671
392
25
25
943
285
369
399
541
415
793
728
556
0
73
136
1275
651
368
950
531
901
1115
508
1152
552
324
232
22
693
439
30
593
71
17
908
719
299
515
274
1024
612
477
1290
441
241
959
888
600
1235
19
186
861
289
26
863
843
1161
1264
980
759
13
465
771
12
503
11
878
24
1002
802
83
200
376
30
435
85
14
283
490
174
28
290
496
1136
479
237
1081
82
6
215
469
913
698
499
314
249
191
785
40
12
1015
499
809
27
214
766
1061
307
528
304
25
15
581
638
5
972
107
387
827
859
780
440
908
266
14
953
563
671
446
206
1171
7
491
302
979
275
204
867
70
684
21
651
157
935
592
173
343
171
17
927
264
571
14
13
99
296
839
103
881
685
490
102
60
834
1200
352
794
885
605
602
511
446
903
166
320
910
965
23
54
235
129
1094
24
462
147
141
1079
248
1177
512
273
158
452
31
154
1031
98
525
836
822
1010
30
88
584
960
378
27
1025
17
1203
600
1205
947
990
83
1238
78
37
313
6
704
1023
852
240
498
921
53
637
650
142
234
1162
693
221
135
818
29
57
861
213
1015
237
1109
87
558
92
516
759
272
93
353
1218
62
1166
356
276
14
301
549
21
1013
628
688
252
26
1102
943
257
668
946
693
149
491
1060
1042
1100
692
134
854
300
1012
620
1186
163
904
199
1051
148
403
652
247
1228
308
338
122
134
210
1149
476
318
476
1257
1072
77
497
26
514
217
1034
178
1003
29
166
360
838
15
170
45
890
18
10
117
729
769
867
617
259
547
596
799
458
15
68
1153
13
118
1050
231
19
436
1116
512
28
1110
38
436
609
31
1080
377
818
18
7
262
970
1219
802
183
300
75
15
1228
486
1163
293
1134
23
1047
753
1099
502
486
366
576
132
360
78
466
661
236
347
348
1229
450
33
295
1288
1238
134
77
15
11
955
436
324
1246
1042
161
26
132
202
14
993
234
632
36
898
835
23
1042
33
495
188
522
22
30
893
1187
1051
937
291
1250
148
1094
143
802
255
1103
678
31
1126
1184
32
26
14
632
288
1066
150
119
300
839
1288
1154
451
848
1078
722
14
790
26
803
795
1074
131
776
678
1040
628
746
414
285
485
119
33
496
1000
117
510
557
391
9
827
604
15
48
853
548
898
370
31
35
685
167
1026
817
209
351
24
36
470
28
645
20
261
597
471
135
667
654
8
1207
30
170
418
460
310
10
327
453
996
1189
202
468
86
414
26
91
543
1009
24
853
1240
16
8
29
1042
291
817
553
73
17
1039
1102
791
376
78
37
31
162
1134
52
473
97
269
1233
190
1133
1043
556
726
184
82
415
668
28
28
721
416
30
1011
106
69
191
1025
347
545
267
23
217
17
352
99
112
938
960
952
14
148
26
64
32
440
110
22
6
237
16
19
939
946
266
209
691
21
115
457
22
720
25
665
896
575
530
19
24
24
111
124
445
685
19
12
133
288
40
1197
269
114
1072
82
465
257
31
12
230
939
1171
1219
1211
509
208
258
641
252
21
621
326
869
38
185
787
275
934
24
165
489
286
10
82
719
217
907
560
20
765
29
7
140
127
421
286
1
83
215
18
606
827
635
604
695
54
1199
1264
668
461
518
729
224
533
689
21
817
102
25
11
832
995
964
20
11
1010
1164
29
985
169
25
744
577
913
550
846
723
387
126
411
906
1194
12
748
10
286
282
122
26
22
358
936
293
32
491
524
155
691
491
112
495
22
240
124
154
42
552
480
257
734
921
31
373
392
253
19
48
21
953
1052
476
171
72
668
123
1088
1000
22
309
470
700
249
43
485
425
500
122
79
1078
905
94
444
30
214
432
18
440
277
843
16
9
324
369
4
12
273
657
791
190
1304
1281
249
705
155
26
22
210
742
773
169
1114
10
168
130
236
107
28
72
571
557
155
10
11
73
577
26
125
25
174
303
1297
19
974
12
315
29
576
187
20
749
29
5
928
24
251
678
25
374
772
47
359
17
330
476
35
582
929
651
481
31
327
1013
10
1287
1036
88
168
35
368
1277
1097
485
1040
516
457
52
1255
40
571
507
419
1296
25
989
889
930
1192
426
1057
739
873
813
832
846
1150
52
542
162
62
16
26
6
939
242
946
567
8
28
751
748
74
303
2
16
257
499
776
37
629
956
1140
904
35
507
178
136
862
854
632
27
40
217
406
21
1262
522
1156
1184
27
809
18
823
262
170
793
307
639
21
107
906
1142
113
655
270
606
290
347
1177
28
1030
242
611
409
1052
227
94
1129
632
52
19
556
19
941
169
443
536
12
42
774
448
22
93
86
623
37
1137
91
1300
320
24
1062
120
142
505
571
1047
19
1113
12
438
1056
978
960
849
522
21
523
40
240
418
103
968
767
1101
212
365
1262
22
16
574
329
804
261
219
527
27
88
601
717
8
898
513
350
397
1155
626
766
1293
22
441
463
150
436
1012
809
16
255
717
731
641
1230
524
460
861
156
1147
111
197
1026
80
23
8
29
168
311
1047
402
189
1105
426
382
938
786
5
327
290
767
1034
884
163
780
937
895
117
11
27
4
997
1091
786
415
871
127
164
593
1132
1230
1180
1096
33
818
25
753
706
23
9
974
77
106
84
25
1062
510
600
122
612
24
949
230
110
757
331
164
183
18
263
13
107
597
689
718
15
1110
528
1001
285
225
592
607
1049
251
274
927
594
580
459
967
60
744
542
841
1283
901
18
26
13
18
890
1234
1155
1131
401
614
762
628
650
394
74
197
995
23
380
561
22
332
475
536
35
397
359
533
367
984
821
59
848
740
1193
198
744
12
724
191
169
606
360
751
283
1010
349
460
1166
138
967
572
189
886
767
537
129
16
519
1170
331
1223
409
91
136
1142
265
17
348
717
17
146
223
906
656
33
164
7
483
370
436
221
22
462
30
590
220
14
23
515
8
602
949
165
445
383
1302
1117
464
25
357
801
253
327
1021
14
138
1118
663
877
67
27
630
205
733
300
30
71
953
1138
821
453
953
51
854
17
430
910
24
33
38
882
156
132
11
72
387
1004
310
21
15
618
58
1034
1039
185
181
607
382
304
509
18
987
450
902
757
1021
697
1207
607
858
1102
24
310
1011
162
1064
1263
736
514
330
137
764
570
15
442
171
868
469
913
540
263
9
556
350
20
586
53
489
246
810
203
1239
268
28
83
621
521
284
308
764
226
238
226
189
35
22
399
22
1084
1205
1202
392
17
270
403
762
901
604
711
481
632
979
693
1265
269
864
494
1032
36
1109
886
1222
201
662
546
12
116
1203
347
418
0
262
45
127
352
19
635
1135
275
199
68
259
243
35
14
30
178
287
45
26
1049
982
58
22
763
902
730
874
1128
30
105
876
62
994
973
842
861
15
1051
801
722
1126
159
295
357
615
1018
362
1058
56
622
424
367
1054
199
1295
1248
591
301
240
870
10
25
584
634
480
20
301
15
919
1127
749
739
26
25
28
975
994
1047
278
856
613
474
767
707
571
30
771
83
965
20
629
802
388
750
814
262
127
915
139
39
727
506
34
1111
840
925
667
1159
738
14
870
14
21
155
1033
688
107
515
725
525
29
57
1038
19
23
139
16
958
635
26
32
26
1047
106
725
630
27
543
479
377
1030
114
270
20
851
54
106
12
145
25
785
740
604
227
66
1185
385
549
498
289
1097
680
5
19
212
234
341
340
64
552
559
535
182
317
480
651
22
20
5
399
447
1288
1219
1001
1186
226
839
273
620
759
27
1162
227
27
298
901
198
1071
929
969
1079
404
1111
7
425
6
728
435
196
270
1049
849
589
661
420
743
13
508
6
698
84
603
251
5
23
71
585
1259
1229
12
635
648
945
199
309
1231
29
2
184
70
728
540
1043
76
722
947
145
918
20
156
708
606
106
942
622
27
23
818
1049
1148
13
924
314
703
737
1018
86
578
373
595
10
241
965
241
99
11
809
124
966
21
84
21
75
243
980
944
580
372
349
457
22
247
368
807
694
672
529
351
901
926
1136
34
155
982
13
606
145
24
700
12
312
621
564
641
19
288
513
546
494
805
14
564
468
296
536
452
126
703
1114
381
1237
322
636
993
938
763
1155
388
1233
300
132
798
558
1187
1026
13
1033
83
115
31
1279
1186
346
352
803
16
168
977
25
892
274
1023
424
23
316
224
146
164
957
907
254
25
188
186
327
29
1046
591
583
795
395
280
307
30
965
1219
14
437
895
1027
120
480
31
192
8
580
317
185
684
5
11
355
414
8
85
86
455
20
392
404
224
523
752
764
1194
890
823
24
73
1145
21
1132
22
104
775
565
32
504
168
106
46
342
785
11
167
245
629
1235
212
339
719
25
210
695
306
27
18
7
272
24
414
823
23
10
173
478
629
1083
157
24
315
543
792
931
150
717
25
468
268
153
10
491
199
690
357
64
536
29
7
227
17
643
544
73
446
336
16
177
154
1061
438
859
530
499
220
599
9
367
218
506
36
25
23
203
28
1011
11
769
239
21
68
169
81
673
401
15
27
30
740
416
496
907
302
834
299
834
426
831
56
1159
1228
634
181
1206
1086
1155
1297
1060
657
920
468
1202
31
29
372
27
26
208
169
624
944
424
1152
871
1162
390
653
44
312
1215
483
1251
965
725
12
1283
123
571
469
966
1102
132
239
13
582
358
279
165
905
919
107
861
1287
630
18
134
327
63
1147
299
907
202
476
1147
736
518
299
815
1185
591
1260
306
934
32
475
657
6
546
1172
893
15
445
30
22
865
223
17
733
144
3
16
824
930
1261
171
601
784
219
92
357
633
187
638
25
536
572
618
1068
689
16
550
439
817
200
905
16
436
51
963
901
649
954
403
1223
681
788
545
209
332
488
541
604
247
12
55
31
724
817
549
73
1069
25
134
32
1232
48
516
32
22
774
45
257
184
333
5
411
335
40
455
492
371
121
28
513
1258
194
1136
70
926
447
32
303
31
29
391
262
932
22
604
902
359
1183
5
510
858
638
9
311
518
70
647
455
87
349
781
652
302
724
11
1180
864
684
290
21
26
1110
399
598
161
18
23
1062
190
753
23
51
28
22
8
180
1070
471
592
239
491
1219
11
618
1066
35
253
12
474
822
414
960
20
740
473
327
594
77
992
247
1094
984
69
225
1153
24
365
975
191
456
122
879
281
63
708
63
25
1251
486
768
241
15
229
163
1042
316
52
87
1076
20
33
694
15
737
332
377
30
147
416
116
773
353
442
70
589
568
876
98
767
21
14
404
33
445
200
467
288
209
13
1248
643
8
168
1032
1097
23
708
495
382
474
6
20
210
447
805
580
301
577
6
608
364
699
1085
973
631
28
762
637
704
89
384
1111
37
1250
486
469
30
633
427
367
709
1098
442
346
1123
621
724
1267
200
20
329
770
381
1020
760
21
169
161
480
776
774
28
30
245
949
705
204
49
220
208
19
1201
930
11
572
906
10
244
276
1061
172
311
733
656
508
632
21
585
294
609
3
577
497
653
65
1042
1220
761
533
196
499
1157
216
189
826
377
17
373
25
311
642
943
284
163
934
5
29
86
129
275
586
2
950
898
322
90
268
547
777
4
858
490
872
15
141
273
830
11
30
153
357
50
143
17
266
23
1056
9
391
172
22
455
156
226
37
318
208
626
355
399
1290
876
655
142
25
857
84
705
22
761
896
1070
466
19
1085
1093
466
756
476
140
27
37
369
943
25
504
580
1207
890
434
863
1016
634
16
1002
188
364
30
519
18
884
466
597
422
1000
108
802
528
391
320
925
1251
584
275
21
141
959
371
546
174
579
684
90
659
23
9
23
1278
1198
198
895
172
328
50
803
619
35
373
473
1186
12
591
24
3
109
1029
554
348
12
184
1223
676
963
55
106
421
36
456
517
93
334
214
255
1071
1097
610
88
1233
707
27
85
917
41
653
372
889
534
536
763
654
959
570
855
255
1259
22
562
581
1069
752
695
35
31
699
880
17
169
502
472
891
57
174
873
17
326
41
98
803
232
20
10
409
14
1030
60
909
740
44
1162
980
748
32
559
1216
1031
419
774
603
302
1189
503
100
157
839
76
690
883
78
21
300
953
1097
982
1273
386
300
197
838
34
496
45
818
308
233
948
695
1275
29
90
497
697
1081
1113
1182
1176
574
97
773
288
4
215
840
17
222
492
856
1145
1195
63
970
920
21
879
1128
603
756
27
965
441
738
488
404
30
17
108
795
867
413
685
230
98
19
904
36
23
144
627
134
58
518
23
266
499
23
663
242
314
27
868
250
10
927
446
918
81
29
397
127
12
719
577
705
540
22
782
266
839
786
1261
725
1236
685
605
377
239
316
600
315
101
12
10
1105
132
120
563
11
901
727
255
118
359
875
45
365
795
220
270
281
24
15
21
13
360
448
364
1267
538
353
5
25
746
24
1174
681
1111
521
307
140
481
607
1074
7
332
92
244
7
1242
766
639
1069
200
938
744
26
333
74
948
903
29
30
180
58
124
158
97
687
593
606
606
200
13
17
619
704
770
1244
10
739
647
227
19
452
58
254
121
563
57
768
5
9
504
716
35
1096
379
956
508
82
1190
1064
254
273
9
213
117
23
10
786
630
247
61
643
123
19
366
513
51
107
991
8
196
528
5
887
207
21
1098
244
1205
15
314
989
30
16
101
465
402
108
849
14
402
35
956
18
40
795
807
16
306
193
236
114
859
791
290
15
126
572
255
45
69
363
213
954
29
814
14
23
6
547
474
1293
416
230
30
1127
285
637
435
277
290
280
13
127
367
977
22
1176
9
25
712
888
26
270
86
560
32
830
969
869
223
14
33
360
9
614
114
1041
20
506
609
75
1247
1154
200
134
154
1100
181
22
694
608
22
24
