1126
96
290
545
237
801
7
2589
2206
662
1933
404
25
2341
175
2665
1431
1933
503
1249
1065
2250
1407
2688
1457
38
1047
1707
1204
193
1328
591
405
24
2591
1483
240
645
2106
2028
1872
7
31
175
2587
994
30
1999
559
368
1381
533
1795
1158
18
2434
706
41
138
34
2634
2149
48
1679
2601
1626
1100
2415
1584
2600
1353
162
44
1551
969
2043
120
1907
1936
35
1422
41
1481
1785
547
1502
1958
2296
1208
18
725
1346
1926
2704
192
1184
1466
255
2134
32
1368
1689
944
29
26
693
687
2051
1709
2163
16
757
35
41
2487
1217
617
2233
37
1725
41
1948
568
78
1663
2766
570
2446
645
1565
17
662
94
37
268
2079
300
33
832
687
843
428
891
26
1644
587
869
1173
638
8
353
1687
716
269
979
1539
2042
1828
21
848
81
1352
2665
354
1093
2175
965
132
2550
711
323
84
2766
1205
587
48
1152
1056
1425
35
31
2427
33
916
1119
1000
1232
1667
10
139
13
611
80
1847
54
1422
41
861
221
736
2237
1186
44
1380
1443
1108
56
31
54
1266
716
821
1566
975
2281
35
2645
34
539
587
2316
45
235
2180
1033
24
33
1648
570
189
70
37
708
228
278
488
1152
1928
1570
914
447
444
18
20
2528
1819
2203
1901
21
561
157
2051
313
171
522
2660
1233
689
1372
1205
1475
528
40
2444
2667
1115
1259
54
21
28
25
24
2762
1801
2642
22
1731
1887
1999
1107
670
35
1523
697
1675
1553
613
45
1306
1165
2575
17
1533
225
2730
42
1112
1079
2479
459
865
42
1693
124
918
23
2181
2407
1634
103
1057
248
513
946
220
696
30
1742
36
746
2737
21
1199
680
956
1924
789
1555
839
685
281
1382
1519
871
18
26
2459
34
748
2011
840
1463
430
45
144
2212
939
1737
1053
1626
170
2260
1341
182
758
2264
14
2324
2242
2466
2201
1094
2649
214
40
1107
43
2143
1213
512
704
2446
2727
245
510
14
72
662
611
1557
1127
703
1172
607
1620
411
138
1768
45
1118
1695
2599
1254
920
39
28
29
321
1384
214
557
86
1384
1669
994
2500
54
666
94
1596
295
2198
472
1926
576
764
1637
1071
2485
393
10
1214
2286
1159
18
1314
30
205
664
1414
1417
1828
921
2534
44
43
79
1053
41
899
507
1401
518
2144
1054
2297
13
1359
1522
2043
31
287
698
823
129
233
35
1409
1171
1286
19
716
2555
1376
329
1311
1707
1537
209
34
25
2017
1226
1643
397
1613
1715
38
1547
1812
1022
1204
1215
21
16
2655
1873
2186
1923
1625
873
1818
1580
327
30
28
354
183
867
1284
285
1787
1528
1277
23
67
399
964
27
1753
1854
986
638
1206
662
786
497
1826
2262
906
1735
267
2159
185
379
2332
531
1998
778
540
322
661
1086
351
812
32
1493
1363
720
24
37
29
1963
2747
30
840
39
66
1521
1674
2716
1559
2040
3
1020
1903
15
37
1370
1045
21
2175
2160
1267
678
1737
1492
520
930
1358
1323
305
2577
665
1690
452
1359
431
520
1712
25
2462
21
904
1970
2127
199
2061
30
2631
38
32
624
1011
1237
2443
1361
1373
164
476
778
2537
833
826
2439
1643
466
807
2514
34
728
1484
2784
80
2198
633
31
276
660
2701
662
1574
29
2609
45
1262
2509
1579
1147
1637
1646
610
339
409
259
1477
2090
428
1524
2399
380
277
528
2
406
628
518
1344
1327
1051
820
34
1101
1791
2028
665
937
1052
575
1968
1620
2469
1718
2289
181
1885
100
1680
27
1735
851
765
74
516
55
2085
34
928
975
60
1697
1887
362
1237
834
2598
879
1657
28
711
1680
1788
825
922
623
17
2238
540
526
1601
2539
707
2702
2753
2730
1476
2417
413
372
234
1365
2261
1201
828
139
1229
755
1537
2481
898
710
287
2313
485
772
950
2425
357
1156
595
118
749
2135
314
146
55
2444
1803
1242
2387
2219
46
1990
1571
2530
1200
976
185
47
224
21
1341
2003
1609
886
2629
879
71
223
554
720
1956
22
1688
1927
34
785
131
2218
439
1729
2342
23
2771
617
587
2467
1750
2723
945
931
300
496
561
30
491
23
1009
1892
26
2713
599
284
1043
2674
44
1810
681
2101
1510
25
32
609
1804
34
499
1285
801
2561
2554
801
383
15
114
128
38
2252
19
1605
1233
728
781
2325
2266
1284
1779
24
909
2083
1289
2333
1652
179
633
20
209
2601
1571
51
1232
976
13
905
1024
530
1188
2250
203
1729
345
21
2121
10
851
11
1126
1114
691
626
912
1285
141
994
642
2205
22
1464
1939
1191
1797
1374
1331
366
704
2387
827
750
1762
680
2156
1450
49
122
1582
1231
111
190
427
841
277
34
1136
24
10
18
291
29
980
524
11
2301
628
662
1874
26
394
1193
10
1506
2340
1064
40
1622
637
567
1861
1669
853
688
565
2322
902
2605
31
903
15
418
100
29
844
714
354
181
2216
2188
2402
2621
1870
913
300
603
21
1989
2467
997
2555
990
569
43
743
1760
235
22
1017
2017
2298
1149
1922
405
481
820
691
835
1102
419
290
1525
437
812
499
861
343
2159
1501
2709
292
2109
374
230
1095
49
982
108
1302
1294
24
2407
1319
369
617
1610
1217
381
129
638
975
1524
588
169
756
13
300
1558
763
846
70
546
820
1079
153
26
1193
20
37
1657
1680
1098
1299
721
1151
2394
781
2052
1746
1015
2139
2285
1293
1108
289
43
1138
2450
1617
456
39
64
416
2318
595
563
35
101
396
2610
145
1885
16
54
1929
1592
1290
386
1585
22
2756
1885
216
1700
253
466
1471
375
1292
39
2539
1489
2400
1165
593
1110
2391
1780
767
918
622
1399
379
230
1432
44
1544
1603
544
1629
384
1801
1015
1063
247
1350
13
47
18
1479
780
2375
1783
215
2736
2045
25
490
517
637
38
399
211
2596
37
1995
1058
598
483
543
101
2645
31
1429
8
1513
1608
1913
25
238
2163
2461
1917
1274
2334
34
1010
14
1032
1176
1480
504
601
1781
1468
1504
698
2565
1717
260
786
2251
463
52
17
22
460
1700
102
286
404
357
673
178
172
19
2422
1034
1127
466
1682
50
477
1666
1555
1
535
1208
27
333
2134
1596
1115
360
118
1283
1385
2279
1126
300
32
1652
36
1271
395
638
4
27
33
1528
2514
1317
903
1044
1128
27
4
937
1928
1299
20
254
2096
215
31
730
41
2062
2530
849
706
461
2538
2281
1555
1071
36
2061
1605
980
252
1255
1447
587
10
275
2449
951
37
45
2671
1410
352
1273
1143
1423
1286
145
1310
2390
1317
2001
2204
1025
1614
595
4
1197
2297
1433
444
557
1209
2665
1133
28
1061
1276
404
392
11
208
2392
29
32
113
1548
1829
49
995
41
38
1607
51
2394
921
1672
2579
1915
1962
1161
810
1261
61
616
803
2532
41
30
2105
826
1898
2335
1172
107
2215
896
1375
168
12
1359
2560
855
1025
1737
505
1729
21
2367
173
542
293
931
53
72
1825
2061
380
631
250
2519
500
24
2135
2379
41
926
850
998
17
2297
1928
883
1751
88
1025
11
1991
209
1363
255
239
2584
40
969
2600
1030
627
153
1380
34
643
1620
476
122
2178
576
44
2255
297
280
1436
2425
1389
56
28
1132
39
1356
283
36
2231
22
168
2716
2040
1819
1905
1617
1996
538
1462
424
16
34
73
1007
1116
2435
2680
2049
15
1974
35
92
169
2304
405
801
161
501
900
1499
20
84
2620
196
151
2416
304
153
42
1796
2114
17
1191
1254
272
10
1953
2281
46
37
417
12
21
41
1429
15
1277
1763
186
1622
741
1267
1935
1711
1132
2486
763
841
23
146
2399
41
23
833
2044
1609
1096
41
1537
443
38
2027
36
23
353
296
159
341
452
463
783
34
167
35
1107
201
2595
1902
452
64
29
249
456
306
1337
1442
211
1603
1324
2310
204
303
597
1924
733
1614
133
1372
43
24
50
2636
2595
437
995
956
1143
874
32
300
2132
757
1654
2380
433
1386
2759
1592
9
130
1177
36
895
2467
421
280
1688
1850
611
42
38
793
9
394
1116
371
507
39
2117
16
1958
711
255
2191
1774
1157
2385
1567
1811
1628
29
29
175
42
886
1511
1691
81
922
524
54
1644
201
94
794
1612
137
1430
948
1443
218
2343
747
1427
42
16
1869
1543
1940
27
759
30
676
2215
31
40
340
36
33
220
1998
200
1263
1815
941
2683
39
30
41
37
2704
1108
535
51
31
2058
1288
774
12
665
59
529
634
1374
27
1434
39
2746
331
891
442
8
1728
2630
4
269
173
23
27
779
3
902
798
1617
24
1235
1597
232
35
54
461
34
278
843
55
22
1444
21
21
2260
188
1526
34
1134
783
565
1060
1906
754
124
516
158
1171
1420
2099
1235
23
26
2295
1829
2025
601
118
46
148
17
2280
1461
2414
81
1750
2090
216
645
22
41
917
1157
1640
1890
498
1130
1271
828
460
2017
2436
2410
624
1077
933
2416
1565
1218
1680
32
255
338
1584
1076
2065
1152
25
550
641
1942
20
967
1911
1642
1122
524
1669
34
2716
239
59
21
742
1526
35
40
40
704
2096
1227
1032
1013
1723
374
660
1428
9
80
503
313
29
1774
1321
1193
1071
1967
2153
17
1929
34
1912
1285
2
1742
1829
878
38
2048
111
126
641
271
2580
2036
1308
165
2673
910
21
1691
144
726
42
1408
993
1303
136
2192
2702
950
37
791
2227
14
1403
26
2443
1071
1833
1058
1330
68
1428
1106
1900
38
1501
1296
1806
1712
18
2684
2624
1043
14
1176
2070
1071
1738
786
20
824
2446
1009
48
107
1363
15
1940
2149
2586
321
44
12
271
37
130
43
2078
962
605
1578
714
23
846
42
1043
33
177
2261
1122
229
1976
520
877
1804
294
9
782
2069
317
33
2675
2389
896
1013
50
1115
2518
225
45
1070
1535
31
833
362
870
2166
649
716
1501
115
1583
596
1743
744
1662
1089
154
1593
2150
667
114
62
1445
257
2175
22
785
543
762
797
371
37
390
1239
32
767
2024
733
1854
501
1648
49
13
1869
270
1810
1104
2166
1381
90
933
35
38
13
2027
693
48
615
390
2089
14
2649
1873
45
12
2477
464
24
531
1098
1752
46
1042
1569
799
48
513
2568
1177
345
1155
323
43
2490
2325
461
1004
51
1206
647
91
2000
67
24
1021
1871
2665
1044
2573
12
165
40
29
1323
1630
1763
1941
578
31
513
1394
1134
1031
1948
25
30
814
207
838
1158
2199
1599
2288
1103
2678
195
1717
36
682
1607
281
2220
633
25
1124
1789
393
1628
128
2278
39
1035
1012
2530
24
2236
35
1870
188
2604
2337
923
2600
24
1190
2299
528
923
166
1568
1598
510
1246
1221
1106
1218
248
1160
19
1695
1989
69
1916
28
2221
29
30
552
64
1388
2608
395
513
944
370
19
42
1835
494
656
396
1073
1936
2744
2207
387
1646
920
565
2449
1083
1466
2036
1717
2599
18
1148
2337
32
351
1115
2430
177
979
639
42
1830
1399
16
37
15
2212
565
1583
36
998
622
2757
2400
1613
1202
973
1798
12
12
38
40
442
1299
104
2023
2266
1856
1284
2252
574
32
431
543
419
1627
2713
26
261
45
333
1100
604
886
694
1147
2645
873
19
139
1918
1611
433
718
2427
1716
1983
51
163
1329
1002
2614
799
2547
839
916
2554
29
924
204
161
1120
2646
804
1327
238
168
2147
643
463
2024
1085
655
1260
117
472
41
1947
33
497
2476
18
310
1450
1111
726
389
1241
1900
24
1359
213
1783
2245
219
1379
302
26
2681
1406
683
23
11
2308
391
1649
28
362
300
642
390
1423
47
6
374
23
1260
1632
2012
339
563
2382
1442
31
280
112
37
99
1397
2406
1231
1232
199
1472
28
978
13
1716
2114
167
905
20
582
2129
881
624
862
214
2366
29
755
128
796
39
734
310
1144
22
334
19
363
1463
1461
2331
562
1321
28
2414
1980
1685
39
1551
920
2075
960
234
485
470
27
2697
1911
12
867
1040
1499
675
54
729
121
758
1287
2737
1020
1610
995
861
1617
799
1119
1769
939
1571
41
44
141
30
1303
261
818
238
622
738
847
197
858
1890
205
1867
1674
1064
1066
471
788
81
18
2702
2133
566
221
1652
37
2649
468
327
2729
1331
195
771
83
1983
2713
1477
205
336
491
266
518
2016
692
2673
1707
268
50
172
290
251
2380
1833
851
1464
1825
1200
2498
34
32
1824
517
852
2139
686
1077
1113
1106
934
145
623
1078
365
1951
1449
1870
2367
15
1097
1271
25
65
1129
17
776
2643
620
18
2080
334
19
258
40
191
1541
1081
341
1566
1823
1714
425
1285
664
1736
1053
546
707
767
49
2570
42
2613
742
2054
15
904
2556
2429
219
380
651
425
437
1443
47
32
248
2382
514
942
91
314
1355
268
469
32
34
31
374
2276
19
12
23
35
18
1291
615
35
1642
1082
2588
13
1773
1098
1751
30
2672
737
2473
476
1042
111
641
28
1201
1596
145
2365
992
2177
2322
733
1465
2437
2564
299
563
856
417
145
175
29
2383
2681
71
2740
878
297
1242
1915
562
1598
1708
556
28
2326
2428
1700
16
781
38
2772
1031
2527
1490
1407
1233
1159
1338
31
828
1850
824
1595
380
28
804
636
286
32
1193
2136
1768
2318
104
1257
14
1384
2626
185
45
29
1105
1048
25
52
46
1054
1182
1501
593
148
366
1975
918
18
13
27
1120
726
102
45
23
2776
22
1101
1479
1836
205
1352
1044
851
1572
507
1782
1666
2272
2688
668
112
2215
1069
680
14
1233
585
1229
738
1788
1367
1371
306
421
1892
184
1245
2271
455
426
1278
117
261
2549
1706
2542
1102
883
2503
1970
30
1849
23
44
2123
1890
222
2450
33
362
1874
1963
5
1951
21
1157
154
126
530
23
1247
39
2482
468
2399
1623
2593
1806
1466
918
399
1561
1306
1551
1745
1084
2283
25
2173
36
2322
2466
1475
29
1413
2009
2494
121
623
1582
742
1967
1174
1021
753
42
1508
386
1469
1788
1439
101
836
30
1740
447
842
1892
1378
44
2573
781
36
24
991
2778
2301
2777
22
777
2468
2149
2194
419
20
2046
1335
2135
1189
1380
2113
571
1900
324
24
1640
2659
28
25
877
2354
18
2139
1490
1879
1544
44
1859
2655
21
117
920
467
912
2677
1802
906
2402
25
1652
22
1943
2706
1883
2810
36
49
735
848
604
978
1836
243
398
787
282
900
1278
1250
1568
1095
134
668
151
44
27
1265
2420
828
20
1936
32
807
118
33
1531
1831
25
1398
178
918
2679
1217
546
1518
43
31
1096
1515
195
8
729
922
816
429
2770
1447
1330
305
529
800
1023
1654
854
43
1154
2184
31
213
1018
28
83
1085
1655
308
38
1694
1559
10
655
973
223
156
2322
397
30
18
524
26
1893
26
1221
33
1639
1495
23
2306
275
21
2125
2681
1126
914
1488
2390
2241
253
26
1352
1010
1954
209
1248
322
28
162
2333
2338
23
45
1367
1768
557
1350
1212
2526
103
1282
103
2479
1040
452
234
660
20
1199
952
2400
2579
15
42
903
1101
1924
606
2555
41
2390
1612
1992
943
13
969
25
20
1775
250
581
814
2011
14
67
925
173
55
2660
2456
457
496
1126
27
480
98
1431
28
2595
2730
34
26
1446
148
164
1758
1542
1760
1319
1506
193
2222
1755
504
2183
40
33
1237
262
11
1688
33
391
2291
1756
1263
1465
808
1732
657
2099
24
1173
1928
1636
1267
2260
29
608
845
1844
1310
2679
37
1304
2001
2054
2541
26
206
978
1361
2263
27
10
1860
1451
1573
2595
1601
1189
1717
324
2415
505
814
383
80
414
1946
2595
1501
340
634
34
69
24
1127
1562
2078
44
382
22
588
1128
1856
38
519
2448
34
1377
2619
12
2303
1521
990
708
1631
499
2456
949
1570
728
286
44
1697
1503
1611
566
1483
2645
1077
43
1560
1249
1533
1029
318
34
16
529
59
2053
466
1586
1861
1801
13
2287
558
2699
1266
1617
1294
38
190
1456
2607
1597
48
1016
1306
117
1698
599
304
772
460
20
1851
2102
406
1795
770
1939
1158
342
1504
2745
1131
456
33
247
2173
31
533
2141
1758
600
506
677
29
1688
924
427
406
33
987
1578
168
657
2559
10
2543
31
2261
1134
2588
573
595
186
1832
1761
2260
37
1831
23
2161
2737
1055
1132
1893
2476
2227
1545
99
927
40
24
2114
1575
915
24
580
30
39
782
2407
2731
23
2180
1162
1617
529
2650
419
1110
1583
417
182
24
2334
1385
26
806
45
1116
1793
505
203
316
794
2024
663
40
1280
372
1996
1342
2391
2641
250
1010
1683
2279
1756
1857
1488
2108
1217
1459
500
254
542
1429
930
1691
925
167
274
592
27
1761
2105
1462
549
1281
1199
2575
716
872
334
1070
28
1096
1974
1513
850
1098
1146
1085
222
597
276
1466
41
2058
208
17
1214
2671
1042
374
148
1137
2024
431
1457
1477
1242
715
2175
1393
1416
327
107
233
2185
50
192
1088
71
38
732
942
2001
37
636
1067
68
1758
1027
613
2187
29
1286
1436
153
1176
663
69
2235
957
69
25
25
52
1466
38
2461
1705
326
519
844
209
1913
556
1788
1892
1499
955
434
6
2286
1357
1475
530
2633
1689
1503
1422
525
1762
482
1004
1845
1034
20
827
2658
2309
759
31
214
725
160
1369
1141
42
774
756
2159
2614
678
556
2721
44
59
941
751
741
815
15
976
2170
172
1559
21
72
682
171
1676
1250
2388
798
674
905
416
1815
556
21
261
669
1101
1259
1767
564
2684
37
589
1719
342
29
876
2513
1832
24
2518
158
750
1296
2389
2589
443
2075
101
1015
1706
908
1904
15
2048
5
179
53
194
985
33
1160
904
1311
29
1027
2217
1234
64
738
496
1657
51
1335
30
865
429
27
40
755
2590
32
218
731
795
1766
2741
748
882
797
546
627
42
2536
596
23
1515
89
1103
588
324
185
327
1218
2042
189
2646
1511
21
26
32
329
290
618
2123
1015
360
562
28
76
2388
607
1483
862
762
1829
1842
13
1179
733
1195
2158
2219
1444
2073
542
1835
535
1503
289
1029
483
353
19
1446
1632
1483
2302
735
744
1070
1238
1189
528
46
2120
946
1033
32
900
605
31
461
1804
769
2578
1732
960
948
2609
447
1915
546
733
60
17
1827
21
1483
758
2693
375
715
71
27
206
1175
680
2261
269
111
423
133
184
1181
406
157
29
914
31
1984
890
360
1515
1521
1883
2427
899
1107
1034
29
2317
38
2196
1897
27
69
2339
2078
129
628
2038
1349
1660
92
605
855
1440
1065
221
13
2120
441
847
2183
27
788
2172
1067
303
1254
54
365
283
1919
2655
741
326
1854
72
428
436
495
1257
1663
40
26
1283
1173
1820
1522
683
890
1275
1855
134
46
178
422
1791
21
1103
155
919
2637
1051
339
34
632
25
187
36
2100
1546
2686
1052
1279
1367
1656
1812
49
19
2292
826
1005
944
941
1277
2143
124
458
57
833
788
160
420
27
343
1004
538
2386
1042
885
1089
2645
324
669
2272
2355
829
37
37
45
1757
1645
11
88
17
1574
1485
718
20
1426
29
418
995
302
5
1139
2297
20
922
113
1326
8
1105
676
172
174
17
34
2586
2781
2336
1292
826
34
335
2621
1088
2018
171
1606
2142
318
1563
1237
189
1934
285
1327
713
1581
290
439
1343
262
1915
1531
2170
974
43
417
34
97
1453
43
1366
361
2055
23
2601
25
1311
352
131
27
33
1769
1463
51
1079
537
2240
33
301
2540
26
1664
387
635
2550
1864
183
40
2584
1584
1474
13
236
2789
13
44
61
1025
401
66
501
365
2458
274
25
33
765
811
626
2191
1546
2047
1912
1817
30
751
764
2190
903
859
1183
2654
713
1678
490
2589
872
2743
626
1147
21
148
1301
49
332
1458
55
2693
1557
12
701
396
50
50
1256
8
186
444
951
876
1651
1842
2344
657
1184
1430
11
32
494
160
9
1333
409
1147
1546
2447
1265
39
13
2421
22
970
366
1830
1737
733
1746
13
1094
1212
2501
1726
565
563
880
1489
407
2041
44
549
1393
2012
953
7
2434
767
509
29
1612
953
47
1179
884
649
386
1149
1416
1042
17
1092
1332
1923
1407
26
808
1006
43
673
528
660
2017
1053
1943
1722
2173
1446
1555
786
1442
259
1244
1920
807
1548
1078
22
1756
2164
2046
2239
1111
1395
16
218
731
44
1072
494
251
1254
44
737
2740
186
77
2315
498
754
493
392
29
1795
1920
1666
1306
2074
766
1027
1432
401
134
26
1656
2432
27
2260
2521
984
1872
2038
2060
897
247
38
79
2726
136
1199
1508
80
794
676
1121
1352
2121
1647
1686
1101
1488
70
295
2310
26
373
1449
986
42
143
2026
1651
280
1383
1510
41
166
1866
376
1801
21
39
60
527
42
1557
2141
239
556
780
28
608
250
2259
1421
1072
223
2594
393
2410
12
1560
1732
29
947
26
1263
12
60
936
1684
23
2486
1640
794
1215
517
48
23
11
112
1567
702
814
2322
1076
870
2417
50
758
651
2120
1354
179
224
1070
1307
23
1035
1118
759
29
2563
2333
461
35
889
757
42
469
7
324
636
708
2695
697
2363
2334
97
2317
946
154
976
506
785
26
244
611
2556
1123
1122
1634
1317
1674
1011
2316
40
1093
1760
2449
1469
189
251
804
1934
2558
1578
1633
973
2506
46
1633
907
1342
630
778
2748
456
1682
409
161
825
575
874
946
352
539
1152
2450
1354
2626
1301
134
21
570
25
1532
2262
1452
26
795
295
2038
1305
246
23
703
977
60
88
279
1035
391
2512
34
1629
1377
2023
1057
876
2239
1782
1602
15
1281
1351
14
771
787
875
1756
2504
373
45
1155
15
840
1251
1748
1698
453
520
30
1539
2271
2290
5
2376
1994
1067
590
816
1734
1519
752
29
780
747
89
437
624
743
1981
1016
359
1086
25
2307
2165
2503
41
733
591
1193
2772
2761
13
415
1125
43
246
2729
279
14
1318
2162
851
2529
2384
1806
15
1461
140
1103
271
854
197
50
538
1564
1100
1455
2693
43
31
24
1060
1677
649
900
961
501
846
2405
86
1395
53
2585
607
17
1932
944
51
818
1541
30
1878
17
360
1615
2748
2317
166
994
2257
1154
490
423
2305
963
800
631
1943
1253
2253
1570
399
775
1184
30
1257
27
692
272
1503
45
33
1648
25
39
1105
529
124
730
14
1804
2391
226
403
1235
1082
1400
65
35
1865
14
221
38
2211
930
2109
932
409
1990
2753
563
6
1190
18
1924
1730
1425
2622
1072
1034
21
1941
1474
2393
493
1311
1134
959
55
221
952
2493
24
2649
1146
966
602
538
2288
654
2684
36
179
36
1702
774
1054
1328
1113
705
1758
1857
1990
18
1212
328
470
43
633
152
123
1222
2405
151
2347
28
1342
2175
2094
49
311
20
2002
1041
300
733
2338
232
2169
1303
1539
164
34
30
2193
964
46
989
1405
2238
895
234
183
353
667
1617
2140
2735
190
1757
1197
37
672
1217
188
1623
1592
87
2216
780
1137
1633
2407
22
510
856
1892
376
548
2495
561
2216
400
2520
2338
48
2179
1060
1532
28
817
861
1674
951
994
375
199
1196
166
24
742
1853
13
25
1012
27
158
34
713
45
186
437
29
270
583
842
1434
848
22
727
241
2332
6
6
663
602
1693
708
1195
29
2756
28
34
268
1973
246
743
2604
1274
756
2475
288
19
2685
2601
166
50
2497
1123
262
31
313
1061
933
293
88
1018
287
2389
117
711
32
15
747
112
545
2532
1426
234
21
1827
1706
154
1607
44
240
1126
1021
205
771
1
208
2698
24
24
798
959
1814
1546
1840
720
1143
831
1
1713
1913
694
1986
1004
1141
1742
1505
34
10
1346
1214
41
15
998
2301
927
513
1166
2452
1370
448
219
1562
629
589
27
750
466
725
26
1892
408
1183
30
1095
34
1150
1268
191
832
239
480
1556
487
1079
105
1730
402
1091
958
8
1780
2565
1797
388
2043
1138
2275
2650
2392
894
1852
45
582
1522
458
427
422
230
1158
1718
30
1571
906
168
285
414
40
141
30
26
235
368
366
2125
2381
804
17
2078
901
16
1015
2295
1822
24
463
55
1720
1639
1178
330
349
1123
1810
568
36
2474
10
1640
25
512
448
1321
1872
1912
1772
26
372
2116
1061
1613
1060
976
1326
263
541
494
923
17
1199
2117
881
1670
2314
19
2549
1336
489
817
35
1308
1838
11
1130
970
1089
179
491
603
438
24
789
257
736
2029
1497
34
54
1513
2021
160
1774
397
921
78
949
820
1771
2607
16
1432
2192
2727
228
1408
712
36
71
2602
858
848
349
659
1026
1818
1745
40
1090
37
1152
1074
464
40
1086
1005
1746
2251
24
818
66
54
361
2661
1841
582
177
968
2327
291
53
454
61
1712
2035
45
1763
1214
2447
1412
2378
14
1032
935
1937
1326
62
1769
928
565
2704
2458
52
1332
1447
20
1792
80
1038
2671
75
1833
227
1082
6
1985
53
702
23
1460
1584
1089
1428
33
847
2685
1902
2673
915
24
866
30
2022
264
1439
2236
2366
381
544
148
507
33
1293
1417
123
36
1877
548
627
49
12
370
40
19
1129
1122
4
1863
1757
128
90
2415
715
35
575
2692
2180
899
1041
1285
1514
551
1092
43
1709
74
795
26
562
1418
2049
17
2397
1286
41
137
1101
1030
2008
820
1161
40
586
1444
2538
1992
1441
1367
976
27
679
1620
41
1478
31
2616
1081
2197
1281
1764
1153
1950
343
667
289
127
1709
1801
11
1057
37
45
47
443
11
1983
852
1671
184
29
143
831
42
1026
1057
608
23
225
2363
139
28
1258
352
650
10
983
468
1115
18
2080
2407
688
520
1158
1276
575
68
2627
1946
1720
18
839
1941
1279
309
2131
1251
896
2448
1948
274
223
678
26
2463
684
609
166
1956
354
1133
477
79
972
440
51
1595
2308
2542
24
28
1210
442
2253
901
1280
209
1955
1574
1383
14
170
1934
1653
606
248
589
1696
1763
1255
2224
864
667
26
38
1225
27
2306
1202
1700
1611
1194
1430
855
29
2239
429
1080
203
2326
1959
1396
1647
596
1422
626
2568
1800
11
93
2056
12
2581
1914
1795
47
1389
2106
47
1619
629
57
35
476
1017
773
2444
2129
1654
614
782
683
503
27
1465
1302
398
2510
57
31
2349
1347
508
1011
232
1449
1893
15
149
31
1795
168
779
32
801
1488
1135
39
739
2578
1445
2541
2619
78
1909
32
39
1148
672
360
1925
1170
1133
2232
1864
1148
958
207
1785
37
252
1492
860
1090
195
797
1730
1373
1966
187
89
1758
21
1443
1626
1369
29
200
321
409
1134
562
1281
949
1204
143
1603
1856
33
574
2269
103
1864
880
1544
1431
1172
376
722
515
2331
491
1721
380
1042
1971
25
1600
49
99
358
1942
14
648
1213
1901
40
555
694
1078
1540
288
1799
1188
939
22
1490
843
19
18
2166
37
13
28
167
514
1076
58
2662
710
25
59
443
2765
158
607
28
2588
725
1600
1131
1687
165
777
218
1199
1521
144
12
682
1482
2738
821
1169
22
2034
1861
61
1988
2749
43
1379
2285
1836
315
1422
1016
1305
311
239
22
1518
42
1281
33
1346
1913
48
2747
255
350
594
1114
248
30
786
1361
367
448
1508
1221
900
1378
687
1941
1399
33
2318
47
2389
30
30
26
2057
31
177
2
18
2722
1613
2077
1183
2475
1962
706
2419
2611
1700
435
107
488
2043
1136
1846
271
61
1169
79
882
14
2479
14
230
112
1135
255
1854
536
2021
2051
950
877
51
2229
1570
1528
1867
21
279
1430
211
117
1644
2615
2047
1604
1625
55
1703
1134
202
441
1803
28
1763
725
607
1378
242
2659
608
20
502
12
215
966
997
1103
1117
2405
1239
1372
1275
785
552
450
1171
305
751
9
1873
345
2427
1578
18
1001
2770
728
30
375
930
1022
677
19
760
2586
1166
1249
263
742
103
19
2372
2154
804
2702
975
1756
1332
94
49
1551
582
39
34
1497
1046
139
5
1313
1502
439
31
32
190
2748
1123
2286
2642
30
232
163
1801
241
1519
719
33
284
46
1753
28
699
1418
486
1912
1422
615
906
1598
49
263
1842
372
2204
288
18
2149
1087
291
1274
1223
534
1198
423
1889
537
2023
1454
1291
2285
1225
997
55
2230
852
1087
1720
132
48
1088
2770
86
26
290
36
255
17
54
473
447
1019
2678
54
1301
55
199
8
566
930
365
45
2156
1065
228
2542
1584
1081
43
352
20
69
366
2570
1795
1425
411
48
869
2217
1611
1122
875
20
709
1943
2110
1633
1136
1253
2574
251
1265
1345
2282
963
56
176
48
1710
1622
69
1020
1641
30
1495
40
300
35
2349
1086
1667
1043
2594
2614
2213
1583
1107
175
3
23
2708
2642
733
1005
1827
9
823
135
28
1900
699
1572
910
37
700
29
1965
1448
2758
553
1584
8
1814
1402
483
2056
161
330
988
1384
480
629
258
785
990
649
390
25
2404
2146
6
110
776
2325
27
482
56
361
229
25
556
1818
978
703
45
475
303
2625
1010
597
2246
2670
1786
1116
31
584
2441
613
775
368
1443
1414
169
773
520
2253
2696
6
348
526
53
22
40
868
685
116
1443
2383
541
44
2247
1480
1154
1362
396
922
35
1337
2158
1094
2607
2658
2029
1873
619
11
2128
160
1006
419
2049
1213
1964
704
595
2286
2684
28
1093
23
728
904
2458
1278
564
934
681
24
1510
916
21
634
2654
2066
791
1737
846
453
35
1385
2785
2133
875
51
32
1353
1766
1814
1905
47
1628
1136
35
478
221
11
1449
2084
149
1379
240
866
47
1061
1802
115
104
1640
411
1222
606
2189
1174
1228
2421
1482
478
40
1466
2024
1203
241
761
1528
1244
799
21
1367
29
141
2530
1984
31
19
46
307
2030
1180
119
856
70
815
1476
23
3
2628
452
1252
589
836
484
1346
1549
10
1797
241
1458
1806
186
392
670
89
22
380
2259
437
1098
320
1360
980
1519
1616
1091
2132
848
564
45
22
1802
1243
158
1949
1131
1909
1456
917
2288
1244
1634
289
86
17
2476
26
635
16
1892
627
28
987
26
1147
20
2520
1463
990
42
215
50
2350
1727
521
1818
1931
37
1848
26
705
1136
1904
625
22
2576
2677
19
662
34
1159
2655
46
796
1913
2215
2173
1797
38
966
188
1625
881
654
19
2157
252
139
1764
971
523
1945
1708
1458
546
1074
1826
884
1219
164
2229
1753
34
470
762
631
178
45
1606
16
561
28
2204
38
1096
34
700
760
30
53
1855
18
2601
23
1142
2089
2738
202
623
375
53
24
2122
2455
652
33
954
2426
754
799
1080
1267
615
518
192
772
1901
1797
1823
1283
2587
1043
869
1915
175
501
326
2200
1233
26
2683
1169
820
1069
1444
1395
2427
2694
809
396
1948
2772
253
818
2161
339
487
1681
1082
1705
1013
784
748
906
303
35
1078
516
1263
469
1964
537
1208
2108
60
31
1256
126
1821
1801
2052
1039
31
241
64
23
363
1914
1363
32
1957
224
645
1141
94
25
18
1034
1662
1802
2323
148
105
1417
1100
1019
2029
847
21
544
1004
2006
31
1150
1302
301
47
836
605
1769
20
1782
1493
635
2330
1634
1735
1404
1467
596
1281
305
20
517
1165
862
1640
236
477
2449
1602
172
2751
668
25
15
1111
755
2309
1691
1517
26
441
2084
3
1912
1777
429
38
2458
578
56
1225
35
2554
958
1379
962
479
2753
2733
491
1145
2387
1004
1310
381
822
386
2369
479
842
26
1631
27
917
22
118
524
1125
1238
19
1462
1769
3
36
1846
1382
1439
2601
545
17
373
158
25
392
205
1259
1106
1598
943
13
13
1890
2397
662
2481
1744
1513
115
1708
21
44
1443
994
2188
1502
2
587
999
1835
263
1552
2415
1422
1022
364
1325
1044
26
1727
1110
2600
2209
25
961
58
1618
198
1934
2403
1991
12
465
1214
540
1351
493
1053
1189
2104
172
2527
186
28
2032
355
21
2671
316
1565
2561
735
917
610
45
79
603
273
25
288
1794
307
1357
935
1257
2651
964
1483
25
687
26
826
20
4
341
26
508
480
1377
2604
1098
17
380
235
1223
556
274
2069
837
1521
1266
1676
19
32
810
2559
1147
1912
32
1168
27
1697
2736
1094
1784
372
1398
2022
1204
213
1243
318
1712
1502
200
7
254
1122
1142
92
1712
1756
2574
1633
444
98
2119
50
425
1869
1180
393
274
1854
1885
458
150
1104
1377
670
2585
1431
37
14
1788
1167
49
1243
19
31
814
455
95
200
411
37
661
360
1947
33
40
1018
19
805
210
1389
454
45
2223
22
670
2424
1352
328
777
2561
255
281
23
394
1490
1702
81
373
42
1101
85
1986
318
2030
666
40
43
103
451
2294
29
1874
234
2004
2120
1295
2604
383
2236
2290
29
307
462
1977
1594
558
147
2735
760
602
948
2681
2730
342
2398
1253
15
47
255
1512
2221
1057
28
1386
1781
993
19
4
327
1150
2491
2322
986
8
1366
789
2474
336
321
2010
861
1812
1310
149
2652
26
481
508
2287
846
318
2334
2763
7
129
1952
2059
334
371
572
1701
770
25
98
2070
1169
534
231
37
1487
382
798
1407
1426
223
1262
251
2500
1455
861
21
38
590
1561
29
21
2561
1251
2066
475
75
1025
1993
2657
393
744
519
688
1235
882
1200
1643
149
1596
1131
1403
773
1734
39
2464
548
1777
40
887
1531
8
686
2209
2728
1761
1932
20
2427
404
1998
252
1352
1396
608
1566
2726
1162
1012
1100
1934
12
1472
932
1625
2631
858
2320
1122
1404
495
1470
1313
1947
18
1775
1334
1778
822
9
269
779
1131
781
748
28
38
41
432
20
15
1345
52
102
2578
806
826
560
1889
2122
432
2073
1485
12
24
8
1622
654
1174
662
1689
228
455
570
27
661
18
2517
1860
1789
1062
1760
1811
2761
43
2144
1416
32
557
1061
2109
1172
919
736
638
2661
665
18
48
673
273
489
12
1892
1017
580
45
17
1008
1162
743
14
1307
1005
42
333
108
14
972
964
497
930
422
32
1428
2192
2252
1693
46
50
41
13
836
2581
29
1625
56
1697
35
1476
2478
2117
22
340
2023
1337
1685
176
760
1942
621
296
154
1204
522
658
2528
2433
2690
741
759
2459
336
1159
1149
1591
14
1825
2749
1026
1108
43
114
1381
1087
2226
31
395
727
850
1657
2652
21
1838
2544
1804
59
909
532
1429
17
2372
1709
800
2312
875
222
1827
2398
36
29
1709
590
171
22
32
1260
1182
1841
231
77
571
28
1942
225
97
2046
1020
1318
1359
202
1578
34
1783
1948
1959
1990
708
1386
617
171
2684
2449
508
227
1447
799
35
878
515
2507
1668
1433
8
1113
2405
2009
35
331
53
1389
171
13
370
98
719
812
1021
1940
1793
1007
2650
1835
503
874
32
1425
1086
2113
1515
1721
1452
109
388
37
849
31
1657
707
1869
2696
1759
22
2584
34
1262
464
1198
21
662
914
679
35
1738
99
2623
120
983
2246
29
15
852
604
1536
2277
352
37
206
1233
89
2055
132
1210
2465
221
1373
1297
667
2207
937
905
1902
2364
391
1017
359
823
1131
1291
1085
1469
559
2191
2420
956
318
1850
124
1042
2683
1348
1255
421
4
2297
19
1070
451
31
2588
1554
695
1238
1551
8
23
21
2686
553
899
851
101
121
286
638
2424
334
1330
43
2274
582
753
240
559
2328
415
14
1421
1967
702
994
2357
1276
698
582
1329
690
272
1868
15
905
971
2525
886
34
1529
751
2057
767
1048
1014
2095
15
1734
2597
12
25
2306
18
2619
565
37
577
2497
35
2464
380
1396
156
773
21
1270
930
1304
2033
2488
1390
9
1445
25
13
728
2063
1371
2543
1345
1799
1136
1132
41
631
1085
2279
1153
241
31
2277
32
256
548
33
19
2473
999
84
670
79
1535
39
1148
49
1437
1359
121
770
1751
2312
1396
2267
34
374
1709
691
659
1450
962
727
186
108
157
32
29
816
2029
1384
886
1153
324
376
1741
32
1017
295
339
2155
2346
420
24
1059
189
405
48
25
801
734
30
662
2115
250
839
12
239
940
27
53
467
2259
2579
609
2755
2344
267
1715
190
36
3
533
888
15
1367
527
2689
2503
1114
400
1544
749
2001
60
120
898
1246
2471
1894
159
122
458
684
456
656
597
10
2627
188
1077
916
41
1436
563
1632
2670
2119
2006
530
1009
2660
829
45
22
239
1613
1441
904
1891
24
1754
152
1705
2555
1975
796
331
432
2412
113
31
2189
1961
431
2357
24
1871
298
1144
408
16
14
38
2526
1724
285
127
1398
1966
718
1648
896
16
85
2163
1178
2716
138
1938
2318
1671
1255
105
586
1670
1026
1641
798
486
1778
24
1357
1817
1154
185
2185
486
1905
579
132
2339
35
434
28
170
16
2181
1859
2530
22
206
2301
135
1174
94
1743
297
30
1076
26
998
159
101
19
199
559
589
2683
1150
29
1648
1536
2090
701
1182
1463
19
285
564
1081
35
1516
443
286
2316
895
36
1508
530
1860
152
951
144
1645
30
510
295
27
281
2276
1650
2659
1005
608
2612
21
2464
2114
608
68
905
675
1027
21
2705
235
2080
2439
1625
90
1436
1636
763
258
1136
40
22
590
37
49
154
1989
244
26
1940
473
1528
23
14
1695
9
113
1311
11
380
23
259
26
1355
432
1560
1206
42
1354
1147
322
2473
640
552
512
476
37
320
2207
36
35
576
1467
294
17
1757
724
2706
1516
23
583
2196
31
918
858
1633
106
1078
19
2586
1650
54
2016
31
1149
1663
1036
1315
130
748
2395
1274
53
553
1805
364
875
2363
2397
13
715
19
514
1531
1358
231
38
1583
17
1235
1987
35
1474
29
373
41
1514
2299
26
797
1226
590
21
296
176
1926
2500
1635
562
153
426
2239
2099
1960
111
2024
284
1749
166
35
1470
24
92
951
34
594
19
2030
1296
2282
1993
572
2534
1115
449
44
34
48
426
31
2243
51
2769
793
933
19
337
115
1140
947
351
1882
270
2415
1635
22
2022
725
217
1193
691
2251
1376
2144
1197
2657
1477
408
1381
2079
22
1489
9
1844
22
1650
409
2525
85
2624
1619
111
2128
86
2107
2307
1838
32
898
13
2627
2117
846
657
440
280
1188
1238
2466
1415
25
1942
999
707
1810
2209
1876
38
689
441
723
2
5
2718
1852
501
38
2651
2295
742
634
2298
2042
52
35
794
1226
476
44
1256
253
220
1776
53
1860
30
536
2136
516
2476
353
917
253
24
48
665
2531
16
754
273
31
570
1075
1594
1080
2497
1450
170
2481
1018
45
2203
1040
1516
701
1801
20
1132
855
111
2660
37
121
2173
156
32
1213
2719
573
2007
1086
2290
1311
1205
1356
2765
1258
220
996
897
157
507
65
724
997
74
1266
2093
720
481
1435
1152
817
116
2213
19
43
816
1937
1728
307
1502
2260
22
1066
279
48
27
28
10
2576
1246
670
596
345
2113
904
751
32
41
71
550
640
2439
1877
1038
21
1444
549
41
38
1490
1803
29
2209
193
1723
432
423
861
2544
1391
2436
82
56
1810
1828
599
1748
331
2082
989
1686
36
2324
321
608
205
1511
395
119
796
1865
27
14
1173
184
282
2003
758
337
2358
737
903
2166
2631
1451
2443
124
813
2241
182
2764
592
167
49
340
659
906
10
35
1993
1517
1262
26
919
45
10
178
2091
2311
245
1051
2488
2196
1166
2233
27
672
53
536
1494
29
1934
995
90
40
267
27
13
1082
642
258
2420
2755
664
253
546
30
1518
1096
537
1236
1871
1995
1889
787
2354
1831
54
640
771
979
557
1184
2089
64
28
504
435
1869
842
247
37
675
277
2443
855
323
1019
842
234
1554
1344
24
1878
1095
1793
1893
109
389
700
1810
2659
1168
54
1405
14
41
522
14
1059
1025
297
64
737
2635
1001
950
909
1126
1695
1104
1664
2519
39
1162
622
189
724
1940
1467
1510
420
2451
2119
1478
22
1396
1852
725
757
1784
48
1755
1346
290
1981
2304
1894
1624
145
248
1933
1808
25
1177
710
23
34
22
1331
620
2235
1834
726
707
490
645
1885
462
1335
585
180
15
1357
2272
1034
193
1269
1947
1687
991
463
20
1872
10
22
694
118
1098
229
518
1096
2204
1417
1297
2039
2283
33
1746
2080
762
2545
33
782
1213
392
1100
10
43
847
2724
606
1714
25
564
29
1609
837
38
922
831
806
1306
1552
1146
214
220
672
62
151
916
544
1655
1804
2181
738
156
315
250
1660
183
411
641
2149
23
32
860
193
18
360
1128
2356
479
2545
574
23
376
2262
525
261
17
46
26
995
993
2708
2641
2623
535
48
1970
574
2335
2565
360
2592
1516
2165
1926
540
20
270
64
1069
233
973
2513
358
1478
1744
1689
778
210
1062
554
830
2135
337
1145
1516
2323
15
1630
193
1593
1735
2670
947
249
2428
771
30
439
450
958
1513
1221
2272
45
131
1732
322
355
2374
1980
1257
2125
2212
698
714
2273
2114
40
1327
870
1485
15
1789
343
1217
1747
1225
49
2309
42
846
945
701
1753
1817
2202
450
458
1053
2241
1621
2536
865
1771
2404
1896
2537
1955
1144
31
193
32
253
174
433
2340
15
1148
412
439
2347
186
719
1772
545
1207
1545
1797
48
27
1123
1918
500
1353
2573
1526
916
387
2551
1871
480
443
19
2514
8
51
107
1435
1281
749
2198
26
36
2311
1747
918
2129
1288
455
1525
2344
2118
1903
1542
542
1793
46
2223
28
8
1988
335
1225
187
2305
421
348
329
338
1821
1649
1564
2193
1330
892
746
1930
20
2386
39
1329
2026
676
316
44
630
27
10
2230
847
22
1082
618
2600
17
1294
33
42
2715
35
1862
1357
241
1062
689
25
1320
484
1648
2316
2520
1607
791
109
16
95
33
779
1051
1293
790
114
2387
879
28
2121
135
1236
2325
46
1684
1616
1378
2750
1759
103
2540
671
762
1254
54
21
120
4
249
892
38
1601
2505
2550
42
2093
22
1905
198
1048
2680
770
369
318
166
44
818
767
1087
734
2621
37
848
1286
46
362
557
1040
1897
450
736
915
29
12
1213
570
210
2672
2167
50
2063
1181
52
347
29
490
1273
44
339
1071
1745
516
13
1274
27
1668
2036
1226
2178
1216
2669
11
34
45
101
1757
1422
583
455
751
528
2383
36
25
1168
51
1254
48
2414
160
2258
1063
1967
2496
1925
2716
65
1737
153
726
2156
33
24
813
2409
2308
1352
335
152
1001
2193
2398
23
11
2805
817
423
1558
959
2213
1537
2654
1097
1673
818
938
2634
361
774
288
372
30
1217
156
753
34
178
40
1050
485
219
284
2090
19
357
384
94
27
1851
2520
1035
24
1251
1820
1414
2251
1132
1555
29
70
610
999
951
26
700
1690
2030
376
2466
2043
174
1923
694
245
2104
2339
1854
2060
990
307
440
780
48
49
1275
2437
1215
1672
51
2729
2514
19
933
1888
2738
410
2717
2580
595
966
1616
2511
1340
1969
307
2383
998
1198
2543
1445
229
939
915
1118
1248
1710
88
1250
376
2435
2422
635
957
2566
2410
1779
1868
2014
2203
2172
2218
1276
857
168
1895
2447
1536
2083
1208
1993
22
1602
821
1227
42
834
23
2581
2226
2208
270
344
825
154
1822
818
1524
2648
386
1216
1540
2665
42
2601
1674
135
24
2489
233
1715
29
2168
1364
553
553
2476
1099
30
1881
1761
1413
26
232
2739
35
1781
2354
19
252
1419
535
2755
1699
20
939
887
2306
542
26
2646
24
13
20
1010
1395
49
2518
929
710
741
639
2595
22
1911
2099
2473
2117
495
18
23
1084
2290
28
503
250
46
549
1546
2326
2394
1622
356
1668
17
26
1047
1241
1266
1752
1246
2092
31
1657
1904
312
1109
283
964
166
1953
23
25
2334
424
1772
421
2174
678
9
474
946
535
1213
182
1514
1264
2008
7
1083
1917
1462
1478
771
2658
20
1122
1791
1850
43
1145
119
1462
1611
1874
2527
159
1169
140
1282
32
2540
1261
150
1023
381
27
2167
1325
38
181
895
1448
909
1966
1158
1124
24
637
879
1383
18
617
1755
1737
671
581
24
1227
457
1328
2405
297
288
1945
2127
754
2512
1211
174
153
2007
2077
2362
2605
2724
2217
23
5
815
863
103
192
1036
1531
2162
146
188
1918
1588
1180
919
222
726
1657
10
21
1620
1419
1972
1312
916
702
1048
2238
978
1154
1035
1049
148
317
980
26
446
1989
578
2200
698
856
1504
642
2654
28
1152
941
32
2302
2072
9
1052
2562
275
133
898
935
114
2232
1923
382
2657
131
656
391
1336
534
25
1831
1001
20
2275
587
2414
468
180
2156
172
417
24
817
71
713
23
2048
38
628
1666
513
1055
319
407
2098
1691
2260
1407
422
742
632
8
1180
41
549
508
21
1188
989
168
462
1410
2255
2370
2207
2021
452
31
2689
218
46
21
45
1464
275
54
2538
1094
903
35
108
2426
265
1037
2077
205
251
2266
2695
44
2536
1744
108
414
700
305
880
1360
1155
1064
902
26
2358
1151
2159
755
1588
2094
27
2267
31
672
800
65
1958
2604
2456
1059
1843
17
4
41
739
596
457
476
9
715
29
586
2429
1913
666
1471
194
27
1825
1449
103
105
598
171
2752
2380
28
331
769
1785
2189
1971
449
1238
1606
2375
466
1572
1614
1620
30
26
194
1664
2514
974
2707
26
242
2645
1092
252
2783
911
16
1505
615
333
458
1932
2181
387
32
2307
36
2207
617
327
914
2299
717
2737
1071
510
2011
2155
639
44
189
171
583
40
1329
1428
26
155
535
66
32
2095
2335
1004
113
1549
1410
1672
296
576
381
30
827
22
34
2361
2684
1317
1494
2270
1311
30
79
2354
146
35
2233
288
50
1840
1549
459
2475
2241
15
1433
1506
720
802
35
818
1148
820
2250
221
561
1602
46
1151
22
487
780
1311
352
580
2339
583
8
1640
1249
1113
1992
673
618
801
979
618
2156
39
1909
475
446
1261
2771
820
2606
28
273
2073
859
240
136
1123
1650
1005
1119
28
533
1368
972
60
11
45
22
1198
428
1701
1326
1425
246
477
1563
2716
21
132
2467
1485
2564
134
1211
2019
2253
58
536
550
785
905
42
1476
1339
2575
20
2295
333
14
2555
541
235
135
33
27
1899
469
171
1206
2425
14
1638
2336
1264
448
1904
1320
705
1675
177
2236
1444
1294
2148
1715
1054
1331
416
31
2721
169
1031
1349
877
1575
516
1121
2208
132
545
39
1492
1064
2657
607
824
39
2762
1020
751
2164
88
1662
748
2146
1292
286
2233
754
572
1310
746
808
508
1380
1617
2097
181
29
1425
453
801
1837
1961
1586
1136
568
1701
1079
319
2088
2318
830
2398
1023
1441
126
481
27
2088
2421
329
470
2255
981
643
581
585
1927
239
12
1889
70
1323
35
1374
2580
51
215
1824
220
148
1942
1838
1239
296
89
272
34
605
1269
2528
2093
389
1848
2223
41
963
298
1837
1708
73
1640
1925
564
126
1920
1631
2025
2586
2219
489
2364
385
2162
642
2
1498
406
1268
2050
1460
2375
527
876
1134
1702
23
1172
1004
227
259
645
2040
1696
775
16
2665
33
1658
437
2283
1059
242
443
1640
1042
2409
2110
2346
38
1795
534
23
761
2361
1423
2271
315
2725
1686
15
958
38
16
1689
569
2306
1783
940
1462
1036
27
1207
1666
553
1240
1860
1037
2784
264
14
2381
42
20
2368
1623
854
506
872
1737
2527
239
415
2348
99
390
2107
48
923
1415
2770
34
34
1063
2581
684
1336
1094
2331
1709
40
1243
854
1270
2471
23
2241
2332
775
260
1764
2156
546
33
2343
1552
1963
974
27
701
272
945
790
84
2050
438
886
2315
2742
802
556
1137
438
604
2232
305
17
40
48
1696
1564
711
38
306
546
524
1409
24
883
2468
238
1142
50
1817
112
753
117
1526
1013
15
2001
1174
208
670
1531
544
2178
2567
689
2485
2096
2608
388
2737
2243
469
42
39
403
191
901
1400
343
647
34
1532
1061
32
2019
2338
558
25
991
32
768
1359
2672
31
33
1217
268
982
538
475
960
31
303
939
530
36
36
304
2678
959
473
1349
1267
1184
1904
844
2499
2599
1306
828
1259
2329
244
1054
41
626
776
2124
1853
1282
298
91
2558
2494
20
1887
2209
837
108
22
1247
293
29
1350
2323
2264
1505
2181
2662
666
1355
1001
34
34
2171
34
1981
29
717
277
1253
1063
1998
391
650
131
27
1895
1622
1583
1879
14
1569
685
2271
578
315
869
1706
2152
2074
32
341
1710
33
1633
1855
1977
1620
29
875
1944
1890
2188
535
2660
2573
17
2348
2479
2347
1034
794
1581
225
1399
1830
489
1411
1282
550
15
19
266
491
1161
1537
40
391
2048
2395
1247
76
1496
2017
345
813
29
2164
22
28
45
1683
262
18
20
572
2131
7
905
48
1366
1371
760
866
1776
264
837
502
771
375
1151
336
2086
1026
735
83
2087
2448
544
515
13
1072
1649
532
395
1309
1773
23
2309
1797
547
260
1020
1799
2127
1196
1959
1740
534
1880
279
52
1324
2073
103
2327
1681
1665
27
447
1236
1326
26
2143
26
2596
970
1598
478
1123
936
261
1659
238
985
1922
1267
22
2628
2612
1316
253
89
2162
1216
943
2201
416
2546
439
345
7
871
185
2201
597
15
879
1062
11
38
1667
2500
98
383
263
916
505
28
1046
2389
1400
577
36
21
397
1418
832
920
2481
841
2307
819
1838
1325
1929
1257
169
201
2070
1717
1419
916
2422
1477
30
1534
1439
345
21
1098
404
1782
2172
5
1377
2608
185
1731
678
914
2281
552
1393
815
1925
1077
60
504
30
206
759
2668
1867
12
1033
670
1007
28
7
1047
36
821
1222
1343
1655
1749
25
2744
1593
1518
2617
1739
2669
254
524
835
1327
342
2783
21
2344
788
1892
16
1738
1784
142
393
1310
2150
1118
771
2538
868
18
538
634
1198
42
623
347
368
1649
2351
1429
2385
1075
14
1563
1267
2447
1204
1005
1741
1063
1012
2530
1329
2707
1033
31
28
1192
1705
2454
2224
35
2109
1280
2414
2197
2152
1854
1149
25
1410
664
147
1388
2708
816
1137
1252
2643
61
2564
1309
1854
148
230
1954
1787
1620
311
1643
800
42
398
2180
973
1469
16
2441
1745
1455
845
2214
36
1354
2590
1962
41
10
36
2661
13
1474
1785
37
37
2618
1337
1104
387
33
2447
992
1072
31
27
2199
1201
316
864
608
2539
1767
1310
2651
277
22
607
565
1649
18
2755
1085
1745
26
538
77
50
909
808
90
2170
1655
1741
266
2422
1055
197
516
15
55
1179
126
11
422
1499
1586
1210
1734
1915
1135
24
45
37
23
644
906
1689
737
837
1469
911
1901
19
1737
2119
1125
286
219
16
1337
2609
188
2071
47
2030
20
499
1959
1626
1148
2164
2480
16
796
23
51
2325
303
2018
13
1567
75
625
1056
32
593
105
1310
252
2751
45
770
33
1967
1752
1294
259
2673
1319
2279
1712
546
368
305
385
486
2504
1625
1230
984
1921
1275
1920
741
1318
1991
2263
22
22
46
453
946
564
2426
1105
2251
893
248
978
1465
1108
984
1228
650
2149
2468
1200
1188
2275
1022
39
1811
1914
880
1494
854
1308
943
39
1286
1397
43
1009
2619
565
474
1378
29
2687
600
25
2007
2275
2296
864
13
1595
890
648
25
942
38
1613
599
43
1107
1813
218
2684
476
76
178
4
183
1265
438
30
2514
830
2587
605
2185
2357
1048
22
1623
25
2347
108
226
56
179
848
1658
619
2429
651
582
1030
791
1371
1603
1626
164
763
1722
521
775
1108
22
163
231
383
686
784
2197
462
395
2403
1770
837
1679
454
1389
214
572
536
1647
1507
120
12
2094
420
413
12
2083
55
2039
137
1297
2484
224
1206
2589
17
1689
2063
398
2368
1650
591
927
1490
456
1714
2222
575
7
1527
505
1629
805
992
2012
2447
441
22
466
1774
1446
32
1307
1965
48
2710
347
14
857
760
692
1140
541
701
755
1272
151
54
203
1944
243
1889
15
1592
2426
45
1621
522
1947
671
1244
605
1470
931
8
412
733
433
145
1823
1328
412
1878
2688
678
1418
2149
2329
393
1881
180
1194
1089
848
257
444
1329
656
1118
29
958
888
2470
1536
1140
4
1453
671
574
382
1797
116
2692
31
486
2246
103
838
1472
2330
2626
1452
981
1148
383
1480
975
1301
1287
18
48
1460
2082
1933
969
50
709
1961
842
913
1417
557
1411
927
1309
183
2656
2613
1155
1985
1067
1517
59
932
1868
2722
37
1804
2440
1262
34
36
212
1547
1322
1349
11
3
116
559
1825
871
2179
511
2343
208
2113
573
348
721
1440
1501
53
754
50
607
573
353
369
2066
8
1133
35
189
1848
361
311
1691
319
46
2030
23
1868
1173
1200
160
11
1590
859
1826
129
900
413
368
1926
654
1173
2024
1247
1060
431
28
131
1092
2494
482
1457
52
1645
849
896
875
212
2167
36
1732
1657
20
2382
43
1428
77
2101
275
345
99
39
626
795
1692
95
2077
1380
852
362
856
147
1068
1090
31
2338
443
486
224
196
2377
466
581
2144
1322
833
2533
1613
1739
470
38
1415
1617
2463
160
2561
23
635
774
1500
1817
1595
6
37
429
29
1098
419
683
1142
1781
2611
403
455
1676
1276
1598
392
6
273
2173
15
30
2043
1046
2550
1601
1349
2206
1227
550
930
1318
351
1076
51
734
1186
811
461
1674
16
110
264
868
34
18
953
984
2276
2187
884
2150
856
309
828
2116
1195
21
180
2596
2079
30
1864
2604
23
2513
11
1673
2531
1752
373
1404
586
2033
2065
165
2161
19
1665
211
2249
981
947
360
214
846
549
556
1040
188
138
2513
25
706
130
2113
1048
93
241
2057
1044
1794
1860
196
666
2686
47
2024
2236
28
1691
107
1413
507
586
279
900
429
1930
1777
54
1614
43
1297
2219
31
2112
474
20
1540
494
813
498
31
998
1889
579
124
405
515
1
222
1747
33
199
782
1480
1328
630
37
2365
2406
502
1843
29
1128
844
32
2358
403
149
1583
959
495
2298
1208
620
2542
2435
724
511
1553
20
47
618
648
636
1122
1216
1524
44
2107
2761
1846
578
275
1104
1923
31
2185
221
169
2591
644
1061
1783
975
397
34
1653
94
1690
825
339
651
852
394
2196
713
106
697
1080
1946
879
1480
1779
21
791
12
332
44
14
2457
1405
261
834
114
1439
715
1379
707
905
830
872
1841
1895
21
2148
1405
2691
1470
1974
66
417
229
593
717
1823
2298
590
590
41
760
1555
1370
778
582
35
39
998
1457
1695
1802
40
1769
44
1557
662
1646
1861
354
1417
1133
1400
17
654
1886
1770
49
220
919
36
1345
23
571
1863
552
1178
1427
7
1397
1756
1190
2647
765
688
26
2198
2684
52
377
1190
13
572
16
1049
648
755
26
237
1307
1714
221
2367
1067
2322
1006
920
103
234
2571
1285
2153
1786
27
251
28
6
1902
956
2065
1139
1871
376
506
2024
9
2749
1713
208
1796
1780
1205
1043
1795
391
18
489
1193
22
589
1479
22
1179
2761
2580
972
2439
2449
1632
1337
357
2185
504
572
2720
46
1116
399
2518
1195
2156
111
1577
273
17
96
26
479
721
858
171
46
27
1268
25
177
2208
517
326
1840
776
826
2010
345
2157
190
1498
53
351
1729
699
974
1248
1488
1514
533
1154
2387
1337
15
576
322
797
869
409
1008
177
1448
49
463
356
1464
2638
1471
160
10
757
1317
965
2683
747
381
199
500
1184
1647
36
70
58
1807
22
1865
1326
836
2659
410
7
207
541
207
348
112
70
218
137
1482
1277
2460
1247
69
139
1543
2585
766
849
903
2141
295
25
45
1654
2020
534
1346
2677
1088
8
1342
1106
514
40
2614
657
739
120
1948
1012
739
77
1798
1138
970
420
839
19
2151
2050
2570
670
790
1240
2537
855
30
113
227
1536
1442
486
372
21
2043
1678
1044
10
638
33
650
883
16
965
22
1508
1746
2458
393
1954
565
35
372
580
928
1921
1545
722
211
2512
2185
36
1940
560
987
692
1173
596
1173
1922
606
2216
1866
207
366
36
2557
335
32
1799
920
2004
1155
35
23
632
1416
79
756
35
2380
13
823
20
1350
361
174
1206
2238
16
859
982
85
2086
1596
21
200
1464
31
559
1053
1060
764
22
19
885
233
300
376
927
10
39
799
29
1782
1424
1123
423
36
884
1715
2430
323
449
1514
842
1857
1689
533
1064
158
122
2413
2182
855
1800
1109
496
426
523
18
475
1078
36
1819
2736
38
29
85
298
841
2229
1263
1347
42
23
1415
492
216
2452
122
1448
416
1664
901
2004
130
2108
1945
1371
57
253
7
839
134
235
310
778
2229
2033
303
24
1102
794
1539
517
44
326
37
1318
923
1239
496
56
22
544
42
2473
1180
2730
1669
933
43
2353
752
2229
1748
564
45
44
2376
2243
980
1318
1598
1878
12
1272
2135
620
1476
501
332
2397
54
24
15
2465
2405
31
1473
1641
1
2002
859
143
950
38
949
567
487
922
1407
2717
1115
2029
41
2571
1019
1771
38
2671
1760
727
410
1513
2595
2665
1209
17
2737
2174
35
1399
2175
341
1968
25
39
344
255
361
949
673
2416
877
1122
1163
1182
31
574
20
18
2192
1461
182
2446
25
1601
1015
1742
53
99
110
2298
964
33
1416
44
2124
1006
752
51
126
58
1055
1657
13
27
826
185
1889
1546
656
2281
921
1012
1843
2380
1645
12
1503
2088
664
336
21
2466
2111
457
1661
62
306
1304
1338
1651
22
2380
27
18
1454
2478
24
1603
28
2453
1836
2316
2377
72
787
48
12
1072
1311
1777
640
37
2047
25
977
36
787
1139
886
26
1208
769
36
148
2195
1368
25
2132
1067
873
1286
504
1286
1063
2597
1347
2125
1063
583
2759
1084
2373
555
394
2587
1925
2243
139
2316
919
1282
307
453
1339
22
1167
2331
1336
900
244
741
876
2472
310
851
1728
1641
396
1562
1492
2198
2584
35
459
2658
507
409
1319
2630
44
647
1361
1334
2200
17
280
369
913
1611
11
1792
26
946
1170
624
1686
1353
816
1146
84
997
214
394
1999
1298
2046
2358
2032
5
2769
733
1947
1839
9
1462
460
151
2615
2028
2
866
50
674
1351
970
2413
26
1434
929
997
53
1652
604
22
2171
2237
75
843
440
2616
137
864
1814
32
2761
125
1812
2329
590
695
1358
30
2562
19
1560
1589
139
1314
1209
2167
960
1186
2327
1986
35
1205
29
1912
892
2442
1974
1208
2322
1464
1494
912
787
1051
1142
502
2201
6
703
270
260
94
1646
23
1393
2596
411
146
279
527
1021
17
26
2565
1256
1479
1331
2630
260
654
1787
24
1011
919
1800
1069
1913
1378
1364
2085
21
242
1881
690
1127
1927
2617
1423
459
991
10
17
18
1621
194
542
2587
26
14
33
966
2733
774
2073
527
2682
464
1962
577
152
45
67
536
1820
64
442
32
2292
1954
16
1361
745
2276
1537
1952
1235
358
1821
788
800
207
586
25
33
1020
515
1350
352
2779
91
1440
9
1430
1625
1029
2222
53
815
1249
1049
772
937
42
56
24
1192
2242
48
19
590
868
13
20
310
1582
1314
1126
911
609
388
39
1277
1988
516
149
24
1050
45
635
1707
101
1144
36
957
110
7
1452
772
2006
1647
1197
1089
1282
2051
2651
609
1150
1990
641
1665
1064
63
598
44
2553
105
570
1807
1642
2377
361
2075
157
1815
37
580
587
1120
29
1788
405
35
1875
1735
1633
2061
1299
1285
1211
2474
1467
1382
2199
857
260
1119
2129
68
1906
430
902
98
2493
47
299
31
682
1633
41
1589
403
2675
26
39
290
460
1877
56
27
653
260
1369
231
715
1425
48
1072
830
472
1287
24
1319
436
1023
429
681
173
2759
2072
11
1131
95
2732
2610
2114
1191
1966
1993
14
800
809
2021
45
1137
1409
885
2094
32
1661
1910
1449
1773
2450
1825
178
777
1859
1929
1611
127
1142
1824
1993
45
1952
464
259
2676
1442
2309
709
2150
30
27
123
43
390
1219
479
40
622
17
46
1145
395
32
23
1126
2710
211
864
53
670
24
1062
539
410
25
1079
749
801
271
45
1477
13
2731
47
29
1285
87
2239
2089
9
2110
559
693
1207
992
2227
5
2
1672
41
732
1297
121
1813
1098
1477
552
2062
1016
1919
2464
1120
2058
10
1264
2249
823
491
464
39
2316
1001
332
1873
1166
757
845
418
1994
1647
2333
905
1430
876
2265
345
40
1114
2674
52
71
1462
1486
2282
192
48
2341
2205
2341
850
45
583
1551
1713
21
23
384
1578
149
762
2163
50
2480
1250
2690
40
1255
1341
958
51
43
488
1933
1727
1516
297
2034
681
1025
2227
493
28
935
1913
1038
2265
2274
27
51
1155
1220
703
1095
49
356
47
20
2614
230
2571
880
1452
853
819
2793
2570
956
179
1990
1461
1729
39
45
740
1023
1409
2088
665
2478
1224
893
1534
1751
29
696
2024
1712
23
1769
1751
1368
1370
1625
246
223
1098
2613
947
602
2726
2093
802
2052
1535
687
2650
1673
1019
866
2097
1070
324
1831
905
938
993
2736
2714
43
2732
392
2371
14
500
106
358
681
672
2333
27
2767
296
2410
1183
2431
2632
2404
1569
821
908
201
950
495
27
2242
1083
35
204
2492
1885
18
2170
1067
2669
1256
596
1035
299
35
632
1395
2801
45
381
1490
34
942
31
23
2385
43
1765
514
1202
1749
321
28
30
746
1015
768
973
2541
1254
1485
19
655
2414
2337
1259
1575
1016
1240
2209
103
487
988
2026
24
327
1849
2225
88
1452
1059
367
40
27
169
1130
861
1432
2302
565
1212
1024
698
23
8
134
499
477
2681
1996
1935
1700
1772
2275
2791
1512
41
327
346
1537
1356
48
1816
783
247
711
29
1762
318
1899
1071
252
949
1495
1136
668
2399
1298
1949
1149
691
1152
125
1088
1540
1362
26
1720
2422
335
1261
20
1537
1574
803
2172
17
1092
2785
679
883
2550
383
2147
1083
2678
957
1120
777
2021
146
1512
1063
2663
138
2617
557
2383
112
1123
27
873
2109
891
75
1277
702
779
35
925
2708
483
2587
50
5
479
678
2007
367
2065
2565
2063
2395
39
362
30
49
1483
1115
1226
48
39
2132
1656
803
293
806
2013
459
279
1449
652
11
230
47
2207
77
31
1891
1261
1249
2181
1108
834
1516
39
978
2144
1053
205
571
1076
1655
2542
32
95
18
612
1481
2497
2258
30
873
84
760
1655
899
1137
40
2571
231
2684
831
2443
615
2584
2404
2719
1601
659
1243
578
41
2308
262
39
30
1088
26
2437
2041
1733
1586
845
612
1551
1947
12
2508
802
607
65
1088
1360
2040
747
502
1343
1315
1410
1072
527
812
25
38
2028
1047
231
121
1443
2543
2455
2129
1727
1805
1557
1344
2575
1378
34
442
1585
85
699
2258
1943
1094
807
2349
1586
1529
641
159
2269
643
2252
436
809
1352
2686
1156
2262
26
1708
2218
1151
1087
447
619
1235
218
1760
22
36
602
2437
287
1337
2059
155
1029
1125
2225
553
415
312
1009
41
29
1428
26
33
1891
22
10
2381
1004
10
1137
2340
1000
2276
41
1988
2391
1627
1096
1635
1485
52
33
861
2462
1043
1368
213
467
584
174
950
577
380
590
2298
175
1261
2066
2043
384
1044
1672
1634
106
1955
22
553
1920
2631
1940
19
607
604
1531
47
392
494
1517
1216
1788
10
50
134
1269
2058
2129
1931
2695
1349
820
642
969
535
2300
1076
2046
1351
1600
851
2662
1875
1581
1195
1279
1682
648
960
210
2233
152
29
1422
2036
1926
2696
882
598
23
282
137
965
2503
788
77
41
28
1803
2744
47
1418
334
2038
937
1568
1770
38
399
200
722
770
22
2369
1785
525
2166
2117
184
869
1581
1421
410
472
2181
1590
1870
788
292
513
2590
32
2261
21
2670
27
876
1859
1678
30
665
639
33
549
2191
1679
2440
399
904
29
1724
128
2052
1162
711
1857
308
449
296
28
1585
292
1172
1154
268
1441
1399
1745
49
1028
1539
1309
984
1622
1790
1665
1601
994
1645
786
21
20
1970
1183
34
120
2049
549
33
1193
639
7
397
804
2773
2105
1487
591
505
371
2415
891
509
452
291
1221
2480
1536
1441
311
22
507
997
632
1462
2044
213
18
1519
628
2054
220
488
2304
2223
209
407
691
1022
2571
1282
7
898
317
1225
2368
2312
42
4
1192
797
886
40
1765
42
1107
2249
973
1200
2666
38
29
45
2301
559
1723
239
8
392
415
1651
454
492
101
208
32
2600
990
458
2521
693
647
2271
1130
1719
112
1425
134
1386
2590
1072
26
48
1367
1674
822
626
2049
410
1045
46
397
260
831
1698
20
23
1691
1646
116
1690
333
21
2751
1607
784
1297
2099
1050
35
623
2534
2220
484
318
258
34
745
1402
34
1228
1084
395
474
2274
276
1117
1623
1761
416
763
1722
2777
1816
980
2171
508
891
2077
21
111
106
39
511
27
623
52
701
1290
301
190
570
1711
449
1180
2310
1911
2766
1881
42
1087
33
1026
1827
1560
36
2781
283
2437
1143
1878
783
686
321
970
1018
1918
322
34
1842
1650
785
1457
772
1074
842
2089
499
2610
1461
605
2688
27
1534
534
2042
995
23
1579
1306
1449
1523
1071
695
30
1482
22
486
421
2386
209
52
780
801
2632
1660
1730
645
2400
1316
1091
825
1058
28
38
1098
909
37
2394
653
53
591
1779
889
83
30
767
23
1392
351
2339
15
21
1029
2007
1908
451
437
1213
404
1471
216
525
34
1164
168
2763
2393
783
2310
2668
1957
2338
35
107
709
769
438
1870
1833
1785
1703
2423
872
1300
2249
1774
1450
1052
2126
243
2749
24
16
1125
49
2738
1085
212
451
54
1150
1283
7
1038
2516
1132
28
1104
78
1487
40
585
2725
2004
686
2538
32
399
44
1507
52
2001
593
1373
1113
2569
12
38
16
1439
1252
912
2673
378
1508
1417
2093
1710
37
912
1210
1227
29
14
427
18
39
2743
2773
33
2289
1785
1256
21
2775
1594
238
2274
401
1107
2078
2101
36
2004
26
223
152
200
2097
12
284
831
445
755
38
1909
1273
1762
54
24
185
1196
1627
2522
1727
669
550
131
21
1265
106
586
1029
2713
2081
2139
26
46
79
1401
2588
957
1740
23
554
134
2773
1802
1208
1948
30
257
130
1784
7
61
329
436
368
2317
728
1375
35
33
736
587
33
875
1125
484
374
28
18
1807
1304
238
28
2670
30
1204
21
1666
14
30
50
1916
234
36
681
333
34
2241
1647
1988
547
990
2139
451
1915
624
385
621
22
55
273
567
2344
1840
1758
61
2269
463
2141
2396
46
2331
2488
1973
28
22
701
363
123
46
688
24
524
2238
31
33
1729
2243
1838
1898
1629
2583
381
1522
24
2164
837
1335
1471
1410
2012
2020
75
2014
1809
495
1144
2534
569
2252
310
14
1260
593
30
369
2159
23
918
1639
18
1144
1796
634
2218
19
23
635
910
1316
1387
1221
1321
528
40
597
2074
31
42
50
30
2322
1561
2065
59
1618
30
1620
832
1122
247
26
1086
18
35
1561
2346
1307
1538
2484
1118
1175
936
91
1623
2550
1477
788
868
175
1053
141
2412
1430
2126
1976
37
1807
491
2153
1252
664
1146
2122
25
1500
205
903
903
1106
122
1725
40
1521
23
2326
1129
931
26
1412
45
180
15
405
1404
2232
1744
632
17
435
1479
364
1218
698
1384
909
1933
23
1450
2085
546
2286
1340
36
734
1942
1984
2475
1718
733
2342
2241
30
31
2581
1109
1081
1353
784
11
794
437
273
247
532
2026
2528
2587
1249
510
54
307
33
1147
2722
15
625
843
662
6
1704
1886
1173
1301
5
676
910
39
835
49
1093
280
272
1701
1750
1973
2614
528
186
726
2022
2046
1070
1720
2171
919
1001
704
21
146
2728
829
1296
1170
2276
564
27
326
1479
576
25
1585
2218
1765
724
12
2141
1028
1188
1591
10
373
761
771
967
189
38
17
2719
1472
2060
1072
2046
135
2082
604
24
1515
131
2085
646
789
42
656
550
23
1055
1264
348
185
1414
2076
1963
1870
1074
15
2736
1242
1283
2467
401
241
268
2409
352
1313
1843
1230
1999
24
2238
721
64
18
2632
1575
1094
847
667
83
2511
1830
47
409
701
1352
1648
1387
1636
23
1780
388
26
41
1625
219
1192
1500
1326
758
821
44
910
1327
556
33
2525
2233
571
37
1351
27
2031
696
12
557
1850
505
566
35
1170
748
2475
300
22
1792
1772
2520
247
225
11
958
985
1871
16
2517
1121
997
446
435
897
1807
1275
108
372
2287
1882
391
2116
249
2535
27
45
2173
2548
1733
1636
1160
143
2685
2686
965
2288
246
37
12
2105
146
1526
515
269
1503
428
2622
46
881
776
483
1865
151
34
336
1672
803
758
2024
513
5
1533
276
2203
1167
33
601
307
2241
1471
2530
29
958
22
604
608
479
46
35
741
40
26
132
21
603
597
416
373
1896
882
2445
1419
1617
364
1268
263
17
158
2023
1677
34
45
357
490
1490
1744
457
2115
2073
1008
1487
1242
917
16
35
805
1195
36
371
29
996
2142
1146
2514
1754
1403
243
40
1938
183
50
2108
605
12
1837
1365
1459
42
244
1747
572
36
249
2593
18
2306
1123
1096
1333
837
1338
1395
1601
48
15
1458
2570
1974
301
2517
779
1291
735
1921
518
551
287
335
2445
620
1247
123
1628
1839
713
29
1163
1962
829
1737
11
1224
386
23
39
2656
1707
136
2384
2347
490
530
371
1688
2252
1676
143
179
674
46
1948
1598
1930
2107
2120
2784
772
35
16
1138
48
992
464
1271
22
1454
453
1454
1954
1479
2591
555
2541
1032
596
18
2626
2208
412
28
2108
1386
1456
1951
2127
2551
1251
32
267
47
18
39
467
602
1262
460
261
1120
2435
631
1744
1636
682
1946
1011
947
22
841
1114
1485
262
2668
29
653
2165
767
56
946
1582
592
1354
330
1566
34
739
320
1142
858
570
983
2640
435
2258
1541
252
1530
73
859
1278
1563
2706
43
2548
48
1308
1408
578
2675
1770
2212
1793
801
33
606
35
1558
1819
501
2607
2727
1535
2319
31
638
808
219
70
38
787
254
359
739
803
1940
54
675
901
1880
273
1683
283
1810
1107
1796
935
801
496
2185
1156
713
20
269
1248
1134
18
143
2464
2078
2059
903
1304
1770
552
2284
31
2254
714
1145
1812
1518
1250
22
19
34
1808
1731
25
1839
399
30
590
282
922
2745
338
259
1075
1918
1846
149
1641
982
1669
987
24
1713
804
138
2696
2066
1976
2407
1644
968
539
172
1100
1740
676
48
1478
105
1008
20
2509
11
1195
1088
637
466
666
2221
1250
83
503
122
2401
636
44
1029
781
270
12
965
464
640
307
457
23
746
546
2694
113
101
2585
1812
2634
508
640
351
2253
269
2209
2331
1813
651
1031
1091
1221
1120
2058
35
31
2112
1032
894
1581
1759
1348
2608
389
2173
1138
54
1317
111
1756
1178
11
951
320
647
348
1118
2427
1558
2309
49
1849
996
324
237
36
276
1416
2008
1209
13
90
1870
2458
373
26
2312
809
527
379
1751
1240
433
1974
695
269
32
2479
252
423
1286
727
157
1771
18
1355
1446
11
426
2534
29
2283
1767
1847
10
2428
30
1721
1930
28
1546
15
53
679
1342
625
27
1580
1064
46
124
655
8
2360
1160
101
961
2546
53
2333
30
30
1122
16
32
1098
7
1467
1669
927
8
28
422
65
1227
145
1135
561
1299
1773
1118
2482
2763
1633
18
220
417
21
2529
587
954
579
97
391
2140
394
621
1857
2716
49
1635
31
1793
20
2062
2135
21
30
48
2576
121
867
2229
2576
1238
884
115
543
2725
2540
2411
651
48
28
126
13
34
1588
724
1396
1039
466
94
1455
2022
2628
2369
2568
2521
597
1009
921
764
2160
608
1295
887
1122
13
46
146
1578
1982
27
1224
2492
16
1015
1955
201
430
2209
132
1796
2039
2410
1855
1619
1093
2301
2574
1528
1918
83
1836
39
1268
2166
878
41
1667
1293
2217
415
458
2024
187
1924
417
1269
885
18
1510
43
26
31
39
1736
35
997
254
1541
33
32
2439
628
1117
1133
2145
1270
903
2346
689
242
216
35
2386
567
1263
805
1766
2234
26
1702
1081
2741
1768
2330
1890
36
2472
2637
1204
1215
123
582
2329
333
68
598
2228
853
1784
722
1788
1206
258
128
30
1403
1354
324
1702
44
691
16
2300
97
857
34
846
1886
2070
2334
1079
960
28
46
78
1228
1137
45
37
2444
21
39
42
261
257
1029
32
1344
16
738
1478
2367
1011
954
934
1126
1093
1430
2227
2497
15
1940
2339
2433
24
21
135
30
53
1848
746
1878
383
954
1457
2026
2089
1395
2475
475
996
48
18
46
1420
2164
47
883
2617
1196
1879
2159
218
2323
1282
34
724
774
14
1019
1350
29
395
2332
555
1972
1740
950
35
2105
1225
16
515
1910
188
2372
25
1379
1774
2368
193
1772
40
1920
40
9
1477
1776
2433
2076
1888
208
1952
45
132
1352
558
38
882
1534
266
1319
1882
52
1011
41
2295
2108
687
11
1834
12
6
774
1017
15
26
757
1241
1088
40
1598
2177
151
1522
16
798
40
1430
165
1069
867
2388
2132
1380
1422
2016
31
568
15
617
107
2463
1848
311
33
1421
553
1213
695
650
1758
27
2350
462
1836
715
1145
1186
1912
454
1337
66
2608
234
1103
645
741
10
742
100
398
1586
1353
1640
302
1516
588
2460
506
547
397
787
1776
1588
1286
224
2160
27
561
2011
1263
39
1019
2193
474
23
695
2763
2579
28
1818
411
496
894
599
357
48
2290
744
374
29
274
3
2512
276
115
846
1768
1741
392
1702
1155
303
42
2276
479
24
2635
626
2168
60
2116
2667
1986
757
983
19
1242
22
1857
1727
1602
31
2349
2268
1078
2537
2766
100
971
27
444
2131
740
771
1113
218
46
2036
29
196
460
2731
384
2068
1969
1260
1101
468
2758
1247
786
1543
902
1145
2235
1060
833
2316
24
48
16
972
1348
760
38
390
685
2503
697
4
36
1004
2645
52
1436
2724
143
2447
227
498
1337
276
998
2462
2709
2726
448
165
804
1144
135
299
34
2489
827
1003
2296
15
1765
2782
851
57
325
21
1186
566
1255
27
2386
1676
631
727
35
1866
1284
1136
745
1946
1358
1324
28
24
1378
672
64
1156
1297
1540
772
1487
1101
285
2143
78
1192
1915
2312
405
1981
2724
1023
101
30
1697
735
56
1934
1693
1488
842
1704
42
18
779
1104
694
0
2138
1879
5
41
2551
29
2777
471
2118
34
1980
20
1365
38
33
2012
507
846
21
811
1002
1027
929
112
151
1237
1141
178
225
2765
1834
19
1857
2628
1318
450
494
1232
380
1488
1116
8
2527
1436
103
481
1796
2303
28
1131
335
643
1558
695
1540
5
1810
1116
2765
1510
1873
1095
446
19
296
968
306
895
374
43
2306
1448
689
632
348
2151
793
1421
2252
1616
261
1536
703
993
317
968
176
137
1264
400
685
594
202
1708
858
2498
42
12
2520
1
53
246
1327
33
729
276
2545
242
1044
1195
1497
277
1687
1698
47
314
2535
233
53
58
47
1711
32
861
1161
2545
31
2052
146
2264
212
2584
1058
1188
1039
11
1490
264
2306
473
2704
31
25
1136
2619
1195
69
870
768
2550
956
2226
2206
1717
2633
1070
1392
2198
710
645
346
36
2760
14
1629
22
1362
1448
911
1167
187
229
913
35
44
381
1765
1284
813
905
12
176
2669
656
1734
2271
40
1085
256
2376
1507
1058
1221
67
33
235
1428
10
631
1467
758
1094
466
22
2026
48
37
669
2713
972
546
312
1590
1183
1401
28
2598
937
707
664
756
1
149
196
26
99
1784
1112
38
48
1363
349
2433
125
2063
1898
1310
38
21
1115
2563
191
698
313
608
1360
569
31
40
451
935
169
962
586
50
858
2690
2667
15
2247
943
2572
800
2259
568
35
477
143
823
410
1223
2218
2548
1454
745
2085
1974
1083
597
14
2379
984
17
1560
2474
1329
1496
24
29
2324
2292
1734
2128
20
293
2775
11
1974
1881
2430
885
109
1193
722
558
20
408
343
2247
294
372
2133
871
203
319
1171
844
837
2720
2159
2024
559
594
178
1564
2544
793
2776
66
29
963
40
2366
1377
1010
441
19
59
2090
1561
2358
895
2484
34
1405
1171
227
24
38
24
1668
996
1552
140
1213
1027
581
1948
84
2593
48
734
331
819
182
1462
846
638
1523
353
773
1124
1470
50
748
487
2188
24
468
371
1055
823
1402
2337
70
1457
324
2207
1562
35
1472
1977
239
211
2634
834
433
1614
20
631
301
45
2273
308
84
972
781
165
1939
846
2498
1706
1503
866
1308
433
403
217
1324
65
1718
447
2521
1400
707
208
795
2046
2550
762
2160
24
2072
2128
384
320
1016
1503
1961
2437
1574
19
34
312
895
876
384
337
1138
778
1200
52
1511
82
1706
34
345
1377
367
446
2549
36
475
1835
51
1801
1241
564
266
19
1741
814
1454
344
51
38
307
203
1298
155
1320
2495
352
736
1128
2118
1588
345
27
901
5
629
82
893
900
1180
1043
880
44
1111
1618
1140
1257
14
397
2257
102
2278
809
23
104
2089
2290
7
2279
902
537
199
187
2431
2580
439
25
325
490
245
927
2049
964
21
1180
1242
19
195
1958
1270
1024
1553
679
1604
518
596
661
859
1256
43
1678
1657
701
1394
6
53
2434
1220
38
407
28
319
1308
1521
551
1449
1210
31
964
211
926
1569
1440
1007
1393
1995
1242
966
131
30
618
2540
496
24
911
954
964
47
37
1525
2167
1436
1157
1420
1660
703
508
163
1224
19
1202
1009
24
1545
2422
53
37
26
295
1040
511
956
2004
323
204
35
1438
820
151
1594
1895
2681
1850
997
1749
1635
550
27
46
1994
2422
1924
24
1484
2008
44
246
1411
2063
1376
49
1804
555
2084
1346
399
44
48
181
1065
15
262
887
44
1658
378
864
1370
1923
32
1222
38
2025
1321
401
37
52
2073
1344
1940
27
1344
1396
1290
749
1129
2088
1338
43
1528
123
1331
1030
40
1371
1866
1268
432
1536
2766
2750
2094
32
2453
2491
512
1978
275
2322
570
2666
756
33
36
2492
1450
935
72
1095
797
844
2334
778
2177
1839
36
904
748
1104
394
423
1216
67
444
2296
1395
735
1616
2027
1588
2590
1769
2227
1198
2184
2072
236
433
615
438
2477
2572
1025
29
1850
810
1124
248
23
929
413
23
1617
419
1688
263
360
920
869
1607
155
1523
1347
637
563
1939
1929
2274
2053
2730
1186
490
361
29
1440
974
1481
223
845
2189
702
33
2194
2648
1518
642
1209
481
24
1029
8
1541
743
544
25
28
148
503
1351
243
40
2249
356
29
880
2468
911
29
315
1818
1371
1055
1122
53
29
121
540
1172
27
1530
634
1285
14
277
37
138
2488
284
1028
629
5
44
1701
219
41
834
273
1127
532
1978
2026
1356
78
379
636
799
1953
424
1738
2280
1215
746
89
682
814
2233
2303
2553
2146
28
2766
53
1223
2602
2746
1169
765
1921
1352
545
11
35
607
26
31
28
484
2668
913
2015
31
491
2432
214
1330
2095
806
1113
1585
22
814
30
119
1767
41
886
539
2358
1532
450
46
1098
448
576
49
2337
2107
1354
686
1647
608
897
690
278
2103
2784
505
281
443
1620
21
254
24
2508
828
2489
2697
585
1010
1702
30
1422
29
1719
1878
2408
45
764
1099
1373
1719
1731
1573
220
112
782
36
2670
279
1835
44
2244
2304
416
2574
41
1161
138
25
855
463
24
1155
1229
1425
320
1410
2084
455
1230
1237
1053
991
184
39
1635
2372
912
2714
26
650
692
13
2437
221
1667
2525
481
236
1835
1487
1240
31
354
4
642
833
27
2456
2702
1261
446
2241
1390
1832
1211
1532
963
1715
592
845
1107
1973
42
62
140
30
236
591
1296
1368
2238
2400
1932
381
374
1239
347
15
587
1783
2014
27
358
2477
34
1666
42
1625
276
1483
658
396
456
524
19
1140
1811
7
38
1979
1971
31
2762
31
38
40
217
1619
776
189
13
2335
283
1687
1279
121
1572
19
629
1417
490
2210
683
2281
34
1453
2488
40
1980
54
726
1542
50
1207
195
2722
382
1752
1921
229
129
30
890
2527
83
888
1954
14
2639
459
1604
2408
1727
747
21
2620
32
1805
737
1993
1702
15
1692
2646
2131
1984
993
1496
2268
1390
123
219
2529
1016
492
561
242
9
311
2255
256
1492
940
1404
33
1863
2727
47
2513
2443
40
42
31
2739
102
2175
58
742
50
38
701
736
336
1380
1290
253
2124
359
1337
363
1175
1487
583
468
922
37
1074
253
38
1853
1689
1959
851
1113
30
330
627
1636
433
23
2503
883
6
2576
1169
176
2039
2371
542
1335
29
827
969
1233
1031
38
378
1642
627
1836
105
695
807
1149
1213
1977
1326
27
622
52
957
476
526
200
1291
2145
2171
977
1595
2190
244
62
1353
25
215
56
2149
1467
642
203
2057
1904
1918
31
860
1182
27
2633
571
1697
1040
38
1376
447
1655
30
371
676
778
454
701
859
1029
488
392
1180
1452
2481
1731
1997
725
1956
271
437
948
508
180
152
100
432
2264
32
1280
475
830
1128
1976
2105
1640
426
505
26
2402
1707
1688
1690
21
2260
1378
789
1249
1539
1725
392
6
453
1521
1172
1795
2759
433
46
33
1017
1042
851
2101
16
708
32
1416
42
748
281
1357
10
108
45
343
1725
40
1139
1888
1822
32
47
326
1713
2552
26
945
2216
87
255
662
2001
54
344
1912
263
1453
1296
449
43
35
51
1972
2524
408
1942
2728
1081
46
220
588
2504
1143
589
612
1240
803
38
1709
1108
1128
1295
43
1388
1438
2213
1513
402
2434
1488
1042
18
2472
314
12
1441
106
2061
2019
2059
61
746
388
1277
28
1885
1319
1422
453
495
486
1444
1740
566
2243
2128
86
1956
138
2013
592
348
1465
10
1692
236
487
1838
1505
1877
480
350
44
462
78
1686
2746
2044
661
59
483
1196
2630
1498
14
1739
1651
10
873
1100
2656
1696
2011
23
663
417
2277
36
1526
2444
1543
2217
579
1410
233
1588
729
810
22
1234
98
470
1258
1689
984
27
1493
2377
1855
273
435
44
956
2195
1388
1334
97
1702
1643
925
771
2414
2072
126
1446
27
769
1681
1993
1356
1169
1247
1500
1176
2746
1368
1682
1777
429
2560
44
1139
109
33
640
19
1010
2094
1504
2069
2672
9
1802
605
1872
200
38
37
1080
90
786
295
27
757
2783
337
1221
2115
158
1384
9
29
2155
2499
2456
185
789
1459
30
145
1202
65
279
727
558
495
2576
30
1405
2150
316
726
30
618
1531
1130
30
884
1077
24
932
1107
133
2473
1311
1425
1417
1076
1893
1283
18
208
66
1553
1256
1384
53
180
1839
853
43
1730
30
212
26
1075
2603
849
38
1518
35
1640
961
452
227
592
35
235
599
21
44
75
1960
2774
53
1154
2072
1579
50
1425
2274
2033
1455
2468
22
356
600
59
786
25
322
1499
2014
156
2007
67
1156
2075
2743
1796
632
1349
838
1800
5
2652
2702
13
883
326
1154
938
1541
1435
1066
108
399
509
32
325
129
655
1715
1212
1522
2577
138
678
2210
2640
34
364
29
614
1017
26
335
1628
1601
826
444
51
1043
52
2321
2050
2192
953
229
752
2007
55
1230
797
1864
20
2315
204
842
106
2110
208
720
2528
46
1069
831
584
35
2714
1632
1293
39
2451
2357
1404
1563
795
2477
2668
1485
1566
1974
2575
869
1961
328
2707
295
1546
1587
1685
971
1446
2015
23
1933
1827
2622
1957
1199
1461
30
1255
1212
1030
2179
1793
1061
1762
784
1347
186
1469
2108
27
2229
1507
1225
1972
1202
30
59
682
46
1286
270
971
132
204
30
994
274
1873
779
2214
343
858
1221
890
267
1464
18
243
509
565
928
1206
570
2314
2600
1018
433
467
38
1607
33
2456
31
58
34
1152
1056
2092
5
1478
911
1001
313
1223
1387
845
1306
29
26
1865
453
655
1911
91
2701
1212
55
1509
2400
525
2084
2212
3
6
30
1247
142
1856
85
1417
2439
2076
17
10
912
1495
989
1810
512
480
1601
2185
340
854
1599
97
565
2206
600
815
432
31
1887
1543
7
520
217
2147
814
1508
813
358
1615
1298
506
1774
48
29
1677
872
2229
27
1646
25
802
1460
428
2007
172
701
443
2271
849
2638
153
1342
29
1135
364
1996
1503
249
39
47
1573
359
2065
297
2021
21
42
1733
11
1131
1333
930
96
0
1140
1656
1766
2615
797
1290
9
351
10
21
42
14
48
37
202
626
2676
501
2145
6
14
1770
35
40
2347
1553
1244
24
130
11
42
11
41
183
453
803
1910
1112
977
8
11
2026
623
2614
1481
27
775
1421
1734
1149
192
2492
1444
2050
795
12
2581
1190
51
1016
12
33
168
2126
2428
1809
724
106
1127
2078
1222
1503
962
42
2461
45
2114
1149
433
131
566
1818
1386
2419
643
932
28
2002
1964
1852
2568
41
972
2223
16
2620
908
1444
519
44
1089
164
1823
991
562
2382
407
1945
1464
929
1406
219
242
2635
1597
2116
59
260
119
1158
1932
1891
1281
2744
552
14
67
32
608
465
563
958
2658
963
19
863
2019
539
922
1994
414
1426
440
1638
1932
581
1376
115
783
22
24
203
21
1259
28
448
42
1169
1850
772
2207
2777
1801
1594
1528
71
1716
1666
1631
758
87
43
1599
22
50
609
18
56
46
23
2606
859
240
2754
284
28
1588
348
1714
31
330
742
332
21
182
2107
2105
809
1298
2089
2472
2184
348
1390
1283
2462
2306
514
1420
1756
22
875
767
53
432
1378
1205
1073
1650
849
1454
115
21
1201
2005
2109
2172
2395
39
872
2464
423
25
1604
1093
1997
2093
791
2091
2013
1297
1010
140
21
703
1630
409
2531
43
986
596
1503
45
404
105
2104
1954
264
687
1301
1241
2435
12
23
9
41
2672
1360
34
1047
2513
1730
997
1433
897
332
2380
292
32
1796
1354
2459
628
2334
2198
354
328
2042
549
500
2027
294
696
355
1823
46
60
2202
552
1578
239
1515
2149
2260
1437
1203
27
1633
167
1424
1007
2326
889
57
192
739
2776
788
15
665
1650
409
2058
2494
2
2313
1077
581
2600
1202
1389
512
1048
2113
22
1507
1073
294
1954
103
1981
1324
85
849
29
1782
1497
2639
927
687
873
449
811
883
50
2252
50
2482
37
2696
558
710
666
1661
582
2669
1514
1625
2246
37
1877
1701
363
2753
1112
38
243
1567
289
24
1329
13
111
342
47
1441
25
1302
2166
426
1089
43
24
1765
28
815
2024
863
583
314
1279
249
748
658
295
1202
1777
1152
1278
2258
1465
2442
886
2418
2784
405
11
20
1367
230
408
1551
849
1741
1223
801
2542
1504
885
26
32
603
22
26
2102
801
720
672
65
21
2376
106
1297
495
519
2717
654
1521
787
2388
1337
34
77
240
978
530
1487
635
1636
42
1309
352
1690
1692
36
43
2101
1112
662
514
530
1671
1795
22
1785
33
2521
1820
117
133
802
2345
590
163
1767
1411
257
1243
1672
1156
316
28
22
34
550
2105
2014
469
39
730
212
1919
548
9
1208
1092
702
47
541
2176
586
694
2011
1454
2560
2330
1584
571
632
1412
1601
2557
202
2677
142
535
1927
51
298
2013
545
206
33
27
218
1198
725
1980
2072
635
1136
611
1547
176
32
28
1611
601
1225
2517
1202
9
7
933
20
15
37
137
1591
9
1364
1530
44
41
53
164
11
2513
38
177
1295
414
1489
1912
2215
963
2424
2499
370
1813
3
1382
1921
2665
2119
1349
36
81
319
27
2273
915
270
897
537
2411
1584
441
159
479
298
2551
1343
18
504
2045
800
1281
776
1545
258
820
1704
2239
593
716
2656
1681
2256
66
1141
320
1490
201
1754
1808
156
1905
33
1510
35
2424
1638
1675
46
981
2379
961
2446
863
25
1188
241
49
19
1155
2764
50
1985
1796
30
415
53
464
2147
309
536
2362
2350
29
1530
1374
457
2537
2260
21
1621
1172
1876
25
1794
1783
41
704
235
914
1875
1050
762
604
17
59
14
1565
115
900
11
1414
1760
954
156
665
1675
1749
385
785
1995
11
156
1067
2737
1333
40
1501
797
119
1740
687
30
2573
1224
1022
2563
984
1521
17
83
2713
1397
26
1238
576
1094
829
467
494
613
4
1593
1828
724
1255
35
643
325
1349
16
1288
19
2654
1638
546
2690
888
1450
2220
870
1036
1968
25
378
446
956
1863
933
2343
832
2526
887
2610
2444
110
1450
1779
26
25
865
81
2661
1274
2063
1734
820
355
262
122
931
2184
1194
225
285
47
1739
744
49
2434
1587
26
1484
1291
63
1273
44
658
276
1450
1113
481
185
477
1048
2573
1533
702
43
1175
1702
2067
1511
653
1843
776
2447
376
1535
26
1407
73
46
346
64
275
122
231
521
600
2554
2755
1189
322
1017
60
137
1978
1419
434
637
145
339
1185
3
3
1085
61
1084
2123
2
1236
23
698
1655
662
2696
1124
1554
863
520
43
2291
917
1156
22
2169
1723
839
24
2774
24
1256
46
1149
239
236
35
33
1511
201
231
2415
15
2479
1829
1215
2317
159
1057
620
2029
854
1502
1229
471
2230
560
1878
1511
1184
17
2669
211
134
1470
1140
860
647
964
2079
2350
2402
318
1043
1245
2277
218
1188
243
2546
387
26
44
2009
2740
47
1055
782
40
1528
697
187
52
419
1318
1118
770
1914
990
2016
1492
32
40
2289
286
1105
522
32
1498
449
1565
34
534
21
973
1162
2190
2014
2510
439
1570
2743
2291
895
21
2711
1745
204
520
1289
2309
346
1523
33
458
15
45
2351
2135
1400
22
359
151
50
41
1585
50
1279
1363
1329
255
1528
2776
584
36
1564
17
212
43
5
1480
215
580
2313
451
28
2285
1121
2651
544
2465
44
418
1547
1970
2777
657
2776
223
671
132
1200
2303
1740
19
1032
1436
323
1985
1400
1391
24
1339
2660
483
541
841
26
942
1804
781
1191
37
457
713
1927
481
772
316
937
1925
707
21
1061
1413
2523
720
2137
1649
418
715
293
2763
2481
414
1177
1686
31
211
1256
1088
332
55
2215
1457
550
2394
1979
12
1292
1585
1097
2537
1276
2340
544
32
142
765
2247
869
46
797
1845
1067
1563
2140
10
2122
737
10
2184
985
22
2261
652
972
26
30
1820
285
48
219
1541
1106
823
1104
1366
2229
961
2474
77
769
2754
13
139
2391
1088
1440
1744
14
90
2148
293
1059
239
274
38
2247
1517
723
1
2261
497
1680
12
1031
178
960
26
25
46
223
766
1025
2609
1124
309
11
2148
885
52
2293
259
1045
2199
2096
2366
35
991
1793
1431
1437
329
118
480
146
30
41
222
43
340
1575
1104
457
836
557
257
48
1372
132
231
1329
151
1304
875
487
1163
71
2586
1317
18
34
260
55
2297
55
1147
261
48
2274
2530
1049
16
2499
1252
499
284
552
39
2310
1533
1457
297
2387
1739
2463
2476
2224
2685
1402
2571
1984
500
959
465
1615
2731
2284
1156
40
23
1414
2493
20
1262
303
33
2023
2424
12
2059
67
186
243
1414
786
1251
531
896
1625
1312
39
2007
1312
1015
2091
1519
731
2460
1928
2642
288
388
50
42
632
34
1680
667
1451
1520
1785
28
56
465
1218
1660
593
1109
1070
182
1965
456
2665
1843
46
31
920
2006
2126
1751
1147
130
1720
2674
868
567
45
2077
2033
1344
24
296
1656
2031
1314
372
66
1724
1535
35
804
28
208
49
1216
2457
1248
1592
234
337
2467
2141
366
2080
8
274
35
46
727
653
729
12
22
679
2073
2481
433
1753
41
983
2128
1635
2201
789
2750
30
1232
745
662
711
946
1728
2208
160
2457
904
1891
247
1035
202
1994
30
1112
1626
1796
1724
2625
40
967
33
2530
1825
504
2622
23
232
2122
1407
275
1349
194
639
2455
507
2212
35
2457
24
1693
49
367
656
372
1940
21
36
1093
2694
1425
1405
57
1033
217
20
2186
43
2295
881
215
16
1662
2684
264
2068
1479
1716
1051
441
20
1144
1248
1138
2173
1197
1687
1773
1759
1360
17
1281
41
405
32
36
16
1362
1843
279
443
63
821
2078
339
43
586
204
1084
43
2077
1708
163
311
1507
3
387
39
444
695
2071
1766
38
1111
332
1969
1098
117
2365
1055
2429
520
2323
1264
29
1519
1349
649
627
2100
707
536
593
40
667
2126
1054
206
1334
25
416
1654
498
613
203
1431
2565
1384
1881
659
897
801
17
276
412
2002
628
1754
35
345
678
785
30
25
1317
27
930
826
23
983
555
1828
197
1182
987
893
535
2797
357
629
2504
28
635
1662
1679
1685
1344
100
315
2522
2619
26
39
26
1733
2242
587
2663
1947
1921
525
37
21
572
281
1371
470
1821
2242
1053
870
1823
2238
2239
974
1035
710
313
593
238
139
1528
287
851
1525
1897
2096
1101
586
1749
211
1146
437
784
999
594
373
1003
1882
96
1093
374
432
378
2491
229
1940
590
1183
803
1550
17
255
618
386
2246
991
347
2060
2221
95
33
1617
1267
2176
345
2431
842
1269
34
1867
1778
575
541
275
652
1502
2206
1289
37
2548
36
179
869
388
1653
1116
284
357
48
1703
45
49
1319
362
1655
1175
1365
831
557
1674
443
2672
871
1627
37
1221
14
291
2171
2348
1681
649
1042
33
370
2097
1581
26
41
39
7
2438
35
2491
1380
119
558
1584
28
198
2289
29
1222
239
17
1871
1694
319
2371
2350
1532
33
2269
27
522
132
905
2045
37
2447
87
628
2451
1277
1306
2106
111
34
2064
1563
1647
40
2691
1652
35
206
2638
7
255
1936
217
431
1575
293
381
1033
1584
915
354
261
296
423
45
1226
42
121
745
1275
1330
2137
1296
179
1881
927
1701
77
33
656
2679
2112
1347
779
44
590
632
1518
2326
1590
1268
898
816
47
1288
34
1512
2036
1731
2312
2600
52
816
632
12
782
1608
27
1229
910
45
599
1137
836
2458
12
517
883
2603
2127
337
486
1199
703
1894
1397
1012
42
91
1693
2704
38
259
187
1404
2022
1336
1052
293
2041
1045
1504
2094
1874
70
10
2339
48
1319
326
2174
68
329
34
1470
1750
406
732
1294
1525
2365
6
37
2548
1088
1923
1015
466
26
1535
1524
623
275
22
805
1982
1241
473
1068
533
1240
1962
297
1525
1244
1359
1165
21
1189
492
8
863
2712
1401
36
1365
473
1345
2055
16
2158
384
1180
469
2694
36
26
911
1883
768
1566
1490
2125
2379
147
1897
2238
154
2150
202
248
1614
1045
2092
60
375
369
1265
298
248
1250
1637
15
954
2325
1579
86
27
33
47
633
794
1679
1541
231
1166
2633
2344
720
1516
2200
1316
54
1381
1019
17
2649
510
2405
36
356
22
973
615
1428
2269
1874
2372
12
2690
1347
36
50
206
319
1143
1885
2091
2
48
1034
144
1866
828
10
2357
1730
218
1655
32
982
2494
744
557
24
1235
1814
1046
801
292
705
786
603
623
1505
1533
161
897
28
1669
218
2370
1070
162
1325
1951
672
1040
872
1775
24
1395
358
1703
593
1436
2750
780
92
25
2050
23
23
989
43
2639
1056
78
18
49
17
51
408
1760
393
1059
2634
956
587
2409
33
1937
2757
636
1281
1115
1973
1030
2167
647
647
94
330
2686
303
19
31
2647
399
1188
302
1114
453
566
63
1023
618
811
636
43
206
1139
910
480
5
1008
2277
1576
37
296
421
2773
390
1058
49
1360
589
998
292
25
2041
1297
11
206
27
2556
98
682
17
1338
1410
9
2549
2736
30
1179
1458
1166
440
1639
474
335
16
209
9
1963
51
1823
1662
1153
16
45
231
1408
1981
409
6
235
1361
51
1263
2434
1945
2545
1565
36
435
1005
98
35
310
1563
1579
35
796
1975
221
36
1304
2008
44
2152
469
303
139
131
801
1092
496
2474
732
80
65
15
1973
1344
758
44
879
980
845
1064
1572
1482
2588
2077
2070
28
21
586
1194
43
2390
2035
330
23
447
914
2592
264
9
1161
1110
720
24
922
191
981
151
269
122
1786
713
1909
953
409
554
1569
1728
15
2207
1183
1816
252
1797
1426
2210
1261
219
555
1102
14
561
930
29
667
1846
340
1133
1058
46
2073
1237
2655
398
1764
1550
1106
1914
10
151
1974
510
1277
3
861
36
2302
1377
1214
825
584
1031
46
117
1560
870
194
1096
451
2127
22
150
96
111
1932
268
1581
718
1139
442
139
1396
1803
759
403
2262
1310
1820
940
798
1205
1818
1074
1825
1628
1913
1101
1413
2257
195
1907
2429
1912
1391
1202
2351
1919
103
875
2161
40
1341
2740
850
2373
36
976
2252
1959
1098
87
48
1438
2560
13
662
2213
42
2516
1632
14
1321
1937
1984
2689
873
851
935
380
16
1014
901
2584
42
1864
2409
2352
960
1531
1090
1818
2654
394
2039
1251
958
1810
641
635
1416
604
159
1137
1449
1870
830
607
32
1776
1904
574
559
559
1816
493
480
791
2381
33
2146
1291
1236
1242
1246
1447
1358
1934
2468
555
63
52
29
2303
2273
1983
452
641
