24
200
488
115
83
498
661
406
211
575
113
25
384
22
252
12
260
583
123
297
432
8
42
212
263
18
581
448
21
360
15
164
406
54
707
224
718
85
53
485
93
16
576
376
608
566
14
20
233
603
24
298
603
470
520
167
26
693
28
295
23
173
240
22
18
144
427
721
83
331
33
434
187
90
14
85
681
323
294
697
335
636
469
708
241
373
425
128
104
10
168
266
266
11
588
559
26
129
602
255
460
210
11
445
384
523
9
123
393
17
42
324
509
165
629
538
500
497
519
229
87
549
98
710
208
544
75
629
413
572
601
687
2
317
715
10
651
77
84
200
526
372
610
23
403
545
8
10
184
453
1
25
356
344
14
166
85
490
226
243
261
20
288
430
568
120
420
97
122
148
147
58
631
19
82
232
22
28
78
39
6
259
32
206
194
78
350
357
149
22
36
28
703
460
267
475
285
22
37
601
21
623
99
441
21
350
503
25
104
13
386
499
75
3
10
3
268
212
25
219
223
58
151
361
18
719
357
10
43
25
55
255
413
536
99
586
300
6
15
32
19
76
15
20
342
317
652
145
336
22
287
401
496
350
140
144
19
199
115
32
213
151
687
351
20
127
171
269
163
115
81
592
36
159
72
198
26
546
231
408
353
647
21
584
202
23
257
132
452
497
211
191
226
564
522
9
372
433
450
21
66
116
80
46
21
612
139
589
257
108
588
5
405
13
94
72
167
392
629
302
498
583
18
531
686
91
297
313
484
550
253
454
69
102
195
192
215
386
79
6
552
441
4
20
547
161
100
205
178
494
584
366
102
19
530
20
16
261
232
181
284
109
435
128
530
142
4
87
184
120
572
25
199
47
211
27
19
109
73
77
14
564
528
18
339
140
226
15
249
263
157
536
6
130
532
589
544
441
4
122
79
637
467
269
1
384
387
87
666
13
356
291
348
387
29
345
518
437
354
207
258
324
409
656
312
600
439
468
233
526
1
288
343
15
318
663
240
23
40
114
191
165
229
12
17
16
574
636
7
25
383
371
196
10
655
333
16
18
9
342
306
158
118
466
532
585
169
262
169
210
287
295
295
205
431
67
220
117
188
218
406
231
671
625
203
238
362
16
164
252
267
609
20
55
17
144
14
206
496
35
5
452
730
23
521
347
122
6
41
17
252
311
57
183
18
99
79
612
78
267
359
70
595
643
81
19
568
531
280
13
343
240
280
230
112
310
15
17
30
35
7
8
215
123
19
652
267
22
648
15
693
372
11
460
7
96
107
359
16
197
13
287
664
8
513
522
23
35
485
10
698
191
404
485
27
624
25
696
22
681
438
4
478
511
162
6
8
14
527
73
603
416
117
125
204
314
246
541
187
101
551
440
410
195
675
133
563
108
266
118
127
283
7
685
603
614
10
519
124
324
250
13
84
720
182
187
13
706
21
261
48
252
18
221
107
150
49
300
272
1
552
569
20
6
322
326
652
178
121
190
215
194
262
22
564
367
578
46
635
471
212
24
424
538
445
425
641
585
728
234
112
16
156
583
379
38
13
367
653
273
13
531
8
83
372
613
720
393
256
295
219
53
201
664
502
282
79
215
61
515
608
10
258
34
115
525
188
246
432
174
8
278
320
189
274
11
10
332
538
405
382
77
193
19
427
26
507
41
125
412
2
225
165
522
35
19
27
156
182
294
108
556
61
234
449
124
123
79
156
605
464
9
7
129
382
20
204
130
7
437
476
692
345
694
261
616
40
490
475
15
367
698
16
287
6
61
17
394
389
299
85
193
351
157
25
125
167
453
206
445
12
228
373
109
19
387
562
55
573
142
351
107
521
402
248
17
201
48
407
411
8
603
129
3
91
695
297
28
522
223
372
280
71
51
69
236
99
127
18
26
48
474
573
98
26
190
279
203
444
89
239
436
224
120
130
260
75
419
212
44
290
97
3
454
21
659
7
7
26
729
441
400
156
490
651
249
700
207
727
574
231
204
160
346
186
14
699
75
284
484
189
3
250
19
92
209
102
245
10
714
389
463
40
18
667
687
82
207
302
384
19
528
434
722
425
85
501
231
27
199
11
135
548
215
463
147
242
25
479
203
140
59
272
562
394
382
688
277
161
695
138
592
587
286
114
307
489
293
133
461
17
235
617
615
402
427
18
16
91
55
206
16
546
474
467
389
639
18
23
241
47
26
334
141
485
94
4
64
23
588
25
576
252
67
15
516
295
341
540
47
637
479
382
452
245
16
14
597
113
9
279
519
61
293
633
14
30
266
13
529
155
100
368
142
460
30
72
183
48
602
699
61
79
129
16
25
420
650
32
172
690
465
277
114
104
4
677
189
16
28
264
314
517
4
97
28
464
80
111
71
256
394
465
15
120
26
161
243
120
173
194
7
6
260
68
715
569
550
8
517
246
703
110
76
450
447
66
472
25
129
20
603
704
14
560
93
104
460
532
8
179
20
195
14
177
221
466
387
344
21
452
164
153
11
522
460
182
200
15
352
652
472
14
164
13
564
24
433
75
412
7
77
541
5
23
692
251
537
235
490
457
509
162
587
338
325
297
10
65
437
265
680
322
151
23
16
586
25
590
173
54
546
319
653
242
11
605
10
1
552
694
495
495
279
393
590
18
302
125
226
35
22
556
276
37
8
14
232
27
224
187
286
322
417
16
721
154
41
169
551
45
293
89
135
707
239
61
25
10
461
22
310
189
18
12
365
645
19
598
15
49
109
241
175
408
14
185
439
6
465
195
174
8
244
27
12
28
5
625
120
594
242
36
389
6
6
7
148
10
355
229
11
192
497
266
584
126
386
61
396
155
9
167
331
531
155
399
384
109
18
212
197
629
355
525
275
257
14
262
203
504
274
10
25
430
64
210
7
20
477
379
284
600
350
565
285
27
244
458
66
337
160
24
486
712
52
6
150
155
347
552
260
362
201
299
119
712
16
268
12
518
10
379
344
398
261
8
332
85
10
295
155
216
248
211
25
16
9
289
5
384
363
573
27
378
167
183
10
575
18
27
404
287
206
696
151
27
251
416
231
10
343
49
27
20
103
119
264
18
698
287
557
644
195
4
9
295
462
534
297
330
310
71
17
434
103
261
15
374
655
431
207
92
701
715
667
10
142
86
547
62
16
393
259
228
619
337
180
194
10
20
175
387
73
134
195
65
335
392
27
254
285
499
23
47
394
368
66
131
194
16
658
693
162
191
309
115
40
185
428
96
637
136
18
714
122
32
65
645
16
70
38
708
362
23
529
17
313
565
603
129
126
396
708
8
292
21
26
19
23
643
64
497
21
526
570
717
242
422
233
499
76
11
9
137
31
345
338
477
5
303
71
257
207
209
93
470
153
122
10
309
239
296
103
14
541
14
269
317
312
289
633
613
526
335
135
20
377
452
337
131
418
39
643
409
265
27
686
535
537
136
99
468
38
648
379
35
99
12
19
623
11
287
49
168
388
15
474
23
18
35
19
3
16
537
6
21
8
728
10
25
314
423
16
13
298
592
148
13
670
26
66
328
598
399
168
12
580
552
246
225
12
279
113
365
309
420
247
17
20
18
13
421
582
25
305
14
54
199
685
581
462
394
75
544
142
28
609
202
659
118
61
380
167
672
259
656
82
11
496
17
17
549
256
444
155
113
95
496
71
20
506
367
91
491
289
587
436
414
575
224
334
154
422
237
321
272
134
593
16
496
134
141
708
360
386
664
561
14
97
499
25
19
599
125
149
58
220
197
10
20
42
527
25
496
562
18
503
11
543
264
323
168
421
469
503
580
25
417
38
394
496
332
480
665
303
48
221
355
319
465
308
284
31
19
165
165
20
220
348
142
425
319
13
152
336
439
220
14
516
393
380
676
398
331
402
128
180
379
385
117
253
610
693
53
313
141
463
131
15
12
465
455
9
17
13
577
18
101
421
369
42
147
5
305
472
445
218
394
200
491
264
399
4
12
313
46
116
118
450
151
102
639
11
422
463
289
190
633
523
26
492
646
152
398
536
286
13
6
397
283
220
62
28
663
71
148
339
174
153
184
128
629
25
681
21
449
215
589
429
74
24
13
493
548
553
170
427
33
371
64
200
176
5
68
314
349
10
31
66
558
276
22
447
47
397
432
199
191
161
383
213
588
235
174
22
114
94
269
182
16
510
391
239
633
318
276
589
122
623
304
479
693
600
85
652
22
451
37
392
5
27
470
103
15
408
24
18
312
432
242
402
21
462
480
6
446
613
212
15
441
15
98
5
56
115
373
518
53
426
80
34
42
478
11
35
371
26
674
20
66
284
70
16
237
19
237
17
317
52
22
454
491
16
431
47
92
430
185
148
28
144
575
627
588
146
608
93
56
459
12
631
619
660
447
13
13
87
33
150
19
72
216
304
490
377
221
215
69
9
17
35
37
399
638
111
338
662
25
8
418
448
233
225
498
148
231
120
338
590
14
88
201
244
553
92
20
399
23
134
21
3
313
201
63
206
189
8
73
82
30
413
73
99
10
14
273
21
340
370
562
201
17
204
472
15
336
486
169
223
594
308
455
12
149
73
186
13
115
410
228
87
658
486
693
14
188
713
591
615
413
20
304
292
226
13
295
17
520
460
13
397
10
545
368
169
14
496
233
574
29
601
280
686
498
3
97
698
10
307
63
414
253
92
360
22
3
587
684
221
332
31
155
522
17
104
571
523
485
23
79
128
608
122
450
568
542
493
540
6
110
690
4
576
123
181
575
95
17
213
255
5
208
620
74
136
366
147
236
607
533
722
303
26
236
15
7
344
321
67
529
101
641
393
406
10
591
380
10
20
88
370
430
13
14
648
118
21
705
18
702
8
154
172
626
521
359
414
21
486
416
602
28
4
18
536
208
14
679
564
530
682
174
193
136
90
551
703
123
66
51
59
118
44
107
228
81
18
193
26
34
316
11
223
434
218
242
38
306
186
13
9
260
95
115
87
29
113
250
634
278
84
396
35
672
474
509
693
559
464
14
23
451
427
384
530
261
165
23
9
452
606
140
11
19
148
341
55
678
32
528
296
397
9
110
418
200
134
587
629
152
82
635
195
196
88
16
162
209
64
300
307
378
20
46
298
21
250
535
517
514
261
93
64
262
136
685
509
19
18
195
90
540
284
255
251
21
20
706
62
135
15
555
35
540
349
280
477
496
393
289
342
30
64
336
275
102
574
287
276
314
380
14
203
597
109
48
217
159
254
645
349
77
566
152
89
206
249
348
14
102
700
112
639
390
96
500
62
135
76
228
168
277
290
410
455
102
374
585
52
438
25
103
302
435
474
145
24
14
90
47
545
9
166
447
573
482
669
720
478
539
198
593
693
7
610
193
353
638
82
200
453
651
11
388
284
701
21
451
11
690
115
182
542
357
48
215
194
21
426
62
104
504
61
350
75
261
12
103
29
584
531
87
412
50
614
1
26
139
686
258
299
61
181
19
17
304
22
714
18
20
127
117
516
137
380
22
392
568
449
417
152
98
366
512
62
112
361
279
164
578
101
149
372
190
202
32
130
605
28
223
63
114
506
332
543
668
304
712
108
18
21
356
24
28
354
369
10
86
293
49
506
355
561
272
124
230
413
6
488
36
508
49
54
83
158
250
469
93
613
310
464
442
613
27
545
437
689
114
124
366
477
20
258
424
205
277
410
239
402
583
279
598
125
345
18
30
11
560
15
579
244
597
157
26
208
226
15
247
158
515
158
631
369
355
84
142
127
41
378
76
256
25
426
505
687
79
478
288
310
402
247
286
246
350
23
177
370
193
373
42
336
21
175
623
280
429
6
219
307
392
382
21
19
374
14
387
245
21
671
19
38
235
186
680
15
45
700
444
712
18
411
607
41
28
30
3
699
317
57
319
25
185
118
228
224
558
395
219
22
30
504
105
227
169
382
323
324
278
32
23
387
335
410
16
315
259
642
509
204
66
709
1
431
20
153
22
252
221
389
308
341
181
22
414
134
21
289
519
338
307
165
8
83
562
38
21
367
545
38
11
485
156
72
436
146
63
186
162
17
111
22
212
186
594
9
654
699
246
386
239
10
232
12
217
113
133
529
61
10
514
421
66
563
50
22
172
70
250
290
37
11
13
22
565
6
411
239
196
47
238
544
15
549
239
59
115
136
127
530
464
52
26
7
366
16
279
20
711
191
599
224
16
552
292
295
568
316
97
602
120
240
28
262
507
139
22
584
27
160
86
310
254
146
26
417
10
545
623
328
669
8
485
719
27
20
19
109
117
203
569
420
291
443
410
358
619
22
41
79
310
437
380
44
83
372
710
161
342
577
82
395
569
170
302
30
533
96
21
19
27
37
200
172
112
454
120
471
184
85
182
97
12
306
596
492
193
160
602
20
717
17
517
510
117
344
315
373
86
386
13
408
46
152
45
438
145
425
432
181
571
547
238
371
19
9
86
2
385
18
82
78
241
680
718
126
626
143
266
19
627
13
239
18
123
720
301
178
12
18
230
480
367
135
280
198
164
435
86
518
648
434
672
232
26
140
94
85
184
393
344
522
20
698
26
401
25
286
578
235
297
22
223
149
352
103
294
10
425
371
44
203
617
213
570
314
564
51
237
197
467
20
418
636
309
443
406
3
419
75
342
58
300
19
371
24
80
542
451
318
454
51
360
136
489
346
61
307
15
258
10
22
336
653
85
346
134
616
321
381
147
207
176
158
567
198
462
12
123
23
566
156
91
4
10
683
12
509
249
610
245
520
553
421
633
329
590
144
441
7
430
608
80
11
24
74
12
235
441
25
115
685
142
675
332
281
10
555
229
44
21
94
11
399
216
167
10
86
140
92
36
377
181
569
196
265
26
25
426
335
265
652
17
221
22
632
475
7
95
77
121
159
273
66
502
361
382
480
184
105
7
433
369
32
456
268
342
300
109
480
322
18
180
469
158
177
237
18
53
194
15
219
82
217
392
636
643
18
23
18
197
15
25
112
4
494
81
13
9
255
283
196
32
210
15
325
180
511
133
452
150
516
368
246
284
709
27
449
307
226
51
31
314
138
10
90
293
536
116
256
512
20
419
548
43
525
184
194
660
68
8
8
33
15
96
444
508
8
17
707
208
624
242
204
65
311
14
645
488
325
14
167
472
494
15
25
303
88
488
635
14
354
4
11
503
590
698
232
605
167
322
18
705
419
636
11
398
729
555
317
95
125
284
165
301
85
246
437
224
479
450
72
104
86
286
481
540
7
288
529
348
250
539
674
108
322
11
181
414
9
11
27
475
259
271
361
434
598
129
175
7
291
3
34
78
209
165
425
12
690
264
257
551
292
58
402
229
178
467
119
151
84
725
681
23
199
9
59
15
633
698
15
577
11
40
632
224
595
188
683
314
11
49
681
26
537
116
423
23
155
330
666
18
700
170
448
190
504
618
150
87
241
251
248
24
63
19
118
203
257
8
138
65
261
13
655
431
349
428
81
269
256
231
337
486
19
282
11
107
11
10
26
347
470
529
552
7
174
135
394
33
59
24
26
147
645
454
573
15
686
357
24
100
616
121
24
116
273
368
198
266
8
16
276
286
321
707
82
127
21
23
20
76
441
351
317
312
13
13
577
44
686
4
610
86
10
17
714
66
479
587
10
102
100
133
14
252
150
16
279
123
70
77
371
486
56
504
406
12
10
326
443
7
66
440
389
245
729
38
446
55
174
68
620
29
469
132
223
46
177
238
122
344
260
618
162
605
14
344
126
449
498
108
437
519
599
214
307
96
69
218
717
295
372
621
21
138
10
422
185
35
17
235
208
243
417
218
61
197
241
716
648
225
32
85
551
238
445
274
485
450
412
378
326
347
434
181
19
78
17
647
131
502
158
430
639
421
263
459
27
11
381
500
231
21
667
61
81
20
70
116
51
388
382
132
86
191
3
22
398
176
350
5
561
503
18
47
461
606
94
19
104
14
520
185
354
234
410
166
267
95
16
665
152
24
543
161
107
578
452
434
20
405
492
55
289
548
6
235
20
414
693
576
15
323
575
620
367
316
345
155
96
279
597
23
240
656
175
345
430
482
331
15
235
81
106
59
521
500
11
195
22
184
535
397
520
384
47
274
476
32
104
380
244
9
327
638
547
550
246
608
259
363
67
314
386
601
82
328
429
16
662
433
544
648
168
251
12
78
29
164
286
317
81
18
59
13
15
472
19
506
179
207
13
62
666
280
10
58
694
137
24
376
397
253
341
557
655
18
384
258
257
89
65
677
727
30
733
22
6
385
23
606
612
233
109
26
115
18
73
373
139
506
79
10
23
285
25
463
494
33
433
586
29
663
92
309
225
90
95
374
221
47
12
251
655
376
19
555
592
494
606
269
577
110
662
224
321
101
30
39
414
299
102
119
269
59
51
18
223
229
124
308
512
181
334
146
230
341
8
11
494
25
142
21
383
20
200
169
86
358
26
6
138
463
556
20
589
339
192
77
22
364
169
533
28
438
20
127
127
448
607
487
269
9
164
525
88
406
729
679
294
12
193
481
324
230
14
424
12
249
270
292
19
298
373
319
719
310
615
54
286
37
556
210
678
19
333
65
176
147
22
360
295
25
524
288
107
512
404
675
346
106
489
370
26
26
118
9
92
337
677
473
139
57
406
219
14
163
502
181
286
307
136
144
186
282
73
625
516
361
45
115
103
9
221
18
645
17
89
481
314
275
440
135
116
492
296
369
72
97
263
588
449
72
418
89
196
348
718
128
478
215
521
390
482
14
11
15
182
457
180
695
251
113
129
276
274
637
237
225
19
251
595
539
25
7
676
416
92
377
407
206
13
62
11
129
160
207
125
209
44
663
10
155
78
17
35
11
59
434
235
47
679
623
279
84
216
574
285
135
16
254
432
378
415
483
166
645
656
296
458
18
11
206
683
271
432
2
286
16
122
172
216
363
112
338
640
17
37
270
470
20
6
385
20
198
477
24
603
420
6
379
264
407
578
589
620
642
262
12
399
15
613
358
731
19
56
30
355
260
63
89
192
81
700
17
179
293
67
384
64
346
266
11
281
30
9
335
21
518
426
19
170
97
71
505
259
171
171
61
376
14
159
476
617
358
290
348
300
654
6
241
19
9
163
456
5
498
510
646
343
4
296
530
307
379
9
491
7
168
262
393
262
218
5
18
371
680
593
590
472
33
96
47
10
296
14
696
269
25
99
356
24
53
145
206
16
17
175
119
8
229
153
368
333
287
465
167
307
272
495
169
403
284
517
142
460
500
356
720
37
180
449
207
22
284
14
101
6
24
150
164
448
298
165
555
136
416
575
12
274
8
575
300
120
237
24
206
25
507
141
176
288
238
423
18
582
209
682
17
208
495
385
11
18
49
30
38
95
442
245
74
376
14
194
87
418
75
21
268
377
400
407
185
159
551
253
452
718
650
67
165
242
210
457
219
603
28
633
557
347
447
302
13
4
708
390
374
42
598
216
460
22
633
36
64
123
171
552
179
322
514
24
118
673
594
6
31
383
87
477
37
237
187
518
28
29
131
187
123
162
597
683
580
229
23
11
301
21
58
95
169
50
301
338
625
634
21
170
45
135
155
314
293
534
16
565
225
442
18
131
5
155
477
14
143
247
267
565
243
28
201
404
461
695
495
137
719
32
421
193
241
117
676
51
26
237
709
231
8
695
65
23
721
18
560
109
5
310
64
173
661
624
51
74
199
17
295
38
663
10
332
415
59
231
663
15
372
39
626
107
255
316
30
265
17
446
492
163
56
15
620
111
51
134
41
278
516
15
96
297
28
13
497
182
57
306
3
140
24
273
172
679
67
5
16
171
122
493
88
276
440
75
17
539
471
13
82
355
154
523
344
560
13
16
561
11
95
153
151
155
256
12
573
227
224
12
24
4
17
172
408
309
508
240
333
409
60
194
119
534
468
206
678
13
558
473
2
97
407
198
40
48
114
14
32
266
9
488
251
289
457
448
25
13
263
87
476
73
288
133
589
439
62
51
529
181
76
92
542
61
227
362
350
444
24
457
209
608
14
156
42
171
3
8
5
333
61
215
267
685
443
636
45
145
399
516
230
120
291
630
661
495
20
128
378
162
604
598
420
56
28
16
477
18
707
165
497
16
23
358
576
442
217
200
35
545
525
79
471
125
11
7
108
359
265
13
591
155
430
359
463
563
627
76
8
109
97
365
132
542
118
14
208
67
284
166
575
356
325
46
354
153
4
261
447
94
700
698
36
720
480
232
348
106
217
62
543
159
14
270
63
547
219
131
278
470
394
729
176
196
192
558
6
42
135
602
56
22
230
350
150
65
5
355
342
225
9
24
662
319
177
187
462
442
424
18
641
122
28
91
226
332
439
558
282
142
442
65
2
23
6
424
212
68
604
100
149
374
249
197
229
406
212
192
717
90
497
602
79
17
37
211
261
0
94
41
661
528
695
480
44
338
236
30
487
528
639
618
699
352
98
144
615
203
553
151
364
464
13
82
270
51
80
130
205
255
672
330
604
246
440
610
8
232
540
240
120
233
172
228
586
117
240
233
50
242
420
451
197
14
420
7
17
25
644
346
4
263
10
26
623
456
426
13
196
338
68
26
12
408
323
166
11
168
468
712
539
623
9
234
223
322
308
309
90
8
25
146
48
328
692
145
402
338
18
384
291
414
426
4
71
273
106
157
81
408
206
658
97
166
560
434
532
211
92
663
198
25
372
480
247
21
