4
21
25
1
8
16
34
13
16
32
11
30
28
8
27
31
44
1
32
16
6
28
26
3
24
22
19
1
7
12
22
39
11
15
5
11
8
12
5
45
15
23
4
6
4
34
25
2
5
46
2
9
11
34
31
7
3
35
19
44
47
24
39
19
15
12
5
18
1
22
3
2
4
36
40
1
5
8
27
6
11
38
41
41
8
13
25
46
21
7
2
1
21
8
10
33
33
12
8
14
13
18
9
4
24
7
23
34
4
20
46
10
7
27
49
16
32
15
4
20
15
30
32
31
27
43
1
15
40
7
33
11
6
4
36
14
42
15
23
22
11
20
0
15
39
21
20
37
27
19
5
48
20
7
19
13
23
41
5
11
19
37
7
5
7
5
3
29
8
24
2
9
10
15
2
15
35
21
12
11
38
38
34
12
15
8
20
0
1
1
48
30
39
9
17
22
10
9
33
30
4
2
12
45
50
15
4
24
9
25
12
36
40
32
5
4
22
7
2
17
9
43
37
22
7
15
28
10
4
13
15
11
5
44
17
37
47
42
37
8
24
5
42
30
33
29
20
22
4
32
1
20
3
7
3
17
1
7
17
44
25
20
13
7
4
5
9
44
9
18
3
25
5
9
13
5
22
9
31
30
16
39
24
20
12
39
1
27
14
4
15
16
19
5
