175
142
70
33
6
160
266
7
8
191
1
162
205
261
9
276
189
168
73
165
9
26
8
8
246
142
165
119
80
198
5
47
10
127
114
18
158
277
18
203
69
8
5
160
162
106
105
52
11
118
36
132
9
5
173
168
186
177
236
83
121
237
11
3
112
1
235
128
114
5
130
41
195
110
130
208
120
42
105
97
10
203
218
8
221
122
56
61
4
245
94
204
4
258
14
232
191
8
245
60
180
220
101
116
18
231
164
185
13
248
16
114
158
143
245
15
189
2
100
147
9
88
27
9
14
169
12
181
272
10
144
52
203
40
48
15
12
105
55
8
145
27
8
98
127
63
202
138
55
7
80
186
143
12
100
47
96
9
116
17
81
75
166
99
215
119
79
118
265
83
137
275
274
74
110
134
115
5
28
231
210
13
195
15
168
132
11
242
3
216
14
210
20
81
79
132
240
99
125
5
2
5
171
142
5
16
171
227
166
170
68
8
159
11
91
9
112
121
51
33
264
116
8
165
8
279
100
92
10
266
125
45
10
273
78
74
114
173
87
70
221
70
92
237
224
124
150
36
49
9
3
195
171
208
2
136
277
216
10
155
234
174
111
11
163
6
43
171
111
115
6
240
199
226
193
61
51
23
35
108
73
133
11
8
243
282
12
39
219
56
2
176
67
15
129
234
98
213
128
57
5
6
99
65
144
164
5
164
5
115
23
152
152
173
172
162
7
24
209
13
149
3
77
209
27
266
63
41
181
280
17
73
1
22
119
10
2
6
9
230
155
10
32
11
11
101
248
265
73
76
10
266
11
128
254
39
212
77
10
212
8
106
234
5
53
10
273
58
85
93
228
282
4
43
103
260
8
147
5
192
82
10
137
53
231
6
84
23
247
188
272
59
236
234
3
88
11
270
110
153
74
188
9
26
269
8
195
144
82
5
6
9
5
141
9
120
94
10
37
11
54
172
117
197
178
39
146
273
119
193
10
266
159
211
155
9
175
149
60
89
241
49
159
15
158
4
44
177
9
19
109
10
144
75
130
1
127
84
105
185
56
19
3
33
8
207
128
13
118
122
7
96
8
3
4
91
230
108
80
123
135
215
140
64
202
272
225
177
116
43
9
242
11
25
13
65
138
197
8
247
256
254
232
146
2
135
219
43
100
103
137
204
6
101
5
39
94
140
274
142
7
73
25
9
271
5
7
8
96
49
250
131
80
246
197
67
254
40
3
112
32
59
276
88
181
9
252
17
203
20
214
73
257
76
10
33
136
180
99
139
168
6
6
252
9
40
142
89
199
139
112
244
113
255
56
107
142
84
64
225
144
55
133
242
35
137
11
23
55
6
37
9
42
170
57
40
188
127
181
263
284
28
93
5
275
155
98
21
227
6
213
74
212
129
112
10
17
75
1
220
255
7
15
14
40
162
60
11
70
44
120
283
281
130
134
68
135
35
129
56
84
280
134
8
120
31
75
103
4
127
9
103
60
65
58
45
190
57
196
61
160
6
37
205
112
9
80
160
111
63
19
109
80
8
72
229
127
10
222
253
39
77
6
250
141
5
164
43
169
147
13
122
229
83
11
121
12
235
11
243
159
11
58
132
78
221
123
183
13
175
141
9
218
282
6
230
62
1
61
193
6
146
13
2
122
50
130
100
8
101
4
54
11
247
57
103
193
119
174
9
47
24
166
20
256
222
199
49
68
276
81
147
6
101
7
111
36
172
259
51
56
15
11
6
239
21
128
8
8
81
111
107
91
197
191
50
97
251
210
101
117
8
8
56
154
71
38
38
156
62
83
217
20
46
107
167
10
164
123
12
115
251
18
158
6
180
9
4
228
154
32
181
270
42
6
38
47
6
10
121
132
7
11
199
247
145
31
272
208
105
7
64
193
155
113
7
93
33
272
199
180
11
41
259
6
135
5
37
81
191
255
178
167
141
257
227
5
142
6
13
223
205
267
16
121
113
3
37
250
10
5
25
107
152
147
249
86
40
87
114
231
156
53
102
250
8
239
51
221
233
118
53
61
264
77
153
70
90
46
47
13
186
39
27
27
185
57
7
239
254
39
152
121
151
106
184
33
147
3
47
69
210
275
163
5
178
136
42
139
84
123
81
52
12
71
142
5
203
237
4
19
14
154
97
7
37
59
7
188
123
140
85
104
5
75
60
181
103
222
262
176
9
251
223
126
193
27
77
215
112
171
9
81
248
208
9
106
180
25
10
91
103
2
87
42
286
43
14
163
196
73
24
32
11
22
195
3
87
100
240
75
6
159
264
75
46
280
11
14
133
11
208
22
190
22
7
99
91
1
63
6
71
47
191
262
8
31
53
100
9
5
5
188
27
273
84
28
89
39
55
218
130
117
2
125
165
25
45
96
6
68
247
100
116
214
12
153
38
9
180
123
96
114
132
31
76
115
69
255
248
225
63
138
25
42
5
56
27
76
104
62
15
226
81
8
59
122
255
6
164
72
92
29
11
265
192
127
150
37
9
19
6
54
90
9
63
44
286
46
7
247
8
228
268
192
205
88
123
8
196
118
277
74
53
169
8
41
7
6
203
177
10
169
3
125
154
79
8
94
127
4
159
32
10
189
253
41
183
65
250
266
280
46
148
10
144
73
136
229
8
89
228
140
7
189
79
63
77
200
245
54
183
101
30
25
279
96
202
33
27
176
192
13
76
105
250
6
256
97
5
21
31
53
198
73
197
12
103
220
6
260
10
150
86
62
43
277
155
263
10
207
98
57
161
10
31
9
90
125
20
43
9
207
65
8
84
72
13
243
32
206
6
116
228
99
2
68
114
19
8
41
229
224
49
140
112
110
5
118
34
201
8
254
56
181
67
17
8
8
170
196
192
280
92
256
30
61
203
271
7
138
79
171
6
10
58
19
112
159
7
57
54
110
90
125
217
121
233
249
95
64
46
86
10
18
180
10
74
92
111
8
157
83
26
285
35
5
13
141
121
153
1
185
111
73
117
198
7
58
103
7
13
63
13
23
10
73
234
97
55
67
93
154
95
144
92
89
116
5
13
15
263
128
135
177
153
235
106
269
3
36
106
145
2
9
42
271
51
216
287
231
98
92
166
6
273
116
245
54
14
85
164
58
44
151
74
235
7
255
121
249
239
251
233
27
4
55
111
149
36
186
274
201
78
231
25
27
10
7
118
237
184
5
179
266
76
8
71
95
67
122
28
37
10
9
98
28
109
156
11
23
15
158
59
152
259
2
256
259
9
97
53
124
174
63
102
9
146
6
27
30
160
73
4
9
13
58
54
187
80
1
10
8
187
286
5
7
3
11
229
35
148
151
10
155
18
20
0
283
22
116
263
242
7
9
12
140
229
108
131
172
145
7
33
195
255
227
94
203
269
60
64
72
209
165
126
181
269
7
273
268
105
7
9
223
136
221
58
253
78
97
12
273
94
25
39
268
134
117
56
2
245
237
26
83
3
64
203
166
33
238
11
4
79
107
91
62
11
160
59
129
223
54
10
60
151
75
189
53
12
275
261
221
6
206
17
65
214
5
67
40
236
5
113
100
266
85
93
89
37
122
150
134
11
52
268
59
154
12
7
115
66
142
171
6
58
3
99
69
59
28
7
70
175
32
72
135
6
182
70
97
82
139
255
63
9
114
11
75
1
9
30
193
135
87
241
11
284
108
118
12
50
1
127
158
110
12
170
104
234
5
235
52
71
217
135
23
113
185
168
54
6
113
30
275
61
11
267
72
23
13
222
12
143
163
259
87
95
253
50
65
9
231
177
55
63
72
14
266
64
26
217
177
49
43
15
98
5
200
102
132
210
5
58
47
92
90
134
217
6
170
184
261
90
8
289
194
288
32
248
20
104
30
212
121
278
33
73
62
227
60
137
250
73
230
129
64
133
90
111
97
167
211
184
4
55
149
212
9
3
186
15
57
132
147
76
111
124
212
23
152
135
21
150
24
84
171
138
17
240
14
156
13
116
244
5
281
246
187
69
39
25
134
104
17
43
11
34
69
1
157
206
45
9
54
69
10
55
75
8
25
107
9
223
80
166
3
101
111
56
188
6
22
33
80
10
23
72
56
100
49
35
143
12
245
145
8
32
217
107
91
6
4
138
35
43
30
236
40
79
43
210
6
12
6
224
19
143
92
6
8
270
232
154
239
244
55
9
28
82
246
195
75
73
115
9
204
138
3
116
20
41
136
7
165
193
12
28
5
83
59
83
